tc264
Resetting modules to system default. Reseting $MODULEPATH back to system default. All extra directories will be removed from $MODULEPATH.
Usage: sbatch submit.sh {input file} {data file} {data file}
bst_02.jl
bst_02.jl.out
/home/arnab22/FermiCG-data/bimetallics/fe2_morokuma/27__3d4d_2s2p3p_3d4d
/localscratch/1501791
sending incremental file list
bst_02.jl.out

sent 116 bytes  received 35 bytes  302.00 bytes/sec
total size is 0  speedup is 0.00
sending incremental file list
bst_02.jl.out

sent 1,285 bytes  received 35 bytes  2,640.00 bytes/sec
total size is 1,164  speedup is 0.88
sending incremental file list
bst_02.jl.out

sent 1,733 bytes  received 35 bytes  3,536.00 bytes/sec
total size is 1,613  speedup is 0.91
sending incremental file list
bst_02.jl.out

sent 2,246 bytes  received 35 bytes  4,562.00 bytes/sec
total size is 2,126  speedup is 0.93
sending incremental file list

sent 73 bytes  received 12 bytes  170.00 bytes/sec
total size is 2,126  speedup is 25.01
sending incremental file list
bst_02.jl.out

sent 2,415 bytes  received 35 bytes  4,900.00 bytes/sec
total size is 2,294  speedup is 0.94
sending incremental file list
bst_02.jl.out

sent 2,824 bytes  received 35 bytes  5,718.00 bytes/sec
total size is 2,703  speedup is 0.95
sending incremental file list

sent 74 bytes  received 12 bytes  172.00 bytes/sec
total size is 2,703  speedup is 31.43
sending incremental file list

sent 74 bytes  received 12 bytes  172.00 bytes/sec
total size is 2,703  speedup is 31.43
sending incremental file list
bst_02.jl.out

sent 3,184 bytes  received 35 bytes  6,438.00 bytes/sec
total size is 3,063  speedup is 0.95
sending incremental file list
bst_02.jl.out

sent 381,590 bytes  received 35 bytes  763,250.00 bytes/sec
total size is 381,385  speedup is 1.00
sending incremental file list
bst_02.jl.out

sent 382,039 bytes  received 35 bytes  764,148.00 bytes/sec
total size is 381,834  speedup is 1.00
sending incremental file list
bst_02.jl.out

sent 382,552 bytes  received 35 bytes  765,174.00 bytes/sec
total size is 382,347  speedup is 1.00
sending incremental file list

sent 74 bytes  received 12 bytes  172.00 bytes/sec
total size is 382,347  speedup is 4,445.90
sending incremental file list
bst_02.jl.out

sent 383,129 bytes  received 35 bytes  766,328.00 bytes/sec
total size is 382,924  speedup is 1.00
sending incremental file list

sent 74 bytes  received 12 bytes  172.00 bytes/sec
total size is 382,924  speedup is 4,452.60
sending incremental file list

sent 74 bytes  received 12 bytes  172.00 bytes/sec
total size is 382,924  speedup is 4,452.60
sending incremental file list

sent 74 bytes  received 12 bytes  172.00 bytes/sec
total size is 382,924  speedup is 4,452.60
sending incremental file list
bst_02.jl.out

sent 432,149 bytes  received 35 bytes  864,368.00 bytes/sec
total size is 431,928  speedup is 1.00
sending incremental file list
bst_02.jl.out

sent 579,009 bytes  received 35 bytes  1,158,088.00 bytes/sec
total size is 578,756  speedup is 1.00
sending incremental file list

sent 74 bytes  received 12 bytes  172.00 bytes/sec
total size is 578,756  speedup is 6,729.72
sending incremental file list

sent 74 bytes  received 12 bytes  172.00 bytes/sec
total size is 578,756  speedup is 6,729.72
sending incremental file list

sent 74 bytes  received 12 bytes  172.00 bytes/sec
total size is 578,756  speedup is 6,729.72
sending incremental file list

sent 74 bytes  received 12 bytes  172.00 bytes/sec
total size is 578,756  speedup is 6,729.72
sending incremental file list

sent 74 bytes  received 12 bytes  172.00 bytes/sec
total size is 578,756  speedup is 6,729.72
sending incremental file list

sent 74 bytes  received 12 bytes  172.00 bytes/sec
total size is 578,756  speedup is 6,729.72
sending incremental file list

sent 74 bytes  received 12 bytes  172.00 bytes/sec
total size is 578,756  speedup is 6,729.72
sending incremental file list

sent 74 bytes  received 12 bytes  172.00 bytes/sec
total size is 578,756  speedup is 6,729.72
sending incremental file list

sent 74 bytes  received 12 bytes  172.00 bytes/sec
total size is 578,756  speedup is 6,729.72
sending incremental file list

sent 74 bytes  received 12 bytes  172.00 bytes/sec
total size is 578,756  speedup is 6,729.72
sending incremental file list

sent 74 bytes  received 12 bytes  172.00 bytes/sec
total size is 578,756  speedup is 6,729.72
sending incremental file list

sent 74 bytes  received 12 bytes  172.00 bytes/sec
total size is 578,756  speedup is 6,729.72
sending incremental file list

sent 74 bytes  received 12 bytes  172.00 bytes/sec
total size is 578,756  speedup is 6,729.72
sending incremental file list

sent 74 bytes  received 12 bytes  172.00 bytes/sec
total size is 578,756  speedup is 6,729.72
sending incremental file list

sent 74 bytes  received 12 bytes  172.00 bytes/sec
total size is 578,756  speedup is 6,729.72
sending incremental file list

sent 74 bytes  received 12 bytes  172.00 bytes/sec
total size is 578,756  speedup is 6,729.72
sending incremental file list

sent 74 bytes  received 12 bytes  172.00 bytes/sec
total size is 578,756  speedup is 6,729.72
sending incremental file list

sent 74 bytes  received 12 bytes  172.00 bytes/sec
total size is 578,756  speedup is 6,729.72
sending incremental file list

sent 74 bytes  received 12 bytes  172.00 bytes/sec
total size is 578,756  speedup is 6,729.72
sending incremental file list

sent 74 bytes  received 12 bytes  172.00 bytes/sec
total size is 578,756  speedup is 6,729.72
sending incremental file list

sent 74 bytes  received 12 bytes  172.00 bytes/sec
total size is 578,756  speedup is 6,729.72
sending incremental file list

sent 74 bytes  received 12 bytes  172.00 bytes/sec
total size is 578,756  speedup is 6,729.72
sending incremental file list
bst_02.jl.out

sent 579,053 bytes  received 35 bytes  1,158,176.00 bytes/sec
total size is 578,801  speedup is 1.00
sending incremental file list
bst_02.jl.out

sent 579,113 bytes  received 35 bytes  1,158,296.00 bytes/sec
total size is 578,860  speedup is 1.00
sending incremental file list

sent 74 bytes  received 12 bytes  172.00 bytes/sec
total size is 578,860  speedup is 6,730.93
sending incremental file list

sent 74 bytes  received 12 bytes  172.00 bytes/sec
total size is 578,860  speedup is 6,730.93
sending incremental file list

sent 74 bytes  received 12 bytes  172.00 bytes/sec
total size is 578,860  speedup is 6,730.93
sending incremental file list

sent 74 bytes  received 12 bytes  172.00 bytes/sec
total size is 578,860  speedup is 6,730.93
sending incremental file list

sent 74 bytes  received 12 bytes  172.00 bytes/sec
total size is 578,860  speedup is 6,730.93
sending incremental file list

sent 74 bytes  received 12 bytes  172.00 bytes/sec
total size is 578,860  speedup is 6,730.93
sending incremental file list

sent 74 bytes  received 12 bytes  172.00 bytes/sec
total size is 578,860  speedup is 6,730.93
sending incremental file list

sent 74 bytes  received 12 bytes  172.00 bytes/sec
total size is 578,860  speedup is 6,730.93
sending incremental file list

sent 74 bytes  received 12 bytes  172.00 bytes/sec
total size is 578,860  speedup is 6,730.93
sending incremental file list

sent 74 bytes  received 12 bytes  172.00 bytes/sec
total size is 578,860  speedup is 6,730.93
sending incremental file list

sent 74 bytes  received 12 bytes  172.00 bytes/sec
total size is 578,860  speedup is 6,730.93
sending incremental file list

sent 74 bytes  received 12 bytes  172.00 bytes/sec
total size is 578,860  speedup is 6,730.93
sending incremental file list

sent 74 bytes  received 12 bytes  172.00 bytes/sec
total size is 578,860  speedup is 6,730.93
sending incremental file list

sent 74 bytes  received 12 bytes  172.00 bytes/sec
total size is 578,860  speedup is 6,730.93
sending incremental file list

sent 74 bytes  received 12 bytes  172.00 bytes/sec
total size is 578,860  speedup is 6,730.93
sending incremental file list

sent 74 bytes  received 12 bytes  172.00 bytes/sec
total size is 578,860  speedup is 6,730.93
sending incremental file list

sent 74 bytes  received 12 bytes  172.00 bytes/sec
total size is 578,860  speedup is 6,730.93
sending incremental file list

sent 74 bytes  received 12 bytes  172.00 bytes/sec
total size is 578,860  speedup is 6,730.93
sending incremental file list

sent 74 bytes  received 12 bytes  172.00 bytes/sec
total size is 578,860  speedup is 6,730.93
sending incremental file list

sent 74 bytes  received 12 bytes  172.00 bytes/sec
total size is 578,860  speedup is 6,730.93
sending incremental file list

sent 74 bytes  received 12 bytes  172.00 bytes/sec
total size is 578,860  speedup is 6,730.93
sending incremental file list

sent 74 bytes  received 12 bytes  172.00 bytes/sec
total size is 578,860  speedup is 6,730.93
sending incremental file list

sent 74 bytes  received 12 bytes  172.00 bytes/sec
total size is 578,860  speedup is 6,730.93
sending incremental file list

sent 74 bytes  received 12 bytes  172.00 bytes/sec
total size is 578,860  speedup is 6,730.93
sending incremental file list
bst_02.jl.out

sent 582,534 bytes  received 35 bytes  1,165,138.00 bytes/sec
total size is 582,281  speedup is 1.00
sending incremental file list
bst_02.jl.out

sent 586,524 bytes  received 35 bytes  1,173,118.00 bytes/sec
total size is 586,271  speedup is 1.00
sending incremental file list

sent 74 bytes  received 12 bytes  172.00 bytes/sec
total size is 586,271  speedup is 6,817.10
rm: cannot remove ‘tmpfs’: Device or resource busy
