tc207
Resetting modules to system default. Reseting $MODULEPATH back to system default. All extra directories will be removed from $MODULEPATH.
Usage: sbatch submit.sh {input file} {data file} {data file}
bst_02.jl
bst_02.jl.out
/home/arnab22/FermiCG-data/bimetallics/cr2_morokuma/13__3d_2p_3d
/localscratch/1502448
sending incremental file list
bst_02.jl.out

sent 117 bytes  received 35 bytes  304.00 bytes/sec
total size is 0  speedup is 0.00
sending incremental file list
bst_02.jl.out

sent 100,387 bytes  received 35 bytes  200,844.00 bytes/sec
total size is 100,246  speedup is 1.00
sending incremental file list
bst_02.jl.out

sent 108,092 bytes  received 35 bytes  216,254.00 bytes/sec
total size is 107,951  speedup is 1.00
sending incremental file list
bst_02.jl.out

sent 119,985 bytes  received 35 bytes  240,040.00 bytes/sec
total size is 119,844  speedup is 1.00
sending incremental file list
bst_02.jl.out

sent 132,683 bytes  received 35 bytes  265,436.00 bytes/sec
total size is 132,535  speedup is 1.00
sending incremental file list
bst_02.jl.out

sent 143,994 bytes  received 35 bytes  288,058.00 bytes/sec
total size is 143,845  speedup is 1.00
sending incremental file list
bst_02.jl.out

sent 152,558 bytes  received 35 bytes  305,186.00 bytes/sec
total size is 152,409  speedup is 1.00
rm: cannot remove ‘tmpfs’: Device or resource busy
