tc255
Resetting modules to system default. Reseting $MODULEPATH back to system default. All extra directories will be removed from $MODULEPATH.
Usage: sbatch submit.sh {input file} {data file} {data file}
tpsci_01.jl
tpsci_01.jl.out
/home/arnab22/FermiCG-data/bimetallics/cr2_morokuma/18__3d4s_2p3p_3d4s
/localscratch/1503656
sending incremental file list
tpsci_01.jl.out

sent 118 bytes  received 35 bytes  306.00 bytes/sec
total size is 0  speedup is 0.00
sending incremental file list
tpsci_01.jl.out

sent 254,981 bytes  received 35 bytes  510,032.00 bytes/sec
total size is 254,806  speedup is 1.00
sending incremental file list
tpsci_01.jl.out

sent 271,256 bytes  received 35 bytes  542,582.00 bytes/sec
total size is 271,073  speedup is 1.00
sending incremental file list
tpsci_01.jl.out

sent 284,064 bytes  received 35 bytes  568,198.00 bytes/sec
total size is 283,882  speedup is 1.00
sending incremental file list
tpsci_01.jl.out

sent 284,112 bytes  received 35 bytes  568,294.00 bytes/sec
total size is 283,929  speedup is 1.00
sending incremental file list
tpsci_01.jl.out

sent 284,134 bytes  received 35 bytes  568,338.00 bytes/sec
total size is 283,951  speedup is 1.00
rm: cannot remove ‘tmpfs’: Device or resource busy
