tc295
Resetting modules to system default. Reseting $MODULEPATH back to system default. All extra directories will be removed from $MODULEPATH.
Usage: sbatch submit.sh {input file} {data file} {data file}
bst_02.jl
bst_02.jl.out
/home/arnab22/FermiCG-data/bimetallics/fe2_morokuma/29__3d4s4d_2s2p3p_3d4s4d
/localscratch/1501927
sending incremental file list
bst_02.jl.out

sent 117 bytes  received 35 bytes  304.00 bytes/sec
total size is 0  speedup is 0.00
sending incremental file list
bst_02.jl.out

sent 711 bytes  received 35 bytes  1,492.00 bytes/sec
total size is 590  speedup is 0.79
sending incremental file list
bst_02.jl.out

sent 1,160 bytes  received 35 bytes  796.67 bytes/sec
total size is 1,039  speedup is 0.87
sending incremental file list

sent 74 bytes  received 12 bytes  172.00 bytes/sec
total size is 1,039  speedup is 12.08
sending incremental file list
bst_02.jl.out

sent 1,672 bytes  received 35 bytes  3,414.00 bytes/sec
total size is 1,552  speedup is 0.91
sending incremental file list

sent 73 bytes  received 12 bytes  170.00 bytes/sec
total size is 1,552  speedup is 18.26
sending incremental file list

sent 73 bytes  received 12 bytes  170.00 bytes/sec
total size is 1,552  speedup is 18.26
sending incremental file list

sent 73 bytes  received 12 bytes  170.00 bytes/sec
total size is 1,552  speedup is 18.26
sending incremental file list
bst_02.jl.out

sent 1,777 bytes  received 35 bytes  3,624.00 bytes/sec
total size is 1,656  speedup is 0.91
sending incremental file list
bst_02.jl.out

sent 2,250 bytes  received 35 bytes  4,570.00 bytes/sec
total size is 2,129  speedup is 0.93
sending incremental file list

sent 74 bytes  received 12 bytes  172.00 bytes/sec
total size is 2,129  speedup is 24.76
sending incremental file list

sent 74 bytes  received 12 bytes  172.00 bytes/sec
total size is 2,129  speedup is 24.76
sending incremental file list

sent 74 bytes  received 12 bytes  172.00 bytes/sec
total size is 2,129  speedup is 24.76
sending incremental file list

sent 74 bytes  received 12 bytes  172.00 bytes/sec
total size is 2,129  speedup is 24.76
sending incremental file list

sent 74 bytes  received 12 bytes  172.00 bytes/sec
total size is 2,129  speedup is 24.76
sending incremental file list

sent 74 bytes  received 12 bytes  172.00 bytes/sec
total size is 2,129  speedup is 24.76
sending incremental file list

sent 74 bytes  received 12 bytes  172.00 bytes/sec
total size is 2,129  speedup is 24.76
sending incremental file list

sent 74 bytes  received 12 bytes  172.00 bytes/sec
total size is 2,129  speedup is 24.76
sending incremental file list
bst_02.jl.out

sent 2,353 bytes  received 35 bytes  4,776.00 bytes/sec
total size is 2,233  speedup is 0.94
sending incremental file list
bst_02.jl.out

sent 2,890 bytes  received 35 bytes  5,850.00 bytes/sec
total size is 2,770  speedup is 0.95
sending incremental file list

sent 73 bytes  received 12 bytes  170.00 bytes/sec
total size is 2,770  speedup is 32.59
sending incremental file list

sent 73 bytes  received 12 bytes  170.00 bytes/sec
total size is 2,770  speedup is 32.59
sending incremental file list

sent 73 bytes  received 12 bytes  170.00 bytes/sec
total size is 2,770  speedup is 32.59
sending incremental file list

sent 73 bytes  received 12 bytes  170.00 bytes/sec
total size is 2,770  speedup is 32.59
sending incremental file list

sent 73 bytes  received 12 bytes  170.00 bytes/sec
total size is 2,770  speedup is 32.59
sending incremental file list

sent 73 bytes  received 12 bytes  170.00 bytes/sec
total size is 2,770  speedup is 32.59
sending incremental file list

sent 73 bytes  received 12 bytes  170.00 bytes/sec
total size is 2,770  speedup is 32.59
sending incremental file list

sent 73 bytes  received 12 bytes  170.00 bytes/sec
total size is 2,770  speedup is 32.59
sending incremental file list

sent 73 bytes  received 12 bytes  170.00 bytes/sec
total size is 2,770  speedup is 32.59
sending incremental file list

sent 73 bytes  received 12 bytes  170.00 bytes/sec
total size is 2,770  speedup is 32.59
sending incremental file list

sent 73 bytes  received 12 bytes  170.00 bytes/sec
total size is 2,770  speedup is 32.59
sending incremental file list

sent 73 bytes  received 12 bytes  170.00 bytes/sec
total size is 2,770  speedup is 32.59
sending incremental file list

sent 73 bytes  received 12 bytes  170.00 bytes/sec
total size is 2,770  speedup is 32.59
sending incremental file list

sent 73 bytes  received 12 bytes  170.00 bytes/sec
total size is 2,770  speedup is 32.59
sending incremental file list

sent 73 bytes  received 12 bytes  170.00 bytes/sec
total size is 2,770  speedup is 32.59
sending incremental file list

sent 73 bytes  received 12 bytes  170.00 bytes/sec
total size is 2,770  speedup is 32.59
sending incremental file list

sent 73 bytes  received 12 bytes  170.00 bytes/sec
total size is 2,770  speedup is 32.59
sending incremental file list

sent 73 bytes  received 12 bytes  170.00 bytes/sec
total size is 2,770  speedup is 32.59
sending incremental file list
bst_02.jl.out

sent 2,994 bytes  received 35 bytes  6,058.00 bytes/sec
total size is 2,874  speedup is 0.95
sending incremental file list
bst_02.jl.out

sent 3,595 bytes  received 35 bytes  7,260.00 bytes/sec
total size is 3,475  speedup is 0.96
sending incremental file list

sent 73 bytes  received 12 bytes  170.00 bytes/sec
total size is 3,475  speedup is 40.88
sending incremental file list

sent 73 bytes  received 12 bytes  170.00 bytes/sec
total size is 3,475  speedup is 40.88
sending incremental file list

sent 73 bytes  received 12 bytes  170.00 bytes/sec
total size is 3,475  speedup is 40.88
sending incremental file list

sent 73 bytes  received 12 bytes  170.00 bytes/sec
total size is 3,475  speedup is 40.88
sending incremental file list

sent 73 bytes  received 12 bytes  170.00 bytes/sec
total size is 3,475  speedup is 40.88
sending incremental file list

sent 73 bytes  received 12 bytes  170.00 bytes/sec
total size is 3,475  speedup is 40.88
sending incremental file list

sent 73 bytes  received 12 bytes  170.00 bytes/sec
total size is 3,475  speedup is 40.88
sending incremental file list

sent 73 bytes  received 12 bytes  170.00 bytes/sec
total size is 3,475  speedup is 40.88
sending incremental file list

sent 73 bytes  received 12 bytes  170.00 bytes/sec
total size is 3,475  speedup is 40.88
sending incremental file list

sent 73 bytes  received 12 bytes  170.00 bytes/sec
total size is 3,475  speedup is 40.88
sending incremental file list

sent 73 bytes  received 12 bytes  170.00 bytes/sec
total size is 3,475  speedup is 40.88
sending incremental file list

sent 73 bytes  received 12 bytes  170.00 bytes/sec
total size is 3,475  speedup is 40.88
sending incremental file list

sent 73 bytes  received 12 bytes  170.00 bytes/sec
total size is 3,475  speedup is 40.88
sending incremental file list

sent 73 bytes  received 12 bytes  170.00 bytes/sec
total size is 3,475  speedup is 40.88
sending incremental file list

sent 73 bytes  received 12 bytes  170.00 bytes/sec
total size is 3,475  speedup is 40.88
sending incremental file list

sent 73 bytes  received 12 bytes  170.00 bytes/sec
total size is 3,475  speedup is 40.88
sending incremental file list

sent 73 bytes  received 12 bytes  170.00 bytes/sec
total size is 3,475  speedup is 40.88
sending incremental file list

sent 73 bytes  received 12 bytes  170.00 bytes/sec
total size is 3,475  speedup is 40.88
sending incremental file list

sent 73 bytes  received 12 bytes  170.00 bytes/sec
total size is 3,475  speedup is 40.88
sending incremental file list

sent 73 bytes  received 12 bytes  170.00 bytes/sec
total size is 3,475  speedup is 40.88
sending incremental file list

sent 73 bytes  received 12 bytes  170.00 bytes/sec
total size is 3,475  speedup is 40.88
sending incremental file list

sent 73 bytes  received 12 bytes  170.00 bytes/sec
total size is 3,475  speedup is 40.88
sending incremental file list
bst_02.jl.out

sent 3,700 bytes  received 35 bytes  7,470.00 bytes/sec
total size is 3,579  speedup is 0.96
sending incremental file list
bst_02.jl.out

sent 4,019 bytes  received 35 bytes  8,108.00 bytes/sec
total size is 3,899  speedup is 0.96
sending incremental file list
bst_02.jl.out

sent 25,688 bytes  received 35 bytes  51,446.00 bytes/sec
total size is 25,567  speedup is 0.99
sending incremental file list
bst_02.jl.out

sent 57,893 bytes  received 35 bytes  115,856.00 bytes/sec
total size is 57,768  speedup is 1.00
sending incremental file list
bst_02.jl.out

sent 79,676 bytes  received 35 bytes  159,422.00 bytes/sec
total size is 79,543  speedup is 1.00
sending incremental file list
bst_02.jl.out

sent 161,085 bytes  received 35 bytes  322,240.00 bytes/sec
total size is 160,936  speedup is 1.00
sending incremental file list
bst_02.jl.out

sent 198,853 bytes  received 35 bytes  397,776.00 bytes/sec
total size is 198,688  speedup is 1.00
sending incremental file list
bst_02.jl.out

sent 400,617 bytes  received 35 bytes  801,304.00 bytes/sec
total size is 400,405  speedup is 1.00
sending incremental file list
bst_02.jl.out

sent 401,066 bytes  received 35 bytes  802,202.00 bytes/sec
total size is 400,854  speedup is 1.00
sending incremental file list

sent 73 bytes  received 12 bytes  170.00 bytes/sec
total size is 400,854  speedup is 4,715.93
sending incremental file list
bst_02.jl.out

sent 401,580 bytes  received 35 bytes  803,230.00 bytes/sec
total size is 401,367  speedup is 1.00
sending incremental file list

sent 74 bytes  received 12 bytes  172.00 bytes/sec
total size is 401,367  speedup is 4,667.06
sending incremental file list

sent 74 bytes  received 12 bytes  172.00 bytes/sec
total size is 401,367  speedup is 4,667.06
sending incremental file list

sent 74 bytes  received 12 bytes  172.00 bytes/sec
total size is 401,367  speedup is 4,667.06
sending incremental file list
bst_02.jl.out

sent 401,684 bytes  received 35 bytes  803,438.00 bytes/sec
total size is 401,471  speedup is 1.00
sending incremental file list
bst_02.jl.out

sent 402,156 bytes  received 35 bytes  804,382.00 bytes/sec
total size is 401,944  speedup is 1.00
sending incremental file list

sent 73 bytes  received 12 bytes  170.00 bytes/sec
total size is 401,944  speedup is 4,728.75
sending incremental file list

sent 73 bytes  received 12 bytes  170.00 bytes/sec
total size is 401,944  speedup is 4,728.75
sending incremental file list

sent 73 bytes  received 12 bytes  170.00 bytes/sec
total size is 401,944  speedup is 4,728.75
sending incremental file list

sent 73 bytes  received 12 bytes  170.00 bytes/sec
total size is 401,944  speedup is 4,728.75
sending incremental file list

sent 73 bytes  received 12 bytes  170.00 bytes/sec
total size is 401,944  speedup is 4,728.75
sending incremental file list

sent 73 bytes  received 12 bytes  170.00 bytes/sec
total size is 401,944  speedup is 4,728.75
sending incremental file list

sent 73 bytes  received 12 bytes  170.00 bytes/sec
total size is 401,944  speedup is 4,728.75
sending incremental file list

sent 73 bytes  received 12 bytes  170.00 bytes/sec
total size is 401,944  speedup is 4,728.75
sending incremental file list

sent 73 bytes  received 12 bytes  170.00 bytes/sec
total size is 401,944  speedup is 4,728.75
sending incremental file list
bst_02.jl.out

sent 402,798 bytes  received 35 bytes  268,555.33 bytes/sec
total size is 402,585  speedup is 1.00
sending incremental file list

sent 74 bytes  received 12 bytes  172.00 bytes/sec
total size is 402,585  speedup is 4,681.22
sending incremental file list

sent 74 bytes  received 12 bytes  172.00 bytes/sec
total size is 402,585  speedup is 4,681.22
sending incremental file list

sent 74 bytes  received 12 bytes  172.00 bytes/sec
total size is 402,585  speedup is 4,681.22
sending incremental file list

sent 74 bytes  received 12 bytes  172.00 bytes/sec
total size is 402,585  speedup is 4,681.22
sending incremental file list

sent 74 bytes  received 12 bytes  172.00 bytes/sec
total size is 402,585  speedup is 4,681.22
sending incremental file list

sent 74 bytes  received 12 bytes  172.00 bytes/sec
total size is 402,585  speedup is 4,681.22
sending incremental file list

sent 74 bytes  received 12 bytes  172.00 bytes/sec
total size is 402,585  speedup is 4,681.22
sending incremental file list

sent 74 bytes  received 12 bytes  172.00 bytes/sec
total size is 402,585  speedup is 4,681.22
sending incremental file list

sent 74 bytes  received 12 bytes  172.00 bytes/sec
total size is 402,585  speedup is 4,681.22
sending incremental file list

sent 74 bytes  received 12 bytes  172.00 bytes/sec
total size is 402,585  speedup is 4,681.22
sending incremental file list

sent 74 bytes  received 12 bytes  172.00 bytes/sec
total size is 402,585  speedup is 4,681.22
sending incremental file list

sent 74 bytes  received 12 bytes  172.00 bytes/sec
total size is 402,585  speedup is 4,681.22
sending incremental file list

sent 74 bytes  received 12 bytes  172.00 bytes/sec
total size is 402,585  speedup is 4,681.22
sending incremental file list

sent 74 bytes  received 12 bytes  172.00 bytes/sec
total size is 402,585  speedup is 4,681.22
sending incremental file list

sent 74 bytes  received 12 bytes  172.00 bytes/sec
total size is 402,585  speedup is 4,681.22
sending incremental file list

sent 74 bytes  received 12 bytes  172.00 bytes/sec
total size is 402,585  speedup is 4,681.22
sending incremental file list
bst_02.jl.out

sent 402,902 bytes  received 35 bytes  805,874.00 bytes/sec
total size is 402,689  speedup is 1.00
sending incremental file list
bst_02.jl.out

sent 403,222 bytes  received 35 bytes  806,514.00 bytes/sec
total size is 403,009  speedup is 1.00
sending incremental file list
bst_02.jl.out

sent 403,503 bytes  received 35 bytes  807,076.00 bytes/sec
total size is 403,290  speedup is 1.00
sending incremental file list

sent 74 bytes  received 12 bytes  172.00 bytes/sec
total size is 403,290  speedup is 4,689.42
sending incremental file list

sent 74 bytes  received 12 bytes  172.00 bytes/sec
total size is 403,290  speedup is 4,689.42
sending incremental file list

sent 74 bytes  received 12 bytes  172.00 bytes/sec
total size is 403,290  speedup is 4,689.42
sending incremental file list

sent 74 bytes  received 12 bytes  172.00 bytes/sec
total size is 403,290  speedup is 4,689.42
sending incremental file list

sent 74 bytes  received 12 bytes  172.00 bytes/sec
total size is 403,290  speedup is 4,689.42
sending incremental file list

sent 74 bytes  received 12 bytes  172.00 bytes/sec
total size is 403,290  speedup is 4,689.42
sending incremental file list

sent 74 bytes  received 12 bytes  172.00 bytes/sec
total size is 403,290  speedup is 4,689.42
sending incremental file list

sent 74 bytes  received 12 bytes  172.00 bytes/sec
total size is 403,290  speedup is 4,689.42
sending incremental file list

sent 74 bytes  received 12 bytes  172.00 bytes/sec
total size is 403,290  speedup is 4,689.42
sending incremental file list

sent 74 bytes  received 12 bytes  172.00 bytes/sec
total size is 403,290  speedup is 4,689.42
sending incremental file list

sent 74 bytes  received 12 bytes  172.00 bytes/sec
total size is 403,290  speedup is 4,689.42
sending incremental file list

sent 74 bytes  received 12 bytes  172.00 bytes/sec
total size is 403,290  speedup is 4,689.42
sending incremental file list

sent 74 bytes  received 12 bytes  172.00 bytes/sec
total size is 403,290  speedup is 4,689.42
sending incremental file list

sent 74 bytes  received 12 bytes  172.00 bytes/sec
total size is 403,290  speedup is 4,689.42
sending incremental file list

sent 74 bytes  received 12 bytes  172.00 bytes/sec
total size is 403,290  speedup is 4,689.42
sending incremental file list

sent 74 bytes  received 12 bytes  172.00 bytes/sec
total size is 403,290  speedup is 4,689.42
sending incremental file list

sent 74 bytes  received 12 bytes  172.00 bytes/sec
total size is 403,290  speedup is 4,689.42
sending incremental file list

sent 74 bytes  received 12 bytes  57.33 bytes/sec
total size is 403,290  speedup is 4,689.42
sending incremental file list

sent 74 bytes  received 12 bytes  172.00 bytes/sec
total size is 403,290  speedup is 4,689.42
sending incremental file list

sent 74 bytes  received 12 bytes  172.00 bytes/sec
total size is 403,290  speedup is 4,689.42
sending incremental file list

sent 74 bytes  received 12 bytes  172.00 bytes/sec
total size is 403,290  speedup is 4,689.42
sending incremental file list

sent 74 bytes  received 12 bytes  172.00 bytes/sec
total size is 403,290  speedup is 4,689.42
sending incremental file list
bst_02.jl.out

sent 403,863 bytes  received 35 bytes  807,796.00 bytes/sec
total size is 403,650  speedup is 1.00
sending incremental file list
bst_02.jl.out

sent 404,183 bytes  received 35 bytes  808,436.00 bytes/sec
total size is 403,970  speedup is 1.00
sending incremental file list
bst_02.jl.out

sent 450,302 bytes  received 35 bytes  900,674.00 bytes/sec
total size is 450,082  speedup is 1.00
sending incremental file list
bst_02.jl.out

sent 457,803 bytes  received 35 bytes  915,676.00 bytes/sec
total size is 457,583  speedup is 1.00
sending incremental file list
bst_02.jl.out

sent 497,560 bytes  received 35 bytes  331,730.00 bytes/sec
total size is 486,859  speedup is 0.98
sending incremental file list
bst_02.jl.out

sent 571,469 bytes  received 35 bytes  1,143,008.00 bytes/sec
total size is 571,216  speedup is 1.00
sending incremental file list
bst_02.jl.out

sent 606,265 bytes  received 35 bytes  1,212,600.00 bytes/sec
total size is 606,004  speedup is 1.00
sending incremental file list
bst_02.jl.out

sent 616,857 bytes  received 35 bytes  1,233,784.00 bytes/sec
total size is 616,596  speedup is 1.00
sending incremental file list

sent 74 bytes  received 12 bytes  172.00 bytes/sec
total size is 616,596  speedup is 7,169.72
sending incremental file list

sent 74 bytes  received 12 bytes  172.00 bytes/sec
total size is 616,596  speedup is 7,169.72
sending incremental file list

sent 74 bytes  received 12 bytes  172.00 bytes/sec
total size is 616,596  speedup is 7,169.72
sending incremental file list

sent 74 bytes  received 12 bytes  172.00 bytes/sec
total size is 616,596  speedup is 7,169.72
sending incremental file list

sent 74 bytes  received 12 bytes  172.00 bytes/sec
total size is 616,596  speedup is 7,169.72
sending incremental file list

sent 74 bytes  received 12 bytes  172.00 bytes/sec
total size is 616,596  speedup is 7,169.72
sending incremental file list

sent 74 bytes  received 12 bytes  172.00 bytes/sec
total size is 616,596  speedup is 7,169.72
sending incremental file list

sent 74 bytes  received 12 bytes  172.00 bytes/sec
total size is 616,596  speedup is 7,169.72
sending incremental file list

sent 74 bytes  received 12 bytes  172.00 bytes/sec
total size is 616,596  speedup is 7,169.72
sending incremental file list

sent 74 bytes  received 12 bytes  172.00 bytes/sec
total size is 616,596  speedup is 7,169.72
sending incremental file list

sent 74 bytes  received 12 bytes  172.00 bytes/sec
total size is 616,596  speedup is 7,169.72
sending incremental file list

sent 74 bytes  received 12 bytes  172.00 bytes/sec
total size is 616,596  speedup is 7,169.72
sending incremental file list

sent 74 bytes  received 12 bytes  172.00 bytes/sec
total size is 616,596  speedup is 7,169.72
sending incremental file list

sent 74 bytes  received 12 bytes  172.00 bytes/sec
total size is 616,596  speedup is 7,169.72
sending incremental file list

sent 74 bytes  received 12 bytes  172.00 bytes/sec
total size is 616,596  speedup is 7,169.72
sending incremental file list

sent 74 bytes  received 12 bytes  172.00 bytes/sec
total size is 616,596  speedup is 7,169.72
sending incremental file list

sent 74 bytes  received 12 bytes  172.00 bytes/sec
total size is 616,596  speedup is 7,169.72
sending incremental file list

sent 74 bytes  received 12 bytes  172.00 bytes/sec
total size is 616,596  speedup is 7,169.72
sending incremental file list

sent 74 bytes  received 12 bytes  172.00 bytes/sec
total size is 616,596  speedup is 7,169.72
sending incremental file list

sent 74 bytes  received 12 bytes  172.00 bytes/sec
total size is 616,596  speedup is 7,169.72
sending incremental file list

sent 74 bytes  received 12 bytes  172.00 bytes/sec
total size is 616,596  speedup is 7,169.72
sending incremental file list

sent 74 bytes  received 12 bytes  172.00 bytes/sec
total size is 616,596  speedup is 7,169.72
sending incremental file list

sent 74 bytes  received 12 bytes  172.00 bytes/sec
total size is 616,596  speedup is 7,169.72
sending incremental file list

sent 74 bytes  received 12 bytes  172.00 bytes/sec
total size is 616,596  speedup is 7,169.72
sending incremental file list

sent 74 bytes  received 12 bytes  172.00 bytes/sec
total size is 616,596  speedup is 7,169.72
sending incremental file list

sent 74 bytes  received 12 bytes  172.00 bytes/sec
total size is 616,596  speedup is 7,169.72
sending incremental file list

sent 74 bytes  received 12 bytes  172.00 bytes/sec
total size is 616,596  speedup is 7,169.72
sending incremental file list

sent 74 bytes  received 12 bytes  172.00 bytes/sec
total size is 616,596  speedup is 7,169.72
sending incremental file list

sent 74 bytes  received 12 bytes  172.00 bytes/sec
total size is 616,596  speedup is 7,169.72
sending incremental file list

sent 74 bytes  received 12 bytes  172.00 bytes/sec
total size is 616,596  speedup is 7,169.72
sending incremental file list

sent 74 bytes  received 12 bytes  172.00 bytes/sec
total size is 616,596  speedup is 7,169.72
sending incremental file list

sent 74 bytes  received 12 bytes  57.33 bytes/sec
total size is 616,596  speedup is 7,169.72
sending incremental file list

sent 74 bytes  received 12 bytes  172.00 bytes/sec
total size is 616,596  speedup is 7,169.72
sending incremental file list

sent 74 bytes  received 12 bytes  172.00 bytes/sec
total size is 616,596  speedup is 7,169.72
sending incremental file list

sent 74 bytes  received 12 bytes  172.00 bytes/sec
total size is 616,596  speedup is 7,169.72
sending incremental file list

sent 74 bytes  received 12 bytes  172.00 bytes/sec
total size is 616,596  speedup is 7,169.72
sending incremental file list

sent 74 bytes  received 12 bytes  172.00 bytes/sec
total size is 616,596  speedup is 7,169.72
sending incremental file list

sent 74 bytes  received 12 bytes  172.00 bytes/sec
total size is 616,596  speedup is 7,169.72
sending incremental file list

sent 74 bytes  received 12 bytes  172.00 bytes/sec
total size is 616,596  speedup is 7,169.72
sending incremental file list

sent 74 bytes  received 12 bytes  172.00 bytes/sec
total size is 616,596  speedup is 7,169.72
sending incremental file list

sent 74 bytes  received 12 bytes  172.00 bytes/sec
total size is 616,596  speedup is 7,169.72
sending incremental file list

sent 74 bytes  received 12 bytes  172.00 bytes/sec
total size is 616,596  speedup is 7,169.72
sending incremental file list

sent 74 bytes  received 12 bytes  172.00 bytes/sec
total size is 616,596  speedup is 7,169.72
sending incremental file list

sent 74 bytes  received 12 bytes  172.00 bytes/sec
total size is 616,596  speedup is 7,169.72
sending incremental file list

sent 74 bytes  received 12 bytes  172.00 bytes/sec
total size is 616,596  speedup is 7,169.72
sending incremental file list

sent 74 bytes  received 12 bytes  172.00 bytes/sec
total size is 616,596  speedup is 7,169.72
sending incremental file list

sent 74 bytes  received 12 bytes  172.00 bytes/sec
total size is 616,596  speedup is 7,169.72
sending incremental file list

sent 74 bytes  received 12 bytes  172.00 bytes/sec
total size is 616,596  speedup is 7,169.72
sending incremental file list

sent 74 bytes  received 12 bytes  172.00 bytes/sec
total size is 616,596  speedup is 7,169.72
sending incremental file list

sent 74 bytes  received 12 bytes  172.00 bytes/sec
total size is 616,596  speedup is 7,169.72
sending incremental file list

sent 74 bytes  received 12 bytes  172.00 bytes/sec
total size is 616,596  speedup is 7,169.72
sending incremental file list

sent 74 bytes  received 12 bytes  172.00 bytes/sec
total size is 616,596  speedup is 7,169.72
sending incremental file list

sent 74 bytes  received 12 bytes  172.00 bytes/sec
total size is 616,596  speedup is 7,169.72
sending incremental file list

sent 74 bytes  received 12 bytes  172.00 bytes/sec
total size is 616,596  speedup is 7,169.72
sending incremental file list

sent 74 bytes  received 12 bytes  172.00 bytes/sec
total size is 616,596  speedup is 7,169.72
sending incremental file list

sent 74 bytes  received 12 bytes  172.00 bytes/sec
total size is 616,596  speedup is 7,169.72
sending incremental file list

sent 74 bytes  received 12 bytes  172.00 bytes/sec
total size is 616,596  speedup is 7,169.72
sending incremental file list

sent 74 bytes  received 12 bytes  172.00 bytes/sec
total size is 616,596  speedup is 7,169.72
sending incremental file list

sent 74 bytes  received 12 bytes  172.00 bytes/sec
total size is 616,596  speedup is 7,169.72
sending incremental file list

sent 74 bytes  received 12 bytes  172.00 bytes/sec
total size is 616,596  speedup is 7,169.72
sending incremental file list

sent 74 bytes  received 12 bytes  172.00 bytes/sec
total size is 616,596  speedup is 7,169.72
sending incremental file list

sent 74 bytes  received 12 bytes  172.00 bytes/sec
total size is 616,596  speedup is 7,169.72
sending incremental file list

sent 74 bytes  received 12 bytes  172.00 bytes/sec
total size is 616,596  speedup is 7,169.72
sending incremental file list

sent 74 bytes  received 12 bytes  172.00 bytes/sec
total size is 616,596  speedup is 7,169.72
sending incremental file list

sent 74 bytes  received 12 bytes  172.00 bytes/sec
total size is 616,596  speedup is 7,169.72
sending incremental file list

sent 74 bytes  received 12 bytes  172.00 bytes/sec
total size is 616,596  speedup is 7,169.72
sending incremental file list

sent 74 bytes  received 12 bytes  172.00 bytes/sec
total size is 616,596  speedup is 7,169.72
sending incremental file list

sent 74 bytes  received 12 bytes  172.00 bytes/sec
total size is 616,596  speedup is 7,169.72
sending incremental file list

sent 74 bytes  received 12 bytes  172.00 bytes/sec
total size is 616,596  speedup is 7,169.72
sending incremental file list

sent 74 bytes  received 12 bytes  172.00 bytes/sec
total size is 616,596  speedup is 7,169.72
sending incremental file list

sent 74 bytes  received 12 bytes  172.00 bytes/sec
total size is 616,596  speedup is 7,169.72
sending incremental file list

sent 74 bytes  received 12 bytes  172.00 bytes/sec
total size is 616,596  speedup is 7,169.72
sending incremental file list

sent 74 bytes  received 12 bytes  172.00 bytes/sec
total size is 616,596  speedup is 7,169.72
sending incremental file list

sent 74 bytes  received 12 bytes  172.00 bytes/sec
total size is 616,596  speedup is 7,169.72
sending incremental file list

sent 74 bytes  received 12 bytes  172.00 bytes/sec
total size is 616,596  speedup is 7,169.72
sending incremental file list

sent 74 bytes  received 12 bytes  172.00 bytes/sec
total size is 616,596  speedup is 7,169.72
sending incremental file list

sent 74 bytes  received 12 bytes  172.00 bytes/sec
total size is 616,596  speedup is 7,169.72
sending incremental file list

sent 74 bytes  received 12 bytes  172.00 bytes/sec
total size is 616,596  speedup is 7,169.72
sending incremental file list

sent 74 bytes  received 12 bytes  172.00 bytes/sec
total size is 616,596  speedup is 7,169.72
sending incremental file list

sent 74 bytes  received 12 bytes  172.00 bytes/sec
total size is 616,596  speedup is 7,169.72
sending incremental file list

sent 74 bytes  received 12 bytes  172.00 bytes/sec
total size is 616,596  speedup is 7,169.72
sending incremental file list

sent 74 bytes  received 12 bytes  172.00 bytes/sec
total size is 616,596  speedup is 7,169.72
sending incremental file list

sent 74 bytes  received 12 bytes  172.00 bytes/sec
total size is 616,596  speedup is 7,169.72
sending incremental file list

sent 74 bytes  received 12 bytes  172.00 bytes/sec
total size is 616,596  speedup is 7,169.72
sending incremental file list

sent 74 bytes  received 12 bytes  172.00 bytes/sec
total size is 616,596  speedup is 7,169.72
sending incremental file list

sent 74 bytes  received 12 bytes  172.00 bytes/sec
total size is 616,596  speedup is 7,169.72
sending incremental file list

sent 74 bytes  received 12 bytes  172.00 bytes/sec
total size is 616,596  speedup is 7,169.72
sending incremental file list

sent 74 bytes  received 12 bytes  172.00 bytes/sec
total size is 616,596  speedup is 7,169.72
sending incremental file list

sent 74 bytes  received 12 bytes  172.00 bytes/sec
total size is 616,596  speedup is 7,169.72
sending incremental file list

sent 74 bytes  received 12 bytes  172.00 bytes/sec
total size is 616,596  speedup is 7,169.72
sending incremental file list

sent 74 bytes  received 12 bytes  172.00 bytes/sec
total size is 616,596  speedup is 7,169.72
sending incremental file list

sent 74 bytes  received 12 bytes  172.00 bytes/sec
total size is 616,596  speedup is 7,169.72
sending incremental file list

sent 74 bytes  received 12 bytes  172.00 bytes/sec
total size is 616,596  speedup is 7,169.72
sending incremental file list

sent 74 bytes  received 12 bytes  172.00 bytes/sec
total size is 616,596  speedup is 7,169.72
sending incremental file list

sent 74 bytes  received 12 bytes  172.00 bytes/sec
total size is 616,596  speedup is 7,169.72
sending incremental file list

sent 74 bytes  received 12 bytes  172.00 bytes/sec
total size is 616,596  speedup is 7,169.72
sending incremental file list

sent 74 bytes  received 12 bytes  172.00 bytes/sec
total size is 616,596  speedup is 7,169.72
sending incremental file list

sent 74 bytes  received 12 bytes  172.00 bytes/sec
total size is 616,596  speedup is 7,169.72
sending incremental file list

sent 74 bytes  received 12 bytes  172.00 bytes/sec
total size is 616,596  speedup is 7,169.72
sending incremental file list

sent 74 bytes  received 12 bytes  172.00 bytes/sec
total size is 616,596  speedup is 7,169.72
sending incremental file list

sent 74 bytes  received 12 bytes  172.00 bytes/sec
total size is 616,596  speedup is 7,169.72
sending incremental file list

sent 74 bytes  received 12 bytes  172.00 bytes/sec
total size is 616,596  speedup is 7,169.72
sending incremental file list

sent 74 bytes  received 12 bytes  172.00 bytes/sec
total size is 616,596  speedup is 7,169.72
sending incremental file list

sent 74 bytes  received 12 bytes  172.00 bytes/sec
total size is 616,596  speedup is 7,169.72
sending incremental file list

sent 74 bytes  received 12 bytes  172.00 bytes/sec
total size is 616,596  speedup is 7,169.72
sending incremental file list

sent 74 bytes  received 12 bytes  172.00 bytes/sec
total size is 616,596  speedup is 7,169.72
sending incremental file list

sent 74 bytes  received 12 bytes  172.00 bytes/sec
total size is 616,596  speedup is 7,169.72
sending incremental file list

sent 74 bytes  received 12 bytes  172.00 bytes/sec
total size is 616,596  speedup is 7,169.72
sending incremental file list

sent 74 bytes  received 12 bytes  172.00 bytes/sec
total size is 616,596  speedup is 7,169.72
sending incremental file list

sent 74 bytes  received 12 bytes  172.00 bytes/sec
total size is 616,596  speedup is 7,169.72
sending incremental file list

sent 74 bytes  received 12 bytes  172.00 bytes/sec
total size is 616,596  speedup is 7,169.72
sending incremental file list

sent 74 bytes  received 12 bytes  172.00 bytes/sec
total size is 616,596  speedup is 7,169.72
sending incremental file list

sent 74 bytes  received 12 bytes  172.00 bytes/sec
total size is 616,596  speedup is 7,169.72
sending incremental file list

sent 74 bytes  received 12 bytes  172.00 bytes/sec
total size is 616,596  speedup is 7,169.72
sending incremental file list

sent 74 bytes  received 12 bytes  172.00 bytes/sec
total size is 616,596  speedup is 7,169.72
sending incremental file list

sent 74 bytes  received 12 bytes  172.00 bytes/sec
total size is 616,596  speedup is 7,169.72
sending incremental file list

sent 74 bytes  received 12 bytes  172.00 bytes/sec
total size is 616,596  speedup is 7,169.72
sending incremental file list

sent 74 bytes  received 12 bytes  172.00 bytes/sec
total size is 616,596  speedup is 7,169.72
sending incremental file list

sent 74 bytes  received 12 bytes  172.00 bytes/sec
total size is 616,596  speedup is 7,169.72
sending incremental file list

sent 74 bytes  received 12 bytes  172.00 bytes/sec
total size is 616,596  speedup is 7,169.72
sending incremental file list

sent 74 bytes  received 12 bytes  172.00 bytes/sec
total size is 616,596  speedup is 7,169.72
sending incremental file list

sent 74 bytes  received 12 bytes  57.33 bytes/sec
total size is 616,596  speedup is 7,169.72
sending incremental file list

sent 74 bytes  received 12 bytes  172.00 bytes/sec
total size is 616,596  speedup is 7,169.72
sending incremental file list

sent 74 bytes  received 12 bytes  172.00 bytes/sec
total size is 616,596  speedup is 7,169.72
sending incremental file list

sent 74 bytes  received 12 bytes  172.00 bytes/sec
total size is 616,596  speedup is 7,169.72
sending incremental file list

sent 74 bytes  received 12 bytes  172.00 bytes/sec
total size is 616,596  speedup is 7,169.72
sending incremental file list

sent 74 bytes  received 12 bytes  172.00 bytes/sec
total size is 616,596  speedup is 7,169.72
sending incremental file list

sent 74 bytes  received 12 bytes  172.00 bytes/sec
total size is 616,596  speedup is 7,169.72
sending incremental file list

sent 74 bytes  received 12 bytes  172.00 bytes/sec
total size is 616,596  speedup is 7,169.72
sending incremental file list

sent 74 bytes  received 12 bytes  172.00 bytes/sec
total size is 616,596  speedup is 7,169.72
sending incremental file list

sent 74 bytes  received 12 bytes  172.00 bytes/sec
total size is 616,596  speedup is 7,169.72
sending incremental file list

sent 74 bytes  received 12 bytes  172.00 bytes/sec
total size is 616,596  speedup is 7,169.72
sending incremental file list

sent 74 bytes  received 12 bytes  172.00 bytes/sec
total size is 616,596  speedup is 7,169.72
sending incremental file list

sent 74 bytes  received 12 bytes  172.00 bytes/sec
total size is 616,596  speedup is 7,169.72
sending incremental file list

sent 74 bytes  received 12 bytes  172.00 bytes/sec
total size is 616,596  speedup is 7,169.72
sending incremental file list

sent 74 bytes  received 12 bytes  172.00 bytes/sec
total size is 616,596  speedup is 7,169.72
sending incremental file list

sent 74 bytes  received 12 bytes  172.00 bytes/sec
total size is 616,596  speedup is 7,169.72
sending incremental file list

sent 74 bytes  received 12 bytes  172.00 bytes/sec
total size is 616,596  speedup is 7,169.72
sending incremental file list

sent 74 bytes  received 12 bytes  172.00 bytes/sec
total size is 616,596  speedup is 7,169.72
sending incremental file list

sent 74 bytes  received 12 bytes  172.00 bytes/sec
total size is 616,596  speedup is 7,169.72
sending incremental file list

sent 74 bytes  received 12 bytes  172.00 bytes/sec
total size is 616,596  speedup is 7,169.72
sending incremental file list

sent 74 bytes  received 12 bytes  172.00 bytes/sec
total size is 616,596  speedup is 7,169.72
sending incremental file list

sent 74 bytes  received 12 bytes  172.00 bytes/sec
total size is 616,596  speedup is 7,169.72
sending incremental file list

sent 74 bytes  received 12 bytes  172.00 bytes/sec
total size is 616,596  speedup is 7,169.72
sending incremental file list

sent 74 bytes  received 12 bytes  172.00 bytes/sec
total size is 616,596  speedup is 7,169.72
sending incremental file list

sent 74 bytes  received 12 bytes  172.00 bytes/sec
total size is 616,596  speedup is 7,169.72
sending incremental file list

sent 74 bytes  received 12 bytes  172.00 bytes/sec
total size is 616,596  speedup is 7,169.72
sending incremental file list

sent 74 bytes  received 12 bytes  172.00 bytes/sec
total size is 616,596  speedup is 7,169.72
sending incremental file list

sent 74 bytes  received 12 bytes  172.00 bytes/sec
total size is 616,596  speedup is 7,169.72
sending incremental file list

sent 74 bytes  received 12 bytes  172.00 bytes/sec
total size is 616,596  speedup is 7,169.72
sending incremental file list

sent 74 bytes  received 12 bytes  172.00 bytes/sec
total size is 616,596  speedup is 7,169.72
sending incremental file list

sent 74 bytes  received 12 bytes  172.00 bytes/sec
total size is 616,596  speedup is 7,169.72
sending incremental file list

sent 74 bytes  received 12 bytes  172.00 bytes/sec
total size is 616,596  speedup is 7,169.72
sending incremental file list

sent 74 bytes  received 12 bytes  172.00 bytes/sec
total size is 616,596  speedup is 7,169.72
sending incremental file list

sent 74 bytes  received 12 bytes  172.00 bytes/sec
total size is 616,596  speedup is 7,169.72
sending incremental file list

sent 74 bytes  received 12 bytes  172.00 bytes/sec
total size is 616,596  speedup is 7,169.72
sending incremental file list

sent 74 bytes  received 12 bytes  172.00 bytes/sec
total size is 616,596  speedup is 7,169.72
sending incremental file list

sent 74 bytes  received 12 bytes  172.00 bytes/sec
total size is 616,596  speedup is 7,169.72
sending incremental file list

sent 74 bytes  received 12 bytes  172.00 bytes/sec
total size is 616,596  speedup is 7,169.72
sending incremental file list

sent 74 bytes  received 12 bytes  172.00 bytes/sec
total size is 616,596  speedup is 7,169.72
sending incremental file list

sent 74 bytes  received 12 bytes  172.00 bytes/sec
total size is 616,596  speedup is 7,169.72
sending incremental file list

sent 74 bytes  received 12 bytes  172.00 bytes/sec
total size is 616,596  speedup is 7,169.72
sending incremental file list

sent 74 bytes  received 12 bytes  172.00 bytes/sec
total size is 616,596  speedup is 7,169.72
sending incremental file list

sent 74 bytes  received 12 bytes  172.00 bytes/sec
total size is 616,596  speedup is 7,169.72
sending incremental file list

sent 74 bytes  received 12 bytes  172.00 bytes/sec
total size is 616,596  speedup is 7,169.72
sending incremental file list

sent 74 bytes  received 12 bytes  172.00 bytes/sec
total size is 616,596  speedup is 7,169.72
sending incremental file list

sent 74 bytes  received 12 bytes  172.00 bytes/sec
total size is 616,596  speedup is 7,169.72
sending incremental file list

sent 74 bytes  received 12 bytes  172.00 bytes/sec
total size is 616,596  speedup is 7,169.72
sending incremental file list

sent 74 bytes  received 12 bytes  172.00 bytes/sec
total size is 616,596  speedup is 7,169.72
sending incremental file list

sent 74 bytes  received 12 bytes  172.00 bytes/sec
total size is 616,596  speedup is 7,169.72
sending incremental file list

sent 74 bytes  received 12 bytes  172.00 bytes/sec
total size is 616,596  speedup is 7,169.72
sending incremental file list

sent 74 bytes  received 12 bytes  172.00 bytes/sec
total size is 616,596  speedup is 7,169.72
sending incremental file list

sent 74 bytes  received 12 bytes  172.00 bytes/sec
total size is 616,596  speedup is 7,169.72
sending incremental file list

sent 74 bytes  received 12 bytes  172.00 bytes/sec
total size is 616,596  speedup is 7,169.72
sending incremental file list

sent 74 bytes  received 12 bytes  172.00 bytes/sec
total size is 616,596  speedup is 7,169.72
sending incremental file list

sent 74 bytes  received 12 bytes  172.00 bytes/sec
total size is 616,596  speedup is 7,169.72
sending incremental file list

sent 74 bytes  received 12 bytes  172.00 bytes/sec
total size is 616,596  speedup is 7,169.72
sending incremental file list

sent 74 bytes  received 12 bytes  172.00 bytes/sec
total size is 616,596  speedup is 7,169.72
sending incremental file list

sent 74 bytes  received 12 bytes  172.00 bytes/sec
total size is 616,596  speedup is 7,169.72
sending incremental file list

sent 74 bytes  received 12 bytes  172.00 bytes/sec
total size is 616,596  speedup is 7,169.72
sending incremental file list

sent 74 bytes  received 12 bytes  172.00 bytes/sec
total size is 616,596  speedup is 7,169.72
sending incremental file list

sent 74 bytes  received 12 bytes  172.00 bytes/sec
total size is 616,596  speedup is 7,169.72
sending incremental file list

sent 74 bytes  received 12 bytes  172.00 bytes/sec
total size is 616,596  speedup is 7,169.72
sending incremental file list

sent 74 bytes  received 12 bytes  172.00 bytes/sec
total size is 616,596  speedup is 7,169.72
sending incremental file list

sent 74 bytes  received 12 bytes  172.00 bytes/sec
total size is 616,596  speedup is 7,169.72
sending incremental file list

sent 74 bytes  received 12 bytes  172.00 bytes/sec
total size is 616,596  speedup is 7,169.72
sending incremental file list

sent 74 bytes  received 12 bytes  172.00 bytes/sec
total size is 616,596  speedup is 7,169.72
sending incremental file list

sent 74 bytes  received 12 bytes  172.00 bytes/sec
total size is 616,596  speedup is 7,169.72
sending incremental file list

sent 74 bytes  received 12 bytes  172.00 bytes/sec
total size is 616,596  speedup is 7,169.72
sending incremental file list

sent 74 bytes  received 12 bytes  172.00 bytes/sec
total size is 616,596  speedup is 7,169.72
sending incremental file list

sent 74 bytes  received 12 bytes  172.00 bytes/sec
total size is 616,596  speedup is 7,169.72
sending incremental file list

sent 74 bytes  received 12 bytes  172.00 bytes/sec
total size is 616,596  speedup is 7,169.72
sending incremental file list

sent 74 bytes  received 12 bytes  172.00 bytes/sec
total size is 616,596  speedup is 7,169.72
sending incremental file list

sent 74 bytes  received 12 bytes  172.00 bytes/sec
total size is 616,596  speedup is 7,169.72
sending incremental file list

sent 74 bytes  received 12 bytes  172.00 bytes/sec
total size is 616,596  speedup is 7,169.72
sending incremental file list

sent 74 bytes  received 12 bytes  57.33 bytes/sec
total size is 616,596  speedup is 7,169.72
sending incremental file list

sent 74 bytes  received 12 bytes  172.00 bytes/sec
total size is 616,596  speedup is 7,169.72
sending incremental file list

sent 74 bytes  received 12 bytes  172.00 bytes/sec
total size is 616,596  speedup is 7,169.72
sending incremental file list

sent 74 bytes  received 12 bytes  172.00 bytes/sec
total size is 616,596  speedup is 7,169.72
sending incremental file list

sent 74 bytes  received 12 bytes  172.00 bytes/sec
total size is 616,596  speedup is 7,169.72
sending incremental file list

sent 74 bytes  received 12 bytes  172.00 bytes/sec
total size is 616,596  speedup is 7,169.72
sending incremental file list

sent 74 bytes  received 12 bytes  172.00 bytes/sec
total size is 616,596  speedup is 7,169.72
sending incremental file list

sent 74 bytes  received 12 bytes  172.00 bytes/sec
total size is 616,596  speedup is 7,169.72
sending incremental file list

sent 74 bytes  received 12 bytes  172.00 bytes/sec
total size is 616,596  speedup is 7,169.72
sending incremental file list

sent 74 bytes  received 12 bytes  172.00 bytes/sec
total size is 616,596  speedup is 7,169.72
sending incremental file list

sent 74 bytes  received 12 bytes  172.00 bytes/sec
total size is 616,596  speedup is 7,169.72
sending incremental file list

sent 74 bytes  received 12 bytes  172.00 bytes/sec
total size is 616,596  speedup is 7,169.72
sending incremental file list

sent 74 bytes  received 12 bytes  172.00 bytes/sec
total size is 616,596  speedup is 7,169.72
sending incremental file list

sent 74 bytes  received 12 bytes  172.00 bytes/sec
total size is 616,596  speedup is 7,169.72
sending incremental file list

sent 74 bytes  received 12 bytes  172.00 bytes/sec
total size is 616,596  speedup is 7,169.72
sending incremental file list

sent 74 bytes  received 12 bytes  172.00 bytes/sec
total size is 616,596  speedup is 7,169.72
sending incremental file list

sent 74 bytes  received 12 bytes  172.00 bytes/sec
total size is 616,596  speedup is 7,169.72
sending incremental file list

sent 74 bytes  received 12 bytes  172.00 bytes/sec
total size is 616,596  speedup is 7,169.72
sending incremental file list

sent 74 bytes  received 12 bytes  172.00 bytes/sec
total size is 616,596  speedup is 7,169.72
sending incremental file list

sent 74 bytes  received 12 bytes  172.00 bytes/sec
total size is 616,596  speedup is 7,169.72
sending incremental file list
bst_02.jl.out

sent 616,902 bytes  received 35 bytes  1,233,874.00 bytes/sec
total size is 616,641  speedup is 1.00
sending incremental file list
bst_02.jl.out

sent 616,965 bytes  received 35 bytes  1,234,000.00 bytes/sec
total size is 616,704  speedup is 1.00
sending incremental file list

sent 74 bytes  received 12 bytes  172.00 bytes/sec
total size is 616,704  speedup is 7,170.98
sending incremental file list

sent 74 bytes  received 12 bytes  57.33 bytes/sec
total size is 616,704  speedup is 7,170.98
sending incremental file list

sent 74 bytes  received 12 bytes  172.00 bytes/sec
total size is 616,704  speedup is 7,170.98
sending incremental file list

sent 74 bytes  received 12 bytes  172.00 bytes/sec
total size is 616,704  speedup is 7,170.98
sending incremental file list

sent 74 bytes  received 12 bytes  172.00 bytes/sec
total size is 616,704  speedup is 7,170.98
sending incremental file list

sent 74 bytes  received 12 bytes  172.00 bytes/sec
total size is 616,704  speedup is 7,170.98
sending incremental file list

sent 74 bytes  received 12 bytes  172.00 bytes/sec
total size is 616,704  speedup is 7,170.98
sending incremental file list

sent 74 bytes  received 12 bytes  172.00 bytes/sec
total size is 616,704  speedup is 7,170.98
sending incremental file list

sent 74 bytes  received 12 bytes  172.00 bytes/sec
total size is 616,704  speedup is 7,170.98
sending incremental file list

sent 74 bytes  received 12 bytes  172.00 bytes/sec
total size is 616,704  speedup is 7,170.98
sending incremental file list

sent 74 bytes  received 12 bytes  172.00 bytes/sec
total size is 616,704  speedup is 7,170.98
sending incremental file list

sent 74 bytes  received 12 bytes  172.00 bytes/sec
total size is 616,704  speedup is 7,170.98
sending incremental file list

sent 74 bytes  received 12 bytes  172.00 bytes/sec
total size is 616,704  speedup is 7,170.98
sending incremental file list

sent 74 bytes  received 12 bytes  172.00 bytes/sec
total size is 616,704  speedup is 7,170.98
sending incremental file list

sent 74 bytes  received 12 bytes  172.00 bytes/sec
total size is 616,704  speedup is 7,170.98
sending incremental file list

sent 74 bytes  received 12 bytes  172.00 bytes/sec
total size is 616,704  speedup is 7,170.98
sending incremental file list

sent 74 bytes  received 12 bytes  172.00 bytes/sec
total size is 616,704  speedup is 7,170.98
sending incremental file list

sent 74 bytes  received 12 bytes  172.00 bytes/sec
total size is 616,704  speedup is 7,170.98
sending incremental file list

sent 74 bytes  received 12 bytes  172.00 bytes/sec
total size is 616,704  speedup is 7,170.98
sending incremental file list

sent 74 bytes  received 12 bytes  172.00 bytes/sec
total size is 616,704  speedup is 7,170.98
sending incremental file list

sent 74 bytes  received 12 bytes  172.00 bytes/sec
total size is 616,704  speedup is 7,170.98
sending incremental file list

sent 74 bytes  received 12 bytes  172.00 bytes/sec
total size is 616,704  speedup is 7,170.98
sending incremental file list

sent 74 bytes  received 12 bytes  172.00 bytes/sec
total size is 616,704  speedup is 7,170.98
sending incremental file list

sent 74 bytes  received 12 bytes  172.00 bytes/sec
total size is 616,704  speedup is 7,170.98
sending incremental file list

sent 74 bytes  received 12 bytes  172.00 bytes/sec
total size is 616,704  speedup is 7,170.98
sending incremental file list

sent 74 bytes  received 12 bytes  172.00 bytes/sec
total size is 616,704  speedup is 7,170.98
sending incremental file list

sent 74 bytes  received 12 bytes  172.00 bytes/sec
total size is 616,704  speedup is 7,170.98
sending incremental file list

sent 74 bytes  received 12 bytes  172.00 bytes/sec
total size is 616,704  speedup is 7,170.98
sending incremental file list

sent 74 bytes  received 12 bytes  172.00 bytes/sec
total size is 616,704  speedup is 7,170.98
sending incremental file list

sent 74 bytes  received 12 bytes  172.00 bytes/sec
total size is 616,704  speedup is 7,170.98
sending incremental file list

sent 74 bytes  received 12 bytes  172.00 bytes/sec
total size is 616,704  speedup is 7,170.98
sending incremental file list

sent 74 bytes  received 12 bytes  172.00 bytes/sec
total size is 616,704  speedup is 7,170.98
sending incremental file list

sent 74 bytes  received 12 bytes  172.00 bytes/sec
total size is 616,704  speedup is 7,170.98
sending incremental file list

sent 74 bytes  received 12 bytes  172.00 bytes/sec
total size is 616,704  speedup is 7,170.98
sending incremental file list

sent 74 bytes  received 12 bytes  172.00 bytes/sec
total size is 616,704  speedup is 7,170.98
sending incremental file list

sent 74 bytes  received 12 bytes  172.00 bytes/sec
total size is 616,704  speedup is 7,170.98
sending incremental file list

sent 74 bytes  received 12 bytes  172.00 bytes/sec
total size is 616,704  speedup is 7,170.98
sending incremental file list

sent 74 bytes  received 12 bytes  172.00 bytes/sec
total size is 616,704  speedup is 7,170.98
sending incremental file list

sent 74 bytes  received 12 bytes  172.00 bytes/sec
total size is 616,704  speedup is 7,170.98
sending incremental file list

sent 74 bytes  received 12 bytes  172.00 bytes/sec
total size is 616,704  speedup is 7,170.98
sending incremental file list

sent 74 bytes  received 12 bytes  172.00 bytes/sec
total size is 616,704  speedup is 7,170.98
sending incremental file list

sent 74 bytes  received 12 bytes  172.00 bytes/sec
total size is 616,704  speedup is 7,170.98
sending incremental file list

sent 74 bytes  received 12 bytes  172.00 bytes/sec
total size is 616,704  speedup is 7,170.98
sending incremental file list

sent 74 bytes  received 12 bytes  172.00 bytes/sec
total size is 616,704  speedup is 7,170.98
sending incremental file list

sent 74 bytes  received 12 bytes  172.00 bytes/sec
total size is 616,704  speedup is 7,170.98
sending incremental file list

sent 74 bytes  received 12 bytes  172.00 bytes/sec
total size is 616,704  speedup is 7,170.98
sending incremental file list

sent 74 bytes  received 12 bytes  57.33 bytes/sec
total size is 616,704  speedup is 7,170.98
sending incremental file list

sent 74 bytes  received 12 bytes  172.00 bytes/sec
total size is 616,704  speedup is 7,170.98
sending incremental file list

sent 74 bytes  received 12 bytes  172.00 bytes/sec
total size is 616,704  speedup is 7,170.98
sending incremental file list

sent 74 bytes  received 12 bytes  172.00 bytes/sec
total size is 616,704  speedup is 7,170.98
sending incremental file list

sent 74 bytes  received 12 bytes  172.00 bytes/sec
total size is 616,704  speedup is 7,170.98
sending incremental file list

sent 74 bytes  received 12 bytes  172.00 bytes/sec
total size is 616,704  speedup is 7,170.98
sending incremental file list

sent 74 bytes  received 12 bytes  172.00 bytes/sec
total size is 616,704  speedup is 7,170.98
sending incremental file list

sent 74 bytes  received 12 bytes  172.00 bytes/sec
total size is 616,704  speedup is 7,170.98
sending incremental file list

sent 74 bytes  received 12 bytes  172.00 bytes/sec
total size is 616,704  speedup is 7,170.98
sending incremental file list

sent 74 bytes  received 12 bytes  172.00 bytes/sec
total size is 616,704  speedup is 7,170.98
sending incremental file list

sent 74 bytes  received 12 bytes  172.00 bytes/sec
total size is 616,704  speedup is 7,170.98
sending incremental file list

sent 74 bytes  received 12 bytes  172.00 bytes/sec
total size is 616,704  speedup is 7,170.98
sending incremental file list

sent 74 bytes  received 12 bytes  172.00 bytes/sec
total size is 616,704  speedup is 7,170.98
sending incremental file list

sent 74 bytes  received 12 bytes  172.00 bytes/sec
total size is 616,704  speedup is 7,170.98
sending incremental file list

sent 74 bytes  received 12 bytes  172.00 bytes/sec
total size is 616,704  speedup is 7,170.98
sending incremental file list

sent 74 bytes  received 12 bytes  172.00 bytes/sec
total size is 616,704  speedup is 7,170.98
sending incremental file list

sent 74 bytes  received 12 bytes  172.00 bytes/sec
total size is 616,704  speedup is 7,170.98
sending incremental file list

sent 74 bytes  received 12 bytes  172.00 bytes/sec
total size is 616,704  speedup is 7,170.98
sending incremental file list

sent 74 bytes  received 12 bytes  172.00 bytes/sec
total size is 616,704  speedup is 7,170.98
sending incremental file list

sent 74 bytes  received 12 bytes  172.00 bytes/sec
total size is 616,704  speedup is 7,170.98
sending incremental file list

sent 74 bytes  received 12 bytes  172.00 bytes/sec
total size is 616,704  speedup is 7,170.98
sending incremental file list

sent 74 bytes  received 12 bytes  172.00 bytes/sec
total size is 616,704  speedup is 7,170.98
sending incremental file list

sent 74 bytes  received 12 bytes  172.00 bytes/sec
total size is 616,704  speedup is 7,170.98
sending incremental file list

sent 74 bytes  received 12 bytes  172.00 bytes/sec
total size is 616,704  speedup is 7,170.98
sending incremental file list

sent 74 bytes  received 12 bytes  172.00 bytes/sec
total size is 616,704  speedup is 7,170.98
sending incremental file list

sent 74 bytes  received 12 bytes  172.00 bytes/sec
total size is 616,704  speedup is 7,170.98
sending incremental file list

sent 74 bytes  received 12 bytes  172.00 bytes/sec
total size is 616,704  speedup is 7,170.98
sending incremental file list

sent 74 bytes  received 12 bytes  172.00 bytes/sec
total size is 616,704  speedup is 7,170.98
sending incremental file list

sent 74 bytes  received 12 bytes  172.00 bytes/sec
total size is 616,704  speedup is 7,170.98
sending incremental file list

sent 74 bytes  received 12 bytes  172.00 bytes/sec
total size is 616,704  speedup is 7,170.98
sending incremental file list

sent 74 bytes  received 12 bytes  172.00 bytes/sec
total size is 616,704  speedup is 7,170.98
sending incremental file list

sent 74 bytes  received 12 bytes  172.00 bytes/sec
total size is 616,704  speedup is 7,170.98
sending incremental file list

sent 74 bytes  received 12 bytes  172.00 bytes/sec
total size is 616,704  speedup is 7,170.98
sending incremental file list

sent 74 bytes  received 12 bytes  172.00 bytes/sec
total size is 616,704  speedup is 7,170.98
sending incremental file list

sent 74 bytes  received 12 bytes  172.00 bytes/sec
total size is 616,704  speedup is 7,170.98
sending incremental file list

sent 74 bytes  received 12 bytes  172.00 bytes/sec
total size is 616,704  speedup is 7,170.98
sending incremental file list

sent 74 bytes  received 12 bytes  172.00 bytes/sec
total size is 616,704  speedup is 7,170.98
sending incremental file list

sent 74 bytes  received 12 bytes  172.00 bytes/sec
total size is 616,704  speedup is 7,170.98
sending incremental file list

sent 74 bytes  received 12 bytes  172.00 bytes/sec
total size is 616,704  speedup is 7,170.98
sending incremental file list

sent 74 bytes  received 12 bytes  172.00 bytes/sec
total size is 616,704  speedup is 7,170.98
sending incremental file list

sent 74 bytes  received 12 bytes  172.00 bytes/sec
total size is 616,704  speedup is 7,170.98
sending incremental file list

sent 74 bytes  received 12 bytes  172.00 bytes/sec
total size is 616,704  speedup is 7,170.98
sending incremental file list

sent 74 bytes  received 12 bytes  172.00 bytes/sec
total size is 616,704  speedup is 7,170.98
sending incremental file list

sent 74 bytes  received 12 bytes  172.00 bytes/sec
total size is 616,704  speedup is 7,170.98
sending incremental file list

sent 74 bytes  received 12 bytes  172.00 bytes/sec
total size is 616,704  speedup is 7,170.98
sending incremental file list

sent 74 bytes  received 12 bytes  172.00 bytes/sec
total size is 616,704  speedup is 7,170.98
sending incremental file list

sent 74 bytes  received 12 bytes  172.00 bytes/sec
total size is 616,704  speedup is 7,170.98
sending incremental file list

sent 74 bytes  received 12 bytes  172.00 bytes/sec
total size is 616,704  speedup is 7,170.98
sending incremental file list

sent 74 bytes  received 12 bytes  172.00 bytes/sec
total size is 616,704  speedup is 7,170.98
sending incremental file list

sent 74 bytes  received 12 bytes  172.00 bytes/sec
total size is 616,704  speedup is 7,170.98
sending incremental file list

sent 74 bytes  received 12 bytes  57.33 bytes/sec
total size is 616,704  speedup is 7,170.98
sending incremental file list

sent 74 bytes  received 12 bytes  172.00 bytes/sec
total size is 616,704  speedup is 7,170.98
sending incremental file list

sent 74 bytes  received 12 bytes  172.00 bytes/sec
total size is 616,704  speedup is 7,170.98
sending incremental file list

sent 74 bytes  received 12 bytes  172.00 bytes/sec
total size is 616,704  speedup is 7,170.98
sending incremental file list

sent 74 bytes  received 12 bytes  172.00 bytes/sec
total size is 616,704  speedup is 7,170.98
sending incremental file list

sent 74 bytes  received 12 bytes  172.00 bytes/sec
total size is 616,704  speedup is 7,170.98
sending incremental file list

sent 74 bytes  received 12 bytes  172.00 bytes/sec
total size is 616,704  speedup is 7,170.98
sending incremental file list

sent 74 bytes  received 12 bytes  172.00 bytes/sec
total size is 616,704  speedup is 7,170.98
sending incremental file list

sent 74 bytes  received 12 bytes  172.00 bytes/sec
total size is 616,704  speedup is 7,170.98
sending incremental file list

sent 74 bytes  received 12 bytes  172.00 bytes/sec
total size is 616,704  speedup is 7,170.98
sending incremental file list

sent 74 bytes  received 12 bytes  172.00 bytes/sec
total size is 616,704  speedup is 7,170.98
sending incremental file list

sent 74 bytes  received 12 bytes  172.00 bytes/sec
total size is 616,704  speedup is 7,170.98
sending incremental file list

sent 74 bytes  received 12 bytes  172.00 bytes/sec
total size is 616,704  speedup is 7,170.98
sending incremental file list

sent 74 bytes  received 12 bytes  172.00 bytes/sec
total size is 616,704  speedup is 7,170.98
sending incremental file list

sent 74 bytes  received 12 bytes  172.00 bytes/sec
total size is 616,704  speedup is 7,170.98
sending incremental file list

sent 74 bytes  received 12 bytes  172.00 bytes/sec
total size is 616,704  speedup is 7,170.98
sending incremental file list

sent 74 bytes  received 12 bytes  172.00 bytes/sec
total size is 616,704  speedup is 7,170.98
sending incremental file list

sent 74 bytes  received 12 bytes  172.00 bytes/sec
total size is 616,704  speedup is 7,170.98
sending incremental file list

sent 74 bytes  received 12 bytes  172.00 bytes/sec
total size is 616,704  speedup is 7,170.98
sending incremental file list

sent 74 bytes  received 12 bytes  172.00 bytes/sec
total size is 616,704  speedup is 7,170.98
sending incremental file list

sent 74 bytes  received 12 bytes  172.00 bytes/sec
total size is 616,704  speedup is 7,170.98
sending incremental file list

sent 74 bytes  received 12 bytes  172.00 bytes/sec
total size is 616,704  speedup is 7,170.98
sending incremental file list

sent 74 bytes  received 12 bytes  172.00 bytes/sec
total size is 616,704  speedup is 7,170.98
sending incremental file list

sent 74 bytes  received 12 bytes  172.00 bytes/sec
total size is 616,704  speedup is 7,170.98
sending incremental file list

sent 74 bytes  received 12 bytes  172.00 bytes/sec
total size is 616,704  speedup is 7,170.98
sending incremental file list

sent 74 bytes  received 12 bytes  172.00 bytes/sec
total size is 616,704  speedup is 7,170.98
sending incremental file list

sent 74 bytes  received 12 bytes  172.00 bytes/sec
total size is 616,704  speedup is 7,170.98
sending incremental file list

sent 74 bytes  received 12 bytes  172.00 bytes/sec
total size is 616,704  speedup is 7,170.98
sending incremental file list

sent 74 bytes  received 12 bytes  172.00 bytes/sec
total size is 616,704  speedup is 7,170.98
sending incremental file list

sent 74 bytes  received 12 bytes  172.00 bytes/sec
total size is 616,704  speedup is 7,170.98
sending incremental file list

sent 74 bytes  received 12 bytes  172.00 bytes/sec
total size is 616,704  speedup is 7,170.98
sending incremental file list

sent 74 bytes  received 12 bytes  172.00 bytes/sec
total size is 616,704  speedup is 7,170.98
sending incremental file list

sent 74 bytes  received 12 bytes  172.00 bytes/sec
total size is 616,704  speedup is 7,170.98
sending incremental file list

sent 74 bytes  received 12 bytes  172.00 bytes/sec
total size is 616,704  speedup is 7,170.98
sending incremental file list

sent 74 bytes  received 12 bytes  172.00 bytes/sec
total size is 616,704  speedup is 7,170.98
sending incremental file list

sent 74 bytes  received 12 bytes  172.00 bytes/sec
total size is 616,704  speedup is 7,170.98
sending incremental file list

sent 74 bytes  received 12 bytes  172.00 bytes/sec
total size is 616,704  speedup is 7,170.98
sending incremental file list

sent 74 bytes  received 12 bytes  172.00 bytes/sec
total size is 616,704  speedup is 7,170.98
sending incremental file list

sent 74 bytes  received 12 bytes  172.00 bytes/sec
total size is 616,704  speedup is 7,170.98
sending incremental file list

sent 74 bytes  received 12 bytes  172.00 bytes/sec
total size is 616,704  speedup is 7,170.98
sending incremental file list

sent 74 bytes  received 12 bytes  172.00 bytes/sec
total size is 616,704  speedup is 7,170.98
sending incremental file list

sent 74 bytes  received 12 bytes  57.33 bytes/sec
total size is 616,704  speedup is 7,170.98
sending incremental file list

sent 74 bytes  received 12 bytes  172.00 bytes/sec
total size is 616,704  speedup is 7,170.98
sending incremental file list

sent 74 bytes  received 12 bytes  172.00 bytes/sec
total size is 616,704  speedup is 7,170.98
sending incremental file list

sent 74 bytes  received 12 bytes  172.00 bytes/sec
total size is 616,704  speedup is 7,170.98
sending incremental file list

sent 74 bytes  received 12 bytes  172.00 bytes/sec
total size is 616,704  speedup is 7,170.98
sending incremental file list

sent 74 bytes  received 12 bytes  172.00 bytes/sec
total size is 616,704  speedup is 7,170.98
sending incremental file list

sent 74 bytes  received 12 bytes  172.00 bytes/sec
total size is 616,704  speedup is 7,170.98
sending incremental file list

sent 74 bytes  received 12 bytes  172.00 bytes/sec
total size is 616,704  speedup is 7,170.98
sending incremental file list

sent 74 bytes  received 12 bytes  172.00 bytes/sec
total size is 616,704  speedup is 7,170.98
sending incremental file list

sent 74 bytes  received 12 bytes  172.00 bytes/sec
total size is 616,704  speedup is 7,170.98
sending incremental file list

sent 74 bytes  received 12 bytes  172.00 bytes/sec
total size is 616,704  speedup is 7,170.98
sending incremental file list

sent 74 bytes  received 12 bytes  172.00 bytes/sec
total size is 616,704  speedup is 7,170.98
sending incremental file list

sent 74 bytes  received 12 bytes  172.00 bytes/sec
total size is 616,704  speedup is 7,170.98
sending incremental file list

sent 74 bytes  received 12 bytes  172.00 bytes/sec
total size is 616,704  speedup is 7,170.98
sending incremental file list

sent 74 bytes  received 12 bytes  172.00 bytes/sec
total size is 616,704  speedup is 7,170.98
sending incremental file list

sent 74 bytes  received 12 bytes  172.00 bytes/sec
total size is 616,704  speedup is 7,170.98
sending incremental file list

sent 74 bytes  received 12 bytes  172.00 bytes/sec
total size is 616,704  speedup is 7,170.98
sending incremental file list

sent 74 bytes  received 12 bytes  172.00 bytes/sec
total size is 616,704  speedup is 7,170.98
sending incremental file list

sent 74 bytes  received 12 bytes  172.00 bytes/sec
total size is 616,704  speedup is 7,170.98
sending incremental file list

sent 74 bytes  received 12 bytes  172.00 bytes/sec
total size is 616,704  speedup is 7,170.98
sending incremental file list

sent 74 bytes  received 12 bytes  172.00 bytes/sec
total size is 616,704  speedup is 7,170.98
sending incremental file list

sent 74 bytes  received 12 bytes  172.00 bytes/sec
total size is 616,704  speedup is 7,170.98
sending incremental file list

sent 74 bytes  received 12 bytes  172.00 bytes/sec
total size is 616,704  speedup is 7,170.98
sending incremental file list

sent 74 bytes  received 12 bytes  172.00 bytes/sec
total size is 616,704  speedup is 7,170.98
sending incremental file list

sent 74 bytes  received 12 bytes  172.00 bytes/sec
total size is 616,704  speedup is 7,170.98
sending incremental file list

sent 74 bytes  received 12 bytes  172.00 bytes/sec
total size is 616,704  speedup is 7,170.98
sending incremental file list

sent 74 bytes  received 12 bytes  172.00 bytes/sec
total size is 616,704  speedup is 7,170.98
sending incremental file list

sent 74 bytes  received 12 bytes  172.00 bytes/sec
total size is 616,704  speedup is 7,170.98
sending incremental file list

sent 74 bytes  received 12 bytes  172.00 bytes/sec
total size is 616,704  speedup is 7,170.98
sending incremental file list

sent 74 bytes  received 12 bytes  172.00 bytes/sec
total size is 616,704  speedup is 7,170.98
sending incremental file list

sent 74 bytes  received 12 bytes  172.00 bytes/sec
total size is 616,704  speedup is 7,170.98
sending incremental file list

sent 74 bytes  received 12 bytes  172.00 bytes/sec
total size is 616,704  speedup is 7,170.98
sending incremental file list

sent 74 bytes  received 12 bytes  172.00 bytes/sec
total size is 616,704  speedup is 7,170.98
sending incremental file list

sent 74 bytes  received 12 bytes  172.00 bytes/sec
total size is 616,704  speedup is 7,170.98
sending incremental file list

sent 74 bytes  received 12 bytes  172.00 bytes/sec
total size is 616,704  speedup is 7,170.98
sending incremental file list

sent 74 bytes  received 12 bytes  172.00 bytes/sec
total size is 616,704  speedup is 7,170.98
sending incremental file list

sent 74 bytes  received 12 bytes  172.00 bytes/sec
total size is 616,704  speedup is 7,170.98
sending incremental file list

sent 74 bytes  received 12 bytes  172.00 bytes/sec
total size is 616,704  speedup is 7,170.98
sending incremental file list

sent 74 bytes  received 12 bytes  172.00 bytes/sec
total size is 616,704  speedup is 7,170.98
sending incremental file list

sent 74 bytes  received 12 bytes  172.00 bytes/sec
total size is 616,704  speedup is 7,170.98
sending incremental file list

sent 74 bytes  received 12 bytes  172.00 bytes/sec
total size is 616,704  speedup is 7,170.98
sending incremental file list

sent 74 bytes  received 12 bytes  172.00 bytes/sec
total size is 616,704  speedup is 7,170.98
sending incremental file list

sent 74 bytes  received 12 bytes  172.00 bytes/sec
total size is 616,704  speedup is 7,170.98
sending incremental file list

sent 74 bytes  received 12 bytes  172.00 bytes/sec
total size is 616,704  speedup is 7,170.98
sending incremental file list

sent 74 bytes  received 12 bytes  172.00 bytes/sec
total size is 616,704  speedup is 7,170.98
sending incremental file list

sent 74 bytes  received 12 bytes  172.00 bytes/sec
total size is 616,704  speedup is 7,170.98
sending incremental file list

sent 74 bytes  received 12 bytes  172.00 bytes/sec
total size is 616,704  speedup is 7,170.98
sending incremental file list

sent 74 bytes  received 12 bytes  172.00 bytes/sec
total size is 616,704  speedup is 7,170.98
sending incremental file list

sent 74 bytes  received 12 bytes  172.00 bytes/sec
total size is 616,704  speedup is 7,170.98
sending incremental file list

sent 74 bytes  received 12 bytes  172.00 bytes/sec
total size is 616,704  speedup is 7,170.98
sending incremental file list

sent 74 bytes  received 12 bytes  172.00 bytes/sec
total size is 616,704  speedup is 7,170.98
sending incremental file list

sent 74 bytes  received 12 bytes  172.00 bytes/sec
total size is 616,704  speedup is 7,170.98
sending incremental file list

sent 74 bytes  received 12 bytes  172.00 bytes/sec
total size is 616,704  speedup is 7,170.98
sending incremental file list

sent 74 bytes  received 12 bytes  172.00 bytes/sec
total size is 616,704  speedup is 7,170.98
sending incremental file list

sent 74 bytes  received 12 bytes  172.00 bytes/sec
total size is 616,704  speedup is 7,170.98
sending incremental file list

sent 74 bytes  received 12 bytes  172.00 bytes/sec
total size is 616,704  speedup is 7,170.98
sending incremental file list

sent 74 bytes  received 12 bytes  172.00 bytes/sec
total size is 616,704  speedup is 7,170.98
sending incremental file list

sent 74 bytes  received 12 bytes  172.00 bytes/sec
total size is 616,704  speedup is 7,170.98
sending incremental file list

sent 74 bytes  received 12 bytes  172.00 bytes/sec
total size is 616,704  speedup is 7,170.98
sending incremental file list

sent 74 bytes  received 12 bytes  172.00 bytes/sec
total size is 616,704  speedup is 7,170.98
sending incremental file list

sent 74 bytes  received 12 bytes  172.00 bytes/sec
total size is 616,704  speedup is 7,170.98
sending incremental file list

sent 74 bytes  received 12 bytes  172.00 bytes/sec
total size is 616,704  speedup is 7,170.98
sending incremental file list

sent 74 bytes  received 12 bytes  172.00 bytes/sec
total size is 616,704  speedup is 7,170.98
sending incremental file list

sent 74 bytes  received 12 bytes  172.00 bytes/sec
total size is 616,704  speedup is 7,170.98
sending incremental file list

sent 74 bytes  received 12 bytes  172.00 bytes/sec
total size is 616,704  speedup is 7,170.98
sending incremental file list

sent 74 bytes  received 12 bytes  172.00 bytes/sec
total size is 616,704  speedup is 7,170.98
sending incremental file list

sent 74 bytes  received 12 bytes  172.00 bytes/sec
total size is 616,704  speedup is 7,170.98
sending incremental file list

sent 74 bytes  received 12 bytes  172.00 bytes/sec
total size is 616,704  speedup is 7,170.98
sending incremental file list

sent 74 bytes  received 12 bytes  172.00 bytes/sec
total size is 616,704  speedup is 7,170.98
sending incremental file list

sent 74 bytes  received 12 bytes  172.00 bytes/sec
total size is 616,704  speedup is 7,170.98
sending incremental file list

sent 74 bytes  received 12 bytes  172.00 bytes/sec
total size is 616,704  speedup is 7,170.98
sending incremental file list

sent 74 bytes  received 12 bytes  172.00 bytes/sec
total size is 616,704  speedup is 7,170.98
sending incremental file list

sent 74 bytes  received 12 bytes  172.00 bytes/sec
total size is 616,704  speedup is 7,170.98
sending incremental file list

sent 74 bytes  received 12 bytes  172.00 bytes/sec
total size is 616,704  speedup is 7,170.98
sending incremental file list

sent 74 bytes  received 12 bytes  172.00 bytes/sec
total size is 616,704  speedup is 7,170.98
sending incremental file list

sent 74 bytes  received 12 bytes  172.00 bytes/sec
total size is 616,704  speedup is 7,170.98
sending incremental file list

sent 74 bytes  received 12 bytes  172.00 bytes/sec
total size is 616,704  speedup is 7,170.98
sending incremental file list

sent 74 bytes  received 12 bytes  172.00 bytes/sec
total size is 616,704  speedup is 7,170.98
sending incremental file list

sent 74 bytes  received 12 bytes  172.00 bytes/sec
total size is 616,704  speedup is 7,170.98
sending incremental file list

sent 74 bytes  received 12 bytes  172.00 bytes/sec
total size is 616,704  speedup is 7,170.98
sending incremental file list

sent 74 bytes  received 12 bytes  172.00 bytes/sec
total size is 616,704  speedup is 7,170.98
sending incremental file list

sent 74 bytes  received 12 bytes  172.00 bytes/sec
total size is 616,704  speedup is 7,170.98
sending incremental file list

sent 74 bytes  received 12 bytes  172.00 bytes/sec
total size is 616,704  speedup is 7,170.98
sending incremental file list

sent 74 bytes  received 12 bytes  172.00 bytes/sec
total size is 616,704  speedup is 7,170.98
sending incremental file list

sent 74 bytes  received 12 bytes  172.00 bytes/sec
total size is 616,704  speedup is 7,170.98
sending incremental file list

sent 74 bytes  received 12 bytes  172.00 bytes/sec
total size is 616,704  speedup is 7,170.98
sending incremental file list

sent 74 bytes  received 12 bytes  172.00 bytes/sec
total size is 616,704  speedup is 7,170.98
sending incremental file list

sent 74 bytes  received 12 bytes  172.00 bytes/sec
total size is 616,704  speedup is 7,170.98
sending incremental file list

sent 74 bytes  received 12 bytes  172.00 bytes/sec
total size is 616,704  speedup is 7,170.98
sending incremental file list

sent 74 bytes  received 12 bytes  172.00 bytes/sec
total size is 616,704  speedup is 7,170.98
sending incremental file list

sent 74 bytes  received 12 bytes  172.00 bytes/sec
total size is 616,704  speedup is 7,170.98
sending incremental file list

sent 74 bytes  received 12 bytes  172.00 bytes/sec
total size is 616,704  speedup is 7,170.98
sending incremental file list

sent 74 bytes  received 12 bytes  172.00 bytes/sec
total size is 616,704  speedup is 7,170.98
sending incremental file list

sent 74 bytes  received 12 bytes  172.00 bytes/sec
total size is 616,704  speedup is 7,170.98
sending incremental file list

sent 74 bytes  received 12 bytes  172.00 bytes/sec
total size is 616,704  speedup is 7,170.98
sending incremental file list

sent 74 bytes  received 12 bytes  172.00 bytes/sec
total size is 616,704  speedup is 7,170.98
sending incremental file list

sent 74 bytes  received 12 bytes  172.00 bytes/sec
total size is 616,704  speedup is 7,170.98
sending incremental file list

sent 74 bytes  received 12 bytes  172.00 bytes/sec
total size is 616,704  speedup is 7,170.98
sending incremental file list

sent 74 bytes  received 12 bytes  172.00 bytes/sec
total size is 616,704  speedup is 7,170.98
sending incremental file list

sent 74 bytes  received 12 bytes  172.00 bytes/sec
total size is 616,704  speedup is 7,170.98
sending incremental file list

sent 74 bytes  received 12 bytes  172.00 bytes/sec
total size is 616,704  speedup is 7,170.98
sending incremental file list

sent 74 bytes  received 12 bytes  172.00 bytes/sec
total size is 616,704  speedup is 7,170.98
sending incremental file list

sent 74 bytes  received 12 bytes  172.00 bytes/sec
total size is 616,704  speedup is 7,170.98
sending incremental file list

sent 74 bytes  received 12 bytes  172.00 bytes/sec
total size is 616,704  speedup is 7,170.98
sending incremental file list

sent 74 bytes  received 12 bytes  172.00 bytes/sec
total size is 616,704  speedup is 7,170.98
sending incremental file list

sent 74 bytes  received 12 bytes  172.00 bytes/sec
total size is 616,704  speedup is 7,170.98
sending incremental file list

sent 74 bytes  received 12 bytes  172.00 bytes/sec
total size is 616,704  speedup is 7,170.98
sending incremental file list

sent 74 bytes  received 12 bytes  172.00 bytes/sec
total size is 616,704  speedup is 7,170.98
sending incremental file list

sent 74 bytes  received 12 bytes  172.00 bytes/sec
total size is 616,704  speedup is 7,170.98
sending incremental file list

sent 74 bytes  received 12 bytes  172.00 bytes/sec
total size is 616,704  speedup is 7,170.98
sending incremental file list

sent 74 bytes  received 12 bytes  172.00 bytes/sec
total size is 616,704  speedup is 7,170.98
sending incremental file list

sent 74 bytes  received 12 bytes  172.00 bytes/sec
total size is 616,704  speedup is 7,170.98
sending incremental file list

sent 74 bytes  received 12 bytes  172.00 bytes/sec
total size is 616,704  speedup is 7,170.98
sending incremental file list

sent 74 bytes  received 12 bytes  172.00 bytes/sec
total size is 616,704  speedup is 7,170.98
sending incremental file list

sent 74 bytes  received 12 bytes  172.00 bytes/sec
total size is 616,704  speedup is 7,170.98
sending incremental file list

sent 74 bytes  received 12 bytes  172.00 bytes/sec
total size is 616,704  speedup is 7,170.98
sending incremental file list

sent 74 bytes  received 12 bytes  172.00 bytes/sec
total size is 616,704  speedup is 7,170.98
sending incremental file list

sent 74 bytes  received 12 bytes  172.00 bytes/sec
total size is 616,704  speedup is 7,170.98
sending incremental file list

sent 74 bytes  received 12 bytes  172.00 bytes/sec
total size is 616,704  speedup is 7,170.98
sending incremental file list

sent 74 bytes  received 12 bytes  172.00 bytes/sec
total size is 616,704  speedup is 7,170.98
sending incremental file list

sent 74 bytes  received 12 bytes  172.00 bytes/sec
total size is 616,704  speedup is 7,170.98
sending incremental file list

sent 74 bytes  received 12 bytes  172.00 bytes/sec
total size is 616,704  speedup is 7,170.98
sending incremental file list

sent 74 bytes  received 12 bytes  172.00 bytes/sec
total size is 616,704  speedup is 7,170.98
sending incremental file list

sent 74 bytes  received 12 bytes  172.00 bytes/sec
total size is 616,704  speedup is 7,170.98
sending incremental file list

sent 74 bytes  received 12 bytes  172.00 bytes/sec
total size is 616,704  speedup is 7,170.98
sending incremental file list

sent 74 bytes  received 12 bytes  172.00 bytes/sec
total size is 616,704  speedup is 7,170.98
sending incremental file list

sent 74 bytes  received 12 bytes  172.00 bytes/sec
total size is 616,704  speedup is 7,170.98
sending incremental file list

sent 74 bytes  received 12 bytes  172.00 bytes/sec
total size is 616,704  speedup is 7,170.98
/cm/local/apps/slurm/var/spool/job1501927/slurm_script: line 62: 160519 Killed                  julia --project=$JULIAENV -t $NTHREAD $INFILE &>$OUTFILE
rm: cannot remove tmpfs: Device or resource busy
slurmstepd: error: Detected 1 oom-kill event(s) in StepId=1501927.batch cgroup. Some of your processes may have been killed by the cgroup out-of-memory handler.
