tc300
Resetting modules to system default. Reseting $MODULEPATH back to system default. All extra directories will be removed from $MODULEPATH.
Usage: sbatch submit.sh {input file} {data file} {data file}
tpsci_02.jl
tpsci_02.jl.out
/home/arnab22/FermiCG-data/bimetallics/cr2_morokuma/16__3d_2p3p_3d
/localscratch/1503539
sending incremental file list
tpsci_02.jl.out

sent 118 bytes  received 35 bytes  306.00 bytes/sec
total size is 0  speedup is 0.00
sending incremental file list
tpsci_02.jl.out

sent 253,294 bytes  received 35 bytes  506,658.00 bytes/sec
total size is 253,120  speedup is 1.00
sending incremental file list
tpsci_02.jl.out

sent 275,458 bytes  received 35 bytes  550,986.00 bytes/sec
total size is 275,276  speedup is 1.00
rm: cannot remove ‘tmpfs’: Device or resource busy
