tc296
Resetting modules to system default. Reseting $MODULEPATH back to system default. All extra directories will be removed from $MODULEPATH.
Usage: sbatch submit.sh {input file} {data file} {data file}
tpsci_01.jl
tpsci_01.jl.out
/home/arnab22/FermiCG-data/bimetallics/cr2_morokuma/19__3d4s_2p3s3p_3d4s
/localscratch/1503664
sending incremental file list
tpsci_01.jl.out

sent 118 bytes  received 35 bytes  306.00 bytes/sec
total size is 0  speedup is 0.00
sending incremental file list
tpsci_01.jl.out

sent 260,041 bytes  received 35 bytes  520,152.00 bytes/sec
total size is 259,866  speedup is 1.00
sending incremental file list
tpsci_01.jl.out

sent 274,848 bytes  received 35 bytes  549,766.00 bytes/sec
total size is 274,666  speedup is 1.00
sending incremental file list
tpsci_01.jl.out

sent 289,454 bytes  received 35 bytes  578,978.00 bytes/sec
total size is 289,271  speedup is 1.00
