tc118
Resetting modules to system default. Reseting $MODULEPATH back to system default. All extra directories will be removed from $MODULEPATH.
Usage: sbatch submit.sh {input file} {data file} {data file}
bst_01.jl
bst_01.jl.out
/home/arnab22/FermiCG-data/bimetallics/fe2_morokuma/14__3d_2ps_3d
/localscratch/1501135
sending incremental file list
bst_01.jl.out

sent 117 bytes  received 35 bytes  304.00 bytes/sec
total size is 0  speedup is 0.00
sending incremental file list
bst_01.jl.out

sent 119,818 bytes  received 35 bytes  239,706.00 bytes/sec
total size is 119,678  speedup is 1.00
sending incremental file list
bst_01.jl.out

sent 129,810 bytes  received 35 bytes  259,690.00 bytes/sec
total size is 129,669  speedup is 1.00
sending incremental file list
bst_01.jl.out

sent 144,869 bytes  received 35 bytes  289,808.00 bytes/sec
total size is 144,720  speedup is 1.00
rm: cannot remove ‘tmpfs’: Device or resource busy
