tc265
Resetting modules to system default. Reseting $MODULEPATH back to system default. All extra directories will be removed from $MODULEPATH.
Usage: sbatch submit.sh {input file} {data file} {data file}
tpsci_02.jl
tpsci_02.jl.out
/home/arnab22/FermiCG-data/bimetallics/fe2_morokuma/15__3d4s_2p_3d4s
/localscratch/1501163
sending incremental file list
tpsci_02.jl.out

sent 118 bytes  received 35 bytes  306.00 bytes/sec
total size is 0  speedup is 0.00
sending incremental file list
tpsci_02.jl.out

sent 306,389 bytes  received 35 bytes  612,848.00 bytes/sec
total size is 306,198  speedup is 1.00
sending incremental file list
tpsci_02.jl.out

sent 316,317 bytes  received 35 bytes  632,704.00 bytes/sec
total size is 316,126  speedup is 1.00
sending incremental file list
tpsci_02.jl.out

sent 317,684 bytes  received 35 bytes  635,438.00 bytes/sec
total size is 317,493  speedup is 1.00
sending incremental file list
tpsci_02.jl.out

sent 322,670 bytes  received 35 bytes  645,410.00 bytes/sec
total size is 322,480  speedup is 1.00
sending incremental file list
tpsci_02.jl.out

sent 327,698 bytes  received 35 bytes  655,466.00 bytes/sec
total size is 327,508  speedup is 1.00
sending incremental file list
tpsci_02.jl.out

sent 330,585 bytes  received 35 bytes  661,240.00 bytes/sec
total size is 330,387  speedup is 1.00
sending incremental file list

sent 75 bytes  received 12 bytes  174.00 bytes/sec
total size is 330,387  speedup is 3,797.55
sending incremental file list
tpsci_02.jl.out

sent 330,974 bytes  received 35 bytes  662,018.00 bytes/sec
total size is 330,775  speedup is 1.00
sending incremental file list
tpsci_02.jl.out

sent 330,998 bytes  received 35 bytes  662,066.00 bytes/sec
total size is 330,800  speedup is 1.00
sending incremental file list
tpsci_02.jl.out

sent 331,013 bytes  received 35 bytes  662,096.00 bytes/sec
total size is 330,815  speedup is 1.00
sending incremental file list
tpsci_02.jl.out

sent 331,033 bytes  received 35 bytes  662,136.00 bytes/sec
total size is 330,834  speedup is 1.00
sending incremental file list
tpsci_02.jl.out

sent 331,046 bytes  received 35 bytes  662,162.00 bytes/sec
total size is 330,847  speedup is 1.00
rm: cannot remove ‘tmpfs’: Device or resource busy
