tc196
Resetting modules to system default. Reseting $MODULEPATH back to system default. All extra directories will be removed from $MODULEPATH.
Usage: sbatch submit.sh {input file} {data file} {data file}
bst_02.jl
bst_02.jl.out
/home/arnab22/FermiCG-data/bimetallics/fe2_morokuma/20__3d4s_2p2s3s3p_3d4s
/localscratch/1501806
sending incremental file list
bst_02.jl.out

sent 117 bytes  received 35 bytes  304.00 bytes/sec
total size is 0  speedup is 0.00
sending incremental file list
bst_02.jl.out

sent 152,775 bytes  received 35 bytes  305,620.00 bytes/sec
total size is 152,627  speedup is 1.00
sending incremental file list
bst_02.jl.out

sent 503,046 bytes  received 35 bytes  1,006,162.00 bytes/sec
total size is 502,810  speedup is 1.00
sending incremental file list

sent 73 bytes  received 12 bytes  170.00 bytes/sec
total size is 502,810  speedup is 5,915.41
sending incremental file list

sent 73 bytes  received 12 bytes  170.00 bytes/sec
total size is 502,810  speedup is 5,915.41
sending incremental file list

sent 73 bytes  received 12 bytes  170.00 bytes/sec
total size is 502,810  speedup is 5,915.41
sending incremental file list
bst_02.jl.out

sent 503,087 bytes  received 35 bytes  1,006,244.00 bytes/sec
total size is 502,850  speedup is 1.00
sending incremental file list
bst_02.jl.out

sent 506,527 bytes  received 35 bytes  1,013,124.00 bytes/sec
total size is 506,291  speedup is 1.00
sending incremental file list
bst_02.jl.out

sent 510,550 bytes  received 35 bytes  1,021,170.00 bytes/sec
total size is 510,313  speedup is 1.00
sending incremental file list

sent 74 bytes  received 12 bytes  172.00 bytes/sec
total size is 510,313  speedup is 5,933.87
sending incremental file list

sent 74 bytes  received 12 bytes  172.00 bytes/sec
total size is 510,313  speedup is 5,933.87
sending incremental file list

sent 74 bytes  received 12 bytes  172.00 bytes/sec
total size is 510,313  speedup is 5,933.87
sending incremental file list

sent 74 bytes  received 12 bytes  172.00 bytes/sec
total size is 510,313  speedup is 5,933.87
sending incremental file list
bst_02.jl.out

sent 515,581 bytes  received 35 bytes  1,031,232.00 bytes/sec
total size is 515,344  speedup is 1.00
sending incremental file list
bst_02.jl.out

sent 520,945 bytes  received 35 bytes  1,041,960.00 bytes/sec
total size is 520,709  speedup is 1.00
sending incremental file list

sent 73 bytes  received 12 bytes  170.00 bytes/sec
total size is 520,709  speedup is 6,125.99
sending incremental file list

sent 73 bytes  received 12 bytes  170.00 bytes/sec
total size is 520,709  speedup is 6,125.99
sending incremental file list

sent 73 bytes  received 12 bytes  170.00 bytes/sec
total size is 520,709  speedup is 6,125.99
sending incremental file list

sent 73 bytes  received 12 bytes  170.00 bytes/sec
total size is 520,709  speedup is 6,125.99
sending incremental file list
bst_02.jl.out

sent 526,721 bytes  received 35 bytes  1,053,512.00 bytes/sec
total size is 526,476  speedup is 1.00
sending incremental file list
bst_02.jl.out

sent 537,215 bytes  received 35 bytes  1,074,500.00 bytes/sec
total size is 536,970  speedup is 1.00
sending incremental file list

sent 74 bytes  received 12 bytes  172.00 bytes/sec
total size is 536,970  speedup is 6,243.84
sending incremental file list

sent 74 bytes  received 12 bytes  172.00 bytes/sec
total size is 536,970  speedup is 6,243.84
sending incremental file list

sent 74 bytes  received 12 bytes  57.33 bytes/sec
total size is 536,970  speedup is 6,243.84
sending incremental file list

sent 74 bytes  received 12 bytes  172.00 bytes/sec
total size is 536,970  speedup is 6,243.84
sending incremental file list
bst_02.jl.out

sent 540,106 bytes  received 35 bytes  1,080,282.00 bytes/sec
total size is 539,861  speedup is 1.00
sending incremental file list

sent 74 bytes  received 12 bytes  172.00 bytes/sec
total size is 539,861  speedup is 6,277.45
sending incremental file list

sent 74 bytes  received 12 bytes  172.00 bytes/sec
total size is 539,861  speedup is 6,277.45
sending incremental file list

sent 74 bytes  received 12 bytes  172.00 bytes/sec
total size is 539,861  speedup is 6,277.45
sending incremental file list

sent 74 bytes  received 12 bytes  172.00 bytes/sec
total size is 539,861  speedup is 6,277.45
sending incremental file list

sent 74 bytes  received 12 bytes  172.00 bytes/sec
total size is 539,861  speedup is 6,277.45
sending incremental file list

sent 74 bytes  received 12 bytes  172.00 bytes/sec
total size is 539,861  speedup is 6,277.45
sending incremental file list

sent 74 bytes  received 12 bytes  172.00 bytes/sec
total size is 539,861  speedup is 6,277.45
sending incremental file list

sent 74 bytes  received 12 bytes  172.00 bytes/sec
total size is 539,861  speedup is 6,277.45
sending incremental file list

sent 74 bytes  received 12 bytes  172.00 bytes/sec
total size is 539,861  speedup is 6,277.45
sending incremental file list

sent 74 bytes  received 12 bytes  172.00 bytes/sec
total size is 539,861  speedup is 6,277.45
sending incremental file list

sent 74 bytes  received 12 bytes  172.00 bytes/sec
total size is 539,861  speedup is 6,277.45
sending incremental file list

sent 74 bytes  received 12 bytes  172.00 bytes/sec
total size is 539,861  speedup is 6,277.45
sending incremental file list

sent 74 bytes  received 12 bytes  172.00 bytes/sec
total size is 539,861  speedup is 6,277.45
sending incremental file list

sent 74 bytes  received 12 bytes  172.00 bytes/sec
total size is 539,861  speedup is 6,277.45
sending incremental file list

sent 74 bytes  received 12 bytes  172.00 bytes/sec
total size is 539,861  speedup is 6,277.45
sending incremental file list

sent 74 bytes  received 12 bytes  172.00 bytes/sec
total size is 539,861  speedup is 6,277.45
sending incremental file list

sent 74 bytes  received 12 bytes  172.00 bytes/sec
total size is 539,861  speedup is 6,277.45
sending incremental file list

sent 74 bytes  received 12 bytes  172.00 bytes/sec
total size is 539,861  speedup is 6,277.45
sending incremental file list

sent 74 bytes  received 12 bytes  172.00 bytes/sec
total size is 539,861  speedup is 6,277.45
sending incremental file list

sent 74 bytes  received 12 bytes  172.00 bytes/sec
total size is 539,861  speedup is 6,277.45
sending incremental file list

sent 74 bytes  received 12 bytes  172.00 bytes/sec
total size is 539,861  speedup is 6,277.45
sending incremental file list

sent 74 bytes  received 12 bytes  172.00 bytes/sec
total size is 539,861  speedup is 6,277.45
sending incremental file list

sent 74 bytes  received 12 bytes  172.00 bytes/sec
total size is 539,861  speedup is 6,277.45
sending incremental file list

sent 74 bytes  received 12 bytes  172.00 bytes/sec
total size is 539,861  speedup is 6,277.45
sending incremental file list

sent 74 bytes  received 12 bytes  172.00 bytes/sec
total size is 539,861  speedup is 6,277.45
sending incremental file list

sent 74 bytes  received 12 bytes  172.00 bytes/sec
total size is 539,861  speedup is 6,277.45
sending incremental file list

sent 74 bytes  received 12 bytes  172.00 bytes/sec
total size is 539,861  speedup is 6,277.45
sending incremental file list

sent 74 bytes  received 12 bytes  172.00 bytes/sec
total size is 539,861  speedup is 6,277.45
sending incremental file list

sent 74 bytes  received 12 bytes  172.00 bytes/sec
total size is 539,861  speedup is 6,277.45
sending incremental file list

sent 74 bytes  received 12 bytes  172.00 bytes/sec
total size is 539,861  speedup is 6,277.45
sending incremental file list

sent 74 bytes  received 12 bytes  172.00 bytes/sec
total size is 539,861  speedup is 6,277.45
sending incremental file list

sent 74 bytes  received 12 bytes  172.00 bytes/sec
total size is 539,861  speedup is 6,277.45
sending incremental file list

sent 74 bytes  received 12 bytes  172.00 bytes/sec
total size is 539,861  speedup is 6,277.45
sending incremental file list

sent 74 bytes  received 12 bytes  172.00 bytes/sec
total size is 539,861  speedup is 6,277.45
sending incremental file list

sent 74 bytes  received 12 bytes  172.00 bytes/sec
total size is 539,861  speedup is 6,277.45
sending incremental file list

sent 74 bytes  received 12 bytes  172.00 bytes/sec
total size is 539,861  speedup is 6,277.45
sending incremental file list

sent 74 bytes  received 12 bytes  172.00 bytes/sec
total size is 539,861  speedup is 6,277.45
sending incremental file list

sent 74 bytes  received 12 bytes  172.00 bytes/sec
total size is 539,861  speedup is 6,277.45
sending incremental file list

sent 74 bytes  received 12 bytes  172.00 bytes/sec
total size is 539,861  speedup is 6,277.45
sending incremental file list

sent 74 bytes  received 12 bytes  172.00 bytes/sec
total size is 539,861  speedup is 6,277.45
sending incremental file list

sent 74 bytes  received 12 bytes  172.00 bytes/sec
total size is 539,861  speedup is 6,277.45
sending incremental file list

sent 74 bytes  received 12 bytes  172.00 bytes/sec
total size is 539,861  speedup is 6,277.45
sending incremental file list

sent 74 bytes  received 12 bytes  172.00 bytes/sec
total size is 539,861  speedup is 6,277.45
sending incremental file list

sent 74 bytes  received 12 bytes  172.00 bytes/sec
total size is 539,861  speedup is 6,277.45
sending incremental file list

sent 74 bytes  received 12 bytes  172.00 bytes/sec
total size is 539,861  speedup is 6,277.45
sending incremental file list

sent 74 bytes  received 12 bytes  172.00 bytes/sec
total size is 539,861  speedup is 6,277.45
sending incremental file list

sent 74 bytes  received 12 bytes  172.00 bytes/sec
total size is 539,861  speedup is 6,277.45
sending incremental file list

sent 74 bytes  received 12 bytes  172.00 bytes/sec
total size is 539,861  speedup is 6,277.45
sending incremental file list

sent 74 bytes  received 12 bytes  172.00 bytes/sec
total size is 539,861  speedup is 6,277.45
sending incremental file list

sent 74 bytes  received 12 bytes  172.00 bytes/sec
total size is 539,861  speedup is 6,277.45
sending incremental file list

sent 74 bytes  received 12 bytes  172.00 bytes/sec
total size is 539,861  speedup is 6,277.45
sending incremental file list

sent 74 bytes  received 12 bytes  172.00 bytes/sec
total size is 539,861  speedup is 6,277.45
sending incremental file list

sent 74 bytes  received 12 bytes  172.00 bytes/sec
total size is 539,861  speedup is 6,277.45
sending incremental file list

sent 74 bytes  received 12 bytes  172.00 bytes/sec
total size is 539,861  speedup is 6,277.45
sending incremental file list

sent 74 bytes  received 12 bytes  172.00 bytes/sec
total size is 539,861  speedup is 6,277.45
sending incremental file list

sent 74 bytes  received 12 bytes  172.00 bytes/sec
total size is 539,861  speedup is 6,277.45
sending incremental file list

sent 74 bytes  received 12 bytes  172.00 bytes/sec
total size is 539,861  speedup is 6,277.45
sending incremental file list

sent 74 bytes  received 12 bytes  172.00 bytes/sec
total size is 539,861  speedup is 6,277.45
sending incremental file list

sent 74 bytes  received 12 bytes  172.00 bytes/sec
total size is 539,861  speedup is 6,277.45
sending incremental file list

sent 74 bytes  received 12 bytes  172.00 bytes/sec
total size is 539,861  speedup is 6,277.45
sending incremental file list

sent 74 bytes  received 12 bytes  172.00 bytes/sec
total size is 539,861  speedup is 6,277.45
sending incremental file list

sent 74 bytes  received 12 bytes  172.00 bytes/sec
total size is 539,861  speedup is 6,277.45
sending incremental file list

sent 74 bytes  received 12 bytes  172.00 bytes/sec
total size is 539,861  speedup is 6,277.45
sending incremental file list

sent 74 bytes  received 12 bytes  172.00 bytes/sec
total size is 539,861  speedup is 6,277.45
sending incremental file list

sent 74 bytes  received 12 bytes  172.00 bytes/sec
total size is 539,861  speedup is 6,277.45
sending incremental file list

sent 74 bytes  received 12 bytes  172.00 bytes/sec
total size is 539,861  speedup is 6,277.45
sending incremental file list

sent 74 bytes  received 12 bytes  172.00 bytes/sec
total size is 539,861  speedup is 6,277.45
sending incremental file list

sent 74 bytes  received 12 bytes  172.00 bytes/sec
total size is 539,861  speedup is 6,277.45
sending incremental file list

sent 74 bytes  received 12 bytes  172.00 bytes/sec
total size is 539,861  speedup is 6,277.45
sending incremental file list

sent 74 bytes  received 12 bytes  172.00 bytes/sec
total size is 539,861  speedup is 6,277.45
sending incremental file list

sent 74 bytes  received 12 bytes  172.00 bytes/sec
total size is 539,861  speedup is 6,277.45
sending incremental file list

sent 74 bytes  received 12 bytes  172.00 bytes/sec
total size is 539,861  speedup is 6,277.45
sending incremental file list

sent 74 bytes  received 12 bytes  172.00 bytes/sec
total size is 539,861  speedup is 6,277.45
sending incremental file list

sent 74 bytes  received 12 bytes  172.00 bytes/sec
total size is 539,861  speedup is 6,277.45
sending incremental file list

sent 74 bytes  received 12 bytes  172.00 bytes/sec
total size is 539,861  speedup is 6,277.45
sending incremental file list

sent 74 bytes  received 12 bytes  172.00 bytes/sec
total size is 539,861  speedup is 6,277.45
sending incremental file list

sent 74 bytes  received 12 bytes  172.00 bytes/sec
total size is 539,861  speedup is 6,277.45
sending incremental file list

sent 74 bytes  received 12 bytes  172.00 bytes/sec
total size is 539,861  speedup is 6,277.45
sending incremental file list

sent 74 bytes  received 12 bytes  172.00 bytes/sec
total size is 539,861  speedup is 6,277.45
sending incremental file list

sent 74 bytes  received 12 bytes  172.00 bytes/sec
total size is 539,861  speedup is 6,277.45
sending incremental file list

sent 74 bytes  received 12 bytes  172.00 bytes/sec
total size is 539,861  speedup is 6,277.45
/cm/local/apps/slurm/var/spool/job1501806/slurm_script: line 62: 143360 Killed                  julia --project=$JULIAENV -t $NTHREAD $INFILE &>$OUTFILE
rm: cannot remove ‘tmpfs’: Device or resource busy
slurmstepd: error: Detected 1 oom-kill event(s) in StepId=1501806.batch cgroup. Some of your processes may have been killed by the cgroup out-of-memory handler.
