tc218
Resetting modules to system default. Reseting $MODULEPATH back to system default. All extra directories will be removed from $MODULEPATH.
Usage: sbatch submit.sh {input file} {data file} {data file}
tpsci_01.jl
tpsci_01.jl.out
/home/arnab22/FermiCG-data/bimetallics/fe2_morokuma/15__3d4s_2p_3d4s
/localscratch/1501162
sending incremental file list
tpsci_01.jl.out

sent 118 bytes  received 35 bytes  306.00 bytes/sec
total size is 0  speedup is 0.00
sending incremental file list
tpsci_01.jl.out

sent 408,057 bytes  received 35 bytes  816,184.00 bytes/sec
total size is 407,842  speedup is 1.00
sending incremental file list
tpsci_01.jl.out

sent 412,763 bytes  received 35 bytes  825,596.00 bytes/sec
total size is 412,548  speedup is 1.00
sending incremental file list
tpsci_01.jl.out

sent 418,053 bytes  received 35 bytes  836,176.00 bytes/sec
total size is 417,838  speedup is 1.00
sending incremental file list
tpsci_01.jl.out

sent 419,523 bytes  received 35 bytes  839,116.00 bytes/sec
total size is 419,309  speedup is 1.00
sending incremental file list
tpsci_01.jl.out

sent 424,406 bytes  received 35 bytes  848,882.00 bytes/sec
total size is 424,192  speedup is 1.00
sending incremental file list
tpsci_01.jl.out

sent 429,442 bytes  received 35 bytes  858,954.00 bytes/sec
total size is 429,220  speedup is 1.00
sending incremental file list

sent 75 bytes  received 12 bytes  174.00 bytes/sec
total size is 429,220  speedup is 4,933.56
sending incremental file list
tpsci_01.jl.out

sent 432,321 bytes  received 35 bytes  864,712.00 bytes/sec
total size is 432,099  speedup is 1.00
sending incremental file list
tpsci_01.jl.out

sent 432,473 bytes  received 35 bytes  865,016.00 bytes/sec
total size is 432,250  speedup is 1.00
sending incremental file list
tpsci_01.jl.out

sent 432,702 bytes  received 35 bytes  865,474.00 bytes/sec
total size is 432,480  speedup is 1.00
sending incremental file list
tpsci_01.jl.out

sent 432,720 bytes  received 35 bytes  865,510.00 bytes/sec
total size is 432,498  speedup is 1.00
sending incremental file list
tpsci_01.jl.out

sent 432,730 bytes  received 35 bytes  865,530.00 bytes/sec
total size is 432,507  speedup is 1.00
sending incremental file list
tpsci_01.jl.out

sent 432,746 bytes  received 35 bytes  865,562.00 bytes/sec
total size is 432,524  speedup is 1.00
sending incremental file list
tpsci_01.jl.out

sent 432,759 bytes  received 35 bytes  865,588.00 bytes/sec
total size is 432,536  speedup is 1.00
sending incremental file list
tpsci_01.jl.out

sent 432,771 bytes  received 35 bytes  865,612.00 bytes/sec
total size is 432,548  speedup is 1.00
rm: cannot remove ‘tmpfs’: Device or resource busy
