tc038
Resetting modules to system default. Reseting $MODULEPATH back to system default. All extra directories will be removed from $MODULEPATH.
Usage: sbatch submit.sh {input file} {data file} {data file}
bst_01.jl
bst_01.jl.out
/home/arnab22/FermiCG-data/bimetallics/cr2_morokuma/18__3d4s_2p3p_3d4s
/localscratch/1503654
sending incremental file list
bst_01.jl.out

sent 117 bytes  received 35 bytes  304.00 bytes/sec
total size is 0  speedup is 0.00
sending incremental file list
bst_01.jl.out

sent 254,979 bytes  received 35 bytes  510,028.00 bytes/sec
total size is 254,806  speedup is 1.00
sending incremental file list
bst_01.jl.out

sent 258,758 bytes  received 35 bytes  517,586.00 bytes/sec
total size is 258,585  speedup is 1.00
sending incremental file list
bst_01.jl.out

sent 261,830 bytes  received 35 bytes  523,730.00 bytes/sec
total size is 261,657  speedup is 1.00
sending incremental file list
bst_01.jl.out

sent 263,797 bytes  received 35 bytes  527,664.00 bytes/sec
total size is 263,616  speedup is 1.00
sending incremental file list
bst_01.jl.out

sent 264,071 bytes  received 35 bytes  528,212.00 bytes/sec
total size is 263,890  speedup is 1.00
sending incremental file list

sent 74 bytes  received 12 bytes  172.00 bytes/sec
total size is 263,890  speedup is 3,068.49
sending incremental file list

sent 74 bytes  received 12 bytes  172.00 bytes/sec
total size is 263,890  speedup is 3,068.49
sending incremental file list
bst_01.jl.out

sent 265,452 bytes  received 35 bytes  530,974.00 bytes/sec
total size is 265,271  speedup is 1.00
