tc073
Resetting modules to system default. Reseting $MODULEPATH back to system default. All extra directories will be removed from $MODULEPATH.
Usage: sbatch submit.sh {input file} {data file} {data file}
bst_01.jl
bst_01.jl.out
/home/arnab22/FermiCG-data/bimetallics/fe2_morokuma/15__3d4s_2p_3d4s
/localscratch/1501159
sending incremental file list
bst_01.jl.out

sent 117 bytes  received 35 bytes  304.00 bytes/sec
total size is 0  speedup is 0.00
sending incremental file list
bst_01.jl.out

sent 408,055 bytes  received 35 bytes  816,180.00 bytes/sec
total size is 407,842  speedup is 1.00
sending incremental file list
bst_01.jl.out

sent 409,135 bytes  received 35 bytes  818,340.00 bytes/sec
total size is 408,922  speedup is 1.00
sending incremental file list
bst_01.jl.out

sent 415,537 bytes  received 35 bytes  831,144.00 bytes/sec
total size is 415,324  speedup is 1.00
sending incremental file list
bst_01.jl.out

sent 421,687 bytes  received 35 bytes  843,444.00 bytes/sec
total size is 421,475  speedup is 1.00
sending incremental file list
bst_01.jl.out

sent 422,499 bytes  received 35 bytes  845,068.00 bytes/sec
total size is 422,286  speedup is 1.00
sending incremental file list
bst_01.jl.out

sent 428,001 bytes  received 35 bytes  856,072.00 bytes/sec
total size is 427,780  speedup is 1.00
sending incremental file list
bst_01.jl.out

sent 429,930 bytes  received 35 bytes  286,643.33 bytes/sec
total size is 429,709  speedup is 1.00
sending incremental file list

sent 74 bytes  received 12 bytes  172.00 bytes/sec
total size is 429,709  speedup is 4,996.62
sending incremental file list

sent 74 bytes  received 12 bytes  172.00 bytes/sec
total size is 429,709  speedup is 4,996.62
sending incremental file list

sent 74 bytes  received 12 bytes  172.00 bytes/sec
total size is 429,709  speedup is 4,996.62
sending incremental file list

sent 74 bytes  received 12 bytes  172.00 bytes/sec
total size is 429,709  speedup is 4,996.62
sending incremental file list

sent 74 bytes  received 12 bytes  172.00 bytes/sec
total size is 429,709  speedup is 4,996.62
sending incremental file list

sent 74 bytes  received 12 bytes  172.00 bytes/sec
total size is 429,709  speedup is 4,996.62
sending incremental file list

sent 74 bytes  received 12 bytes  172.00 bytes/sec
total size is 429,709  speedup is 4,996.62
rm: cannot remove ‘tmpfs’: Device or resource busy
