tc123
Resetting modules to system default. Reseting $MODULEPATH back to system default. All extra directories will be removed from $MODULEPATH.
Usage: sbatch submit.sh {input file} {data file} {data file}
bst_01.jl
bst_01.jl.out
/home/arnab22/FermiCG-data/bimetallics/fe2_morokuma/16__3d_2p3p_3d
/localscratch/1501164
sending incremental file list
bst_01.jl.out

sent 117 bytes  received 35 bytes  304.00 bytes/sec
total size is 0  speedup is 0.00
sending incremental file list
bst_01.jl.out

sent 323,465 bytes  received 35 bytes  647,000.00 bytes/sec
total size is 323,276  speedup is 1.00
sending incremental file list
bst_01.jl.out

sent 326,924 bytes  received 35 bytes  653,918.00 bytes/sec
total size is 326,735  speedup is 1.00
sending incremental file list
bst_01.jl.out

sent 330,924 bytes  received 35 bytes  661,918.00 bytes/sec
total size is 330,727  speedup is 1.00
sending incremental file list

sent 74 bytes  received 12 bytes  172.00 bytes/sec
total size is 330,727  speedup is 3,845.66
sending incremental file list

sent 74 bytes  received 12 bytes  172.00 bytes/sec
total size is 330,727  speedup is 3,845.66
sending incremental file list
bst_01.jl.out

sent 334,434 bytes  received 35 bytes  668,938.00 bytes/sec
total size is 334,237  speedup is 1.00
sending incremental file list
bst_01.jl.out

sent 339,014 bytes  received 35 bytes  678,098.00 bytes/sec
total size is 338,818  speedup is 1.00
sending incremental file list

sent 73 bytes  received 12 bytes  170.00 bytes/sec
total size is 338,818  speedup is 3,986.09
sending incremental file list

sent 73 bytes  received 12 bytes  170.00 bytes/sec
total size is 338,818  speedup is 3,986.09
sending incremental file list
bst_01.jl.out

sent 347,060 bytes  received 35 bytes  694,190.00 bytes/sec
total size is 346,864  speedup is 1.00
sending incremental file list

sent 73 bytes  received 12 bytes  170.00 bytes/sec
total size is 346,864  speedup is 4,080.75
sending incremental file list

sent 73 bytes  received 12 bytes  170.00 bytes/sec
total size is 346,864  speedup is 4,080.75
sending incremental file list

sent 73 bytes  received 12 bytes  170.00 bytes/sec
total size is 346,864  speedup is 4,080.75
sending incremental file list
bst_01.jl.out

sent 349,179 bytes  received 35 bytes  698,428.00 bytes/sec
total size is 348,982  speedup is 1.00
sending incremental file list

sent 74 bytes  received 12 bytes  172.00 bytes/sec
total size is 348,982  speedup is 4,057.93
sending incremental file list

sent 74 bytes  received 12 bytes  172.00 bytes/sec
total size is 348,982  speedup is 4,057.93
sending incremental file list

sent 74 bytes  received 12 bytes  172.00 bytes/sec
total size is 348,982  speedup is 4,057.93
sending incremental file list

sent 74 bytes  received 12 bytes  172.00 bytes/sec
total size is 348,982  speedup is 4,057.93
sending incremental file list

sent 74 bytes  received 12 bytes  172.00 bytes/sec
total size is 348,982  speedup is 4,057.93
sending incremental file list

sent 74 bytes  received 12 bytes  172.00 bytes/sec
total size is 348,982  speedup is 4,057.93
sending incremental file list

sent 74 bytes  received 12 bytes  172.00 bytes/sec
total size is 348,982  speedup is 4,057.93
sending incremental file list

sent 74 bytes  received 12 bytes  172.00 bytes/sec
total size is 348,982  speedup is 4,057.93
sending incremental file list

sent 74 bytes  received 12 bytes  172.00 bytes/sec
total size is 348,982  speedup is 4,057.93
sending incremental file list

sent 74 bytes  received 12 bytes  172.00 bytes/sec
total size is 348,982  speedup is 4,057.93
sending incremental file list

sent 74 bytes  received 12 bytes  172.00 bytes/sec
total size is 348,982  speedup is 4,057.93
sending incremental file list

sent 74 bytes  received 12 bytes  172.00 bytes/sec
total size is 348,982  speedup is 4,057.93
sending incremental file list

sent 74 bytes  received 12 bytes  172.00 bytes/sec
total size is 348,982  speedup is 4,057.93
sending incremental file list

sent 74 bytes  received 12 bytes  172.00 bytes/sec
total size is 348,982  speedup is 4,057.93
sending incremental file list

sent 74 bytes  received 12 bytes  172.00 bytes/sec
total size is 348,982  speedup is 4,057.93
sending incremental file list

sent 74 bytes  received 12 bytes  172.00 bytes/sec
total size is 348,982  speedup is 4,057.93
sending incremental file list

sent 74 bytes  received 12 bytes  172.00 bytes/sec
total size is 348,982  speedup is 4,057.93
sending incremental file list

sent 74 bytes  received 12 bytes  172.00 bytes/sec
total size is 348,982  speedup is 4,057.93
sending incremental file list

sent 74 bytes  received 12 bytes  172.00 bytes/sec
total size is 348,982  speedup is 4,057.93
sending incremental file list

sent 74 bytes  received 12 bytes  172.00 bytes/sec
total size is 348,982  speedup is 4,057.93
sending incremental file list

sent 74 bytes  received 12 bytes  172.00 bytes/sec
total size is 348,982  speedup is 4,057.93
sending incremental file list

sent 74 bytes  received 12 bytes  172.00 bytes/sec
total size is 348,982  speedup is 4,057.93
sending incremental file list

sent 74 bytes  received 12 bytes  172.00 bytes/sec
total size is 348,982  speedup is 4,057.93
sending incremental file list

sent 74 bytes  received 12 bytes  172.00 bytes/sec
total size is 348,982  speedup is 4,057.93
sending incremental file list

sent 74 bytes  received 12 bytes  172.00 bytes/sec
total size is 348,982  speedup is 4,057.93
sending incremental file list

sent 74 bytes  received 12 bytes  172.00 bytes/sec
total size is 348,982  speedup is 4,057.93
sending incremental file list

sent 74 bytes  received 12 bytes  172.00 bytes/sec
total size is 348,982  speedup is 4,057.93
sending incremental file list

sent 74 bytes  received 12 bytes  172.00 bytes/sec
total size is 348,982  speedup is 4,057.93
sending incremental file list

sent 74 bytes  received 12 bytes  172.00 bytes/sec
total size is 348,982  speedup is 4,057.93
sending incremental file list

sent 74 bytes  received 12 bytes  172.00 bytes/sec
total size is 348,982  speedup is 4,057.93
sending incremental file list

sent 74 bytes  received 12 bytes  172.00 bytes/sec
total size is 348,982  speedup is 4,057.93
sending incremental file list

sent 74 bytes  received 12 bytes  172.00 bytes/sec
total size is 348,982  speedup is 4,057.93
sending incremental file list

sent 74 bytes  received 12 bytes  172.00 bytes/sec
total size is 348,982  speedup is 4,057.93
sending incremental file list

sent 74 bytes  received 12 bytes  172.00 bytes/sec
total size is 348,982  speedup is 4,057.93
sending incremental file list

sent 74 bytes  received 12 bytes  172.00 bytes/sec
total size is 348,982  speedup is 4,057.93
sending incremental file list

sent 74 bytes  received 12 bytes  172.00 bytes/sec
total size is 348,982  speedup is 4,057.93
sending incremental file list

sent 74 bytes  received 12 bytes  172.00 bytes/sec
total size is 348,982  speedup is 4,057.93
sending incremental file list

sent 74 bytes  received 12 bytes  172.00 bytes/sec
total size is 348,982  speedup is 4,057.93
sending incremental file list

sent 74 bytes  received 12 bytes  172.00 bytes/sec
total size is 348,982  speedup is 4,057.93
sending incremental file list

sent 74 bytes  received 12 bytes  172.00 bytes/sec
total size is 348,982  speedup is 4,057.93
sending incremental file list

sent 74 bytes  received 12 bytes  172.00 bytes/sec
total size is 348,982  speedup is 4,057.93
sending incremental file list

sent 74 bytes  received 12 bytes  172.00 bytes/sec
total size is 348,982  speedup is 4,057.93
sending incremental file list

sent 74 bytes  received 12 bytes  172.00 bytes/sec
total size is 348,982  speedup is 4,057.93
sending incremental file list

sent 74 bytes  received 12 bytes  172.00 bytes/sec
total size is 348,982  speedup is 4,057.93
sending incremental file list

sent 74 bytes  received 12 bytes  172.00 bytes/sec
total size is 348,982  speedup is 4,057.93
sending incremental file list

sent 74 bytes  received 12 bytes  172.00 bytes/sec
total size is 348,982  speedup is 4,057.93
sending incremental file list

sent 74 bytes  received 12 bytes  172.00 bytes/sec
total size is 348,982  speedup is 4,057.93
sending incremental file list

sent 74 bytes  received 12 bytes  172.00 bytes/sec
total size is 348,982  speedup is 4,057.93
sending incremental file list

sent 74 bytes  received 12 bytes  172.00 bytes/sec
total size is 348,982  speedup is 4,057.93
sending incremental file list

sent 74 bytes  received 12 bytes  172.00 bytes/sec
total size is 348,982  speedup is 4,057.93
sending incremental file list

sent 74 bytes  received 12 bytes  172.00 bytes/sec
total size is 348,982  speedup is 4,057.93
sending incremental file list

sent 74 bytes  received 12 bytes  172.00 bytes/sec
total size is 348,982  speedup is 4,057.93
sending incremental file list

sent 74 bytes  received 12 bytes  172.00 bytes/sec
total size is 348,982  speedup is 4,057.93
sending incremental file list

sent 74 bytes  received 12 bytes  172.00 bytes/sec
total size is 348,982  speedup is 4,057.93
sending incremental file list

sent 74 bytes  received 12 bytes  172.00 bytes/sec
total size is 348,982  speedup is 4,057.93
sending incremental file list

sent 74 bytes  received 12 bytes  172.00 bytes/sec
total size is 348,982  speedup is 4,057.93
sending incremental file list

sent 74 bytes  received 12 bytes  172.00 bytes/sec
total size is 348,982  speedup is 4,057.93
sending incremental file list

sent 74 bytes  received 12 bytes  172.00 bytes/sec
total size is 348,982  speedup is 4,057.93
sending incremental file list

sent 74 bytes  received 12 bytes  172.00 bytes/sec
total size is 348,982  speedup is 4,057.93
sending incremental file list

sent 74 bytes  received 12 bytes  172.00 bytes/sec
total size is 348,982  speedup is 4,057.93
sending incremental file list

sent 74 bytes  received 12 bytes  172.00 bytes/sec
total size is 348,982  speedup is 4,057.93
sending incremental file list

sent 74 bytes  received 12 bytes  172.00 bytes/sec
total size is 348,982  speedup is 4,057.93
sending incremental file list

sent 74 bytes  received 12 bytes  172.00 bytes/sec
total size is 348,982  speedup is 4,057.93
sending incremental file list

sent 74 bytes  received 12 bytes  172.00 bytes/sec
total size is 348,982  speedup is 4,057.93
sending incremental file list

sent 74 bytes  received 12 bytes  172.00 bytes/sec
total size is 348,982  speedup is 4,057.93
sending incremental file list

sent 74 bytes  received 12 bytes  172.00 bytes/sec
total size is 348,982  speedup is 4,057.93
sending incremental file list

sent 74 bytes  received 12 bytes  172.00 bytes/sec
total size is 348,982  speedup is 4,057.93
sending incremental file list

sent 74 bytes  received 12 bytes  172.00 bytes/sec
total size is 348,982  speedup is 4,057.93
sending incremental file list

sent 74 bytes  received 12 bytes  172.00 bytes/sec
total size is 348,982  speedup is 4,057.93
sending incremental file list

sent 74 bytes  received 12 bytes  172.00 bytes/sec
total size is 348,982  speedup is 4,057.93
sending incremental file list

sent 74 bytes  received 12 bytes  172.00 bytes/sec
total size is 348,982  speedup is 4,057.93
sending incremental file list

sent 74 bytes  received 12 bytes  172.00 bytes/sec
total size is 348,982  speedup is 4,057.93
sending incremental file list

sent 74 bytes  received 12 bytes  172.00 bytes/sec
total size is 348,982  speedup is 4,057.93
sending incremental file list

sent 74 bytes  received 12 bytes  172.00 bytes/sec
total size is 348,982  speedup is 4,057.93
sending incremental file list

sent 74 bytes  received 12 bytes  172.00 bytes/sec
total size is 348,982  speedup is 4,057.93
sending incremental file list

sent 74 bytes  received 12 bytes  172.00 bytes/sec
total size is 348,982  speedup is 4,057.93
sending incremental file list

sent 74 bytes  received 12 bytes  172.00 bytes/sec
total size is 348,982  speedup is 4,057.93
sending incremental file list

sent 74 bytes  received 12 bytes  172.00 bytes/sec
total size is 348,982  speedup is 4,057.93
sending incremental file list

sent 74 bytes  received 12 bytes  57.33 bytes/sec
total size is 348,982  speedup is 4,057.93
sending incremental file list

sent 74 bytes  received 12 bytes  172.00 bytes/sec
total size is 348,982  speedup is 4,057.93
sending incremental file list

sent 74 bytes  received 12 bytes  172.00 bytes/sec
total size is 348,982  speedup is 4,057.93
sending incremental file list

sent 74 bytes  received 12 bytes  172.00 bytes/sec
total size is 348,982  speedup is 4,057.93
sending incremental file list

sent 74 bytes  received 12 bytes  172.00 bytes/sec
total size is 348,982  speedup is 4,057.93
sending incremental file list

sent 74 bytes  received 12 bytes  172.00 bytes/sec
total size is 348,982  speedup is 4,057.93
sending incremental file list

sent 74 bytes  received 12 bytes  172.00 bytes/sec
total size is 348,982  speedup is 4,057.93
sending incremental file list

sent 74 bytes  received 12 bytes  172.00 bytes/sec
total size is 348,982  speedup is 4,057.93
sending incremental file list

sent 74 bytes  received 12 bytes  172.00 bytes/sec
total size is 348,982  speedup is 4,057.93
sending incremental file list

sent 74 bytes  received 12 bytes  172.00 bytes/sec
total size is 348,982  speedup is 4,057.93
sending incremental file list

sent 74 bytes  received 12 bytes  172.00 bytes/sec
total size is 348,982  speedup is 4,057.93
sending incremental file list

sent 74 bytes  received 12 bytes  172.00 bytes/sec
total size is 348,982  speedup is 4,057.93
sending incremental file list

sent 74 bytes  received 12 bytes  172.00 bytes/sec
total size is 348,982  speedup is 4,057.93
sending incremental file list

sent 74 bytes  received 12 bytes  172.00 bytes/sec
total size is 348,982  speedup is 4,057.93
sending incremental file list

sent 74 bytes  received 12 bytes  172.00 bytes/sec
total size is 348,982  speedup is 4,057.93
sending incremental file list

sent 74 bytes  received 12 bytes  172.00 bytes/sec
total size is 348,982  speedup is 4,057.93
sending incremental file list

sent 74 bytes  received 12 bytes  172.00 bytes/sec
total size is 348,982  speedup is 4,057.93
sending incremental file list

sent 74 bytes  received 12 bytes  172.00 bytes/sec
total size is 348,982  speedup is 4,057.93
sending incremental file list

sent 74 bytes  received 12 bytes  172.00 bytes/sec
total size is 348,982  speedup is 4,057.93
sending incremental file list

sent 74 bytes  received 12 bytes  172.00 bytes/sec
total size is 348,982  speedup is 4,057.93
sending incremental file list

sent 74 bytes  received 12 bytes  172.00 bytes/sec
total size is 348,982  speedup is 4,057.93
sending incremental file list

sent 74 bytes  received 12 bytes  172.00 bytes/sec
total size is 348,982  speedup is 4,057.93
sending incremental file list

sent 74 bytes  received 12 bytes  172.00 bytes/sec
total size is 348,982  speedup is 4,057.93
sending incremental file list

sent 74 bytes  received 12 bytes  172.00 bytes/sec
total size is 348,982  speedup is 4,057.93
sending incremental file list

sent 74 bytes  received 12 bytes  172.00 bytes/sec
total size is 348,982  speedup is 4,057.93
sending incremental file list

sent 74 bytes  received 12 bytes  172.00 bytes/sec
total size is 348,982  speedup is 4,057.93
sending incremental file list

sent 74 bytes  received 12 bytes  172.00 bytes/sec
total size is 348,982  speedup is 4,057.93
sending incremental file list

sent 74 bytes  received 12 bytes  172.00 bytes/sec
total size is 348,982  speedup is 4,057.93
sending incremental file list

sent 74 bytes  received 12 bytes  172.00 bytes/sec
total size is 348,982  speedup is 4,057.93
sending incremental file list

sent 74 bytes  received 12 bytes  172.00 bytes/sec
total size is 348,982  speedup is 4,057.93
rm: cannot remove ‘tmpfs’: Device or resource busy
