tc173
Resetting modules to system default. Reseting $MODULEPATH back to system default. All extra directories will be removed from $MODULEPATH.
Usage: sbatch submit.sh {input file} {data file} {data file}
tpsci_02.jl
tpsci_02.jl.out
/home/arnab22/FermiCG-data/bimetallics/fe2_morokuma/29__3d4s4d_2s2p3p_3d4s4d
/localscratch/1501931
sending incremental file list
tpsci_02.jl.out

sent 119 bytes  received 35 bytes  308.00 bytes/sec
total size is 0  speedup is 0.00
sending incremental file list
tpsci_02.jl.out

sent 816 bytes  received 35 bytes  1,702.00 bytes/sec
total size is 694  speedup is 0.82
sending incremental file list
tpsci_02.jl.out

sent 1,162 bytes  received 35 bytes  2,394.00 bytes/sec
total size is 1,039  speedup is 0.87
sending incremental file list

sent 76 bytes  received 12 bytes  176.00 bytes/sec
total size is 1,039  speedup is 11.81
sending incremental file list
tpsci_02.jl.out

sent 1,675 bytes  received 35 bytes  3,420.00 bytes/sec
total size is 1,552  speedup is 0.91
sending incremental file list

sent 76 bytes  received 12 bytes  176.00 bytes/sec
total size is 1,552  speedup is 17.64
sending incremental file list

sent 76 bytes  received 12 bytes  176.00 bytes/sec
total size is 1,552  speedup is 17.64
sending incremental file list

sent 76 bytes  received 12 bytes  176.00 bytes/sec
total size is 1,552  speedup is 17.64
sending incremental file list

sent 76 bytes  received 12 bytes  176.00 bytes/sec
total size is 1,552  speedup is 17.64
sending incremental file list
tpsci_02.jl.out

sent 2,250 bytes  received 35 bytes  4,570.00 bytes/sec
total size is 2,129  speedup is 0.93
sending incremental file list

sent 74 bytes  received 12 bytes  172.00 bytes/sec
total size is 2,129  speedup is 24.76
sending incremental file list

sent 74 bytes  received 12 bytes  172.00 bytes/sec
total size is 2,129  speedup is 24.76
sending incremental file list

sent 74 bytes  received 12 bytes  172.00 bytes/sec
total size is 2,129  speedup is 24.76
sending incremental file list

sent 74 bytes  received 12 bytes  172.00 bytes/sec
total size is 2,129  speedup is 24.76
sending incremental file list

sent 74 bytes  received 12 bytes  172.00 bytes/sec
total size is 2,129  speedup is 24.76
sending incremental file list

sent 74 bytes  received 12 bytes  172.00 bytes/sec
total size is 2,129  speedup is 24.76
sending incremental file list

sent 74 bytes  received 12 bytes  172.00 bytes/sec
total size is 2,129  speedup is 24.76
sending incremental file list

sent 74 bytes  received 12 bytes  172.00 bytes/sec
total size is 2,129  speedup is 24.76
sending incremental file list

sent 74 bytes  received 12 bytes  172.00 bytes/sec
total size is 2,129  speedup is 24.76
sending incremental file list
tpsci_02.jl.out

sent 2,548 bytes  received 35 bytes  5,166.00 bytes/sec
total size is 2,425  speedup is 0.94
sending incremental file list
tpsci_02.jl.out

sent 2,892 bytes  received 35 bytes  5,854.00 bytes/sec
total size is 2,770  speedup is 0.95
sending incremental file list

sent 75 bytes  received 12 bytes  174.00 bytes/sec
total size is 2,770  speedup is 31.84
sending incremental file list

sent 75 bytes  received 12 bytes  174.00 bytes/sec
total size is 2,770  speedup is 31.84
sending incremental file list

sent 75 bytes  received 12 bytes  174.00 bytes/sec
total size is 2,770  speedup is 31.84
sending incremental file list

sent 75 bytes  received 12 bytes  174.00 bytes/sec
total size is 2,770  speedup is 31.84
sending incremental file list

sent 75 bytes  received 12 bytes  174.00 bytes/sec
total size is 2,770  speedup is 31.84
sending incremental file list

sent 75 bytes  received 12 bytes  174.00 bytes/sec
total size is 2,770  speedup is 31.84
sending incremental file list

sent 75 bytes  received 12 bytes  174.00 bytes/sec
total size is 2,770  speedup is 31.84
sending incremental file list

sent 75 bytes  received 12 bytes  174.00 bytes/sec
total size is 2,770  speedup is 31.84
sending incremental file list

sent 75 bytes  received 12 bytes  174.00 bytes/sec
total size is 2,770  speedup is 31.84
sending incremental file list

sent 75 bytes  received 12 bytes  174.00 bytes/sec
total size is 2,770  speedup is 31.84
sending incremental file list

sent 75 bytes  received 12 bytes  174.00 bytes/sec
total size is 2,770  speedup is 31.84
sending incremental file list

sent 75 bytes  received 12 bytes  174.00 bytes/sec
total size is 2,770  speedup is 31.84
sending incremental file list

sent 75 bytes  received 12 bytes  174.00 bytes/sec
total size is 2,770  speedup is 31.84
sending incremental file list

sent 75 bytes  received 12 bytes  174.00 bytes/sec
total size is 2,770  speedup is 31.84
sending incremental file list

sent 75 bytes  received 12 bytes  174.00 bytes/sec
total size is 2,770  speedup is 31.84
sending incremental file list

sent 75 bytes  received 12 bytes  174.00 bytes/sec
total size is 2,770  speedup is 31.84
sending incremental file list
tpsci_02.jl.out

sent 3,060 bytes  received 35 bytes  6,190.00 bytes/sec
total size is 2,938  speedup is 0.95
sending incremental file list
tpsci_02.jl.out

sent 3,598 bytes  received 35 bytes  2,422.00 bytes/sec
total size is 3,475  speedup is 0.96
sending incremental file list

sent 76 bytes  received 12 bytes  176.00 bytes/sec
total size is 3,475  speedup is 39.49
sending incremental file list

sent 76 bytes  received 12 bytes  176.00 bytes/sec
total size is 3,475  speedup is 39.49
sending incremental file list

sent 76 bytes  received 12 bytes  176.00 bytes/sec
total size is 3,475  speedup is 39.49
sending incremental file list

sent 76 bytes  received 12 bytes  176.00 bytes/sec
total size is 3,475  speedup is 39.49
sending incremental file list

sent 76 bytes  received 12 bytes  176.00 bytes/sec
total size is 3,475  speedup is 39.49
sending incremental file list

sent 76 bytes  received 12 bytes  176.00 bytes/sec
total size is 3,475  speedup is 39.49
sending incremental file list

sent 76 bytes  received 12 bytes  176.00 bytes/sec
total size is 3,475  speedup is 39.49
sending incremental file list

sent 76 bytes  received 12 bytes  176.00 bytes/sec
total size is 3,475  speedup is 39.49
sending incremental file list

sent 76 bytes  received 12 bytes  176.00 bytes/sec
total size is 3,475  speedup is 39.49
sending incremental file list

sent 76 bytes  received 12 bytes  176.00 bytes/sec
total size is 3,475  speedup is 39.49
sending incremental file list

sent 76 bytes  received 12 bytes  176.00 bytes/sec
total size is 3,475  speedup is 39.49
sending incremental file list

sent 76 bytes  received 12 bytes  176.00 bytes/sec
total size is 3,475  speedup is 39.49
sending incremental file list

sent 76 bytes  received 12 bytes  176.00 bytes/sec
total size is 3,475  speedup is 39.49
sending incremental file list

sent 76 bytes  received 12 bytes  176.00 bytes/sec
total size is 3,475  speedup is 39.49
sending incremental file list

sent 76 bytes  received 12 bytes  176.00 bytes/sec
total size is 3,475  speedup is 39.49
sending incremental file list

sent 76 bytes  received 12 bytes  176.00 bytes/sec
total size is 3,475  speedup is 39.49
sending incremental file list

sent 76 bytes  received 12 bytes  176.00 bytes/sec
total size is 3,475  speedup is 39.49
sending incremental file list

sent 76 bytes  received 12 bytes  176.00 bytes/sec
total size is 3,475  speedup is 39.49
sending incremental file list

sent 76 bytes  received 12 bytes  176.00 bytes/sec
total size is 3,475  speedup is 39.49
sending incremental file list

sent 76 bytes  received 12 bytes  176.00 bytes/sec
total size is 3,475  speedup is 39.49
sending incremental file list

sent 76 bytes  received 12 bytes  176.00 bytes/sec
total size is 3,475  speedup is 39.49
sending incremental file list

sent 76 bytes  received 12 bytes  176.00 bytes/sec
total size is 3,475  speedup is 39.49
sending incremental file list
tpsci_02.jl.out

sent 3,957 bytes  received 35 bytes  7,984.00 bytes/sec
total size is 3,835  speedup is 0.96
sending incremental file list
tpsci_02.jl.out

sent 4,278 bytes  received 35 bytes  8,626.00 bytes/sec
total size is 4,155  speedup is 0.96
sending incremental file list
tpsci_02.jl.out

sent 50,394 bytes  received 35 bytes  100,858.00 bytes/sec
total size is 50,267  speedup is 1.00
sending incremental file list
tpsci_02.jl.out

sent 79,678 bytes  received 35 bytes  159,426.00 bytes/sec
total size is 79,543  speedup is 1.00
sending incremental file list
tpsci_02.jl.out

sent 140,156 bytes  received 35 bytes  280,382.00 bytes/sec
total size is 140,006  speedup is 1.00
sending incremental file list
tpsci_02.jl.out

sent 198,855 bytes  received 35 bytes  397,780.00 bytes/sec
total size is 198,688  speedup is 1.00
sending incremental file list
tpsci_02.jl.out

sent 400,402 bytes  received 35 bytes  800,874.00 bytes/sec
total size is 400,188  speedup is 1.00
sending incremental file list
tpsci_02.jl.out

sent 401,069 bytes  received 35 bytes  802,208.00 bytes/sec
total size is 400,854  speedup is 1.00
sending incremental file list

sent 76 bytes  received 12 bytes  176.00 bytes/sec
total size is 400,854  speedup is 4,555.16
sending incremental file list
tpsci_02.jl.out

sent 401,582 bytes  received 35 bytes  803,234.00 bytes/sec
total size is 401,367  speedup is 1.00
sending incremental file list

sent 76 bytes  received 12 bytes  176.00 bytes/sec
total size is 401,367  speedup is 4,560.99
sending incremental file list

sent 76 bytes  received 12 bytes  176.00 bytes/sec
total size is 401,367  speedup is 4,560.99
sending incremental file list

sent 76 bytes  received 12 bytes  176.00 bytes/sec
total size is 401,367  speedup is 4,560.99
sending incremental file list
tpsci_02.jl.out

sent 401,686 bytes  received 35 bytes  803,442.00 bytes/sec
total size is 401,471  speedup is 1.00
sending incremental file list
tpsci_02.jl.out

sent 402,159 bytes  received 35 bytes  804,388.00 bytes/sec
total size is 401,944  speedup is 1.00
sending incremental file list

sent 76 bytes  received 12 bytes  176.00 bytes/sec
total size is 401,944  speedup is 4,567.55
sending incremental file list

sent 76 bytes  received 12 bytes  176.00 bytes/sec
total size is 401,944  speedup is 4,567.55
sending incremental file list

sent 76 bytes  received 12 bytes  176.00 bytes/sec
total size is 401,944  speedup is 4,567.55
sending incremental file list

sent 76 bytes  received 12 bytes  176.00 bytes/sec
total size is 401,944  speedup is 4,567.55
sending incremental file list

sent 76 bytes  received 12 bytes  176.00 bytes/sec
total size is 401,944  speedup is 4,567.55
sending incremental file list

sent 76 bytes  received 12 bytes  176.00 bytes/sec
total size is 401,944  speedup is 4,567.55
sending incremental file list

sent 76 bytes  received 12 bytes  176.00 bytes/sec
total size is 401,944  speedup is 4,567.55
sending incremental file list

sent 76 bytes  received 12 bytes  176.00 bytes/sec
total size is 401,944  speedup is 4,567.55
sending incremental file list

sent 76 bytes  received 12 bytes  176.00 bytes/sec
total size is 401,944  speedup is 4,567.55
sending incremental file list
tpsci_02.jl.out

sent 402,519 bytes  received 35 bytes  805,108.00 bytes/sec
total size is 402,304  speedup is 1.00
sending incremental file list
tpsci_02.jl.out

sent 402,800 bytes  received 35 bytes  805,670.00 bytes/sec
total size is 402,585  speedup is 1.00
sending incremental file list

sent 76 bytes  received 12 bytes  176.00 bytes/sec
total size is 402,585  speedup is 4,574.83
sending incremental file list

sent 76 bytes  received 12 bytes  176.00 bytes/sec
total size is 402,585  speedup is 4,574.83
sending incremental file list

sent 76 bytes  received 12 bytes  176.00 bytes/sec
total size is 402,585  speedup is 4,574.83
sending incremental file list

sent 76 bytes  received 12 bytes  176.00 bytes/sec
total size is 402,585  speedup is 4,574.83
sending incremental file list

sent 76 bytes  received 12 bytes  176.00 bytes/sec
total size is 402,585  speedup is 4,574.83
sending incremental file list

sent 76 bytes  received 12 bytes  176.00 bytes/sec
total size is 402,585  speedup is 4,574.83
sending incremental file list

sent 76 bytes  received 12 bytes  176.00 bytes/sec
total size is 402,585  speedup is 4,574.83
sending incremental file list

sent 76 bytes  received 12 bytes  176.00 bytes/sec
total size is 402,585  speedup is 4,574.83
sending incremental file list

sent 76 bytes  received 12 bytes  176.00 bytes/sec
total size is 402,585  speedup is 4,574.83
sending incremental file list

sent 76 bytes  received 12 bytes  176.00 bytes/sec
total size is 402,585  speedup is 4,574.83
sending incremental file list

sent 76 bytes  received 12 bytes  176.00 bytes/sec
total size is 402,585  speedup is 4,574.83
sending incremental file list

sent 76 bytes  received 12 bytes  176.00 bytes/sec
total size is 402,585  speedup is 4,574.83
sending incremental file list

sent 76 bytes  received 12 bytes  176.00 bytes/sec
total size is 402,585  speedup is 4,574.83
sending incremental file list

sent 76 bytes  received 12 bytes  176.00 bytes/sec
total size is 402,585  speedup is 4,574.83
sending incremental file list

sent 76 bytes  received 12 bytes  176.00 bytes/sec
total size is 402,585  speedup is 4,574.83
sending incremental file list
tpsci_02.jl.out

sent 402,903 bytes  received 35 bytes  805,876.00 bytes/sec
total size is 402,689  speedup is 1.00
sending incremental file list
tpsci_02.jl.out

sent 403,159 bytes  received 35 bytes  806,388.00 bytes/sec
total size is 402,945  speedup is 1.00
sending incremental file list
tpsci_02.jl.out

sent 403,505 bytes  received 35 bytes  807,080.00 bytes/sec
total size is 403,290  speedup is 1.00
sending incremental file list

sent 76 bytes  received 12 bytes  176.00 bytes/sec
total size is 403,290  speedup is 4,582.84
sending incremental file list

sent 76 bytes  received 12 bytes  176.00 bytes/sec
total size is 403,290  speedup is 4,582.84
sending incremental file list

sent 76 bytes  received 12 bytes  176.00 bytes/sec
total size is 403,290  speedup is 4,582.84
sending incremental file list

sent 76 bytes  received 12 bytes  176.00 bytes/sec
total size is 403,290  speedup is 4,582.84
sending incremental file list

sent 76 bytes  received 12 bytes  176.00 bytes/sec
total size is 403,290  speedup is 4,582.84
sending incremental file list

sent 76 bytes  received 12 bytes  176.00 bytes/sec
total size is 403,290  speedup is 4,582.84
sending incremental file list

sent 76 bytes  received 12 bytes  176.00 bytes/sec
total size is 403,290  speedup is 4,582.84
sending incremental file list

sent 76 bytes  received 12 bytes  176.00 bytes/sec
total size is 403,290  speedup is 4,582.84
sending incremental file list

sent 76 bytes  received 12 bytes  176.00 bytes/sec
total size is 403,290  speedup is 4,582.84
sending incremental file list

sent 76 bytes  received 12 bytes  176.00 bytes/sec
total size is 403,290  speedup is 4,582.84
sending incremental file list

sent 76 bytes  received 12 bytes  176.00 bytes/sec
total size is 403,290  speedup is 4,582.84
sending incremental file list

sent 76 bytes  received 12 bytes  176.00 bytes/sec
total size is 403,290  speedup is 4,582.84
sending incremental file list

sent 76 bytes  received 12 bytes  176.00 bytes/sec
total size is 403,290  speedup is 4,582.84
sending incremental file list

sent 76 bytes  received 12 bytes  176.00 bytes/sec
total size is 403,290  speedup is 4,582.84
sending incremental file list

sent 76 bytes  received 12 bytes  176.00 bytes/sec
total size is 403,290  speedup is 4,582.84
sending incremental file list

sent 76 bytes  received 12 bytes  176.00 bytes/sec
total size is 403,290  speedup is 4,582.84
sending incremental file list

sent 76 bytes  received 12 bytes  176.00 bytes/sec
total size is 403,290  speedup is 4,582.84
sending incremental file list

sent 76 bytes  received 12 bytes  176.00 bytes/sec
total size is 403,290  speedup is 4,582.84
sending incremental file list

sent 76 bytes  received 12 bytes  176.00 bytes/sec
total size is 403,290  speedup is 4,582.84
sending incremental file list

sent 76 bytes  received 12 bytes  58.67 bytes/sec
total size is 403,290  speedup is 4,582.84
sending incremental file list

sent 76 bytes  received 12 bytes  176.00 bytes/sec
total size is 403,290  speedup is 4,582.84
sending incremental file list
tpsci_02.jl.out

sent 403,608 bytes  received 35 bytes  807,286.00 bytes/sec
total size is 403,394  speedup is 1.00
sending incremental file list
tpsci_02.jl.out

sent 403,929 bytes  received 35 bytes  807,928.00 bytes/sec
total size is 403,714  speedup is 1.00
sending incremental file list
tpsci_02.jl.out

sent 404,185 bytes  received 35 bytes  808,440.00 bytes/sec
total size is 403,970  speedup is 1.00
sending incremental file list
tpsci_02.jl.out

sent 457,806 bytes  received 35 bytes  915,682.00 bytes/sec
total size is 457,583  speedup is 1.00
sending incremental file list
tpsci_02.jl.out

sent 479,589 bytes  received 35 bytes  959,248.00 bytes/sec
total size is 479,358  speedup is 1.00
sending incremental file list
tpsci_02.jl.out

sent 561,006 bytes  received 35 bytes  1,122,082.00 bytes/sec
total size is 560,751  speedup is 1.00
sending incremental file list
tpsci_02.jl.out

sent 598,766 bytes  received 35 bytes  1,197,602.00 bytes/sec
total size is 598,503  speedup is 1.00
sending incremental file list
tpsci_02.jl.out

sent 616,859 bytes  received 35 bytes  1,233,788.00 bytes/sec
total size is 616,596  speedup is 1.00
sending incremental file list

sent 76 bytes  received 12 bytes  176.00 bytes/sec
total size is 616,596  speedup is 7,006.77
sending incremental file list

sent 76 bytes  received 12 bytes  176.00 bytes/sec
total size is 616,596  speedup is 7,006.77
sending incremental file list

sent 76 bytes  received 12 bytes  176.00 bytes/sec
total size is 616,596  speedup is 7,006.77
sending incremental file list

sent 76 bytes  received 12 bytes  176.00 bytes/sec
total size is 616,596  speedup is 7,006.77
sending incremental file list

sent 76 bytes  received 12 bytes  176.00 bytes/sec
total size is 616,596  speedup is 7,006.77
sending incremental file list

sent 76 bytes  received 12 bytes  176.00 bytes/sec
total size is 616,596  speedup is 7,006.77
sending incremental file list

sent 76 bytes  received 12 bytes  176.00 bytes/sec
total size is 616,596  speedup is 7,006.77
sending incremental file list

sent 76 bytes  received 12 bytes  176.00 bytes/sec
total size is 616,596  speedup is 7,006.77
sending incremental file list

sent 76 bytes  received 12 bytes  176.00 bytes/sec
total size is 616,596  speedup is 7,006.77
sending incremental file list

sent 76 bytes  received 12 bytes  176.00 bytes/sec
total size is 616,596  speedup is 7,006.77
sending incremental file list

sent 76 bytes  received 12 bytes  176.00 bytes/sec
total size is 616,596  speedup is 7,006.77
sending incremental file list

sent 76 bytes  received 12 bytes  176.00 bytes/sec
total size is 616,596  speedup is 7,006.77
sending incremental file list

sent 76 bytes  received 12 bytes  176.00 bytes/sec
total size is 616,596  speedup is 7,006.77
sending incremental file list

sent 76 bytes  received 12 bytes  176.00 bytes/sec
total size is 616,596  speedup is 7,006.77
sending incremental file list

sent 76 bytes  received 12 bytes  176.00 bytes/sec
total size is 616,596  speedup is 7,006.77
sending incremental file list

sent 76 bytes  received 12 bytes  176.00 bytes/sec
total size is 616,596  speedup is 7,006.77
sending incremental file list

sent 76 bytes  received 12 bytes  176.00 bytes/sec
total size is 616,596  speedup is 7,006.77
sending incremental file list

sent 76 bytes  received 12 bytes  176.00 bytes/sec
total size is 616,596  speedup is 7,006.77
sending incremental file list

sent 76 bytes  received 12 bytes  176.00 bytes/sec
total size is 616,596  speedup is 7,006.77
sending incremental file list

sent 76 bytes  received 12 bytes  176.00 bytes/sec
total size is 616,596  speedup is 7,006.77
sending incremental file list

sent 76 bytes  received 12 bytes  176.00 bytes/sec
total size is 616,596  speedup is 7,006.77
sending incremental file list

sent 76 bytes  received 12 bytes  176.00 bytes/sec
total size is 616,596  speedup is 7,006.77
sending incremental file list

sent 76 bytes  received 12 bytes  176.00 bytes/sec
total size is 616,596  speedup is 7,006.77
sending incremental file list

sent 76 bytes  received 12 bytes  176.00 bytes/sec
total size is 616,596  speedup is 7,006.77
sending incremental file list

sent 76 bytes  received 12 bytes  176.00 bytes/sec
total size is 616,596  speedup is 7,006.77
sending incremental file list

sent 76 bytes  received 12 bytes  176.00 bytes/sec
total size is 616,596  speedup is 7,006.77
sending incremental file list

sent 76 bytes  received 12 bytes  176.00 bytes/sec
total size is 616,596  speedup is 7,006.77
sending incremental file list

sent 76 bytes  received 12 bytes  176.00 bytes/sec
total size is 616,596  speedup is 7,006.77
sending incremental file list

sent 76 bytes  received 12 bytes  176.00 bytes/sec
total size is 616,596  speedup is 7,006.77
sending incremental file list

sent 76 bytes  received 12 bytes  176.00 bytes/sec
total size is 616,596  speedup is 7,006.77
sending incremental file list

sent 76 bytes  received 12 bytes  176.00 bytes/sec
total size is 616,596  speedup is 7,006.77
sending incremental file list

sent 76 bytes  received 12 bytes  176.00 bytes/sec
total size is 616,596  speedup is 7,006.77
sending incremental file list

sent 76 bytes  received 12 bytes  176.00 bytes/sec
total size is 616,596  speedup is 7,006.77
sending incremental file list

sent 76 bytes  received 12 bytes  176.00 bytes/sec
total size is 616,596  speedup is 7,006.77
sending incremental file list

sent 76 bytes  received 12 bytes  176.00 bytes/sec
total size is 616,596  speedup is 7,006.77
sending incremental file list

sent 76 bytes  received 12 bytes  58.67 bytes/sec
total size is 616,596  speedup is 7,006.77
sending incremental file list

sent 76 bytes  received 12 bytes  176.00 bytes/sec
total size is 616,596  speedup is 7,006.77
sending incremental file list

sent 76 bytes  received 12 bytes  176.00 bytes/sec
total size is 616,596  speedup is 7,006.77
sending incremental file list

sent 76 bytes  received 12 bytes  176.00 bytes/sec
total size is 616,596  speedup is 7,006.77
sending incremental file list

sent 76 bytes  received 12 bytes  176.00 bytes/sec
total size is 616,596  speedup is 7,006.77
sending incremental file list

sent 76 bytes  received 12 bytes  176.00 bytes/sec
total size is 616,596  speedup is 7,006.77
sending incremental file list

sent 76 bytes  received 12 bytes  176.00 bytes/sec
total size is 616,596  speedup is 7,006.77
sending incremental file list

sent 76 bytes  received 12 bytes  176.00 bytes/sec
total size is 616,596  speedup is 7,006.77
sending incremental file list

sent 76 bytes  received 12 bytes  176.00 bytes/sec
total size is 616,596  speedup is 7,006.77
sending incremental file list

sent 76 bytes  received 12 bytes  176.00 bytes/sec
total size is 616,596  speedup is 7,006.77
sending incremental file list

sent 76 bytes  received 12 bytes  176.00 bytes/sec
total size is 616,596  speedup is 7,006.77
sending incremental file list

sent 76 bytes  received 12 bytes  176.00 bytes/sec
total size is 616,596  speedup is 7,006.77
sending incremental file list

sent 76 bytes  received 12 bytes  176.00 bytes/sec
total size is 616,596  speedup is 7,006.77
sending incremental file list

sent 76 bytes  received 12 bytes  176.00 bytes/sec
total size is 616,596  speedup is 7,006.77
sending incremental file list

sent 76 bytes  received 12 bytes  176.00 bytes/sec
total size is 616,596  speedup is 7,006.77
sending incremental file list

sent 76 bytes  received 12 bytes  176.00 bytes/sec
total size is 616,596  speedup is 7,006.77
sending incremental file list

sent 76 bytes  received 12 bytes  176.00 bytes/sec
total size is 616,596  speedup is 7,006.77
sending incremental file list

sent 76 bytes  received 12 bytes  176.00 bytes/sec
total size is 616,596  speedup is 7,006.77
sending incremental file list

sent 76 bytes  received 12 bytes  176.00 bytes/sec
total size is 616,596  speedup is 7,006.77
sending incremental file list

sent 76 bytes  received 12 bytes  176.00 bytes/sec
total size is 616,596  speedup is 7,006.77
sending incremental file list

sent 76 bytes  received 12 bytes  176.00 bytes/sec
total size is 616,596  speedup is 7,006.77
sending incremental file list

sent 76 bytes  received 12 bytes  176.00 bytes/sec
total size is 616,596  speedup is 7,006.77
sending incremental file list

sent 76 bytes  received 12 bytes  176.00 bytes/sec
total size is 616,596  speedup is 7,006.77
sending incremental file list

sent 76 bytes  received 12 bytes  176.00 bytes/sec
total size is 616,596  speedup is 7,006.77
sending incremental file list

sent 76 bytes  received 12 bytes  176.00 bytes/sec
total size is 616,596  speedup is 7,006.77
sending incremental file list

sent 76 bytes  received 12 bytes  176.00 bytes/sec
total size is 616,596  speedup is 7,006.77
sending incremental file list

sent 76 bytes  received 12 bytes  176.00 bytes/sec
total size is 616,596  speedup is 7,006.77
sending incremental file list

sent 76 bytes  received 12 bytes  176.00 bytes/sec
total size is 616,596  speedup is 7,006.77
sending incremental file list

sent 76 bytes  received 12 bytes  176.00 bytes/sec
total size is 616,596  speedup is 7,006.77
sending incremental file list

sent 76 bytes  received 12 bytes  176.00 bytes/sec
total size is 616,596  speedup is 7,006.77
sending incremental file list

sent 76 bytes  received 12 bytes  176.00 bytes/sec
total size is 616,596  speedup is 7,006.77
sending incremental file list

sent 76 bytes  received 12 bytes  176.00 bytes/sec
total size is 616,596  speedup is 7,006.77
sending incremental file list

sent 76 bytes  received 12 bytes  176.00 bytes/sec
total size is 616,596  speedup is 7,006.77
sending incremental file list

sent 76 bytes  received 12 bytes  176.00 bytes/sec
total size is 616,596  speedup is 7,006.77
sending incremental file list

sent 76 bytes  received 12 bytes  176.00 bytes/sec
total size is 616,596  speedup is 7,006.77
sending incremental file list

sent 76 bytes  received 12 bytes  176.00 bytes/sec
total size is 616,596  speedup is 7,006.77
sending incremental file list

sent 76 bytes  received 12 bytes  176.00 bytes/sec
total size is 616,596  speedup is 7,006.77
sending incremental file list

sent 76 bytes  received 12 bytes  176.00 bytes/sec
total size is 616,596  speedup is 7,006.77
sending incremental file list

sent 76 bytes  received 12 bytes  176.00 bytes/sec
total size is 616,596  speedup is 7,006.77
sending incremental file list

sent 76 bytes  received 12 bytes  176.00 bytes/sec
total size is 616,596  speedup is 7,006.77
sending incremental file list

sent 76 bytes  received 12 bytes  176.00 bytes/sec
total size is 616,596  speedup is 7,006.77
sending incremental file list

sent 76 bytes  received 12 bytes  176.00 bytes/sec
total size is 616,596  speedup is 7,006.77
sending incremental file list

sent 76 bytes  received 12 bytes  176.00 bytes/sec
total size is 616,596  speedup is 7,006.77
sending incremental file list

sent 76 bytes  received 12 bytes  176.00 bytes/sec
total size is 616,596  speedup is 7,006.77
sending incremental file list

sent 76 bytes  received 12 bytes  176.00 bytes/sec
total size is 616,596  speedup is 7,006.77
sending incremental file list

sent 76 bytes  received 12 bytes  176.00 bytes/sec
total size is 616,596  speedup is 7,006.77
sending incremental file list

sent 76 bytes  received 12 bytes  176.00 bytes/sec
total size is 616,596  speedup is 7,006.77
sending incremental file list

sent 76 bytes  received 12 bytes  58.67 bytes/sec
total size is 616,596  speedup is 7,006.77
sending incremental file list

sent 76 bytes  received 12 bytes  176.00 bytes/sec
total size is 616,596  speedup is 7,006.77
sending incremental file list

sent 76 bytes  received 12 bytes  176.00 bytes/sec
total size is 616,596  speedup is 7,006.77
sending incremental file list

sent 76 bytes  received 12 bytes  176.00 bytes/sec
total size is 616,596  speedup is 7,006.77
sending incremental file list

sent 76 bytes  received 12 bytes  176.00 bytes/sec
total size is 616,596  speedup is 7,006.77
sending incremental file list

sent 76 bytes  received 12 bytes  176.00 bytes/sec
total size is 616,596  speedup is 7,006.77
sending incremental file list

sent 76 bytes  received 12 bytes  176.00 bytes/sec
total size is 616,596  speedup is 7,006.77
sending incremental file list

sent 76 bytes  received 12 bytes  176.00 bytes/sec
total size is 616,596  speedup is 7,006.77
sending incremental file list

sent 76 bytes  received 12 bytes  176.00 bytes/sec
total size is 616,596  speedup is 7,006.77
sending incremental file list

sent 76 bytes  received 12 bytes  176.00 bytes/sec
total size is 616,596  speedup is 7,006.77
sending incremental file list

sent 76 bytes  received 12 bytes  176.00 bytes/sec
total size is 616,596  speedup is 7,006.77
sending incremental file list

sent 76 bytes  received 12 bytes  176.00 bytes/sec
total size is 616,596  speedup is 7,006.77
sending incremental file list

sent 76 bytes  received 12 bytes  176.00 bytes/sec
total size is 616,596  speedup is 7,006.77
sending incremental file list

sent 76 bytes  received 12 bytes  176.00 bytes/sec
total size is 616,596  speedup is 7,006.77
sending incremental file list

sent 76 bytes  received 12 bytes  176.00 bytes/sec
total size is 616,596  speedup is 7,006.77
sending incremental file list

sent 76 bytes  received 12 bytes  176.00 bytes/sec
total size is 616,596  speedup is 7,006.77
sending incremental file list

sent 76 bytes  received 12 bytes  176.00 bytes/sec
total size is 616,596  speedup is 7,006.77
sending incremental file list

sent 76 bytes  received 12 bytes  176.00 bytes/sec
total size is 616,596  speedup is 7,006.77
sending incremental file list

sent 76 bytes  received 12 bytes  176.00 bytes/sec
total size is 616,596  speedup is 7,006.77
sending incremental file list

sent 76 bytes  received 12 bytes  176.00 bytes/sec
total size is 616,596  speedup is 7,006.77
sending incremental file list

sent 76 bytes  received 12 bytes  176.00 bytes/sec
total size is 616,596  speedup is 7,006.77
sending incremental file list

sent 76 bytes  received 12 bytes  176.00 bytes/sec
total size is 616,596  speedup is 7,006.77
sending incremental file list

sent 76 bytes  received 12 bytes  176.00 bytes/sec
total size is 616,596  speedup is 7,006.77
sending incremental file list

sent 76 bytes  received 12 bytes  176.00 bytes/sec
total size is 616,596  speedup is 7,006.77
sending incremental file list

sent 76 bytes  received 12 bytes  176.00 bytes/sec
total size is 616,596  speedup is 7,006.77
sending incremental file list

sent 76 bytes  received 12 bytes  176.00 bytes/sec
total size is 616,596  speedup is 7,006.77
sending incremental file list

sent 76 bytes  received 12 bytes  176.00 bytes/sec
total size is 616,596  speedup is 7,006.77
sending incremental file list

sent 76 bytes  received 12 bytes  176.00 bytes/sec
total size is 616,596  speedup is 7,006.77
sending incremental file list

sent 76 bytes  received 12 bytes  176.00 bytes/sec
total size is 616,596  speedup is 7,006.77
sending incremental file list

sent 76 bytes  received 12 bytes  176.00 bytes/sec
total size is 616,596  speedup is 7,006.77
sending incremental file list

sent 76 bytes  received 12 bytes  176.00 bytes/sec
total size is 616,596  speedup is 7,006.77
sending incremental file list

sent 76 bytes  received 12 bytes  176.00 bytes/sec
total size is 616,596  speedup is 7,006.77
sending incremental file list

sent 76 bytes  received 12 bytes  176.00 bytes/sec
total size is 616,596  speedup is 7,006.77
sending incremental file list

sent 76 bytes  received 12 bytes  176.00 bytes/sec
total size is 616,596  speedup is 7,006.77
sending incremental file list

sent 76 bytes  received 12 bytes  176.00 bytes/sec
total size is 616,596  speedup is 7,006.77
sending incremental file list

sent 76 bytes  received 12 bytes  176.00 bytes/sec
total size is 616,596  speedup is 7,006.77
sending incremental file list

sent 76 bytes  received 12 bytes  176.00 bytes/sec
total size is 616,596  speedup is 7,006.77
sending incremental file list

sent 76 bytes  received 12 bytes  176.00 bytes/sec
total size is 616,596  speedup is 7,006.77
sending incremental file list

sent 76 bytes  received 12 bytes  176.00 bytes/sec
total size is 616,596  speedup is 7,006.77
sending incremental file list

sent 76 bytes  received 12 bytes  176.00 bytes/sec
total size is 616,596  speedup is 7,006.77
sending incremental file list

sent 76 bytes  received 12 bytes  58.67 bytes/sec
total size is 616,596  speedup is 7,006.77
sending incremental file list

sent 76 bytes  received 12 bytes  176.00 bytes/sec
total size is 616,596  speedup is 7,006.77
sending incremental file list

sent 76 bytes  received 12 bytes  176.00 bytes/sec
total size is 616,596  speedup is 7,006.77
sending incremental file list

sent 76 bytes  received 12 bytes  176.00 bytes/sec
total size is 616,596  speedup is 7,006.77
sending incremental file list

sent 76 bytes  received 12 bytes  176.00 bytes/sec
total size is 616,596  speedup is 7,006.77
sending incremental file list

sent 76 bytes  received 12 bytes  176.00 bytes/sec
total size is 616,596  speedup is 7,006.77
sending incremental file list

sent 76 bytes  received 12 bytes  176.00 bytes/sec
total size is 616,596  speedup is 7,006.77
sending incremental file list

sent 76 bytes  received 12 bytes  176.00 bytes/sec
total size is 616,596  speedup is 7,006.77
sending incremental file list

sent 76 bytes  received 12 bytes  176.00 bytes/sec
total size is 616,596  speedup is 7,006.77
sending incremental file list

sent 76 bytes  received 12 bytes  176.00 bytes/sec
total size is 616,596  speedup is 7,006.77
sending incremental file list

sent 76 bytes  received 12 bytes  176.00 bytes/sec
total size is 616,596  speedup is 7,006.77
sending incremental file list

sent 76 bytes  received 12 bytes  176.00 bytes/sec
total size is 616,596  speedup is 7,006.77
sending incremental file list

sent 76 bytes  received 12 bytes  176.00 bytes/sec
total size is 616,596  speedup is 7,006.77
sending incremental file list

sent 76 bytes  received 12 bytes  176.00 bytes/sec
total size is 616,596  speedup is 7,006.77
sending incremental file list

sent 76 bytes  received 12 bytes  176.00 bytes/sec
total size is 616,596  speedup is 7,006.77
sending incremental file list

sent 76 bytes  received 12 bytes  176.00 bytes/sec
total size is 616,596  speedup is 7,006.77
sending incremental file list

sent 76 bytes  received 12 bytes  176.00 bytes/sec
total size is 616,596  speedup is 7,006.77
sending incremental file list

sent 76 bytes  received 12 bytes  176.00 bytes/sec
total size is 616,596  speedup is 7,006.77
sending incremental file list

sent 76 bytes  received 12 bytes  176.00 bytes/sec
total size is 616,596  speedup is 7,006.77
sending incremental file list

sent 76 bytes  received 12 bytes  176.00 bytes/sec
total size is 616,596  speedup is 7,006.77
sending incremental file list

sent 76 bytes  received 12 bytes  176.00 bytes/sec
total size is 616,596  speedup is 7,006.77
sending incremental file list

sent 76 bytes  received 12 bytes  176.00 bytes/sec
total size is 616,596  speedup is 7,006.77
sending incremental file list

sent 76 bytes  received 12 bytes  176.00 bytes/sec
total size is 616,596  speedup is 7,006.77
sending incremental file list

sent 76 bytes  received 12 bytes  176.00 bytes/sec
total size is 616,596  speedup is 7,006.77
sending incremental file list

sent 76 bytes  received 12 bytes  176.00 bytes/sec
total size is 616,596  speedup is 7,006.77
sending incremental file list

sent 76 bytes  received 12 bytes  176.00 bytes/sec
total size is 616,596  speedup is 7,006.77
sending incremental file list

sent 76 bytes  received 12 bytes  176.00 bytes/sec
total size is 616,596  speedup is 7,006.77
sending incremental file list

sent 76 bytes  received 12 bytes  176.00 bytes/sec
total size is 616,596  speedup is 7,006.77
sending incremental file list

sent 76 bytes  received 12 bytes  176.00 bytes/sec
total size is 616,596  speedup is 7,006.77
sending incremental file list

sent 76 bytes  received 12 bytes  176.00 bytes/sec
total size is 616,596  speedup is 7,006.77
sending incremental file list

sent 76 bytes  received 12 bytes  176.00 bytes/sec
total size is 616,596  speedup is 7,006.77
sending incremental file list

sent 76 bytes  received 12 bytes  176.00 bytes/sec
total size is 616,596  speedup is 7,006.77
sending incremental file list

sent 76 bytes  received 12 bytes  176.00 bytes/sec
total size is 616,596  speedup is 7,006.77
sending incremental file list

sent 76 bytes  received 12 bytes  176.00 bytes/sec
total size is 616,596  speedup is 7,006.77
sending incremental file list

sent 76 bytes  received 12 bytes  176.00 bytes/sec
total size is 616,596  speedup is 7,006.77
sending incremental file list

sent 76 bytes  received 12 bytes  176.00 bytes/sec
total size is 616,596  speedup is 7,006.77
sending incremental file list

sent 76 bytes  received 12 bytes  176.00 bytes/sec
total size is 616,596  speedup is 7,006.77
sending incremental file list

sent 76 bytes  received 12 bytes  176.00 bytes/sec
total size is 616,596  speedup is 7,006.77
sending incremental file list

sent 76 bytes  received 12 bytes  176.00 bytes/sec
total size is 616,596  speedup is 7,006.77
sending incremental file list

sent 76 bytes  received 12 bytes  176.00 bytes/sec
total size is 616,596  speedup is 7,006.77
sending incremental file list

sent 76 bytes  received 12 bytes  176.00 bytes/sec
total size is 616,596  speedup is 7,006.77
sending incremental file list

sent 76 bytes  received 12 bytes  176.00 bytes/sec
total size is 616,596  speedup is 7,006.77
sending incremental file list

sent 76 bytes  received 12 bytes  176.00 bytes/sec
total size is 616,596  speedup is 7,006.77
sending incremental file list

sent 76 bytes  received 12 bytes  176.00 bytes/sec
total size is 616,596  speedup is 7,006.77
sending incremental file list

sent 76 bytes  received 12 bytes  176.00 bytes/sec
total size is 616,596  speedup is 7,006.77
sending incremental file list

sent 76 bytes  received 12 bytes  176.00 bytes/sec
total size is 616,596  speedup is 7,006.77
sending incremental file list

sent 76 bytes  received 12 bytes  176.00 bytes/sec
total size is 616,596  speedup is 7,006.77
sending incremental file list

sent 76 bytes  received 12 bytes  176.00 bytes/sec
total size is 616,596  speedup is 7,006.77
sending incremental file list

sent 76 bytes  received 12 bytes  176.00 bytes/sec
total size is 616,596  speedup is 7,006.77
sending incremental file list

sent 76 bytes  received 12 bytes  176.00 bytes/sec
total size is 616,596  speedup is 7,006.77
sending incremental file list

sent 76 bytes  received 12 bytes  176.00 bytes/sec
total size is 616,596  speedup is 7,006.77
sending incremental file list

sent 76 bytes  received 12 bytes  176.00 bytes/sec
total size is 616,596  speedup is 7,006.77
sending incremental file list

sent 76 bytes  received 12 bytes  176.00 bytes/sec
total size is 616,596  speedup is 7,006.77
sending incremental file list

sent 76 bytes  received 12 bytes  176.00 bytes/sec
total size is 616,596  speedup is 7,006.77
sending incremental file list

sent 76 bytes  received 12 bytes  176.00 bytes/sec
total size is 616,596  speedup is 7,006.77
sending incremental file list

sent 76 bytes  received 12 bytes  176.00 bytes/sec
total size is 616,596  speedup is 7,006.77
sending incremental file list

sent 76 bytes  received 12 bytes  176.00 bytes/sec
total size is 616,596  speedup is 7,006.77
sending incremental file list

sent 76 bytes  received 12 bytes  176.00 bytes/sec
total size is 616,596  speedup is 7,006.77
sending incremental file list

sent 76 bytes  received 12 bytes  176.00 bytes/sec
total size is 616,596  speedup is 7,006.77
sending incremental file list

sent 76 bytes  received 12 bytes  176.00 bytes/sec
total size is 616,596  speedup is 7,006.77
sending incremental file list

sent 76 bytes  received 12 bytes  176.00 bytes/sec
total size is 616,596  speedup is 7,006.77
sending incremental file list

sent 76 bytes  received 12 bytes  176.00 bytes/sec
total size is 616,596  speedup is 7,006.77
sending incremental file list

sent 76 bytes  received 12 bytes  176.00 bytes/sec
total size is 616,596  speedup is 7,006.77
sending incremental file list

sent 76 bytes  received 12 bytes  58.67 bytes/sec
total size is 616,596  speedup is 7,006.77
sending incremental file list

sent 76 bytes  received 12 bytes  176.00 bytes/sec
total size is 616,596  speedup is 7,006.77
sending incremental file list

sent 76 bytes  received 12 bytes  176.00 bytes/sec
total size is 616,596  speedup is 7,006.77
sending incremental file list

sent 76 bytes  received 12 bytes  176.00 bytes/sec
total size is 616,596  speedup is 7,006.77
sending incremental file list

sent 76 bytes  received 12 bytes  176.00 bytes/sec
total size is 616,596  speedup is 7,006.77
sending incremental file list

sent 76 bytes  received 12 bytes  176.00 bytes/sec
total size is 616,596  speedup is 7,006.77
sending incremental file list

sent 76 bytes  received 12 bytes  176.00 bytes/sec
total size is 616,596  speedup is 7,006.77
sending incremental file list

sent 76 bytes  received 12 bytes  176.00 bytes/sec
total size is 616,596  speedup is 7,006.77
sending incremental file list

sent 76 bytes  received 12 bytes  176.00 bytes/sec
total size is 616,596  speedup is 7,006.77
sending incremental file list

sent 76 bytes  received 12 bytes  176.00 bytes/sec
total size is 616,596  speedup is 7,006.77
sending incremental file list

sent 76 bytes  received 12 bytes  176.00 bytes/sec
total size is 616,596  speedup is 7,006.77
sending incremental file list

sent 76 bytes  received 12 bytes  176.00 bytes/sec
total size is 616,596  speedup is 7,006.77
sending incremental file list

sent 76 bytes  received 12 bytes  176.00 bytes/sec
total size is 616,596  speedup is 7,006.77
sending incremental file list

sent 76 bytes  received 12 bytes  176.00 bytes/sec
total size is 616,596  speedup is 7,006.77
sending incremental file list

sent 76 bytes  received 12 bytes  176.00 bytes/sec
total size is 616,596  speedup is 7,006.77
sending incremental file list

sent 76 bytes  received 12 bytes  176.00 bytes/sec
total size is 616,596  speedup is 7,006.77
sending incremental file list

sent 76 bytes  received 12 bytes  176.00 bytes/sec
total size is 616,596  speedup is 7,006.77
sending incremental file list

sent 76 bytes  received 12 bytes  176.00 bytes/sec
total size is 616,596  speedup is 7,006.77
sending incremental file list

sent 76 bytes  received 12 bytes  176.00 bytes/sec
total size is 616,596  speedup is 7,006.77
sending incremental file list

sent 76 bytes  received 12 bytes  176.00 bytes/sec
total size is 616,596  speedup is 7,006.77
sending incremental file list

sent 76 bytes  received 12 bytes  176.00 bytes/sec
total size is 616,596  speedup is 7,006.77
sending incremental file list

sent 76 bytes  received 12 bytes  176.00 bytes/sec
total size is 616,596  speedup is 7,006.77
sending incremental file list

sent 76 bytes  received 12 bytes  176.00 bytes/sec
total size is 616,596  speedup is 7,006.77
sending incremental file list

sent 76 bytes  received 12 bytes  176.00 bytes/sec
total size is 616,596  speedup is 7,006.77
sending incremental file list

sent 76 bytes  received 12 bytes  176.00 bytes/sec
total size is 616,596  speedup is 7,006.77
sending incremental file list

sent 76 bytes  received 12 bytes  176.00 bytes/sec
total size is 616,596  speedup is 7,006.77
sending incremental file list

sent 76 bytes  received 12 bytes  176.00 bytes/sec
total size is 616,596  speedup is 7,006.77
sending incremental file list

sent 76 bytes  received 12 bytes  176.00 bytes/sec
total size is 616,596  speedup is 7,006.77
sending incremental file list

sent 76 bytes  received 12 bytes  176.00 bytes/sec
total size is 616,596  speedup is 7,006.77
sending incremental file list

sent 76 bytes  received 12 bytes  176.00 bytes/sec
total size is 616,596  speedup is 7,006.77
sending incremental file list

sent 76 bytes  received 12 bytes  176.00 bytes/sec
total size is 616,596  speedup is 7,006.77
sending incremental file list

sent 76 bytes  received 12 bytes  176.00 bytes/sec
total size is 616,596  speedup is 7,006.77
sending incremental file list

sent 76 bytes  received 12 bytes  176.00 bytes/sec
total size is 616,596  speedup is 7,006.77
sending incremental file list

sent 76 bytes  received 12 bytes  176.00 bytes/sec
total size is 616,596  speedup is 7,006.77
sending incremental file list

sent 76 bytes  received 12 bytes  176.00 bytes/sec
total size is 616,596  speedup is 7,006.77
sending incremental file list

sent 76 bytes  received 12 bytes  176.00 bytes/sec
total size is 616,596  speedup is 7,006.77
sending incremental file list

sent 76 bytes  received 12 bytes  176.00 bytes/sec
total size is 616,596  speedup is 7,006.77
sending incremental file list

sent 76 bytes  received 12 bytes  176.00 bytes/sec
total size is 616,596  speedup is 7,006.77
sending incremental file list

sent 76 bytes  received 12 bytes  176.00 bytes/sec
total size is 616,596  speedup is 7,006.77
sending incremental file list

sent 76 bytes  received 12 bytes  176.00 bytes/sec
total size is 616,596  speedup is 7,006.77
sending incremental file list
tpsci_02.jl.out

sent 616,904 bytes  received 35 bytes  1,233,878.00 bytes/sec
total size is 616,641  speedup is 1.00
sending incremental file list

sent 76 bytes  received 12 bytes  176.00 bytes/sec
total size is 616,641  speedup is 7,007.28
sending incremental file list
tpsci_02.jl.out

sent 616,967 bytes  received 35 bytes  1,234,004.00 bytes/sec
total size is 616,704  speedup is 1.00
sending incremental file list

sent 76 bytes  received 12 bytes  176.00 bytes/sec
total size is 616,704  speedup is 7,008.00
sending incremental file list

sent 76 bytes  received 12 bytes  176.00 bytes/sec
total size is 616,704  speedup is 7,008.00
sending incremental file list

sent 76 bytes  received 12 bytes  176.00 bytes/sec
total size is 616,704  speedup is 7,008.00
sending incremental file list

sent 76 bytes  received 12 bytes  176.00 bytes/sec
total size is 616,704  speedup is 7,008.00
sending incremental file list

sent 76 bytes  received 12 bytes  176.00 bytes/sec
total size is 616,704  speedup is 7,008.00
sending incremental file list

sent 76 bytes  received 12 bytes  176.00 bytes/sec
total size is 616,704  speedup is 7,008.00
sending incremental file list

sent 76 bytes  received 12 bytes  176.00 bytes/sec
total size is 616,704  speedup is 7,008.00
sending incremental file list

sent 76 bytes  received 12 bytes  176.00 bytes/sec
total size is 616,704  speedup is 7,008.00
sending incremental file list

sent 76 bytes  received 12 bytes  176.00 bytes/sec
total size is 616,704  speedup is 7,008.00
sending incremental file list

sent 76 bytes  received 12 bytes  176.00 bytes/sec
total size is 616,704  speedup is 7,008.00
sending incremental file list

sent 76 bytes  received 12 bytes  176.00 bytes/sec
total size is 616,704  speedup is 7,008.00
sending incremental file list

sent 76 bytes  received 12 bytes  176.00 bytes/sec
total size is 616,704  speedup is 7,008.00
sending incremental file list

sent 76 bytes  received 12 bytes  58.67 bytes/sec
total size is 616,704  speedup is 7,008.00
sending incremental file list

sent 76 bytes  received 12 bytes  176.00 bytes/sec
total size is 616,704  speedup is 7,008.00
sending incremental file list

sent 76 bytes  received 12 bytes  176.00 bytes/sec
total size is 616,704  speedup is 7,008.00
sending incremental file list

sent 76 bytes  received 12 bytes  176.00 bytes/sec
total size is 616,704  speedup is 7,008.00
sending incremental file list

sent 76 bytes  received 12 bytes  176.00 bytes/sec
total size is 616,704  speedup is 7,008.00
sending incremental file list

sent 76 bytes  received 12 bytes  176.00 bytes/sec
total size is 616,704  speedup is 7,008.00
sending incremental file list

sent 76 bytes  received 12 bytes  176.00 bytes/sec
total size is 616,704  speedup is 7,008.00
sending incremental file list

sent 76 bytes  received 12 bytes  176.00 bytes/sec
total size is 616,704  speedup is 7,008.00
sending incremental file list

sent 76 bytes  received 12 bytes  176.00 bytes/sec
total size is 616,704  speedup is 7,008.00
sending incremental file list

sent 76 bytes  received 12 bytes  176.00 bytes/sec
total size is 616,704  speedup is 7,008.00
sending incremental file list

sent 76 bytes  received 12 bytes  176.00 bytes/sec
total size is 616,704  speedup is 7,008.00
sending incremental file list

sent 76 bytes  received 12 bytes  176.00 bytes/sec
total size is 616,704  speedup is 7,008.00
sending incremental file list

sent 76 bytes  received 12 bytes  176.00 bytes/sec
total size is 616,704  speedup is 7,008.00
sending incremental file list

sent 76 bytes  received 12 bytes  176.00 bytes/sec
total size is 616,704  speedup is 7,008.00
sending incremental file list

sent 76 bytes  received 12 bytes  176.00 bytes/sec
total size is 616,704  speedup is 7,008.00
sending incremental file list

sent 76 bytes  received 12 bytes  176.00 bytes/sec
total size is 616,704  speedup is 7,008.00
sending incremental file list

sent 76 bytes  received 12 bytes  176.00 bytes/sec
total size is 616,704  speedup is 7,008.00
sending incremental file list

sent 76 bytes  received 12 bytes  176.00 bytes/sec
total size is 616,704  speedup is 7,008.00
sending incremental file list

sent 76 bytes  received 12 bytes  176.00 bytes/sec
total size is 616,704  speedup is 7,008.00
sending incremental file list

sent 76 bytes  received 12 bytes  176.00 bytes/sec
total size is 616,704  speedup is 7,008.00
sending incremental file list

sent 76 bytes  received 12 bytes  176.00 bytes/sec
total size is 616,704  speedup is 7,008.00
sending incremental file list

sent 76 bytes  received 12 bytes  176.00 bytes/sec
total size is 616,704  speedup is 7,008.00
sending incremental file list

sent 76 bytes  received 12 bytes  176.00 bytes/sec
total size is 616,704  speedup is 7,008.00
sending incremental file list

sent 76 bytes  received 12 bytes  176.00 bytes/sec
total size is 616,704  speedup is 7,008.00
sending incremental file list

sent 76 bytes  received 12 bytes  176.00 bytes/sec
total size is 616,704  speedup is 7,008.00
sending incremental file list

sent 76 bytes  received 12 bytes  176.00 bytes/sec
total size is 616,704  speedup is 7,008.00
sending incremental file list

sent 76 bytes  received 12 bytes  176.00 bytes/sec
total size is 616,704  speedup is 7,008.00
sending incremental file list

sent 76 bytes  received 12 bytes  176.00 bytes/sec
total size is 616,704  speedup is 7,008.00
sending incremental file list

sent 76 bytes  received 12 bytes  176.00 bytes/sec
total size is 616,704  speedup is 7,008.00
sending incremental file list

sent 76 bytes  received 12 bytes  176.00 bytes/sec
total size is 616,704  speedup is 7,008.00
sending incremental file list

sent 76 bytes  received 12 bytes  176.00 bytes/sec
total size is 616,704  speedup is 7,008.00
sending incremental file list

sent 76 bytes  received 12 bytes  176.00 bytes/sec
total size is 616,704  speedup is 7,008.00
sending incremental file list

sent 76 bytes  received 12 bytes  176.00 bytes/sec
total size is 616,704  speedup is 7,008.00
sending incremental file list

sent 76 bytes  received 12 bytes  176.00 bytes/sec
total size is 616,704  speedup is 7,008.00
sending incremental file list

sent 76 bytes  received 12 bytes  176.00 bytes/sec
total size is 616,704  speedup is 7,008.00
sending incremental file list

sent 76 bytes  received 12 bytes  176.00 bytes/sec
total size is 616,704  speedup is 7,008.00
sending incremental file list

sent 76 bytes  received 12 bytes  176.00 bytes/sec
total size is 616,704  speedup is 7,008.00
sending incremental file list

sent 76 bytes  received 12 bytes  176.00 bytes/sec
total size is 616,704  speedup is 7,008.00
sending incremental file list

sent 76 bytes  received 12 bytes  176.00 bytes/sec
total size is 616,704  speedup is 7,008.00
sending incremental file list

sent 76 bytes  received 12 bytes  176.00 bytes/sec
total size is 616,704  speedup is 7,008.00
sending incremental file list

sent 76 bytes  received 12 bytes  176.00 bytes/sec
total size is 616,704  speedup is 7,008.00
sending incremental file list

sent 76 bytes  received 12 bytes  176.00 bytes/sec
total size is 616,704  speedup is 7,008.00
sending incremental file list

sent 76 bytes  received 12 bytes  176.00 bytes/sec
total size is 616,704  speedup is 7,008.00
sending incremental file list

sent 76 bytes  received 12 bytes  176.00 bytes/sec
total size is 616,704  speedup is 7,008.00
sending incremental file list

sent 76 bytes  received 12 bytes  176.00 bytes/sec
total size is 616,704  speedup is 7,008.00
sending incremental file list

sent 76 bytes  received 12 bytes  176.00 bytes/sec
total size is 616,704  speedup is 7,008.00
sending incremental file list

sent 76 bytes  received 12 bytes  176.00 bytes/sec
total size is 616,704  speedup is 7,008.00
sending incremental file list

sent 76 bytes  received 12 bytes  176.00 bytes/sec
total size is 616,704  speedup is 7,008.00
sending incremental file list

sent 76 bytes  received 12 bytes  176.00 bytes/sec
total size is 616,704  speedup is 7,008.00
sending incremental file list

sent 76 bytes  received 12 bytes  176.00 bytes/sec
total size is 616,704  speedup is 7,008.00
sending incremental file list

sent 76 bytes  received 12 bytes  176.00 bytes/sec
total size is 616,704  speedup is 7,008.00
sending incremental file list

sent 76 bytes  received 12 bytes  176.00 bytes/sec
total size is 616,704  speedup is 7,008.00
sending incremental file list

sent 76 bytes  received 12 bytes  176.00 bytes/sec
total size is 616,704  speedup is 7,008.00
sending incremental file list

sent 76 bytes  received 12 bytes  176.00 bytes/sec
total size is 616,704  speedup is 7,008.00
sending incremental file list

sent 76 bytes  received 12 bytes  176.00 bytes/sec
total size is 616,704  speedup is 7,008.00
sending incremental file list

sent 76 bytes  received 12 bytes  176.00 bytes/sec
total size is 616,704  speedup is 7,008.00
sending incremental file list

sent 76 bytes  received 12 bytes  176.00 bytes/sec
total size is 616,704  speedup is 7,008.00
sending incremental file list

sent 76 bytes  received 12 bytes  176.00 bytes/sec
total size is 616,704  speedup is 7,008.00
sending incremental file list

sent 76 bytes  received 12 bytes  176.00 bytes/sec
total size is 616,704  speedup is 7,008.00
sending incremental file list

sent 76 bytes  received 12 bytes  176.00 bytes/sec
total size is 616,704  speedup is 7,008.00
sending incremental file list

sent 76 bytes  received 12 bytes  176.00 bytes/sec
total size is 616,704  speedup is 7,008.00
sending incremental file list

sent 76 bytes  received 12 bytes  176.00 bytes/sec
total size is 616,704  speedup is 7,008.00
sending incremental file list

sent 76 bytes  received 12 bytes  176.00 bytes/sec
total size is 616,704  speedup is 7,008.00
sending incremental file list

sent 76 bytes  received 12 bytes  176.00 bytes/sec
total size is 616,704  speedup is 7,008.00
sending incremental file list

sent 76 bytes  received 12 bytes  176.00 bytes/sec
total size is 616,704  speedup is 7,008.00
sending incremental file list

sent 76 bytes  received 12 bytes  176.00 bytes/sec
total size is 616,704  speedup is 7,008.00
sending incremental file list

sent 76 bytes  received 12 bytes  176.00 bytes/sec
total size is 616,704  speedup is 7,008.00
sending incremental file list

sent 76 bytes  received 12 bytes  176.00 bytes/sec
total size is 616,704  speedup is 7,008.00
sending incremental file list

sent 76 bytes  received 12 bytes  176.00 bytes/sec
total size is 616,704  speedup is 7,008.00
sending incremental file list

sent 76 bytes  received 12 bytes  176.00 bytes/sec
total size is 616,704  speedup is 7,008.00
sending incremental file list

sent 76 bytes  received 12 bytes  176.00 bytes/sec
total size is 616,704  speedup is 7,008.00
sending incremental file list

sent 76 bytes  received 12 bytes  176.00 bytes/sec
total size is 616,704  speedup is 7,008.00
sending incremental file list

sent 76 bytes  received 12 bytes  176.00 bytes/sec
total size is 616,704  speedup is 7,008.00
sending incremental file list

sent 76 bytes  received 12 bytes  176.00 bytes/sec
total size is 616,704  speedup is 7,008.00
sending incremental file list

sent 76 bytes  received 12 bytes  176.00 bytes/sec
total size is 616,704  speedup is 7,008.00
sending incremental file list

sent 76 bytes  received 12 bytes  176.00 bytes/sec
total size is 616,704  speedup is 7,008.00
sending incremental file list

sent 76 bytes  received 12 bytes  176.00 bytes/sec
total size is 616,704  speedup is 7,008.00
sending incremental file list

sent 76 bytes  received 12 bytes  176.00 bytes/sec
total size is 616,704  speedup is 7,008.00
sending incremental file list

sent 76 bytes  received 12 bytes  176.00 bytes/sec
total size is 616,704  speedup is 7,008.00
sending incremental file list

sent 76 bytes  received 12 bytes  176.00 bytes/sec
total size is 616,704  speedup is 7,008.00
sending incremental file list

sent 76 bytes  received 12 bytes  176.00 bytes/sec
total size is 616,704  speedup is 7,008.00
sending incremental file list

sent 76 bytes  received 12 bytes  176.00 bytes/sec
total size is 616,704  speedup is 7,008.00
sending incremental file list

sent 76 bytes  received 12 bytes  176.00 bytes/sec
total size is 616,704  speedup is 7,008.00
sending incremental file list

sent 76 bytes  received 12 bytes  176.00 bytes/sec
total size is 616,704  speedup is 7,008.00
sending incremental file list

sent 76 bytes  received 12 bytes  176.00 bytes/sec
total size is 616,704  speedup is 7,008.00
sending incremental file list

sent 76 bytes  received 12 bytes  176.00 bytes/sec
total size is 616,704  speedup is 7,008.00
sending incremental file list

sent 76 bytes  received 12 bytes  176.00 bytes/sec
total size is 616,704  speedup is 7,008.00
sending incremental file list

sent 76 bytes  received 12 bytes  176.00 bytes/sec
total size is 616,704  speedup is 7,008.00
sending incremental file list

sent 76 bytes  received 12 bytes  176.00 bytes/sec
total size is 616,704  speedup is 7,008.00
sending incremental file list

sent 76 bytes  received 12 bytes  58.67 bytes/sec
total size is 616,704  speedup is 7,008.00
sending incremental file list

sent 76 bytes  received 12 bytes  176.00 bytes/sec
total size is 616,704  speedup is 7,008.00
sending incremental file list

sent 76 bytes  received 12 bytes  176.00 bytes/sec
total size is 616,704  speedup is 7,008.00
sending incremental file list

sent 76 bytes  received 12 bytes  176.00 bytes/sec
total size is 616,704  speedup is 7,008.00
sending incremental file list

sent 76 bytes  received 12 bytes  176.00 bytes/sec
total size is 616,704  speedup is 7,008.00
sending incremental file list

sent 76 bytes  received 12 bytes  176.00 bytes/sec
total size is 616,704  speedup is 7,008.00
sending incremental file list

sent 76 bytes  received 12 bytes  176.00 bytes/sec
total size is 616,704  speedup is 7,008.00
sending incremental file list

sent 76 bytes  received 12 bytes  176.00 bytes/sec
total size is 616,704  speedup is 7,008.00
sending incremental file list

sent 76 bytes  received 12 bytes  176.00 bytes/sec
total size is 616,704  speedup is 7,008.00
sending incremental file list

sent 76 bytes  received 12 bytes  176.00 bytes/sec
total size is 616,704  speedup is 7,008.00
sending incremental file list

sent 76 bytes  received 12 bytes  176.00 bytes/sec
total size is 616,704  speedup is 7,008.00
sending incremental file list

sent 76 bytes  received 12 bytes  176.00 bytes/sec
total size is 616,704  speedup is 7,008.00
sending incremental file list

sent 76 bytes  received 12 bytes  176.00 bytes/sec
total size is 616,704  speedup is 7,008.00
sending incremental file list

sent 76 bytes  received 12 bytes  176.00 bytes/sec
total size is 616,704  speedup is 7,008.00
sending incremental file list

sent 76 bytes  received 12 bytes  176.00 bytes/sec
total size is 616,704  speedup is 7,008.00
sending incremental file list

sent 76 bytes  received 12 bytes  176.00 bytes/sec
total size is 616,704  speedup is 7,008.00
sending incremental file list

sent 76 bytes  received 12 bytes  176.00 bytes/sec
total size is 616,704  speedup is 7,008.00
slurmstepd: error: *** JOB 1501931 ON tc173 CANCELLED AT 2023-05-22T08:50:31 DUE TO TIME LIMIT ***
