tc101
Resetting modules to system default. Reseting $MODULEPATH back to system default. All extra directories will be removed from $MODULEPATH.
Usage: sbatch submit.sh {input file} {data file} {data file}
tpsci_02.jl
tpsci_02.jl.out
/home/arnab22/FermiCG-data/bimetallics/fe2_morokuma/29__3d4s4d_2s2p3p_3d4s4d
/localscratch/1501929
sending incremental file list
tpsci_02.jl.out

sent 118 bytes  received 35 bytes  306.00 bytes/sec
total size is 0  speedup is 0.00
sending incremental file list
tpsci_02.jl.out

sent 881 bytes  received 35 bytes  1,832.00 bytes/sec
total size is 758  speedup is 0.83
sending incremental file list
tpsci_02.jl.out

sent 1,162 bytes  received 35 bytes  2,394.00 bytes/sec
total size is 1,039  speedup is 0.87
sending incremental file list

sent 76 bytes  received 12 bytes  176.00 bytes/sec
total size is 1,039  speedup is 11.81
sending incremental file list
tpsci_02.jl.out

sent 1,675 bytes  received 35 bytes  3,420.00 bytes/sec
total size is 1,552  speedup is 0.91
sending incremental file list

sent 76 bytes  received 12 bytes  176.00 bytes/sec
total size is 1,552  speedup is 17.64
sending incremental file list

sent 76 bytes  received 12 bytes  176.00 bytes/sec
total size is 1,552  speedup is 17.64
sending incremental file list

sent 76 bytes  received 12 bytes  176.00 bytes/sec
total size is 1,552  speedup is 17.64
sending incremental file list
tpsci_02.jl.out

sent 1,843 bytes  received 35 bytes  3,756.00 bytes/sec
total size is 1,720  speedup is 0.92
sending incremental file list
tpsci_02.jl.out

sent 2,251 bytes  received 35 bytes  4,572.00 bytes/sec
total size is 2,129  speedup is 0.93
sending incremental file list

sent 75 bytes  received 12 bytes  174.00 bytes/sec
total size is 2,129  speedup is 24.47
sending incremental file list

sent 75 bytes  received 12 bytes  174.00 bytes/sec
total size is 2,129  speedup is 24.47
sending incremental file list

sent 75 bytes  received 12 bytes  174.00 bytes/sec
total size is 2,129  speedup is 24.47
sending incremental file list

sent 75 bytes  received 12 bytes  174.00 bytes/sec
total size is 2,129  speedup is 24.47
sending incremental file list

sent 75 bytes  received 12 bytes  174.00 bytes/sec
total size is 2,129  speedup is 24.47
sending incremental file list

sent 75 bytes  received 12 bytes  174.00 bytes/sec
total size is 2,129  speedup is 24.47
sending incremental file list

sent 75 bytes  received 12 bytes  174.00 bytes/sec
total size is 2,129  speedup is 24.47
sending incremental file list

sent 75 bytes  received 12 bytes  174.00 bytes/sec
total size is 2,129  speedup is 24.47
sending incremental file list

sent 75 bytes  received 12 bytes  174.00 bytes/sec
total size is 2,129  speedup is 24.47
sending incremental file list
tpsci_02.jl.out

sent 2,893 bytes  received 35 bytes  5,856.00 bytes/sec
total size is 2,770  speedup is 0.95
sending incremental file list

sent 76 bytes  received 12 bytes  176.00 bytes/sec
total size is 2,770  speedup is 31.48
sending incremental file list

sent 76 bytes  received 12 bytes  176.00 bytes/sec
total size is 2,770  speedup is 31.48
sending incremental file list

sent 76 bytes  received 12 bytes  176.00 bytes/sec
total size is 2,770  speedup is 31.48
sending incremental file list

sent 76 bytes  received 12 bytes  176.00 bytes/sec
total size is 2,770  speedup is 31.48
sending incremental file list

sent 76 bytes  received 12 bytes  176.00 bytes/sec
total size is 2,770  speedup is 31.48
sending incremental file list

sent 76 bytes  received 12 bytes  176.00 bytes/sec
total size is 2,770  speedup is 31.48
sending incremental file list

sent 76 bytes  received 12 bytes  176.00 bytes/sec
total size is 2,770  speedup is 31.48
sending incremental file list

sent 76 bytes  received 12 bytes  176.00 bytes/sec
total size is 2,770  speedup is 31.48
sending incremental file list

sent 76 bytes  received 12 bytes  176.00 bytes/sec
total size is 2,770  speedup is 31.48
sending incremental file list

sent 76 bytes  received 12 bytes  176.00 bytes/sec
total size is 2,770  speedup is 31.48
sending incremental file list

sent 76 bytes  received 12 bytes  176.00 bytes/sec
total size is 2,770  speedup is 31.48
sending incremental file list

sent 76 bytes  received 12 bytes  176.00 bytes/sec
total size is 2,770  speedup is 31.48
sending incremental file list

sent 76 bytes  received 12 bytes  176.00 bytes/sec
total size is 2,770  speedup is 31.48
sending incremental file list

sent 76 bytes  received 12 bytes  176.00 bytes/sec
total size is 2,770  speedup is 31.48
sending incremental file list

sent 76 bytes  received 12 bytes  58.67 bytes/sec
total size is 2,770  speedup is 31.48
sending incremental file list

sent 76 bytes  received 12 bytes  176.00 bytes/sec
total size is 2,770  speedup is 31.48
sending incremental file list
tpsci_02.jl.out

sent 2,996 bytes  received 35 bytes  6,062.00 bytes/sec
total size is 2,874  speedup is 0.95
sending incremental file list
tpsci_02.jl.out

sent 3,252 bytes  received 35 bytes  6,574.00 bytes/sec
total size is 3,130  speedup is 0.95
sending incremental file list
tpsci_02.jl.out

sent 3,598 bytes  received 35 bytes  7,266.00 bytes/sec
total size is 3,475  speedup is 0.96
sending incremental file list

sent 76 bytes  received 12 bytes  176.00 bytes/sec
total size is 3,475  speedup is 39.49
sending incremental file list

sent 76 bytes  received 12 bytes  176.00 bytes/sec
total size is 3,475  speedup is 39.49
sending incremental file list

sent 76 bytes  received 12 bytes  176.00 bytes/sec
total size is 3,475  speedup is 39.49
sending incremental file list

sent 76 bytes  received 12 bytes  176.00 bytes/sec
total size is 3,475  speedup is 39.49
sending incremental file list

sent 76 bytes  received 12 bytes  176.00 bytes/sec
total size is 3,475  speedup is 39.49
sending incremental file list

sent 76 bytes  received 12 bytes  176.00 bytes/sec
total size is 3,475  speedup is 39.49
sending incremental file list

sent 76 bytes  received 12 bytes  176.00 bytes/sec
total size is 3,475  speedup is 39.49
sending incremental file list

sent 76 bytes  received 12 bytes  176.00 bytes/sec
total size is 3,475  speedup is 39.49
sending incremental file list

sent 76 bytes  received 12 bytes  176.00 bytes/sec
total size is 3,475  speedup is 39.49
sending incremental file list

sent 76 bytes  received 12 bytes  176.00 bytes/sec
total size is 3,475  speedup is 39.49
sending incremental file list

sent 76 bytes  received 12 bytes  176.00 bytes/sec
total size is 3,475  speedup is 39.49
sending incremental file list

sent 76 bytes  received 12 bytes  176.00 bytes/sec
total size is 3,475  speedup is 39.49
sending incremental file list

sent 76 bytes  received 12 bytes  176.00 bytes/sec
total size is 3,475  speedup is 39.49
sending incremental file list

sent 76 bytes  received 12 bytes  176.00 bytes/sec
total size is 3,475  speedup is 39.49
sending incremental file list

sent 76 bytes  received 12 bytes  176.00 bytes/sec
total size is 3,475  speedup is 39.49
sending incremental file list

sent 76 bytes  received 12 bytes  176.00 bytes/sec
total size is 3,475  speedup is 39.49
sending incremental file list

sent 76 bytes  received 12 bytes  176.00 bytes/sec
total size is 3,475  speedup is 39.49
sending incremental file list

sent 76 bytes  received 12 bytes  176.00 bytes/sec
total size is 3,475  speedup is 39.49
sending incremental file list

sent 76 bytes  received 12 bytes  176.00 bytes/sec
total size is 3,475  speedup is 39.49
sending incremental file list

sent 76 bytes  received 12 bytes  176.00 bytes/sec
total size is 3,475  speedup is 39.49
sending incremental file list

sent 76 bytes  received 12 bytes  176.00 bytes/sec
total size is 3,475  speedup is 39.49
sending incremental file list
tpsci_02.jl.out

sent 3,702 bytes  received 35 bytes  7,474.00 bytes/sec
total size is 3,579  speedup is 0.96
sending incremental file list
tpsci_02.jl.out

sent 4,022 bytes  received 35 bytes  8,114.00 bytes/sec
total size is 3,899  speedup is 0.96
sending incremental file list
tpsci_02.jl.out

sent 25,689 bytes  received 35 bytes  51,448.00 bytes/sec
total size is 25,567  speedup is 0.99
sending incremental file list
tpsci_02.jl.out

sent 57,894 bytes  received 35 bytes  115,858.00 bytes/sec
total size is 57,768  speedup is 1.00
sending incremental file list
tpsci_02.jl.out

sent 79,678 bytes  received 35 bytes  159,426.00 bytes/sec
total size is 79,543  speedup is 1.00
sending incremental file list
tpsci_02.jl.out

sent 161,087 bytes  received 35 bytes  322,244.00 bytes/sec
total size is 160,936  speedup is 1.00
sending incremental file list
tpsci_02.jl.out

sent 198,855 bytes  received 35 bytes  397,780.00 bytes/sec
total size is 198,688  speedup is 1.00
sending incremental file list
tpsci_02.jl.out

sent 400,620 bytes  received 35 bytes  801,310.00 bytes/sec
total size is 400,405  speedup is 1.00
sending incremental file list
tpsci_02.jl.out

sent 401,069 bytes  received 35 bytes  802,208.00 bytes/sec
total size is 400,854  speedup is 1.00
sending incremental file list

sent 76 bytes  received 12 bytes  176.00 bytes/sec
total size is 400,854  speedup is 4,555.16
sending incremental file list
tpsci_02.jl.out

sent 401,582 bytes  received 35 bytes  803,234.00 bytes/sec
total size is 401,367  speedup is 1.00
sending incremental file list

sent 76 bytes  received 12 bytes  176.00 bytes/sec
total size is 401,367  speedup is 4,560.99
sending incremental file list

sent 76 bytes  received 12 bytes  176.00 bytes/sec
total size is 401,367  speedup is 4,560.99
sending incremental file list

sent 76 bytes  received 12 bytes  176.00 bytes/sec
total size is 401,367  speedup is 4,560.99
sending incremental file list
tpsci_02.jl.out

sent 401,686 bytes  received 35 bytes  803,442.00 bytes/sec
total size is 401,471  speedup is 1.00
sending incremental file list
tpsci_02.jl.out

sent 402,159 bytes  received 35 bytes  804,388.00 bytes/sec
total size is 401,944  speedup is 1.00
sending incremental file list

sent 76 bytes  received 12 bytes  176.00 bytes/sec
total size is 401,944  speedup is 4,567.55
sending incremental file list

sent 76 bytes  received 12 bytes  176.00 bytes/sec
total size is 401,944  speedup is 4,567.55
sending incremental file list

sent 76 bytes  received 12 bytes  176.00 bytes/sec
total size is 401,944  speedup is 4,567.55
sending incremental file list

sent 76 bytes  received 12 bytes  58.67 bytes/sec
total size is 401,944  speedup is 4,567.55
sending incremental file list

sent 76 bytes  received 12 bytes  176.00 bytes/sec
total size is 401,944  speedup is 4,567.55
sending incremental file list

sent 76 bytes  received 12 bytes  176.00 bytes/sec
total size is 401,944  speedup is 4,567.55
sending incremental file list

sent 76 bytes  received 12 bytes  176.00 bytes/sec
total size is 401,944  speedup is 4,567.55
sending incremental file list

sent 76 bytes  received 12 bytes  176.00 bytes/sec
total size is 401,944  speedup is 4,567.55
sending incremental file list

sent 76 bytes  received 12 bytes  176.00 bytes/sec
total size is 401,944  speedup is 4,567.55
sending incremental file list
tpsci_02.jl.out

sent 402,519 bytes  received 35 bytes  805,108.00 bytes/sec
total size is 402,304  speedup is 1.00
sending incremental file list
tpsci_02.jl.out

sent 402,799 bytes  received 35 bytes  805,668.00 bytes/sec
total size is 402,585  speedup is 1.00
sending incremental file list

sent 75 bytes  received 12 bytes  174.00 bytes/sec
total size is 402,585  speedup is 4,627.41
sending incremental file list

sent 75 bytes  received 12 bytes  174.00 bytes/sec
total size is 402,585  speedup is 4,627.41
sending incremental file list

sent 75 bytes  received 12 bytes  174.00 bytes/sec
total size is 402,585  speedup is 4,627.41
sending incremental file list

sent 75 bytes  received 12 bytes  174.00 bytes/sec
total size is 402,585  speedup is 4,627.41
sending incremental file list

sent 75 bytes  received 12 bytes  174.00 bytes/sec
total size is 402,585  speedup is 4,627.41
sending incremental file list

sent 75 bytes  received 12 bytes  174.00 bytes/sec
total size is 402,585  speedup is 4,627.41
sending incremental file list

sent 75 bytes  received 12 bytes  174.00 bytes/sec
total size is 402,585  speedup is 4,627.41
sending incremental file list

sent 75 bytes  received 12 bytes  174.00 bytes/sec
total size is 402,585  speedup is 4,627.41
sending incremental file list

sent 75 bytes  received 12 bytes  174.00 bytes/sec
total size is 402,585  speedup is 4,627.41
sending incremental file list

sent 75 bytes  received 12 bytes  174.00 bytes/sec
total size is 402,585  speedup is 4,627.41
sending incremental file list

sent 75 bytes  received 12 bytes  174.00 bytes/sec
total size is 402,585  speedup is 4,627.41
sending incremental file list

sent 75 bytes  received 12 bytes  174.00 bytes/sec
total size is 402,585  speedup is 4,627.41
sending incremental file list

sent 75 bytes  received 12 bytes  174.00 bytes/sec
total size is 402,585  speedup is 4,627.41
sending incremental file list

sent 75 bytes  received 12 bytes  174.00 bytes/sec
total size is 402,585  speedup is 4,627.41
sending incremental file list

sent 75 bytes  received 12 bytes  174.00 bytes/sec
total size is 402,585  speedup is 4,627.41
sending incremental file list
tpsci_02.jl.out

sent 402,904 bytes  received 35 bytes  805,878.00 bytes/sec
total size is 402,689  speedup is 1.00
sending incremental file list
tpsci_02.jl.out

sent 403,224 bytes  received 35 bytes  806,518.00 bytes/sec
total size is 402,945  speedup is 1.00
sending incremental file list
tpsci_02.jl.out

sent 403,505 bytes  received 35 bytes  807,080.00 bytes/sec
total size is 403,290  speedup is 1.00
sending incremental file list

sent 76 bytes  received 12 bytes  176.00 bytes/sec
total size is 403,290  speedup is 4,582.84
sending incremental file list

sent 76 bytes  received 12 bytes  176.00 bytes/sec
total size is 403,290  speedup is 4,582.84
sending incremental file list

sent 76 bytes  received 12 bytes  176.00 bytes/sec
total size is 403,290  speedup is 4,582.84
sending incremental file list

sent 76 bytes  received 12 bytes  176.00 bytes/sec
total size is 403,290  speedup is 4,582.84
sending incremental file list

sent 76 bytes  received 12 bytes  176.00 bytes/sec
total size is 403,290  speedup is 4,582.84
sending incremental file list

sent 76 bytes  received 12 bytes  176.00 bytes/sec
total size is 403,290  speedup is 4,582.84
sending incremental file list

sent 76 bytes  received 12 bytes  176.00 bytes/sec
total size is 403,290  speedup is 4,582.84
sending incremental file list

sent 76 bytes  received 12 bytes  176.00 bytes/sec
total size is 403,290  speedup is 4,582.84
sending incremental file list

sent 76 bytes  received 12 bytes  176.00 bytes/sec
total size is 403,290  speedup is 4,582.84
sending incremental file list

sent 76 bytes  received 12 bytes  176.00 bytes/sec
total size is 403,290  speedup is 4,582.84
sending incremental file list

sent 76 bytes  received 12 bytes  176.00 bytes/sec
total size is 403,290  speedup is 4,582.84
sending incremental file list

sent 76 bytes  received 12 bytes  176.00 bytes/sec
total size is 403,290  speedup is 4,582.84
sending incremental file list

sent 76 bytes  received 12 bytes  176.00 bytes/sec
total size is 403,290  speedup is 4,582.84
sending incremental file list

sent 76 bytes  received 12 bytes  176.00 bytes/sec
total size is 403,290  speedup is 4,582.84
sending incremental file list

sent 76 bytes  received 12 bytes  176.00 bytes/sec
total size is 403,290  speedup is 4,582.84
sending incremental file list

sent 76 bytes  received 12 bytes  176.00 bytes/sec
total size is 403,290  speedup is 4,582.84
sending incremental file list

sent 76 bytes  received 12 bytes  176.00 bytes/sec
total size is 403,290  speedup is 4,582.84
sending incremental file list

sent 76 bytes  received 12 bytes  176.00 bytes/sec
total size is 403,290  speedup is 4,582.84
sending incremental file list

sent 76 bytes  received 12 bytes  176.00 bytes/sec
total size is 403,290  speedup is 4,582.84
sending incremental file list

sent 76 bytes  received 12 bytes  176.00 bytes/sec
total size is 403,290  speedup is 4,582.84
sending incremental file list

sent 76 bytes  received 12 bytes  176.00 bytes/sec
total size is 403,290  speedup is 4,582.84
sending incremental file list

sent 76 bytes  received 12 bytes  176.00 bytes/sec
total size is 403,290  speedup is 4,582.84
sending incremental file list
tpsci_02.jl.out

sent 403,865 bytes  received 35 bytes  807,800.00 bytes/sec
total size is 403,650  speedup is 1.00
sending incremental file list
tpsci_02.jl.out

sent 404,185 bytes  received 35 bytes  808,440.00 bytes/sec
total size is 403,970  speedup is 1.00
sending incremental file list
tpsci_02.jl.out

sent 450,305 bytes  received 35 bytes  900,680.00 bytes/sec
total size is 450,082  speedup is 1.00
sending incremental file list
tpsci_02.jl.out

sent 457,806 bytes  received 35 bytes  915,682.00 bytes/sec
total size is 457,583  speedup is 1.00
sending incremental file list
tpsci_02.jl.out

sent 502,321 bytes  received 35 bytes  1,004,712.00 bytes/sec
total size is 502,082  speedup is 1.00
sending incremental file list
tpsci_02.jl.out

sent 571,471 bytes  received 35 bytes  1,143,012.00 bytes/sec
total size is 571,216  speedup is 1.00
sending incremental file list
tpsci_02.jl.out

sent 606,267 bytes  received 35 bytes  1,212,604.00 bytes/sec
total size is 606,004  speedup is 1.00
sending incremental file list
tpsci_02.jl.out

sent 616,858 bytes  received 35 bytes  1,233,786.00 bytes/sec
total size is 616,596  speedup is 1.00
sending incremental file list

sent 75 bytes  received 12 bytes  174.00 bytes/sec
total size is 616,596  speedup is 7,087.31
sending incremental file list

sent 75 bytes  received 12 bytes  174.00 bytes/sec
total size is 616,596  speedup is 7,087.31
sending incremental file list

sent 75 bytes  received 12 bytes  174.00 bytes/sec
total size is 616,596  speedup is 7,087.31
sending incremental file list

sent 75 bytes  received 12 bytes  174.00 bytes/sec
total size is 616,596  speedup is 7,087.31
sending incremental file list

sent 75 bytes  received 12 bytes  174.00 bytes/sec
total size is 616,596  speedup is 7,087.31
sending incremental file list

sent 75 bytes  received 12 bytes  174.00 bytes/sec
total size is 616,596  speedup is 7,087.31
sending incremental file list

sent 75 bytes  received 12 bytes  174.00 bytes/sec
total size is 616,596  speedup is 7,087.31
sending incremental file list

sent 75 bytes  received 12 bytes  174.00 bytes/sec
total size is 616,596  speedup is 7,087.31
sending incremental file list

sent 75 bytes  received 12 bytes  174.00 bytes/sec
total size is 616,596  speedup is 7,087.31
sending incremental file list

sent 75 bytes  received 12 bytes  174.00 bytes/sec
total size is 616,596  speedup is 7,087.31
sending incremental file list

sent 75 bytes  received 12 bytes  174.00 bytes/sec
total size is 616,596  speedup is 7,087.31
sending incremental file list

sent 75 bytes  received 12 bytes  174.00 bytes/sec
total size is 616,596  speedup is 7,087.31
sending incremental file list

sent 75 bytes  received 12 bytes  174.00 bytes/sec
total size is 616,596  speedup is 7,087.31
sending incremental file list

sent 75 bytes  received 12 bytes  174.00 bytes/sec
total size is 616,596  speedup is 7,087.31
sending incremental file list

sent 75 bytes  received 12 bytes  174.00 bytes/sec
total size is 616,596  speedup is 7,087.31
sending incremental file list

sent 75 bytes  received 12 bytes  174.00 bytes/sec
total size is 616,596  speedup is 7,087.31
sending incremental file list

sent 75 bytes  received 12 bytes  174.00 bytes/sec
total size is 616,596  speedup is 7,087.31
sending incremental file list

sent 75 bytes  received 12 bytes  174.00 bytes/sec
total size is 616,596  speedup is 7,087.31
sending incremental file list

sent 75 bytes  received 12 bytes  174.00 bytes/sec
total size is 616,596  speedup is 7,087.31
sending incremental file list

sent 75 bytes  received 12 bytes  174.00 bytes/sec
total size is 616,596  speedup is 7,087.31
sending incremental file list

sent 75 bytes  received 12 bytes  58.00 bytes/sec
total size is 616,596  speedup is 7,087.31
sending incremental file list

sent 75 bytes  received 12 bytes  174.00 bytes/sec
total size is 616,596  speedup is 7,087.31
sending incremental file list

sent 75 bytes  received 12 bytes  174.00 bytes/sec
total size is 616,596  speedup is 7,087.31
sending incremental file list

sent 75 bytes  received 12 bytes  174.00 bytes/sec
total size is 616,596  speedup is 7,087.31
sending incremental file list

sent 75 bytes  received 12 bytes  174.00 bytes/sec
total size is 616,596  speedup is 7,087.31
sending incremental file list

sent 75 bytes  received 12 bytes  174.00 bytes/sec
total size is 616,596  speedup is 7,087.31
sending incremental file list

sent 75 bytes  received 12 bytes  174.00 bytes/sec
total size is 616,596  speedup is 7,087.31
sending incremental file list

sent 75 bytes  received 12 bytes  174.00 bytes/sec
total size is 616,596  speedup is 7,087.31
sending incremental file list

sent 75 bytes  received 12 bytes  174.00 bytes/sec
total size is 616,596  speedup is 7,087.31
sending incremental file list

sent 75 bytes  received 12 bytes  174.00 bytes/sec
total size is 616,596  speedup is 7,087.31
sending incremental file list

sent 75 bytes  received 12 bytes  174.00 bytes/sec
total size is 616,596  speedup is 7,087.31
sending incremental file list

sent 75 bytes  received 12 bytes  174.00 bytes/sec
total size is 616,596  speedup is 7,087.31
sending incremental file list

sent 75 bytes  received 12 bytes  174.00 bytes/sec
total size is 616,596  speedup is 7,087.31
sending incremental file list

sent 75 bytes  received 12 bytes  174.00 bytes/sec
total size is 616,596  speedup is 7,087.31
sending incremental file list

sent 75 bytes  received 12 bytes  174.00 bytes/sec
total size is 616,596  speedup is 7,087.31
sending incremental file list

sent 75 bytes  received 12 bytes  174.00 bytes/sec
total size is 616,596  speedup is 7,087.31
sending incremental file list

sent 75 bytes  received 12 bytes  174.00 bytes/sec
total size is 616,596  speedup is 7,087.31
sending incremental file list

sent 75 bytes  received 12 bytes  174.00 bytes/sec
total size is 616,596  speedup is 7,087.31
sending incremental file list

sent 75 bytes  received 12 bytes  174.00 bytes/sec
total size is 616,596  speedup is 7,087.31
sending incremental file list

sent 75 bytes  received 12 bytes  174.00 bytes/sec
total size is 616,596  speedup is 7,087.31
sending incremental file list

sent 75 bytes  received 12 bytes  174.00 bytes/sec
total size is 616,596  speedup is 7,087.31
sending incremental file list

sent 75 bytes  received 12 bytes  174.00 bytes/sec
total size is 616,596  speedup is 7,087.31
sending incremental file list

sent 75 bytes  received 12 bytes  174.00 bytes/sec
total size is 616,596  speedup is 7,087.31
sending incremental file list

sent 75 bytes  received 12 bytes  174.00 bytes/sec
total size is 616,596  speedup is 7,087.31
sending incremental file list

sent 75 bytes  received 12 bytes  174.00 bytes/sec
total size is 616,596  speedup is 7,087.31
sending incremental file list

sent 75 bytes  received 12 bytes  174.00 bytes/sec
total size is 616,596  speedup is 7,087.31
sending incremental file list

sent 75 bytes  received 12 bytes  174.00 bytes/sec
total size is 616,596  speedup is 7,087.31
sending incremental file list

sent 75 bytes  received 12 bytes  174.00 bytes/sec
total size is 616,596  speedup is 7,087.31
sending incremental file list

sent 75 bytes  received 12 bytes  174.00 bytes/sec
total size is 616,596  speedup is 7,087.31
sending incremental file list

sent 75 bytes  received 12 bytes  174.00 bytes/sec
total size is 616,596  speedup is 7,087.31
sending incremental file list

sent 75 bytes  received 12 bytes  174.00 bytes/sec
total size is 616,596  speedup is 7,087.31
sending incremental file list

sent 75 bytes  received 12 bytes  174.00 bytes/sec
total size is 616,596  speedup is 7,087.31
sending incremental file list

sent 75 bytes  received 12 bytes  174.00 bytes/sec
total size is 616,596  speedup is 7,087.31
sending incremental file list

sent 75 bytes  received 12 bytes  174.00 bytes/sec
total size is 616,596  speedup is 7,087.31
sending incremental file list

sent 75 bytes  received 12 bytes  174.00 bytes/sec
total size is 616,596  speedup is 7,087.31
sending incremental file list

sent 75 bytes  received 12 bytes  174.00 bytes/sec
total size is 616,596  speedup is 7,087.31
sending incremental file list

sent 75 bytes  received 12 bytes  174.00 bytes/sec
total size is 616,596  speedup is 7,087.31
sending incremental file list

sent 75 bytes  received 12 bytes  174.00 bytes/sec
total size is 616,596  speedup is 7,087.31
sending incremental file list

sent 75 bytes  received 12 bytes  174.00 bytes/sec
total size is 616,596  speedup is 7,087.31
sending incremental file list

sent 75 bytes  received 12 bytes  174.00 bytes/sec
total size is 616,596  speedup is 7,087.31
sending incremental file list

sent 75 bytes  received 12 bytes  174.00 bytes/sec
total size is 616,596  speedup is 7,087.31
sending incremental file list

sent 75 bytes  received 12 bytes  174.00 bytes/sec
total size is 616,596  speedup is 7,087.31
sending incremental file list

sent 75 bytes  received 12 bytes  174.00 bytes/sec
total size is 616,596  speedup is 7,087.31
sending incremental file list

sent 75 bytes  received 12 bytes  174.00 bytes/sec
total size is 616,596  speedup is 7,087.31
sending incremental file list

sent 75 bytes  received 12 bytes  174.00 bytes/sec
total size is 616,596  speedup is 7,087.31
sending incremental file list

sent 75 bytes  received 12 bytes  58.00 bytes/sec
total size is 616,596  speedup is 7,087.31
sending incremental file list

sent 75 bytes  received 12 bytes  174.00 bytes/sec
total size is 616,596  speedup is 7,087.31
sending incremental file list

sent 75 bytes  received 12 bytes  174.00 bytes/sec
total size is 616,596  speedup is 7,087.31
sending incremental file list

sent 75 bytes  received 12 bytes  174.00 bytes/sec
total size is 616,596  speedup is 7,087.31
sending incremental file list

sent 75 bytes  received 12 bytes  174.00 bytes/sec
total size is 616,596  speedup is 7,087.31
sending incremental file list

sent 75 bytes  received 12 bytes  174.00 bytes/sec
total size is 616,596  speedup is 7,087.31
sending incremental file list

sent 75 bytes  received 12 bytes  174.00 bytes/sec
total size is 616,596  speedup is 7,087.31
sending incremental file list

sent 75 bytes  received 12 bytes  174.00 bytes/sec
total size is 616,596  speedup is 7,087.31
sending incremental file list

sent 75 bytes  received 12 bytes  174.00 bytes/sec
total size is 616,596  speedup is 7,087.31
sending incremental file list

sent 75 bytes  received 12 bytes  174.00 bytes/sec
total size is 616,596  speedup is 7,087.31
sending incremental file list

sent 75 bytes  received 12 bytes  174.00 bytes/sec
total size is 616,596  speedup is 7,087.31
sending incremental file list

sent 75 bytes  received 12 bytes  174.00 bytes/sec
total size is 616,596  speedup is 7,087.31
sending incremental file list

sent 75 bytes  received 12 bytes  174.00 bytes/sec
total size is 616,596  speedup is 7,087.31
sending incremental file list

sent 75 bytes  received 12 bytes  174.00 bytes/sec
total size is 616,596  speedup is 7,087.31
sending incremental file list

sent 75 bytes  received 12 bytes  174.00 bytes/sec
total size is 616,596  speedup is 7,087.31
sending incremental file list

sent 75 bytes  received 12 bytes  174.00 bytes/sec
total size is 616,596  speedup is 7,087.31
sending incremental file list

sent 75 bytes  received 12 bytes  174.00 bytes/sec
total size is 616,596  speedup is 7,087.31
sending incremental file list

sent 75 bytes  received 12 bytes  174.00 bytes/sec
total size is 616,596  speedup is 7,087.31
sending incremental file list

sent 75 bytes  received 12 bytes  174.00 bytes/sec
total size is 616,596  speedup is 7,087.31
sending incremental file list

sent 75 bytes  received 12 bytes  174.00 bytes/sec
total size is 616,596  speedup is 7,087.31
sending incremental file list

sent 75 bytes  received 12 bytes  174.00 bytes/sec
total size is 616,596  speedup is 7,087.31
sending incremental file list

sent 75 bytes  received 12 bytes  174.00 bytes/sec
total size is 616,596  speedup is 7,087.31
sending incremental file list

sent 75 bytes  received 12 bytes  174.00 bytes/sec
total size is 616,596  speedup is 7,087.31
sending incremental file list

sent 75 bytes  received 12 bytes  174.00 bytes/sec
total size is 616,596  speedup is 7,087.31
sending incremental file list

sent 75 bytes  received 12 bytes  174.00 bytes/sec
total size is 616,596  speedup is 7,087.31
sending incremental file list

sent 75 bytes  received 12 bytes  174.00 bytes/sec
total size is 616,596  speedup is 7,087.31
sending incremental file list

sent 75 bytes  received 12 bytes  174.00 bytes/sec
total size is 616,596  speedup is 7,087.31
sending incremental file list

sent 75 bytes  received 12 bytes  174.00 bytes/sec
total size is 616,596  speedup is 7,087.31
sending incremental file list

sent 75 bytes  received 12 bytes  174.00 bytes/sec
total size is 616,596  speedup is 7,087.31
sending incremental file list

sent 75 bytes  received 12 bytes  174.00 bytes/sec
total size is 616,596  speedup is 7,087.31
sending incremental file list

sent 75 bytes  received 12 bytes  174.00 bytes/sec
total size is 616,596  speedup is 7,087.31
sending incremental file list

sent 75 bytes  received 12 bytes  174.00 bytes/sec
total size is 616,596  speedup is 7,087.31
sending incremental file list

sent 75 bytes  received 12 bytes  174.00 bytes/sec
total size is 616,596  speedup is 7,087.31
sending incremental file list

sent 75 bytes  received 12 bytes  174.00 bytes/sec
total size is 616,596  speedup is 7,087.31
sending incremental file list

sent 75 bytes  received 12 bytes  174.00 bytes/sec
total size is 616,596  speedup is 7,087.31
sending incremental file list

sent 75 bytes  received 12 bytes  174.00 bytes/sec
total size is 616,596  speedup is 7,087.31
sending incremental file list

sent 75 bytes  received 12 bytes  174.00 bytes/sec
total size is 616,596  speedup is 7,087.31
sending incremental file list

sent 75 bytes  received 12 bytes  174.00 bytes/sec
total size is 616,596  speedup is 7,087.31
sending incremental file list

sent 75 bytes  received 12 bytes  174.00 bytes/sec
total size is 616,596  speedup is 7,087.31
sending incremental file list

sent 75 bytes  received 12 bytes  174.00 bytes/sec
total size is 616,596  speedup is 7,087.31
sending incremental file list

sent 75 bytes  received 12 bytes  174.00 bytes/sec
total size is 616,596  speedup is 7,087.31
sending incremental file list

sent 75 bytes  received 12 bytes  174.00 bytes/sec
total size is 616,596  speedup is 7,087.31
sending incremental file list

sent 75 bytes  received 12 bytes  174.00 bytes/sec
total size is 616,596  speedup is 7,087.31
sending incremental file list

sent 75 bytes  received 12 bytes  174.00 bytes/sec
total size is 616,596  speedup is 7,087.31
sending incremental file list

sent 75 bytes  received 12 bytes  174.00 bytes/sec
total size is 616,596  speedup is 7,087.31
sending incremental file list

sent 75 bytes  received 12 bytes  174.00 bytes/sec
total size is 616,596  speedup is 7,087.31
sending incremental file list

sent 75 bytes  received 12 bytes  174.00 bytes/sec
total size is 616,596  speedup is 7,087.31
sending incremental file list

sent 75 bytes  received 12 bytes  174.00 bytes/sec
total size is 616,596  speedup is 7,087.31
sending incremental file list

sent 75 bytes  received 12 bytes  174.00 bytes/sec
total size is 616,596  speedup is 7,087.31
sending incremental file list

sent 75 bytes  received 12 bytes  174.00 bytes/sec
total size is 616,596  speedup is 7,087.31
sending incremental file list

sent 75 bytes  received 12 bytes  174.00 bytes/sec
total size is 616,596  speedup is 7,087.31
sending incremental file list

sent 75 bytes  received 12 bytes  174.00 bytes/sec
total size is 616,596  speedup is 7,087.31
sending incremental file list

sent 75 bytes  received 12 bytes  58.00 bytes/sec
total size is 616,596  speedup is 7,087.31
sending incremental file list

sent 75 bytes  received 12 bytes  174.00 bytes/sec
total size is 616,596  speedup is 7,087.31
sending incremental file list

sent 75 bytes  received 12 bytes  174.00 bytes/sec
total size is 616,596  speedup is 7,087.31
sending incremental file list

sent 75 bytes  received 12 bytes  174.00 bytes/sec
total size is 616,596  speedup is 7,087.31
sending incremental file list

sent 75 bytes  received 12 bytes  174.00 bytes/sec
total size is 616,596  speedup is 7,087.31
sending incremental file list

sent 75 bytes  received 12 bytes  174.00 bytes/sec
total size is 616,596  speedup is 7,087.31
sending incremental file list

sent 75 bytes  received 12 bytes  174.00 bytes/sec
total size is 616,596  speedup is 7,087.31
sending incremental file list

sent 75 bytes  received 12 bytes  174.00 bytes/sec
total size is 616,596  speedup is 7,087.31
sending incremental file list

sent 75 bytes  received 12 bytes  174.00 bytes/sec
total size is 616,596  speedup is 7,087.31
sending incremental file list

sent 75 bytes  received 12 bytes  174.00 bytes/sec
total size is 616,596  speedup is 7,087.31
sending incremental file list

sent 75 bytes  received 12 bytes  174.00 bytes/sec
total size is 616,596  speedup is 7,087.31
sending incremental file list

sent 75 bytes  received 12 bytes  174.00 bytes/sec
total size is 616,596  speedup is 7,087.31
sending incremental file list

sent 75 bytes  received 12 bytes  174.00 bytes/sec
total size is 616,596  speedup is 7,087.31
sending incremental file list

sent 75 bytes  received 12 bytes  174.00 bytes/sec
total size is 616,596  speedup is 7,087.31
sending incremental file list

sent 75 bytes  received 12 bytes  174.00 bytes/sec
total size is 616,596  speedup is 7,087.31
sending incremental file list

sent 75 bytes  received 12 bytes  174.00 bytes/sec
total size is 616,596  speedup is 7,087.31
sending incremental file list

sent 75 bytes  received 12 bytes  174.00 bytes/sec
total size is 616,596  speedup is 7,087.31
sending incremental file list

sent 75 bytes  received 12 bytes  174.00 bytes/sec
total size is 616,596  speedup is 7,087.31
sending incremental file list

sent 75 bytes  received 12 bytes  174.00 bytes/sec
total size is 616,596  speedup is 7,087.31
sending incremental file list

sent 75 bytes  received 12 bytes  174.00 bytes/sec
total size is 616,596  speedup is 7,087.31
sending incremental file list

sent 75 bytes  received 12 bytes  174.00 bytes/sec
total size is 616,596  speedup is 7,087.31
sending incremental file list

sent 75 bytes  received 12 bytes  174.00 bytes/sec
total size is 616,596  speedup is 7,087.31
sending incremental file list

sent 75 bytes  received 12 bytes  174.00 bytes/sec
total size is 616,596  speedup is 7,087.31
sending incremental file list

sent 75 bytes  received 12 bytes  174.00 bytes/sec
total size is 616,596  speedup is 7,087.31
sending incremental file list

sent 75 bytes  received 12 bytes  174.00 bytes/sec
total size is 616,596  speedup is 7,087.31
sending incremental file list

sent 75 bytes  received 12 bytes  174.00 bytes/sec
total size is 616,596  speedup is 7,087.31
sending incremental file list

sent 75 bytes  received 12 bytes  174.00 bytes/sec
total size is 616,596  speedup is 7,087.31
sending incremental file list

sent 75 bytes  received 12 bytes  174.00 bytes/sec
total size is 616,596  speedup is 7,087.31
sending incremental file list

sent 75 bytes  received 12 bytes  174.00 bytes/sec
total size is 616,596  speedup is 7,087.31
sending incremental file list

sent 75 bytes  received 12 bytes  174.00 bytes/sec
total size is 616,596  speedup is 7,087.31
sending incremental file list

sent 75 bytes  received 12 bytes  174.00 bytes/sec
total size is 616,596  speedup is 7,087.31
sending incremental file list

sent 75 bytes  received 12 bytes  174.00 bytes/sec
total size is 616,596  speedup is 7,087.31
sending incremental file list

sent 75 bytes  received 12 bytes  174.00 bytes/sec
total size is 616,596  speedup is 7,087.31
sending incremental file list

sent 75 bytes  received 12 bytes  174.00 bytes/sec
total size is 616,596  speedup is 7,087.31
sending incremental file list

sent 75 bytes  received 12 bytes  174.00 bytes/sec
total size is 616,596  speedup is 7,087.31
sending incremental file list

sent 75 bytes  received 12 bytes  174.00 bytes/sec
total size is 616,596  speedup is 7,087.31
sending incremental file list

sent 75 bytes  received 12 bytes  174.00 bytes/sec
total size is 616,596  speedup is 7,087.31
sending incremental file list

sent 75 bytes  received 12 bytes  174.00 bytes/sec
total size is 616,596  speedup is 7,087.31
sending incremental file list

sent 75 bytes  received 12 bytes  174.00 bytes/sec
total size is 616,596  speedup is 7,087.31
sending incremental file list

sent 75 bytes  received 12 bytes  174.00 bytes/sec
total size is 616,596  speedup is 7,087.31
sending incremental file list

sent 75 bytes  received 12 bytes  174.00 bytes/sec
total size is 616,596  speedup is 7,087.31
sending incremental file list

sent 75 bytes  received 12 bytes  174.00 bytes/sec
total size is 616,596  speedup is 7,087.31
sending incremental file list

sent 75 bytes  received 12 bytes  174.00 bytes/sec
total size is 616,596  speedup is 7,087.31
sending incremental file list

sent 75 bytes  received 12 bytes  174.00 bytes/sec
total size is 616,596  speedup is 7,087.31
sending incremental file list

sent 75 bytes  received 12 bytes  58.00 bytes/sec
total size is 616,596  speedup is 7,087.31
sending incremental file list

sent 75 bytes  received 12 bytes  174.00 bytes/sec
total size is 616,596  speedup is 7,087.31
sending incremental file list

sent 75 bytes  received 12 bytes  174.00 bytes/sec
total size is 616,596  speedup is 7,087.31
sending incremental file list

sent 75 bytes  received 12 bytes  174.00 bytes/sec
total size is 616,596  speedup is 7,087.31
sending incremental file list

sent 75 bytes  received 12 bytes  174.00 bytes/sec
total size is 616,596  speedup is 7,087.31
sending incremental file list

sent 75 bytes  received 12 bytes  174.00 bytes/sec
total size is 616,596  speedup is 7,087.31
sending incremental file list

sent 75 bytes  received 12 bytes  174.00 bytes/sec
total size is 616,596  speedup is 7,087.31
sending incremental file list

sent 75 bytes  received 12 bytes  174.00 bytes/sec
total size is 616,596  speedup is 7,087.31
sending incremental file list

sent 75 bytes  received 12 bytes  174.00 bytes/sec
total size is 616,596  speedup is 7,087.31
sending incremental file list

sent 75 bytes  received 12 bytes  174.00 bytes/sec
total size is 616,596  speedup is 7,087.31
sending incremental file list

sent 75 bytes  received 12 bytes  174.00 bytes/sec
total size is 616,596  speedup is 7,087.31
sending incremental file list

sent 75 bytes  received 12 bytes  174.00 bytes/sec
total size is 616,596  speedup is 7,087.31
sending incremental file list

sent 75 bytes  received 12 bytes  174.00 bytes/sec
total size is 616,596  speedup is 7,087.31
sending incremental file list

sent 75 bytes  received 12 bytes  174.00 bytes/sec
total size is 616,596  speedup is 7,087.31
sending incremental file list

sent 75 bytes  received 12 bytes  174.00 bytes/sec
total size is 616,596  speedup is 7,087.31
sending incremental file list

sent 75 bytes  received 12 bytes  174.00 bytes/sec
total size is 616,596  speedup is 7,087.31
sending incremental file list

sent 75 bytes  received 12 bytes  174.00 bytes/sec
total size is 616,596  speedup is 7,087.31
sending incremental file list

sent 75 bytes  received 12 bytes  174.00 bytes/sec
total size is 616,596  speedup is 7,087.31
sending incremental file list

sent 75 bytes  received 12 bytes  174.00 bytes/sec
total size is 616,596  speedup is 7,087.31
sending incremental file list

sent 75 bytes  received 12 bytes  174.00 bytes/sec
total size is 616,596  speedup is 7,087.31
sending incremental file list

sent 75 bytes  received 12 bytes  174.00 bytes/sec
total size is 616,596  speedup is 7,087.31
sending incremental file list

sent 75 bytes  received 12 bytes  174.00 bytes/sec
total size is 616,596  speedup is 7,087.31
sending incremental file list

sent 75 bytes  received 12 bytes  174.00 bytes/sec
total size is 616,596  speedup is 7,087.31
sending incremental file list

sent 75 bytes  received 12 bytes  174.00 bytes/sec
total size is 616,596  speedup is 7,087.31
sending incremental file list

sent 75 bytes  received 12 bytes  174.00 bytes/sec
total size is 616,596  speedup is 7,087.31
sending incremental file list

sent 75 bytes  received 12 bytes  174.00 bytes/sec
total size is 616,596  speedup is 7,087.31
sending incremental file list

sent 75 bytes  received 12 bytes  174.00 bytes/sec
total size is 616,596  speedup is 7,087.31
sending incremental file list

sent 75 bytes  received 12 bytes  174.00 bytes/sec
total size is 616,596  speedup is 7,087.31
sending incremental file list

sent 75 bytes  received 12 bytes  174.00 bytes/sec
total size is 616,596  speedup is 7,087.31
sending incremental file list

sent 75 bytes  received 12 bytes  174.00 bytes/sec
total size is 616,596  speedup is 7,087.31
sending incremental file list

sent 75 bytes  received 12 bytes  174.00 bytes/sec
total size is 616,596  speedup is 7,087.31
sending incremental file list

sent 75 bytes  received 12 bytes  174.00 bytes/sec
total size is 616,596  speedup is 7,087.31
sending incremental file list

sent 75 bytes  received 12 bytes  174.00 bytes/sec
total size is 616,596  speedup is 7,087.31
sending incremental file list

sent 75 bytes  received 12 bytes  174.00 bytes/sec
total size is 616,596  speedup is 7,087.31
sending incremental file list

sent 75 bytes  received 12 bytes  174.00 bytes/sec
total size is 616,596  speedup is 7,087.31
sending incremental file list

sent 75 bytes  received 12 bytes  174.00 bytes/sec
total size is 616,596  speedup is 7,087.31
sending incremental file list

sent 75 bytes  received 12 bytes  174.00 bytes/sec
total size is 616,596  speedup is 7,087.31
sending incremental file list

sent 75 bytes  received 12 bytes  174.00 bytes/sec
total size is 616,596  speedup is 7,087.31
sending incremental file list

sent 75 bytes  received 12 bytes  174.00 bytes/sec
total size is 616,596  speedup is 7,087.31
sending incremental file list

sent 75 bytes  received 12 bytes  174.00 bytes/sec
total size is 616,596  speedup is 7,087.31
sending incremental file list

sent 75 bytes  received 12 bytes  174.00 bytes/sec
total size is 616,596  speedup is 7,087.31
sending incremental file list

sent 75 bytes  received 12 bytes  174.00 bytes/sec
total size is 616,596  speedup is 7,087.31
sending incremental file list

sent 75 bytes  received 12 bytes  174.00 bytes/sec
total size is 616,596  speedup is 7,087.31
sending incremental file list

sent 75 bytes  received 12 bytes  174.00 bytes/sec
total size is 616,596  speedup is 7,087.31
sending incremental file list

sent 75 bytes  received 12 bytes  174.00 bytes/sec
total size is 616,596  speedup is 7,087.31
sending incremental file list

sent 75 bytes  received 12 bytes  174.00 bytes/sec
total size is 616,596  speedup is 7,087.31
sending incremental file list

sent 75 bytes  received 12 bytes  174.00 bytes/sec
total size is 616,596  speedup is 7,087.31
sending incremental file list

sent 75 bytes  received 12 bytes  174.00 bytes/sec
total size is 616,596  speedup is 7,087.31
sending incremental file list

sent 75 bytes  received 12 bytes  58.00 bytes/sec
total size is 616,596  speedup is 7,087.31
sending incremental file list

sent 75 bytes  received 12 bytes  174.00 bytes/sec
total size is 616,596  speedup is 7,087.31
sending incremental file list

sent 75 bytes  received 12 bytes  174.00 bytes/sec
total size is 616,596  speedup is 7,087.31
sending incremental file list

sent 75 bytes  received 12 bytes  174.00 bytes/sec
total size is 616,596  speedup is 7,087.31
sending incremental file list

sent 75 bytes  received 12 bytes  174.00 bytes/sec
total size is 616,596  speedup is 7,087.31
sending incremental file list

sent 75 bytes  received 12 bytes  174.00 bytes/sec
total size is 616,596  speedup is 7,087.31
sending incremental file list

sent 75 bytes  received 12 bytes  174.00 bytes/sec
total size is 616,596  speedup is 7,087.31
sending incremental file list

sent 75 bytes  received 12 bytes  174.00 bytes/sec
total size is 616,596  speedup is 7,087.31
sending incremental file list

sent 75 bytes  received 12 bytes  174.00 bytes/sec
total size is 616,596  speedup is 7,087.31
sending incremental file list

sent 75 bytes  received 12 bytes  174.00 bytes/sec
total size is 616,596  speedup is 7,087.31
sending incremental file list

sent 75 bytes  received 12 bytes  174.00 bytes/sec
total size is 616,596  speedup is 7,087.31
sending incremental file list

sent 75 bytes  received 12 bytes  174.00 bytes/sec
total size is 616,596  speedup is 7,087.31
sending incremental file list

sent 75 bytes  received 12 bytes  174.00 bytes/sec
total size is 616,596  speedup is 7,087.31
sending incremental file list

sent 75 bytes  received 12 bytes  174.00 bytes/sec
total size is 616,596  speedup is 7,087.31
sending incremental file list

sent 75 bytes  received 12 bytes  174.00 bytes/sec
total size is 616,596  speedup is 7,087.31
sending incremental file list

sent 75 bytes  received 12 bytes  174.00 bytes/sec
total size is 616,596  speedup is 7,087.31
sending incremental file list
tpsci_02.jl.out

sent 616,904 bytes  received 35 bytes  1,233,878.00 bytes/sec
total size is 616,641  speedup is 1.00
sending incremental file list
tpsci_02.jl.out

sent 616,966 bytes  received 35 bytes  1,234,002.00 bytes/sec
total size is 616,704  speedup is 1.00
sending incremental file list

sent 75 bytes  received 12 bytes  174.00 bytes/sec
total size is 616,704  speedup is 7,088.55
sending incremental file list

sent 75 bytes  received 12 bytes  174.00 bytes/sec
total size is 616,704  speedup is 7,088.55
sending incremental file list

sent 75 bytes  received 12 bytes  174.00 bytes/sec
total size is 616,704  speedup is 7,088.55
sending incremental file list

sent 75 bytes  received 12 bytes  174.00 bytes/sec
total size is 616,704  speedup is 7,088.55
sending incremental file list

sent 75 bytes  received 12 bytes  174.00 bytes/sec
total size is 616,704  speedup is 7,088.55
sending incremental file list

sent 75 bytes  received 12 bytes  174.00 bytes/sec
total size is 616,704  speedup is 7,088.55
sending incremental file list

sent 75 bytes  received 12 bytes  174.00 bytes/sec
total size is 616,704  speedup is 7,088.55
sending incremental file list

sent 75 bytes  received 12 bytes  174.00 bytes/sec
total size is 616,704  speedup is 7,088.55
sending incremental file list

sent 75 bytes  received 12 bytes  174.00 bytes/sec
total size is 616,704  speedup is 7,088.55
sending incremental file list

sent 75 bytes  received 12 bytes  174.00 bytes/sec
total size is 616,704  speedup is 7,088.55
sending incremental file list

sent 75 bytes  received 12 bytes  174.00 bytes/sec
total size is 616,704  speedup is 7,088.55
sending incremental file list

sent 75 bytes  received 12 bytes  174.00 bytes/sec
total size is 616,704  speedup is 7,088.55
sending incremental file list

sent 75 bytes  received 12 bytes  174.00 bytes/sec
total size is 616,704  speedup is 7,088.55
sending incremental file list

sent 75 bytes  received 12 bytes  174.00 bytes/sec
total size is 616,704  speedup is 7,088.55
sending incremental file list

sent 75 bytes  received 12 bytes  174.00 bytes/sec
total size is 616,704  speedup is 7,088.55
sending incremental file list

sent 75 bytes  received 12 bytes  174.00 bytes/sec
total size is 616,704  speedup is 7,088.55
sending incremental file list

sent 75 bytes  received 12 bytes  174.00 bytes/sec
total size is 616,704  speedup is 7,088.55
sending incremental file list

sent 75 bytes  received 12 bytes  174.00 bytes/sec
total size is 616,704  speedup is 7,088.55
sending incremental file list

sent 75 bytes  received 12 bytes  174.00 bytes/sec
total size is 616,704  speedup is 7,088.55
sending incremental file list

sent 75 bytes  received 12 bytes  174.00 bytes/sec
total size is 616,704  speedup is 7,088.55
sending incremental file list

sent 75 bytes  received 12 bytes  174.00 bytes/sec
total size is 616,704  speedup is 7,088.55
sending incremental file list

sent 75 bytes  received 12 bytes  174.00 bytes/sec
total size is 616,704  speedup is 7,088.55
sending incremental file list

sent 75 bytes  received 12 bytes  174.00 bytes/sec
total size is 616,704  speedup is 7,088.55
sending incremental file list

sent 75 bytes  received 12 bytes  174.00 bytes/sec
total size is 616,704  speedup is 7,088.55
sending incremental file list

sent 75 bytes  received 12 bytes  174.00 bytes/sec
total size is 616,704  speedup is 7,088.55
sending incremental file list

sent 75 bytes  received 12 bytes  174.00 bytes/sec
total size is 616,704  speedup is 7,088.55
sending incremental file list

sent 75 bytes  received 12 bytes  174.00 bytes/sec
total size is 616,704  speedup is 7,088.55
sending incremental file list

sent 75 bytes  received 12 bytes  174.00 bytes/sec
total size is 616,704  speedup is 7,088.55
sending incremental file list

sent 75 bytes  received 12 bytes  174.00 bytes/sec
total size is 616,704  speedup is 7,088.55
sending incremental file list

sent 75 bytes  received 12 bytes  174.00 bytes/sec
total size is 616,704  speedup is 7,088.55
sending incremental file list

sent 75 bytes  received 12 bytes  174.00 bytes/sec
total size is 616,704  speedup is 7,088.55
sending incremental file list

sent 75 bytes  received 12 bytes  174.00 bytes/sec
total size is 616,704  speedup is 7,088.55
sending incremental file list

sent 75 bytes  received 12 bytes  174.00 bytes/sec
total size is 616,704  speedup is 7,088.55
sending incremental file list

sent 75 bytes  received 12 bytes  174.00 bytes/sec
total size is 616,704  speedup is 7,088.55
sending incremental file list

sent 75 bytes  received 12 bytes  174.00 bytes/sec
total size is 616,704  speedup is 7,088.55
sending incremental file list

sent 75 bytes  received 12 bytes  174.00 bytes/sec
total size is 616,704  speedup is 7,088.55
sending incremental file list

sent 75 bytes  received 12 bytes  174.00 bytes/sec
total size is 616,704  speedup is 7,088.55
sending incremental file list

sent 75 bytes  received 12 bytes  174.00 bytes/sec
total size is 616,704  speedup is 7,088.55
sending incremental file list

sent 75 bytes  received 12 bytes  174.00 bytes/sec
total size is 616,704  speedup is 7,088.55
sending incremental file list

sent 75 bytes  received 12 bytes  174.00 bytes/sec
total size is 616,704  speedup is 7,088.55
sending incremental file list

sent 75 bytes  received 12 bytes  174.00 bytes/sec
total size is 616,704  speedup is 7,088.55
sending incremental file list

sent 75 bytes  received 12 bytes  174.00 bytes/sec
total size is 616,704  speedup is 7,088.55
sending incremental file list

sent 75 bytes  received 12 bytes  174.00 bytes/sec
total size is 616,704  speedup is 7,088.55
sending incremental file list

sent 75 bytes  received 12 bytes  174.00 bytes/sec
total size is 616,704  speedup is 7,088.55
sending incremental file list

sent 75 bytes  received 12 bytes  174.00 bytes/sec
total size is 616,704  speedup is 7,088.55
sending incremental file list

sent 75 bytes  received 12 bytes  174.00 bytes/sec
total size is 616,704  speedup is 7,088.55
sending incremental file list

sent 75 bytes  received 12 bytes  174.00 bytes/sec
total size is 616,704  speedup is 7,088.55
sending incremental file list

sent 75 bytes  received 12 bytes  174.00 bytes/sec
total size is 616,704  speedup is 7,088.55
sending incremental file list

sent 75 bytes  received 12 bytes  174.00 bytes/sec
total size is 616,704  speedup is 7,088.55
sending incremental file list

sent 75 bytes  received 12 bytes  174.00 bytes/sec
total size is 616,704  speedup is 7,088.55
sending incremental file list

sent 75 bytes  received 12 bytes  174.00 bytes/sec
total size is 616,704  speedup is 7,088.55
sending incremental file list

sent 75 bytes  received 12 bytes  174.00 bytes/sec
total size is 616,704  speedup is 7,088.55
sending incremental file list

sent 75 bytes  received 12 bytes  174.00 bytes/sec
total size is 616,704  speedup is 7,088.55
sending incremental file list

sent 75 bytes  received 12 bytes  174.00 bytes/sec
total size is 616,704  speedup is 7,088.55
sending incremental file list

sent 75 bytes  received 12 bytes  174.00 bytes/sec
total size is 616,704  speedup is 7,088.55
sending incremental file list

sent 75 bytes  received 12 bytes  174.00 bytes/sec
total size is 616,704  speedup is 7,088.55
sending incremental file list

sent 75 bytes  received 12 bytes  174.00 bytes/sec
total size is 616,704  speedup is 7,088.55
sending incremental file list

sent 75 bytes  received 12 bytes  174.00 bytes/sec
total size is 616,704  speedup is 7,088.55
sending incremental file list

sent 75 bytes  received 12 bytes  174.00 bytes/sec
total size is 616,704  speedup is 7,088.55
sending incremental file list

sent 75 bytes  received 12 bytes  174.00 bytes/sec
total size is 616,704  speedup is 7,088.55
sending incremental file list

sent 75 bytes  received 12 bytes  174.00 bytes/sec
total size is 616,704  speedup is 7,088.55
sending incremental file list

sent 75 bytes  received 12 bytes  174.00 bytes/sec
total size is 616,704  speedup is 7,088.55
sending incremental file list

sent 75 bytes  received 12 bytes  174.00 bytes/sec
total size is 616,704  speedup is 7,088.55
sending incremental file list

sent 75 bytes  received 12 bytes  174.00 bytes/sec
total size is 616,704  speedup is 7,088.55
sending incremental file list

sent 75 bytes  received 12 bytes  174.00 bytes/sec
total size is 616,704  speedup is 7,088.55
sending incremental file list

sent 75 bytes  received 12 bytes  174.00 bytes/sec
total size is 616,704  speedup is 7,088.55
sending incremental file list

sent 75 bytes  received 12 bytes  174.00 bytes/sec
total size is 616,704  speedup is 7,088.55
sending incremental file list

sent 75 bytes  received 12 bytes  174.00 bytes/sec
total size is 616,704  speedup is 7,088.55
sending incremental file list

sent 75 bytes  received 12 bytes  174.00 bytes/sec
total size is 616,704  speedup is 7,088.55
sending incremental file list

sent 75 bytes  received 12 bytes  174.00 bytes/sec
total size is 616,704  speedup is 7,088.55
sending incremental file list

sent 75 bytes  received 12 bytes  174.00 bytes/sec
total size is 616,704  speedup is 7,088.55
sending incremental file list

sent 75 bytes  received 12 bytes  174.00 bytes/sec
total size is 616,704  speedup is 7,088.55
sending incremental file list

sent 75 bytes  received 12 bytes  174.00 bytes/sec
total size is 616,704  speedup is 7,088.55
sending incremental file list

sent 75 bytes  received 12 bytes  174.00 bytes/sec
total size is 616,704  speedup is 7,088.55
sending incremental file list

sent 75 bytes  received 12 bytes  174.00 bytes/sec
total size is 616,704  speedup is 7,088.55
sending incremental file list

sent 75 bytes  received 12 bytes  174.00 bytes/sec
total size is 616,704  speedup is 7,088.55
sending incremental file list

sent 75 bytes  received 12 bytes  174.00 bytes/sec
total size is 616,704  speedup is 7,088.55
sending incremental file list

sent 75 bytes  received 12 bytes  174.00 bytes/sec
total size is 616,704  speedup is 7,088.55
sending incremental file list

sent 75 bytes  received 12 bytes  174.00 bytes/sec
total size is 616,704  speedup is 7,088.55
sending incremental file list

sent 75 bytes  received 12 bytes  174.00 bytes/sec
total size is 616,704  speedup is 7,088.55
sending incremental file list

sent 75 bytes  received 12 bytes  174.00 bytes/sec
total size is 616,704  speedup is 7,088.55
sending incremental file list

sent 75 bytes  received 12 bytes  174.00 bytes/sec
total size is 616,704  speedup is 7,088.55
sending incremental file list

sent 75 bytes  received 12 bytes  174.00 bytes/sec
total size is 616,704  speedup is 7,088.55
sending incremental file list

sent 75 bytes  received 12 bytes  174.00 bytes/sec
total size is 616,704  speedup is 7,088.55
sending incremental file list

sent 75 bytes  received 12 bytes  174.00 bytes/sec
total size is 616,704  speedup is 7,088.55
sending incremental file list

sent 75 bytes  received 12 bytes  174.00 bytes/sec
total size is 616,704  speedup is 7,088.55
sending incremental file list

sent 75 bytes  received 12 bytes  58.00 bytes/sec
total size is 616,704  speedup is 7,088.55
sending incremental file list

sent 75 bytes  received 12 bytes  174.00 bytes/sec
total size is 616,704  speedup is 7,088.55
sending incremental file list

sent 75 bytes  received 12 bytes  174.00 bytes/sec
total size is 616,704  speedup is 7,088.55
sending incremental file list

sent 75 bytes  received 12 bytes  174.00 bytes/sec
total size is 616,704  speedup is 7,088.55
sending incremental file list

sent 75 bytes  received 12 bytes  174.00 bytes/sec
total size is 616,704  speedup is 7,088.55
sending incremental file list

sent 75 bytes  received 12 bytes  174.00 bytes/sec
total size is 616,704  speedup is 7,088.55
sending incremental file list

sent 75 bytes  received 12 bytes  174.00 bytes/sec
total size is 616,704  speedup is 7,088.55
sending incremental file list

sent 75 bytes  received 12 bytes  174.00 bytes/sec
total size is 616,704  speedup is 7,088.55
sending incremental file list

sent 75 bytes  received 12 bytes  174.00 bytes/sec
total size is 616,704  speedup is 7,088.55
sending incremental file list

sent 75 bytes  received 12 bytes  174.00 bytes/sec
total size is 616,704  speedup is 7,088.55
sending incremental file list

sent 75 bytes  received 12 bytes  174.00 bytes/sec
total size is 616,704  speedup is 7,088.55
sending incremental file list

sent 75 bytes  received 12 bytes  174.00 bytes/sec
total size is 616,704  speedup is 7,088.55
sending incremental file list

sent 75 bytes  received 12 bytes  174.00 bytes/sec
total size is 616,704  speedup is 7,088.55
sending incremental file list

sent 75 bytes  received 12 bytes  174.00 bytes/sec
total size is 616,704  speedup is 7,088.55
sending incremental file list

sent 75 bytes  received 12 bytes  174.00 bytes/sec
total size is 616,704  speedup is 7,088.55
sending incremental file list

sent 75 bytes  received 12 bytes  174.00 bytes/sec
total size is 616,704  speedup is 7,088.55
sending incremental file list

sent 75 bytes  received 12 bytes  174.00 bytes/sec
total size is 616,704  speedup is 7,088.55
sending incremental file list

sent 75 bytes  received 12 bytes  174.00 bytes/sec
total size is 616,704  speedup is 7,088.55
sending incremental file list

sent 75 bytes  received 12 bytes  174.00 bytes/sec
total size is 616,704  speedup is 7,088.55
sending incremental file list

sent 75 bytes  received 12 bytes  174.00 bytes/sec
total size is 616,704  speedup is 7,088.55
sending incremental file list

sent 75 bytes  received 12 bytes  174.00 bytes/sec
total size is 616,704  speedup is 7,088.55
sending incremental file list

sent 75 bytes  received 12 bytes  174.00 bytes/sec
total size is 616,704  speedup is 7,088.55
sending incremental file list

sent 75 bytes  received 12 bytes  174.00 bytes/sec
total size is 616,704  speedup is 7,088.55
sending incremental file list

sent 75 bytes  received 12 bytes  174.00 bytes/sec
total size is 616,704  speedup is 7,088.55
sending incremental file list

sent 75 bytes  received 12 bytes  174.00 bytes/sec
total size is 616,704  speedup is 7,088.55
sending incremental file list

sent 75 bytes  received 12 bytes  174.00 bytes/sec
total size is 616,704  speedup is 7,088.55
sending incremental file list

sent 75 bytes  received 12 bytes  174.00 bytes/sec
total size is 616,704  speedup is 7,088.55
sending incremental file list

sent 75 bytes  received 12 bytes  174.00 bytes/sec
total size is 616,704  speedup is 7,088.55
sending incremental file list

sent 75 bytes  received 12 bytes  174.00 bytes/sec
total size is 616,704  speedup is 7,088.55
sending incremental file list

sent 75 bytes  received 12 bytes  174.00 bytes/sec
total size is 616,704  speedup is 7,088.55
sending incremental file list

sent 75 bytes  received 12 bytes  174.00 bytes/sec
total size is 616,704  speedup is 7,088.55
sending incremental file list

sent 75 bytes  received 12 bytes  174.00 bytes/sec
total size is 616,704  speedup is 7,088.55
slurmstepd: error: *** JOB 1501929 ON tc101 CANCELLED AT 2023-05-22T08:50:01 DUE TO TIME LIMIT ***
