tc232
Resetting modules to system default. Reseting $MODULEPATH back to system default. All extra directories will be removed from $MODULEPATH.
Usage: sbatch submit.sh {input file} {data file} {data file}
tpsci_01.jl
tpsci_01.jl.out
/home/arnab22/FermiCG-data/bimetallics/fe2_morokuma/29__3d4s4d_2s2p3p_3d4s4d
/localscratch/1501930
sending incremental file list
tpsci_01.jl.out

sent 119 bytes  received 35 bytes  308.00 bytes/sec
total size is 0  speedup is 0.00
sending incremental file list
tpsci_01.jl.out

sent 713 bytes  received 35 bytes  1,496.00 bytes/sec
total size is 590  speedup is 0.79
sending incremental file list
tpsci_01.jl.out

sent 1,162 bytes  received 35 bytes  2,394.00 bytes/sec
total size is 1,039  speedup is 0.87
sending incremental file list

sent 76 bytes  received 12 bytes  176.00 bytes/sec
total size is 1,039  speedup is 11.81
sending incremental file list

sent 76 bytes  received 12 bytes  176.00 bytes/sec
total size is 1,039  speedup is 11.81
sending incremental file list

sent 76 bytes  received 12 bytes  176.00 bytes/sec
total size is 1,039  speedup is 11.81
sending incremental file list
tpsci_01.jl.out

sent 1,675 bytes  received 35 bytes  3,420.00 bytes/sec
total size is 1,552  speedup is 0.91
sending incremental file list

sent 76 bytes  received 12 bytes  176.00 bytes/sec
total size is 1,552  speedup is 17.64
sending incremental file list

sent 76 bytes  received 12 bytes  176.00 bytes/sec
total size is 1,552  speedup is 17.64
sending incremental file list

sent 76 bytes  received 12 bytes  176.00 bytes/sec
total size is 1,552  speedup is 17.64
sending incremental file list

sent 76 bytes  received 12 bytes  176.00 bytes/sec
total size is 1,552  speedup is 17.64
sending incremental file list

sent 76 bytes  received 12 bytes  176.00 bytes/sec
total size is 1,552  speedup is 17.64
sending incremental file list

sent 76 bytes  received 12 bytes  176.00 bytes/sec
total size is 1,552  speedup is 17.64
sending incremental file list

sent 76 bytes  received 12 bytes  176.00 bytes/sec
total size is 1,552  speedup is 17.64
sending incremental file list
tpsci_01.jl.out

sent 2,251 bytes  received 35 bytes  4,572.00 bytes/sec
total size is 2,129  speedup is 0.93
sending incremental file list

sent 75 bytes  received 12 bytes  174.00 bytes/sec
total size is 2,129  speedup is 24.47
sending incremental file list

sent 75 bytes  received 12 bytes  174.00 bytes/sec
total size is 2,129  speedup is 24.47
sending incremental file list

sent 75 bytes  received 12 bytes  174.00 bytes/sec
total size is 2,129  speedup is 24.47
sending incremental file list

sent 75 bytes  received 12 bytes  174.00 bytes/sec
total size is 2,129  speedup is 24.47
sending incremental file list

sent 75 bytes  received 12 bytes  174.00 bytes/sec
total size is 2,129  speedup is 24.47
sending incremental file list

sent 75 bytes  received 12 bytes  58.00 bytes/sec
total size is 2,129  speedup is 24.47
sending incremental file list

sent 75 bytes  received 12 bytes  174.00 bytes/sec
total size is 2,129  speedup is 24.47
sending incremental file list

sent 75 bytes  received 12 bytes  174.00 bytes/sec
total size is 2,129  speedup is 24.47
sending incremental file list

sent 75 bytes  received 12 bytes  174.00 bytes/sec
total size is 2,129  speedup is 24.47
sending incremental file list

sent 75 bytes  received 12 bytes  174.00 bytes/sec
total size is 2,129  speedup is 24.47
sending incremental file list

sent 75 bytes  received 12 bytes  174.00 bytes/sec
total size is 2,129  speedup is 24.47
sending incremental file list

sent 75 bytes  received 12 bytes  174.00 bytes/sec
total size is 2,129  speedup is 24.47
sending incremental file list

sent 75 bytes  received 12 bytes  174.00 bytes/sec
total size is 2,129  speedup is 24.47
sending incremental file list

sent 75 bytes  received 12 bytes  174.00 bytes/sec
total size is 2,129  speedup is 24.47
sending incremental file list

sent 75 bytes  received 12 bytes  174.00 bytes/sec
total size is 2,129  speedup is 24.47
sending incremental file list

sent 75 bytes  received 12 bytes  174.00 bytes/sec
total size is 2,129  speedup is 24.47
sending incremental file list

sent 75 bytes  received 12 bytes  174.00 bytes/sec
total size is 2,129  speedup is 24.47
sending incremental file list

sent 75 bytes  received 12 bytes  174.00 bytes/sec
total size is 2,129  speedup is 24.47
sending incremental file list

sent 75 bytes  received 12 bytes  174.00 bytes/sec
total size is 2,129  speedup is 24.47
sending incremental file list
tpsci_01.jl.out

sent 2,547 bytes  received 35 bytes  5,164.00 bytes/sec
total size is 2,425  speedup is 0.94
sending incremental file list
tpsci_01.jl.out

sent 2,893 bytes  received 35 bytes  5,856.00 bytes/sec
total size is 2,770  speedup is 0.95
sending incremental file list

sent 76 bytes  received 12 bytes  176.00 bytes/sec
total size is 2,770  speedup is 31.48
sending incremental file list

sent 76 bytes  received 12 bytes  176.00 bytes/sec
total size is 2,770  speedup is 31.48
sending incremental file list

sent 76 bytes  received 12 bytes  176.00 bytes/sec
total size is 2,770  speedup is 31.48
sending incremental file list

sent 76 bytes  received 12 bytes  176.00 bytes/sec
total size is 2,770  speedup is 31.48
sending incremental file list

sent 76 bytes  received 12 bytes  176.00 bytes/sec
total size is 2,770  speedup is 31.48
sending incremental file list

sent 76 bytes  received 12 bytes  176.00 bytes/sec
total size is 2,770  speedup is 31.48
sending incremental file list

sent 76 bytes  received 12 bytes  176.00 bytes/sec
total size is 2,770  speedup is 31.48
sending incremental file list

sent 76 bytes  received 12 bytes  176.00 bytes/sec
total size is 2,770  speedup is 31.48
sending incremental file list

sent 76 bytes  received 12 bytes  176.00 bytes/sec
total size is 2,770  speedup is 31.48
sending incremental file list

sent 76 bytes  received 12 bytes  176.00 bytes/sec
total size is 2,770  speedup is 31.48
sending incremental file list

sent 76 bytes  received 12 bytes  176.00 bytes/sec
total size is 2,770  speedup is 31.48
sending incremental file list

sent 76 bytes  received 12 bytes  176.00 bytes/sec
total size is 2,770  speedup is 31.48
sending incremental file list

sent 76 bytes  received 12 bytes  176.00 bytes/sec
total size is 2,770  speedup is 31.48
sending incremental file list

sent 76 bytes  received 12 bytes  176.00 bytes/sec
total size is 2,770  speedup is 31.48
sending incremental file list

sent 76 bytes  received 12 bytes  176.00 bytes/sec
total size is 2,770  speedup is 31.48
sending incremental file list

sent 76 bytes  received 12 bytes  176.00 bytes/sec
total size is 2,770  speedup is 31.48
sending incremental file list

sent 76 bytes  received 12 bytes  176.00 bytes/sec
total size is 2,770  speedup is 31.48
sending incremental file list

sent 76 bytes  received 12 bytes  176.00 bytes/sec
total size is 2,770  speedup is 31.48
sending incremental file list

sent 76 bytes  received 12 bytes  176.00 bytes/sec
total size is 2,770  speedup is 31.48
sending incremental file list

sent 76 bytes  received 12 bytes  176.00 bytes/sec
total size is 2,770  speedup is 31.48
sending incremental file list

sent 76 bytes  received 12 bytes  176.00 bytes/sec
total size is 2,770  speedup is 31.48
sending incremental file list

sent 76 bytes  received 12 bytes  176.00 bytes/sec
total size is 2,770  speedup is 31.48
sending incremental file list

sent 76 bytes  received 12 bytes  176.00 bytes/sec
total size is 2,770  speedup is 31.48
sending incremental file list

sent 76 bytes  received 12 bytes  176.00 bytes/sec
total size is 2,770  speedup is 31.48
sending incremental file list

sent 76 bytes  received 12 bytes  176.00 bytes/sec
total size is 2,770  speedup is 31.48
sending incremental file list

sent 76 bytes  received 12 bytes  176.00 bytes/sec
total size is 2,770  speedup is 31.48
sending incremental file list

sent 76 bytes  received 12 bytes  176.00 bytes/sec
total size is 2,770  speedup is 31.48
sending incremental file list
tpsci_01.jl.out

sent 2,997 bytes  received 35 bytes  2,021.33 bytes/sec
total size is 2,874  speedup is 0.95
sending incremental file list
tpsci_01.jl.out

sent 3,598 bytes  received 35 bytes  7,266.00 bytes/sec
total size is 3,475  speedup is 0.96
sending incremental file list

sent 76 bytes  received 12 bytes  176.00 bytes/sec
total size is 3,475  speedup is 39.49
sending incremental file list

sent 76 bytes  received 12 bytes  176.00 bytes/sec
total size is 3,475  speedup is 39.49
sending incremental file list

sent 76 bytes  received 12 bytes  176.00 bytes/sec
total size is 3,475  speedup is 39.49
sending incremental file list

sent 76 bytes  received 12 bytes  176.00 bytes/sec
total size is 3,475  speedup is 39.49
sending incremental file list

sent 76 bytes  received 12 bytes  176.00 bytes/sec
total size is 3,475  speedup is 39.49
sending incremental file list

sent 76 bytes  received 12 bytes  176.00 bytes/sec
total size is 3,475  speedup is 39.49
sending incremental file list

sent 76 bytes  received 12 bytes  176.00 bytes/sec
total size is 3,475  speedup is 39.49
sending incremental file list

sent 76 bytes  received 12 bytes  176.00 bytes/sec
total size is 3,475  speedup is 39.49
sending incremental file list

sent 76 bytes  received 12 bytes  176.00 bytes/sec
total size is 3,475  speedup is 39.49
sending incremental file list

sent 76 bytes  received 12 bytes  176.00 bytes/sec
total size is 3,475  speedup is 39.49
sending incremental file list

sent 76 bytes  received 12 bytes  176.00 bytes/sec
total size is 3,475  speedup is 39.49
sending incremental file list

sent 76 bytes  received 12 bytes  176.00 bytes/sec
total size is 3,475  speedup is 39.49
sending incremental file list

sent 76 bytes  received 12 bytes  176.00 bytes/sec
total size is 3,475  speedup is 39.49
sending incremental file list

sent 76 bytes  received 12 bytes  176.00 bytes/sec
total size is 3,475  speedup is 39.49
sending incremental file list

sent 76 bytes  received 12 bytes  176.00 bytes/sec
total size is 3,475  speedup is 39.49
sending incremental file list

sent 76 bytes  received 12 bytes  176.00 bytes/sec
total size is 3,475  speedup is 39.49
sending incremental file list

sent 76 bytes  received 12 bytes  176.00 bytes/sec
total size is 3,475  speedup is 39.49
sending incremental file list

sent 76 bytes  received 12 bytes  176.00 bytes/sec
total size is 3,475  speedup is 39.49
sending incremental file list

sent 76 bytes  received 12 bytes  176.00 bytes/sec
total size is 3,475  speedup is 39.49
sending incremental file list

sent 76 bytes  received 12 bytes  176.00 bytes/sec
total size is 3,475  speedup is 39.49
sending incremental file list

sent 76 bytes  received 12 bytes  176.00 bytes/sec
total size is 3,475  speedup is 39.49
sending incremental file list

sent 76 bytes  received 12 bytes  176.00 bytes/sec
total size is 3,475  speedup is 39.49
sending incremental file list

sent 76 bytes  received 12 bytes  176.00 bytes/sec
total size is 3,475  speedup is 39.49
sending incremental file list

sent 76 bytes  received 12 bytes  176.00 bytes/sec
total size is 3,475  speedup is 39.49
sending incremental file list

sent 76 bytes  received 12 bytes  176.00 bytes/sec
total size is 3,475  speedup is 39.49
sending incremental file list

sent 76 bytes  received 12 bytes  176.00 bytes/sec
total size is 3,475  speedup is 39.49
sending incremental file list

sent 76 bytes  received 12 bytes  176.00 bytes/sec
total size is 3,475  speedup is 39.49
sending incremental file list

sent 76 bytes  received 12 bytes  176.00 bytes/sec
total size is 3,475  speedup is 39.49
sending incremental file list

sent 76 bytes  received 12 bytes  176.00 bytes/sec
total size is 3,475  speedup is 39.49
sending incremental file list

sent 76 bytes  received 12 bytes  176.00 bytes/sec
total size is 3,475  speedup is 39.49
sending incremental file list

sent 76 bytes  received 12 bytes  176.00 bytes/sec
total size is 3,475  speedup is 39.49
sending incremental file list

sent 76 bytes  received 12 bytes  176.00 bytes/sec
total size is 3,475  speedup is 39.49
sending incremental file list
tpsci_01.jl.out

sent 3,702 bytes  received 35 bytes  7,474.00 bytes/sec
total size is 3,579  speedup is 0.96
sending incremental file list
tpsci_01.jl.out

sent 3,958 bytes  received 35 bytes  7,986.00 bytes/sec
total size is 3,835  speedup is 0.96
sending incremental file list
tpsci_01.jl.out

sent 4,278 bytes  received 35 bytes  8,626.00 bytes/sec
total size is 4,155  speedup is 0.96
sending incremental file list
tpsci_01.jl.out

sent 57,530 bytes  received 35 bytes  115,130.00 bytes/sec
total size is 57,404  speedup is 1.00
sending incremental file list
tpsci_01.jl.out

sent 81,875 bytes  received 35 bytes  163,820.00 bytes/sec
total size is 81,740  speedup is 1.00
sending incremental file list

sent 76 bytes  received 12 bytes  176.00 bytes/sec
total size is 81,740  speedup is 928.86
sending incremental file list
tpsci_01.jl.out

sent 147,762 bytes  received 35 bytes  295,594.00 bytes/sec
total size is 147,611  speedup is 1.00
sending incremental file list
tpsci_01.jl.out

sent 232,663 bytes  received 35 bytes  465,396.00 bytes/sec
total size is 232,488  speedup is 1.00
sending incremental file list
tpsci_01.jl.out

sent 278,301 bytes  received 35 bytes  556,672.00 bytes/sec
total size is 278,118  speedup is 1.00
sending incremental file list
tpsci_01.jl.out

sent 299,044 bytes  received 35 bytes  598,158.00 bytes/sec
total size is 298,853  speedup is 1.00
sending incremental file list
tpsci_01.jl.out

sent 576,341 bytes  received 35 bytes  384,250.67 bytes/sec
total size is 576,087  speedup is 1.00
sending incremental file list
tpsci_01.jl.out

sent 576,791 bytes  received 35 bytes  1,153,652.00 bytes/sec
total size is 576,536  speedup is 1.00
sending incremental file list

sent 76 bytes  received 12 bytes  176.00 bytes/sec
total size is 576,536  speedup is 6,551.55
sending incremental file list

sent 76 bytes  received 12 bytes  176.00 bytes/sec
total size is 576,536  speedup is 6,551.55
sending incremental file list

sent 76 bytes  received 12 bytes  176.00 bytes/sec
total size is 576,536  speedup is 6,551.55
sending incremental file list
tpsci_01.jl.out

sent 577,304 bytes  received 35 bytes  1,154,678.00 bytes/sec
total size is 577,049  speedup is 1.00
sending incremental file list

sent 76 bytes  received 12 bytes  176.00 bytes/sec
total size is 577,049  speedup is 6,557.38
sending incremental file list

sent 76 bytes  received 12 bytes  176.00 bytes/sec
total size is 577,049  speedup is 6,557.38
sending incremental file list

sent 76 bytes  received 12 bytes  176.00 bytes/sec
total size is 577,049  speedup is 6,557.38
sending incremental file list

sent 76 bytes  received 12 bytes  176.00 bytes/sec
total size is 577,049  speedup is 6,557.38
sending incremental file list

sent 76 bytes  received 12 bytes  176.00 bytes/sec
total size is 577,049  speedup is 6,557.38
sending incremental file list

sent 76 bytes  received 12 bytes  176.00 bytes/sec
total size is 577,049  speedup is 6,557.38
sending incremental file list

sent 76 bytes  received 12 bytes  176.00 bytes/sec
total size is 577,049  speedup is 6,557.38
sending incremental file list
tpsci_01.jl.out

sent 577,472 bytes  received 35 bytes  1,155,014.00 bytes/sec
total size is 577,217  speedup is 1.00
sending incremental file list
tpsci_01.jl.out

sent 577,880 bytes  received 35 bytes  1,155,830.00 bytes/sec
total size is 577,626  speedup is 1.00
sending incremental file list

sent 75 bytes  received 12 bytes  174.00 bytes/sec
total size is 577,626  speedup is 6,639.38
sending incremental file list

sent 75 bytes  received 12 bytes  174.00 bytes/sec
total size is 577,626  speedup is 6,639.38
sending incremental file list

sent 75 bytes  received 12 bytes  174.00 bytes/sec
total size is 577,626  speedup is 6,639.38
sending incremental file list

sent 75 bytes  received 12 bytes  174.00 bytes/sec
total size is 577,626  speedup is 6,639.38
sending incremental file list

sent 75 bytes  received 12 bytes  174.00 bytes/sec
total size is 577,626  speedup is 6,639.38
sending incremental file list

sent 75 bytes  received 12 bytes  174.00 bytes/sec
total size is 577,626  speedup is 6,639.38
sending incremental file list

sent 75 bytes  received 12 bytes  174.00 bytes/sec
total size is 577,626  speedup is 6,639.38
sending incremental file list

sent 75 bytes  received 12 bytes  174.00 bytes/sec
total size is 577,626  speedup is 6,639.38
sending incremental file list

sent 75 bytes  received 12 bytes  174.00 bytes/sec
total size is 577,626  speedup is 6,639.38
sending incremental file list

sent 75 bytes  received 12 bytes  174.00 bytes/sec
total size is 577,626  speedup is 6,639.38
sending incremental file list

sent 75 bytes  received 12 bytes  174.00 bytes/sec
total size is 577,626  speedup is 6,639.38
sending incremental file list

sent 75 bytes  received 12 bytes  174.00 bytes/sec
total size is 577,626  speedup is 6,639.38
sending incremental file list

sent 75 bytes  received 12 bytes  174.00 bytes/sec
total size is 577,626  speedup is 6,639.38
sending incremental file list

sent 75 bytes  received 12 bytes  174.00 bytes/sec
total size is 577,626  speedup is 6,639.38
sending incremental file list

sent 75 bytes  received 12 bytes  174.00 bytes/sec
total size is 577,626  speedup is 6,639.38
sending incremental file list

sent 75 bytes  received 12 bytes  174.00 bytes/sec
total size is 577,626  speedup is 6,639.38
sending incremental file list

sent 75 bytes  received 12 bytes  174.00 bytes/sec
total size is 577,626  speedup is 6,639.38
sending incremental file list

sent 75 bytes  received 12 bytes  174.00 bytes/sec
total size is 577,626  speedup is 6,639.38
sending incremental file list

sent 75 bytes  received 12 bytes  174.00 bytes/sec
total size is 577,626  speedup is 6,639.38
sending incremental file list

sent 75 bytes  received 12 bytes  174.00 bytes/sec
total size is 577,626  speedup is 6,639.38
sending incremental file list

sent 75 bytes  received 12 bytes  174.00 bytes/sec
total size is 577,626  speedup is 6,639.38
sending incremental file list

sent 75 bytes  received 12 bytes  174.00 bytes/sec
total size is 577,626  speedup is 6,639.38
sending incremental file list

sent 75 bytes  received 12 bytes  174.00 bytes/sec
total size is 577,626  speedup is 6,639.38
sending incremental file list
tpsci_01.jl.out

sent 578,241 bytes  received 35 bytes  1,156,552.00 bytes/sec
total size is 577,986  speedup is 1.00
sending incremental file list
tpsci_01.jl.out

sent 578,521 bytes  received 35 bytes  1,157,112.00 bytes/sec
total size is 578,267  speedup is 1.00
sending incremental file list

sent 75 bytes  received 12 bytes  174.00 bytes/sec
total size is 578,267  speedup is 6,646.75
sending incremental file list

sent 75 bytes  received 12 bytes  174.00 bytes/sec
total size is 578,267  speedup is 6,646.75
sending incremental file list

sent 75 bytes  received 12 bytes  174.00 bytes/sec
total size is 578,267  speedup is 6,646.75
sending incremental file list

sent 75 bytes  received 12 bytes  174.00 bytes/sec
total size is 578,267  speedup is 6,646.75
sending incremental file list

sent 75 bytes  received 12 bytes  174.00 bytes/sec
total size is 578,267  speedup is 6,646.75
sending incremental file list

sent 75 bytes  received 12 bytes  174.00 bytes/sec
total size is 578,267  speedup is 6,646.75
sending incremental file list

sent 75 bytes  received 12 bytes  174.00 bytes/sec
total size is 578,267  speedup is 6,646.75
sending incremental file list

sent 75 bytes  received 12 bytes  58.00 bytes/sec
total size is 578,267  speedup is 6,646.75
sending incremental file list

sent 75 bytes  received 12 bytes  174.00 bytes/sec
total size is 578,267  speedup is 6,646.75
sending incremental file list

sent 75 bytes  received 12 bytes  174.00 bytes/sec
total size is 578,267  speedup is 6,646.75
sending incremental file list

sent 75 bytes  received 12 bytes  174.00 bytes/sec
total size is 578,267  speedup is 6,646.75
sending incremental file list

sent 75 bytes  received 12 bytes  174.00 bytes/sec
total size is 578,267  speedup is 6,646.75
sending incremental file list

sent 75 bytes  received 12 bytes  174.00 bytes/sec
total size is 578,267  speedup is 6,646.75
sending incremental file list

sent 75 bytes  received 12 bytes  174.00 bytes/sec
total size is 578,267  speedup is 6,646.75
sending incremental file list

sent 75 bytes  received 12 bytes  174.00 bytes/sec
total size is 578,267  speedup is 6,646.75
sending incremental file list

sent 75 bytes  received 12 bytes  174.00 bytes/sec
total size is 578,267  speedup is 6,646.75
sending incremental file list

sent 75 bytes  received 12 bytes  174.00 bytes/sec
total size is 578,267  speedup is 6,646.75
sending incremental file list

sent 75 bytes  received 12 bytes  174.00 bytes/sec
total size is 578,267  speedup is 6,646.75
sending incremental file list

sent 75 bytes  received 12 bytes  174.00 bytes/sec
total size is 578,267  speedup is 6,646.75
sending incremental file list

sent 75 bytes  received 12 bytes  174.00 bytes/sec
total size is 578,267  speedup is 6,646.75
sending incremental file list

sent 75 bytes  received 12 bytes  174.00 bytes/sec
total size is 578,267  speedup is 6,646.75
sending incremental file list

sent 75 bytes  received 12 bytes  174.00 bytes/sec
total size is 578,267  speedup is 6,646.75
sending incremental file list

sent 75 bytes  received 12 bytes  174.00 bytes/sec
total size is 578,267  speedup is 6,646.75
sending incremental file list

sent 75 bytes  received 12 bytes  174.00 bytes/sec
total size is 578,267  speedup is 6,646.75
sending incremental file list

sent 75 bytes  received 12 bytes  174.00 bytes/sec
total size is 578,267  speedup is 6,646.75
sending incremental file list

sent 75 bytes  received 12 bytes  174.00 bytes/sec
total size is 578,267  speedup is 6,646.75
sending incremental file list

sent 75 bytes  received 12 bytes  174.00 bytes/sec
total size is 578,267  speedup is 6,646.75
sending incremental file list

sent 75 bytes  received 12 bytes  174.00 bytes/sec
total size is 578,267  speedup is 6,646.75
sending incremental file list

sent 75 bytes  received 12 bytes  174.00 bytes/sec
total size is 578,267  speedup is 6,646.75
sending incremental file list
tpsci_01.jl.out

sent 578,626 bytes  received 35 bytes  1,157,322.00 bytes/sec
total size is 578,371  speedup is 1.00
sending incremental file list
tpsci_01.jl.out

sent 578,946 bytes  received 35 bytes  1,157,962.00 bytes/sec
total size is 578,691  speedup is 1.00
sending incremental file list
tpsci_01.jl.out

sent 579,227 bytes  received 35 bytes  1,158,524.00 bytes/sec
total size is 578,972  speedup is 1.00
sending incremental file list

sent 76 bytes  received 12 bytes  176.00 bytes/sec
total size is 578,972  speedup is 6,579.23
sending incremental file list

sent 76 bytes  received 12 bytes  176.00 bytes/sec
total size is 578,972  speedup is 6,579.23
sending incremental file list

sent 76 bytes  received 12 bytes  176.00 bytes/sec
total size is 578,972  speedup is 6,579.23
sending incremental file list

sent 76 bytes  received 12 bytes  176.00 bytes/sec
total size is 578,972  speedup is 6,579.23
sending incremental file list

sent 76 bytes  received 12 bytes  176.00 bytes/sec
total size is 578,972  speedup is 6,579.23
sending incremental file list

sent 76 bytes  received 12 bytes  176.00 bytes/sec
total size is 578,972  speedup is 6,579.23
sending incremental file list

sent 76 bytes  received 12 bytes  176.00 bytes/sec
total size is 578,972  speedup is 6,579.23
sending incremental file list

sent 76 bytes  received 12 bytes  176.00 bytes/sec
total size is 578,972  speedup is 6,579.23
sending incremental file list

sent 76 bytes  received 12 bytes  176.00 bytes/sec
total size is 578,972  speedup is 6,579.23
sending incremental file list

sent 76 bytes  received 12 bytes  176.00 bytes/sec
total size is 578,972  speedup is 6,579.23
sending incremental file list

sent 76 bytes  received 12 bytes  176.00 bytes/sec
total size is 578,972  speedup is 6,579.23
sending incremental file list

sent 76 bytes  received 12 bytes  176.00 bytes/sec
total size is 578,972  speedup is 6,579.23
sending incremental file list

sent 76 bytes  received 12 bytes  176.00 bytes/sec
total size is 578,972  speedup is 6,579.23
sending incremental file list

sent 76 bytes  received 12 bytes  176.00 bytes/sec
total size is 578,972  speedup is 6,579.23
sending incremental file list

sent 76 bytes  received 12 bytes  176.00 bytes/sec
total size is 578,972  speedup is 6,579.23
sending incremental file list

sent 76 bytes  received 12 bytes  176.00 bytes/sec
total size is 578,972  speedup is 6,579.23
sending incremental file list

sent 76 bytes  received 12 bytes  176.00 bytes/sec
total size is 578,972  speedup is 6,579.23
sending incremental file list

sent 76 bytes  received 12 bytes  176.00 bytes/sec
total size is 578,972  speedup is 6,579.23
sending incremental file list

sent 76 bytes  received 12 bytes  176.00 bytes/sec
total size is 578,972  speedup is 6,579.23
sending incremental file list

sent 76 bytes  received 12 bytes  176.00 bytes/sec
total size is 578,972  speedup is 6,579.23
sending incremental file list

sent 76 bytes  received 12 bytes  176.00 bytes/sec
total size is 578,972  speedup is 6,579.23
sending incremental file list

sent 76 bytes  received 12 bytes  176.00 bytes/sec
total size is 578,972  speedup is 6,579.23
sending incremental file list

sent 76 bytes  received 12 bytes  176.00 bytes/sec
total size is 578,972  speedup is 6,579.23
sending incremental file list

sent 76 bytes  received 12 bytes  176.00 bytes/sec
total size is 578,972  speedup is 6,579.23
sending incremental file list

sent 76 bytes  received 12 bytes  176.00 bytes/sec
total size is 578,972  speedup is 6,579.23
sending incremental file list

sent 76 bytes  received 12 bytes  176.00 bytes/sec
total size is 578,972  speedup is 6,579.23
sending incremental file list

sent 76 bytes  received 12 bytes  176.00 bytes/sec
total size is 578,972  speedup is 6,579.23
sending incremental file list

sent 76 bytes  received 12 bytes  176.00 bytes/sec
total size is 578,972  speedup is 6,579.23
sending incremental file list

sent 76 bytes  received 12 bytes  176.00 bytes/sec
total size is 578,972  speedup is 6,579.23
sending incremental file list

sent 76 bytes  received 12 bytes  176.00 bytes/sec
total size is 578,972  speedup is 6,579.23
sending incremental file list

sent 76 bytes  received 12 bytes  176.00 bytes/sec
total size is 578,972  speedup is 6,579.23
sending incremental file list

sent 76 bytes  received 12 bytes  176.00 bytes/sec
total size is 578,972  speedup is 6,579.23
sending incremental file list

sent 76 bytes  received 12 bytes  176.00 bytes/sec
total size is 578,972  speedup is 6,579.23
sending incremental file list

sent 76 bytes  received 12 bytes  176.00 bytes/sec
total size is 578,972  speedup is 6,579.23
sending incremental file list

sent 76 bytes  received 12 bytes  176.00 bytes/sec
total size is 578,972  speedup is 6,579.23
sending incremental file list

sent 76 bytes  received 12 bytes  176.00 bytes/sec
total size is 578,972  speedup is 6,579.23
sending incremental file list

sent 76 bytes  received 12 bytes  176.00 bytes/sec
total size is 578,972  speedup is 6,579.23
sending incremental file list
tpsci_01.jl.out

sent 579,395 bytes  received 35 bytes  1,158,860.00 bytes/sec
total size is 579,140  speedup is 1.00
sending incremental file list
tpsci_01.jl.out

sent 579,651 bytes  received 35 bytes  1,159,372.00 bytes/sec
total size is 579,396  speedup is 1.00
sending incremental file list
tpsci_01.jl.out

sent 579,907 bytes  received 35 bytes  1,159,884.00 bytes/sec
total size is 579,652  speedup is 1.00
sending incremental file list
tpsci_01.jl.out

sent 646,783 bytes  received 35 bytes  1,293,636.00 bytes/sec
total size is 646,512  speedup is 1.00
sending incremental file list
tpsci_01.jl.out

sent 657,515 bytes  received 35 bytes  1,315,100.00 bytes/sec
total size is 657,237  speedup is 1.00
sending incremental file list
tpsci_01.jl.out

sent 690,271 bytes  received 35 bytes  1,380,612.00 bytes/sec
total size is 689,984  speedup is 1.00
sending incremental file list
tpsci_01.jl.out

sent 776,958 bytes  received 35 bytes  1,553,986.00 bytes/sec
total size is 776,655  speedup is 1.00
sending incremental file list
tpsci_01.jl.out

sent 835,369 bytes  received 35 bytes  1,670,808.00 bytes/sec
total size is 835,051  speedup is 1.00
sending incremental file list
tpsci_01.jl.out

sent 874,677 bytes  received 35 bytes  1,749,424.00 bytes/sec
total size is 874,350  speedup is 1.00
sending incremental file list
tpsci_01.jl.out

sent 890,477 bytes  received 35 bytes  1,781,024.00 bytes/sec
total size is 890,142  speedup is 1.00
sending incremental file list

sent 76 bytes  received 12 bytes  176.00 bytes/sec
total size is 890,142  speedup is 10,115.25
sending incremental file list

sent 76 bytes  received 12 bytes  176.00 bytes/sec
total size is 890,142  speedup is 10,115.25
sending incremental file list

sent 76 bytes  received 12 bytes  176.00 bytes/sec
total size is 890,142  speedup is 10,115.25
sending incremental file list

sent 76 bytes  received 12 bytes  176.00 bytes/sec
total size is 890,142  speedup is 10,115.25
sending incremental file list

sent 76 bytes  received 12 bytes  176.00 bytes/sec
total size is 890,142  speedup is 10,115.25
sending incremental file list

sent 76 bytes  received 12 bytes  176.00 bytes/sec
total size is 890,142  speedup is 10,115.25
sending incremental file list

sent 76 bytes  received 12 bytes  176.00 bytes/sec
total size is 890,142  speedup is 10,115.25
sending incremental file list

sent 76 bytes  received 12 bytes  176.00 bytes/sec
total size is 890,142  speedup is 10,115.25
sending incremental file list

sent 76 bytes  received 12 bytes  176.00 bytes/sec
total size is 890,142  speedup is 10,115.25
sending incremental file list

sent 76 bytes  received 12 bytes  176.00 bytes/sec
total size is 890,142  speedup is 10,115.25
sending incremental file list

sent 76 bytes  received 12 bytes  176.00 bytes/sec
total size is 890,142  speedup is 10,115.25
sending incremental file list

sent 76 bytes  received 12 bytes  176.00 bytes/sec
total size is 890,142  speedup is 10,115.25
sending incremental file list

sent 76 bytes  received 12 bytes  176.00 bytes/sec
total size is 890,142  speedup is 10,115.25
sending incremental file list

sent 76 bytes  received 12 bytes  176.00 bytes/sec
total size is 890,142  speedup is 10,115.25
sending incremental file list

sent 76 bytes  received 12 bytes  176.00 bytes/sec
total size is 890,142  speedup is 10,115.25
sending incremental file list

sent 76 bytes  received 12 bytes  176.00 bytes/sec
total size is 890,142  speedup is 10,115.25
sending incremental file list

sent 76 bytes  received 12 bytes  176.00 bytes/sec
total size is 890,142  speedup is 10,115.25
sending incremental file list

sent 76 bytes  received 12 bytes  176.00 bytes/sec
total size is 890,142  speedup is 10,115.25
sending incremental file list

sent 76 bytes  received 12 bytes  176.00 bytes/sec
total size is 890,142  speedup is 10,115.25
sending incremental file list

sent 76 bytes  received 12 bytes  176.00 bytes/sec
total size is 890,142  speedup is 10,115.25
sending incremental file list

sent 76 bytes  received 12 bytes  176.00 bytes/sec
total size is 890,142  speedup is 10,115.25
sending incremental file list

sent 76 bytes  received 12 bytes  176.00 bytes/sec
total size is 890,142  speedup is 10,115.25
sending incremental file list

sent 76 bytes  received 12 bytes  176.00 bytes/sec
total size is 890,142  speedup is 10,115.25
sending incremental file list

sent 76 bytes  received 12 bytes  176.00 bytes/sec
total size is 890,142  speedup is 10,115.25
sending incremental file list

sent 76 bytes  received 12 bytes  176.00 bytes/sec
total size is 890,142  speedup is 10,115.25
sending incremental file list

sent 76 bytes  received 12 bytes  176.00 bytes/sec
total size is 890,142  speedup is 10,115.25
sending incremental file list

sent 76 bytes  received 12 bytes  176.00 bytes/sec
total size is 890,142  speedup is 10,115.25
sending incremental file list

sent 76 bytes  received 12 bytes  176.00 bytes/sec
total size is 890,142  speedup is 10,115.25
sending incremental file list

sent 76 bytes  received 12 bytes  176.00 bytes/sec
total size is 890,142  speedup is 10,115.25
sending incremental file list

sent 76 bytes  received 12 bytes  176.00 bytes/sec
total size is 890,142  speedup is 10,115.25
sending incremental file list

sent 76 bytes  received 12 bytes  176.00 bytes/sec
total size is 890,142  speedup is 10,115.25
sending incremental file list

sent 76 bytes  received 12 bytes  176.00 bytes/sec
total size is 890,142  speedup is 10,115.25
sending incremental file list

sent 76 bytes  received 12 bytes  176.00 bytes/sec
total size is 890,142  speedup is 10,115.25
sending incremental file list

sent 76 bytes  received 12 bytes  176.00 bytes/sec
total size is 890,142  speedup is 10,115.25
sending incremental file list

sent 76 bytes  received 12 bytes  176.00 bytes/sec
total size is 890,142  speedup is 10,115.25
sending incremental file list

sent 76 bytes  received 12 bytes  176.00 bytes/sec
total size is 890,142  speedup is 10,115.25
sending incremental file list

sent 76 bytes  received 12 bytes  176.00 bytes/sec
total size is 890,142  speedup is 10,115.25
sending incremental file list

sent 76 bytes  received 12 bytes  176.00 bytes/sec
total size is 890,142  speedup is 10,115.25
sending incremental file list

sent 76 bytes  received 12 bytes  176.00 bytes/sec
total size is 890,142  speedup is 10,115.25
sending incremental file list

sent 76 bytes  received 12 bytes  176.00 bytes/sec
total size is 890,142  speedup is 10,115.25
sending incremental file list

sent 76 bytes  received 12 bytes  176.00 bytes/sec
total size is 890,142  speedup is 10,115.25
sending incremental file list

sent 76 bytes  received 12 bytes  176.00 bytes/sec
total size is 890,142  speedup is 10,115.25
sending incremental file list

sent 76 bytes  received 12 bytes  176.00 bytes/sec
total size is 890,142  speedup is 10,115.25
sending incremental file list

sent 76 bytes  received 12 bytes  176.00 bytes/sec
total size is 890,142  speedup is 10,115.25
sending incremental file list

sent 76 bytes  received 12 bytes  176.00 bytes/sec
total size is 890,142  speedup is 10,115.25
sending incremental file list

sent 76 bytes  received 12 bytes  176.00 bytes/sec
total size is 890,142  speedup is 10,115.25
sending incremental file list

sent 76 bytes  received 12 bytes  176.00 bytes/sec
total size is 890,142  speedup is 10,115.25
sending incremental file list

sent 76 bytes  received 12 bytes  176.00 bytes/sec
total size is 890,142  speedup is 10,115.25
sending incremental file list

sent 76 bytes  received 12 bytes  176.00 bytes/sec
total size is 890,142  speedup is 10,115.25
sending incremental file list

sent 76 bytes  received 12 bytes  176.00 bytes/sec
total size is 890,142  speedup is 10,115.25
sending incremental file list

sent 76 bytes  received 12 bytes  176.00 bytes/sec
total size is 890,142  speedup is 10,115.25
sending incremental file list

sent 76 bytes  received 12 bytes  176.00 bytes/sec
total size is 890,142  speedup is 10,115.25
sending incremental file list

sent 76 bytes  received 12 bytes  176.00 bytes/sec
total size is 890,142  speedup is 10,115.25
sending incremental file list

sent 76 bytes  received 12 bytes  176.00 bytes/sec
total size is 890,142  speedup is 10,115.25
sending incremental file list

sent 76 bytes  received 12 bytes  176.00 bytes/sec
total size is 890,142  speedup is 10,115.25
sending incremental file list

sent 76 bytes  received 12 bytes  176.00 bytes/sec
total size is 890,142  speedup is 10,115.25
sending incremental file list

sent 76 bytes  received 12 bytes  176.00 bytes/sec
total size is 890,142  speedup is 10,115.25
sending incremental file list

sent 76 bytes  received 12 bytes  176.00 bytes/sec
total size is 890,142  speedup is 10,115.25
sending incremental file list

sent 76 bytes  received 12 bytes  176.00 bytes/sec
total size is 890,142  speedup is 10,115.25
sending incremental file list

sent 76 bytes  received 12 bytes  176.00 bytes/sec
total size is 890,142  speedup is 10,115.25
sending incremental file list

sent 76 bytes  received 12 bytes  176.00 bytes/sec
total size is 890,142  speedup is 10,115.25
sending incremental file list

sent 76 bytes  received 12 bytes  176.00 bytes/sec
total size is 890,142  speedup is 10,115.25
sending incremental file list

sent 76 bytes  received 12 bytes  176.00 bytes/sec
total size is 890,142  speedup is 10,115.25
sending incremental file list

sent 76 bytes  received 12 bytes  176.00 bytes/sec
total size is 890,142  speedup is 10,115.25
sending incremental file list

sent 76 bytes  received 12 bytes  176.00 bytes/sec
total size is 890,142  speedup is 10,115.25
sending incremental file list

sent 76 bytes  received 12 bytes  176.00 bytes/sec
total size is 890,142  speedup is 10,115.25
sending incremental file list

sent 76 bytes  received 12 bytes  176.00 bytes/sec
total size is 890,142  speedup is 10,115.25
sending incremental file list

sent 76 bytes  received 12 bytes  176.00 bytes/sec
total size is 890,142  speedup is 10,115.25
sending incremental file list

sent 76 bytes  received 12 bytes  176.00 bytes/sec
total size is 890,142  speedup is 10,115.25
sending incremental file list

sent 76 bytes  received 12 bytes  176.00 bytes/sec
total size is 890,142  speedup is 10,115.25
sending incremental file list

sent 76 bytes  received 12 bytes  176.00 bytes/sec
total size is 890,142  speedup is 10,115.25
sending incremental file list

sent 76 bytes  received 12 bytes  176.00 bytes/sec
total size is 890,142  speedup is 10,115.25
sending incremental file list

sent 76 bytes  received 12 bytes  176.00 bytes/sec
total size is 890,142  speedup is 10,115.25
sending incremental file list

sent 76 bytes  received 12 bytes  176.00 bytes/sec
total size is 890,142  speedup is 10,115.25
sending incremental file list

sent 76 bytes  received 12 bytes  176.00 bytes/sec
total size is 890,142  speedup is 10,115.25
sending incremental file list

sent 76 bytes  received 12 bytes  176.00 bytes/sec
total size is 890,142  speedup is 10,115.25
sending incremental file list

sent 76 bytes  received 12 bytes  176.00 bytes/sec
total size is 890,142  speedup is 10,115.25
sending incremental file list

sent 76 bytes  received 12 bytes  176.00 bytes/sec
total size is 890,142  speedup is 10,115.25
sending incremental file list

sent 76 bytes  received 12 bytes  176.00 bytes/sec
total size is 890,142  speedup is 10,115.25
sending incremental file list

sent 76 bytes  received 12 bytes  176.00 bytes/sec
total size is 890,142  speedup is 10,115.25
sending incremental file list

sent 76 bytes  received 12 bytes  176.00 bytes/sec
total size is 890,142  speedup is 10,115.25
sending incremental file list

sent 76 bytes  received 12 bytes  176.00 bytes/sec
total size is 890,142  speedup is 10,115.25
sending incremental file list

sent 76 bytes  received 12 bytes  176.00 bytes/sec
total size is 890,142  speedup is 10,115.25
sending incremental file list

sent 76 bytes  received 12 bytes  176.00 bytes/sec
total size is 890,142  speedup is 10,115.25
sending incremental file list

sent 76 bytes  received 12 bytes  176.00 bytes/sec
total size is 890,142  speedup is 10,115.25
sending incremental file list

sent 76 bytes  received 12 bytes  176.00 bytes/sec
total size is 890,142  speedup is 10,115.25
sending incremental file list

sent 76 bytes  received 12 bytes  176.00 bytes/sec
total size is 890,142  speedup is 10,115.25
sending incremental file list

sent 76 bytes  received 12 bytes  176.00 bytes/sec
total size is 890,142  speedup is 10,115.25
sending incremental file list

sent 76 bytes  received 12 bytes  176.00 bytes/sec
total size is 890,142  speedup is 10,115.25
sending incremental file list

sent 76 bytes  received 12 bytes  176.00 bytes/sec
total size is 890,142  speedup is 10,115.25
sending incremental file list

sent 76 bytes  received 12 bytes  176.00 bytes/sec
total size is 890,142  speedup is 10,115.25
sending incremental file list

sent 76 bytes  received 12 bytes  176.00 bytes/sec
total size is 890,142  speedup is 10,115.25
sending incremental file list

sent 76 bytes  received 12 bytes  176.00 bytes/sec
total size is 890,142  speedup is 10,115.25
sending incremental file list

sent 76 bytes  received 12 bytes  176.00 bytes/sec
total size is 890,142  speedup is 10,115.25
sending incremental file list

sent 76 bytes  received 12 bytes  176.00 bytes/sec
total size is 890,142  speedup is 10,115.25
sending incremental file list

sent 76 bytes  received 12 bytes  176.00 bytes/sec
total size is 890,142  speedup is 10,115.25
sending incremental file list

sent 76 bytes  received 12 bytes  176.00 bytes/sec
total size is 890,142  speedup is 10,115.25
sending incremental file list

sent 76 bytes  received 12 bytes  176.00 bytes/sec
total size is 890,142  speedup is 10,115.25
sending incremental file list

sent 76 bytes  received 12 bytes  176.00 bytes/sec
total size is 890,142  speedup is 10,115.25
sending incremental file list

sent 76 bytes  received 12 bytes  176.00 bytes/sec
total size is 890,142  speedup is 10,115.25
sending incremental file list

sent 76 bytes  received 12 bytes  176.00 bytes/sec
total size is 890,142  speedup is 10,115.25
sending incremental file list

sent 76 bytes  received 12 bytes  176.00 bytes/sec
total size is 890,142  speedup is 10,115.25
sending incremental file list

sent 76 bytes  received 12 bytes  176.00 bytes/sec
total size is 890,142  speedup is 10,115.25
sending incremental file list

sent 76 bytes  received 12 bytes  176.00 bytes/sec
total size is 890,142  speedup is 10,115.25
sending incremental file list

sent 76 bytes  received 12 bytes  176.00 bytes/sec
total size is 890,142  speedup is 10,115.25
sending incremental file list

sent 76 bytes  received 12 bytes  176.00 bytes/sec
total size is 890,142  speedup is 10,115.25
sending incremental file list

sent 76 bytes  received 12 bytes  176.00 bytes/sec
total size is 890,142  speedup is 10,115.25
sending incremental file list

sent 76 bytes  received 12 bytes  176.00 bytes/sec
total size is 890,142  speedup is 10,115.25
sending incremental file list

sent 76 bytes  received 12 bytes  176.00 bytes/sec
total size is 890,142  speedup is 10,115.25
sending incremental file list

sent 76 bytes  received 12 bytes  176.00 bytes/sec
total size is 890,142  speedup is 10,115.25
sending incremental file list

sent 76 bytes  received 12 bytes  176.00 bytes/sec
total size is 890,142  speedup is 10,115.25
sending incremental file list

sent 76 bytes  received 12 bytes  176.00 bytes/sec
total size is 890,142  speedup is 10,115.25
sending incremental file list

sent 76 bytes  received 12 bytes  176.00 bytes/sec
total size is 890,142  speedup is 10,115.25
sending incremental file list

sent 76 bytes  received 12 bytes  176.00 bytes/sec
total size is 890,142  speedup is 10,115.25
sending incremental file list

sent 76 bytes  received 12 bytes  176.00 bytes/sec
total size is 890,142  speedup is 10,115.25
sending incremental file list

sent 76 bytes  received 12 bytes  176.00 bytes/sec
total size is 890,142  speedup is 10,115.25
sending incremental file list

sent 76 bytes  received 12 bytes  176.00 bytes/sec
total size is 890,142  speedup is 10,115.25
sending incremental file list

sent 76 bytes  received 12 bytes  176.00 bytes/sec
total size is 890,142  speedup is 10,115.25
sending incremental file list

sent 76 bytes  received 12 bytes  176.00 bytes/sec
total size is 890,142  speedup is 10,115.25
sending incremental file list

sent 76 bytes  received 12 bytes  176.00 bytes/sec
total size is 890,142  speedup is 10,115.25
sending incremental file list

sent 76 bytes  received 12 bytes  176.00 bytes/sec
total size is 890,142  speedup is 10,115.25
sending incremental file list

sent 76 bytes  received 12 bytes  176.00 bytes/sec
total size is 890,142  speedup is 10,115.25
sending incremental file list

sent 76 bytes  received 12 bytes  176.00 bytes/sec
total size is 890,142  speedup is 10,115.25
sending incremental file list

sent 76 bytes  received 12 bytes  176.00 bytes/sec
total size is 890,142  speedup is 10,115.25
sending incremental file list

sent 76 bytes  received 12 bytes  176.00 bytes/sec
total size is 890,142  speedup is 10,115.25
sending incremental file list

sent 76 bytes  received 12 bytes  176.00 bytes/sec
total size is 890,142  speedup is 10,115.25
sending incremental file list

sent 76 bytes  received 12 bytes  176.00 bytes/sec
total size is 890,142  speedup is 10,115.25
sending incremental file list

sent 76 bytes  received 12 bytes  176.00 bytes/sec
total size is 890,142  speedup is 10,115.25
sending incremental file list

sent 76 bytes  received 12 bytes  176.00 bytes/sec
total size is 890,142  speedup is 10,115.25
sending incremental file list

sent 76 bytes  received 12 bytes  176.00 bytes/sec
total size is 890,142  speedup is 10,115.25
sending incremental file list

sent 76 bytes  received 12 bytes  176.00 bytes/sec
total size is 890,142  speedup is 10,115.25
sending incremental file list

sent 76 bytes  received 12 bytes  176.00 bytes/sec
total size is 890,142  speedup is 10,115.25
sending incremental file list

sent 76 bytes  received 12 bytes  176.00 bytes/sec
total size is 890,142  speedup is 10,115.25
sending incremental file list

sent 76 bytes  received 12 bytes  176.00 bytes/sec
total size is 890,142  speedup is 10,115.25
sending incremental file list

sent 76 bytes  received 12 bytes  176.00 bytes/sec
total size is 890,142  speedup is 10,115.25
sending incremental file list

sent 76 bytes  received 12 bytes  176.00 bytes/sec
total size is 890,142  speedup is 10,115.25
sending incremental file list

sent 76 bytes  received 12 bytes  176.00 bytes/sec
total size is 890,142  speedup is 10,115.25
sending incremental file list

sent 76 bytes  received 12 bytes  176.00 bytes/sec
total size is 890,142  speedup is 10,115.25
sending incremental file list

sent 76 bytes  received 12 bytes  176.00 bytes/sec
total size is 890,142  speedup is 10,115.25
sending incremental file list

sent 76 bytes  received 12 bytes  176.00 bytes/sec
total size is 890,142  speedup is 10,115.25
sending incremental file list

sent 76 bytes  received 12 bytes  176.00 bytes/sec
total size is 890,142  speedup is 10,115.25
sending incremental file list

sent 76 bytes  received 12 bytes  176.00 bytes/sec
total size is 890,142  speedup is 10,115.25
sending incremental file list

sent 76 bytes  received 12 bytes  176.00 bytes/sec
total size is 890,142  speedup is 10,115.25
sending incremental file list

sent 76 bytes  received 12 bytes  176.00 bytes/sec
total size is 890,142  speedup is 10,115.25
sending incremental file list

sent 76 bytes  received 12 bytes  176.00 bytes/sec
total size is 890,142  speedup is 10,115.25
sending incremental file list

sent 76 bytes  received 12 bytes  176.00 bytes/sec
total size is 890,142  speedup is 10,115.25
sending incremental file list

sent 76 bytes  received 12 bytes  176.00 bytes/sec
total size is 890,142  speedup is 10,115.25
sending incremental file list

sent 76 bytes  received 12 bytes  176.00 bytes/sec
total size is 890,142  speedup is 10,115.25
sending incremental file list

sent 76 bytes  received 12 bytes  176.00 bytes/sec
total size is 890,142  speedup is 10,115.25
sending incremental file list

sent 76 bytes  received 12 bytes  176.00 bytes/sec
total size is 890,142  speedup is 10,115.25
sending incremental file list

sent 76 bytes  received 12 bytes  176.00 bytes/sec
total size is 890,142  speedup is 10,115.25
sending incremental file list

sent 76 bytes  received 12 bytes  176.00 bytes/sec
total size is 890,142  speedup is 10,115.25
sending incremental file list

sent 76 bytes  received 12 bytes  176.00 bytes/sec
total size is 890,142  speedup is 10,115.25
sending incremental file list

sent 76 bytes  received 12 bytes  176.00 bytes/sec
total size is 890,142  speedup is 10,115.25
sending incremental file list

sent 76 bytes  received 12 bytes  176.00 bytes/sec
total size is 890,142  speedup is 10,115.25
sending incremental file list

sent 76 bytes  received 12 bytes  176.00 bytes/sec
total size is 890,142  speedup is 10,115.25
sending incremental file list

sent 76 bytes  received 12 bytes  176.00 bytes/sec
total size is 890,142  speedup is 10,115.25
sending incremental file list

sent 76 bytes  received 12 bytes  176.00 bytes/sec
total size is 890,142  speedup is 10,115.25
sending incremental file list

sent 76 bytes  received 12 bytes  176.00 bytes/sec
total size is 890,142  speedup is 10,115.25
sending incremental file list

sent 76 bytes  received 12 bytes  176.00 bytes/sec
total size is 890,142  speedup is 10,115.25
sending incremental file list

sent 76 bytes  received 12 bytes  176.00 bytes/sec
total size is 890,142  speedup is 10,115.25
sending incremental file list

sent 76 bytes  received 12 bytes  176.00 bytes/sec
total size is 890,142  speedup is 10,115.25
sending incremental file list

sent 76 bytes  received 12 bytes  176.00 bytes/sec
total size is 890,142  speedup is 10,115.25
sending incremental file list

sent 76 bytes  received 12 bytes  176.00 bytes/sec
total size is 890,142  speedup is 10,115.25
sending incremental file list

sent 76 bytes  received 12 bytes  176.00 bytes/sec
total size is 890,142  speedup is 10,115.25
sending incremental file list

sent 76 bytes  received 12 bytes  176.00 bytes/sec
total size is 890,142  speedup is 10,115.25
sending incremental file list

sent 76 bytes  received 12 bytes  176.00 bytes/sec
total size is 890,142  speedup is 10,115.25
sending incremental file list

sent 76 bytes  received 12 bytes  176.00 bytes/sec
total size is 890,142  speedup is 10,115.25
sending incremental file list

sent 76 bytes  received 12 bytes  176.00 bytes/sec
total size is 890,142  speedup is 10,115.25
sending incremental file list

sent 76 bytes  received 12 bytes  176.00 bytes/sec
total size is 890,142  speedup is 10,115.25
sending incremental file list

sent 76 bytes  received 12 bytes  176.00 bytes/sec
total size is 890,142  speedup is 10,115.25
sending incremental file list

sent 76 bytes  received 12 bytes  176.00 bytes/sec
total size is 890,142  speedup is 10,115.25
sending incremental file list

sent 76 bytes  received 12 bytes  176.00 bytes/sec
total size is 890,142  speedup is 10,115.25
sending incremental file list

sent 76 bytes  received 12 bytes  176.00 bytes/sec
total size is 890,142  speedup is 10,115.25
sending incremental file list

sent 76 bytes  received 12 bytes  176.00 bytes/sec
total size is 890,142  speedup is 10,115.25
sending incremental file list

sent 76 bytes  received 12 bytes  176.00 bytes/sec
total size is 890,142  speedup is 10,115.25
sending incremental file list

sent 76 bytes  received 12 bytes  176.00 bytes/sec
total size is 890,142  speedup is 10,115.25
sending incremental file list

sent 76 bytes  received 12 bytes  176.00 bytes/sec
total size is 890,142  speedup is 10,115.25
sending incremental file list

sent 76 bytes  received 12 bytes  176.00 bytes/sec
total size is 890,142  speedup is 10,115.25
sending incremental file list

sent 76 bytes  received 12 bytes  176.00 bytes/sec
total size is 890,142  speedup is 10,115.25
sending incremental file list

sent 76 bytes  received 12 bytes  176.00 bytes/sec
total size is 890,142  speedup is 10,115.25
sending incremental file list

sent 76 bytes  received 12 bytes  176.00 bytes/sec
total size is 890,142  speedup is 10,115.25
sending incremental file list

sent 76 bytes  received 12 bytes  176.00 bytes/sec
total size is 890,142  speedup is 10,115.25
sending incremental file list

sent 76 bytes  received 12 bytes  176.00 bytes/sec
total size is 890,142  speedup is 10,115.25
sending incremental file list

sent 76 bytes  received 12 bytes  176.00 bytes/sec
total size is 890,142  speedup is 10,115.25
sending incremental file list

sent 76 bytes  received 12 bytes  176.00 bytes/sec
total size is 890,142  speedup is 10,115.25
sending incremental file list

sent 76 bytes  received 12 bytes  176.00 bytes/sec
total size is 890,142  speedup is 10,115.25
sending incremental file list

sent 76 bytes  received 12 bytes  176.00 bytes/sec
total size is 890,142  speedup is 10,115.25
sending incremental file list

sent 76 bytes  received 12 bytes  176.00 bytes/sec
total size is 890,142  speedup is 10,115.25
sending incremental file list

sent 76 bytes  received 12 bytes  176.00 bytes/sec
total size is 890,142  speedup is 10,115.25
sending incremental file list

sent 76 bytes  received 12 bytes  176.00 bytes/sec
total size is 890,142  speedup is 10,115.25
sending incremental file list

sent 76 bytes  received 12 bytes  176.00 bytes/sec
total size is 890,142  speedup is 10,115.25
sending incremental file list

sent 76 bytes  received 12 bytes  176.00 bytes/sec
total size is 890,142  speedup is 10,115.25
sending incremental file list

sent 76 bytes  received 12 bytes  176.00 bytes/sec
total size is 890,142  speedup is 10,115.25
sending incremental file list

sent 76 bytes  received 12 bytes  176.00 bytes/sec
total size is 890,142  speedup is 10,115.25
sending incremental file list

sent 76 bytes  received 12 bytes  176.00 bytes/sec
total size is 890,142  speedup is 10,115.25
sending incremental file list

sent 76 bytes  received 12 bytes  176.00 bytes/sec
total size is 890,142  speedup is 10,115.25
sending incremental file list

sent 76 bytes  received 12 bytes  176.00 bytes/sec
total size is 890,142  speedup is 10,115.25
sending incremental file list

sent 76 bytes  received 12 bytes  176.00 bytes/sec
total size is 890,142  speedup is 10,115.25
sending incremental file list

sent 76 bytes  received 12 bytes  176.00 bytes/sec
total size is 890,142  speedup is 10,115.25
sending incremental file list

sent 76 bytes  received 12 bytes  176.00 bytes/sec
total size is 890,142  speedup is 10,115.25
sending incremental file list

sent 76 bytes  received 12 bytes  176.00 bytes/sec
total size is 890,142  speedup is 10,115.25
sending incremental file list

sent 76 bytes  received 12 bytes  176.00 bytes/sec
total size is 890,142  speedup is 10,115.25
sending incremental file list

sent 76 bytes  received 12 bytes  176.00 bytes/sec
total size is 890,142  speedup is 10,115.25
sending incremental file list

sent 76 bytes  received 12 bytes  176.00 bytes/sec
total size is 890,142  speedup is 10,115.25
sending incremental file list

sent 76 bytes  received 12 bytes  176.00 bytes/sec
total size is 890,142  speedup is 10,115.25
sending incremental file list

sent 76 bytes  received 12 bytes  176.00 bytes/sec
total size is 890,142  speedup is 10,115.25
sending incremental file list

sent 76 bytes  received 12 bytes  176.00 bytes/sec
total size is 890,142  speedup is 10,115.25
sending incremental file list

sent 76 bytes  received 12 bytes  176.00 bytes/sec
total size is 890,142  speedup is 10,115.25
sending incremental file list

sent 76 bytes  received 12 bytes  176.00 bytes/sec
total size is 890,142  speedup is 10,115.25
sending incremental file list

sent 76 bytes  received 12 bytes  176.00 bytes/sec
total size is 890,142  speedup is 10,115.25
sending incremental file list

sent 76 bytes  received 12 bytes  176.00 bytes/sec
total size is 890,142  speedup is 10,115.25
sending incremental file list

sent 76 bytes  received 12 bytes  176.00 bytes/sec
total size is 890,142  speedup is 10,115.25
sending incremental file list

sent 76 bytes  received 12 bytes  176.00 bytes/sec
total size is 890,142  speedup is 10,115.25
sending incremental file list

sent 76 bytes  received 12 bytes  176.00 bytes/sec
total size is 890,142  speedup is 10,115.25
sending incremental file list

sent 76 bytes  received 12 bytes  176.00 bytes/sec
total size is 890,142  speedup is 10,115.25
sending incremental file list

sent 76 bytes  received 12 bytes  176.00 bytes/sec
total size is 890,142  speedup is 10,115.25
sending incremental file list

sent 76 bytes  received 12 bytes  176.00 bytes/sec
total size is 890,142  speedup is 10,115.25
sending incremental file list

sent 76 bytes  received 12 bytes  176.00 bytes/sec
total size is 890,142  speedup is 10,115.25
sending incremental file list

sent 76 bytes  received 12 bytes  176.00 bytes/sec
total size is 890,142  speedup is 10,115.25
sending incremental file list

sent 76 bytes  received 12 bytes  176.00 bytes/sec
total size is 890,142  speedup is 10,115.25
sending incremental file list

sent 76 bytes  received 12 bytes  176.00 bytes/sec
total size is 890,142  speedup is 10,115.25
sending incremental file list

sent 76 bytes  received 12 bytes  176.00 bytes/sec
total size is 890,142  speedup is 10,115.25
sending incremental file list

sent 76 bytes  received 12 bytes  176.00 bytes/sec
total size is 890,142  speedup is 10,115.25
sending incremental file list

sent 76 bytes  received 12 bytes  176.00 bytes/sec
total size is 890,142  speedup is 10,115.25
sending incremental file list

sent 76 bytes  received 12 bytes  176.00 bytes/sec
total size is 890,142  speedup is 10,115.25
sending incremental file list

sent 76 bytes  received 12 bytes  176.00 bytes/sec
total size is 890,142  speedup is 10,115.25
sending incremental file list

sent 76 bytes  received 12 bytes  176.00 bytes/sec
total size is 890,142  speedup is 10,115.25
sending incremental file list

sent 76 bytes  received 12 bytes  176.00 bytes/sec
total size is 890,142  speedup is 10,115.25
sending incremental file list

sent 76 bytes  received 12 bytes  176.00 bytes/sec
total size is 890,142  speedup is 10,115.25
sending incremental file list

sent 76 bytes  received 12 bytes  176.00 bytes/sec
total size is 890,142  speedup is 10,115.25
sending incremental file list

sent 76 bytes  received 12 bytes  176.00 bytes/sec
total size is 890,142  speedup is 10,115.25
sending incremental file list

sent 76 bytes  received 12 bytes  176.00 bytes/sec
total size is 890,142  speedup is 10,115.25
sending incremental file list

sent 76 bytes  received 12 bytes  176.00 bytes/sec
total size is 890,142  speedup is 10,115.25
sending incremental file list

sent 76 bytes  received 12 bytes  176.00 bytes/sec
total size is 890,142  speedup is 10,115.25
sending incremental file list

sent 76 bytes  received 12 bytes  176.00 bytes/sec
total size is 890,142  speedup is 10,115.25
sending incremental file list

sent 76 bytes  received 12 bytes  176.00 bytes/sec
total size is 890,142  speedup is 10,115.25
sending incremental file list

sent 76 bytes  received 12 bytes  176.00 bytes/sec
total size is 890,142  speedup is 10,115.25
sending incremental file list

sent 76 bytes  received 12 bytes  176.00 bytes/sec
total size is 890,142  speedup is 10,115.25
sending incremental file list

sent 76 bytes  received 12 bytes  176.00 bytes/sec
total size is 890,142  speedup is 10,115.25
sending incremental file list

sent 76 bytes  received 12 bytes  176.00 bytes/sec
total size is 890,142  speedup is 10,115.25
sending incremental file list

sent 76 bytes  received 12 bytes  176.00 bytes/sec
total size is 890,142  speedup is 10,115.25
sending incremental file list

sent 76 bytes  received 12 bytes  176.00 bytes/sec
total size is 890,142  speedup is 10,115.25
sending incremental file list

sent 76 bytes  received 12 bytes  176.00 bytes/sec
total size is 890,142  speedup is 10,115.25
sending incremental file list

sent 76 bytes  received 12 bytes  176.00 bytes/sec
total size is 890,142  speedup is 10,115.25
sending incremental file list

sent 76 bytes  received 12 bytes  176.00 bytes/sec
total size is 890,142  speedup is 10,115.25
sending incremental file list

sent 76 bytes  received 12 bytes  176.00 bytes/sec
total size is 890,142  speedup is 10,115.25
sending incremental file list

sent 76 bytes  received 12 bytes  176.00 bytes/sec
total size is 890,142  speedup is 10,115.25
sending incremental file list

sent 76 bytes  received 12 bytes  176.00 bytes/sec
total size is 890,142  speedup is 10,115.25
sending incremental file list

sent 76 bytes  received 12 bytes  176.00 bytes/sec
total size is 890,142  speedup is 10,115.25
sending incremental file list

sent 76 bytes  received 12 bytes  176.00 bytes/sec
total size is 890,142  speedup is 10,115.25
sending incremental file list

sent 76 bytes  received 12 bytes  176.00 bytes/sec
total size is 890,142  speedup is 10,115.25
sending incremental file list

sent 76 bytes  received 12 bytes  176.00 bytes/sec
total size is 890,142  speedup is 10,115.25
sending incremental file list

sent 76 bytes  received 12 bytes  176.00 bytes/sec
total size is 890,142  speedup is 10,115.25
slurmstepd: error: *** JOB 1501930 ON tc232 CANCELLED AT 2023-05-22T08:50:31 DUE TO TIME LIMIT ***
