tc296
Resetting modules to system default. Reseting $MODULEPATH back to system default. All extra directories will be removed from $MODULEPATH.
Usage: sbatch submit.sh {input file} {data file} {data file}
tpsci_01.jl
tpsci_01.jl.out
/home/arnab22/FermiCG-data/bimetallics/cr2_morokuma/17__3d4s_2s2p3s_3d4s
/localscratch/1503651
sending incremental file list
tpsci_01.jl.out

sent 119 bytes  received 35 bytes  308.00 bytes/sec
total size is 0  speedup is 0.00
sending incremental file list
tpsci_01.jl.out

sent 201,089 bytes  received 35 bytes  402,248.00 bytes/sec
total size is 200,922  speedup is 1.00
sending incremental file list
tpsci_01.jl.out

sent 227,657 bytes  received 35 bytes  455,384.00 bytes/sec
total size is 227,490  speedup is 1.00
rm: cannot remove ‘tmpfs’: Device or resource busy
