tc294
Resetting modules to system default. Reseting $MODULEPATH back to system default. All extra directories will be removed from $MODULEPATH.
Usage: sbatch submit.sh {input file} {data file} {data file}
tpsci_01.jl
tpsci_01.jl.out
/home/arnab22/FermiCG-data/bimetallics/fe2_morokuma/29__3d4s4d_2s2p3p_3d4s4d
/localscratch/1502244
sending incremental file list
tpsci_01.jl.out

sent 119 bytes  received 35 bytes  308.00 bytes/sec
total size is 0  speedup is 0.00
sending incremental file list
tpsci_01.jl.out

sent 712 bytes  received 35 bytes  1,494.00 bytes/sec
total size is 590  speedup is 0.79
sending incremental file list
tpsci_01.jl.out

sent 1,162 bytes  received 35 bytes  2,394.00 bytes/sec
total size is 1,039  speedup is 0.87
sending incremental file list

sent 76 bytes  received 12 bytes  176.00 bytes/sec
total size is 1,039  speedup is 11.81
sending incremental file list

sent 76 bytes  received 12 bytes  176.00 bytes/sec
total size is 1,039  speedup is 11.81
sending incremental file list

sent 76 bytes  received 12 bytes  176.00 bytes/sec
total size is 1,039  speedup is 11.81
sending incremental file list
tpsci_01.jl.out

sent 1,675 bytes  received 35 bytes  3,420.00 bytes/sec
total size is 1,552  speedup is 0.91
sending incremental file list

sent 76 bytes  received 12 bytes  176.00 bytes/sec
total size is 1,552  speedup is 17.64
sending incremental file list

sent 76 bytes  received 12 bytes  176.00 bytes/sec
total size is 1,552  speedup is 17.64
sending incremental file list

sent 76 bytes  received 12 bytes  176.00 bytes/sec
total size is 1,552  speedup is 17.64
sending incremental file list

sent 76 bytes  received 12 bytes  176.00 bytes/sec
total size is 1,552  speedup is 17.64
sending incremental file list

sent 76 bytes  received 12 bytes  176.00 bytes/sec
total size is 1,552  speedup is 17.64
sending incremental file list

sent 76 bytes  received 12 bytes  176.00 bytes/sec
total size is 1,552  speedup is 17.64
sending incremental file list

sent 76 bytes  received 12 bytes  176.00 bytes/sec
total size is 1,552  speedup is 17.64
sending incremental file list
tpsci_01.jl.out

sent 2,251 bytes  received 35 bytes  4,572.00 bytes/sec
total size is 2,129  speedup is 0.93
sending incremental file list

sent 75 bytes  received 12 bytes  174.00 bytes/sec
total size is 2,129  speedup is 24.47
sending incremental file list

sent 75 bytes  received 12 bytes  174.00 bytes/sec
total size is 2,129  speedup is 24.47
sending incremental file list

sent 75 bytes  received 12 bytes  174.00 bytes/sec
total size is 2,129  speedup is 24.47
sending incremental file list

sent 75 bytes  received 12 bytes  174.00 bytes/sec
total size is 2,129  speedup is 24.47
sending incremental file list

sent 75 bytes  received 12 bytes  174.00 bytes/sec
total size is 2,129  speedup is 24.47
sending incremental file list

sent 75 bytes  received 12 bytes  174.00 bytes/sec
total size is 2,129  speedup is 24.47
sending incremental file list

sent 75 bytes  received 12 bytes  174.00 bytes/sec
total size is 2,129  speedup is 24.47
sending incremental file list

sent 75 bytes  received 12 bytes  174.00 bytes/sec
total size is 2,129  speedup is 24.47
sending incremental file list

sent 75 bytes  received 12 bytes  174.00 bytes/sec
total size is 2,129  speedup is 24.47
sending incremental file list

sent 75 bytes  received 12 bytes  174.00 bytes/sec
total size is 2,129  speedup is 24.47
sending incremental file list

sent 75 bytes  received 12 bytes  174.00 bytes/sec
total size is 2,129  speedup is 24.47
sending incremental file list

sent 75 bytes  received 12 bytes  174.00 bytes/sec
total size is 2,129  speedup is 24.47
sending incremental file list

sent 75 bytes  received 12 bytes  174.00 bytes/sec
total size is 2,129  speedup is 24.47
sending incremental file list

sent 75 bytes  received 12 bytes  174.00 bytes/sec
total size is 2,129  speedup is 24.47
sending incremental file list

sent 75 bytes  received 12 bytes  174.00 bytes/sec
total size is 2,129  speedup is 24.47
sending incremental file list

sent 75 bytes  received 12 bytes  174.00 bytes/sec
total size is 2,129  speedup is 24.47
sending incremental file list

sent 75 bytes  received 12 bytes  174.00 bytes/sec
total size is 2,129  speedup is 24.47
sending incremental file list

sent 75 bytes  received 12 bytes  174.00 bytes/sec
total size is 2,129  speedup is 24.47
sending incremental file list

sent 75 bytes  received 12 bytes  174.00 bytes/sec
total size is 2,129  speedup is 24.47
sending incremental file list

sent 75 bytes  received 12 bytes  174.00 bytes/sec
total size is 2,129  speedup is 24.47
sending incremental file list

sent 75 bytes  received 12 bytes  174.00 bytes/sec
total size is 2,129  speedup is 24.47
sending incremental file list

sent 75 bytes  received 12 bytes  174.00 bytes/sec
total size is 2,129  speedup is 24.47
sending incremental file list

sent 75 bytes  received 12 bytes  174.00 bytes/sec
total size is 2,129  speedup is 24.47
sending incremental file list

sent 75 bytes  received 12 bytes  174.00 bytes/sec
total size is 2,129  speedup is 24.47
sending incremental file list
tpsci_01.jl.out

sent 2,420 bytes  received 35 bytes  4,910.00 bytes/sec
total size is 2,297  speedup is 0.94
sending incremental file list
tpsci_01.jl.out

sent 2,892 bytes  received 35 bytes  5,854.00 bytes/sec
total size is 2,770  speedup is 0.95
sending incremental file list

sent 75 bytes  received 12 bytes  174.00 bytes/sec
total size is 2,770  speedup is 31.84
sending incremental file list

sent 75 bytes  received 12 bytes  174.00 bytes/sec
total size is 2,770  speedup is 31.84
sending incremental file list

sent 75 bytes  received 12 bytes  174.00 bytes/sec
total size is 2,770  speedup is 31.84
sending incremental file list

sent 75 bytes  received 12 bytes  58.00 bytes/sec
total size is 2,770  speedup is 31.84
sending incremental file list

sent 75 bytes  received 12 bytes  174.00 bytes/sec
total size is 2,770  speedup is 31.84
sending incremental file list

sent 75 bytes  received 12 bytes  174.00 bytes/sec
total size is 2,770  speedup is 31.84
sending incremental file list

sent 75 bytes  received 12 bytes  174.00 bytes/sec
total size is 2,770  speedup is 31.84
sending incremental file list

sent 75 bytes  received 12 bytes  174.00 bytes/sec
total size is 2,770  speedup is 31.84
sending incremental file list

sent 75 bytes  received 12 bytes  174.00 bytes/sec
total size is 2,770  speedup is 31.84
sending incremental file list

sent 75 bytes  received 12 bytes  174.00 bytes/sec
total size is 2,770  speedup is 31.84
sending incremental file list

sent 75 bytes  received 12 bytes  174.00 bytes/sec
total size is 2,770  speedup is 31.84
sending incremental file list

sent 75 bytes  received 12 bytes  174.00 bytes/sec
total size is 2,770  speedup is 31.84
sending incremental file list

sent 75 bytes  received 12 bytes  174.00 bytes/sec
total size is 2,770  speedup is 31.84
sending incremental file list

sent 75 bytes  received 12 bytes  174.00 bytes/sec
total size is 2,770  speedup is 31.84
sending incremental file list

sent 75 bytes  received 12 bytes  174.00 bytes/sec
total size is 2,770  speedup is 31.84
sending incremental file list

sent 75 bytes  received 12 bytes  174.00 bytes/sec
total size is 2,770  speedup is 31.84
sending incremental file list

sent 75 bytes  received 12 bytes  174.00 bytes/sec
total size is 2,770  speedup is 31.84
sending incremental file list

sent 75 bytes  received 12 bytes  174.00 bytes/sec
total size is 2,770  speedup is 31.84
sending incremental file list

sent 75 bytes  received 12 bytes  174.00 bytes/sec
total size is 2,770  speedup is 31.84
sending incremental file list

sent 75 bytes  received 12 bytes  174.00 bytes/sec
total size is 2,770  speedup is 31.84
sending incremental file list

sent 75 bytes  received 12 bytes  174.00 bytes/sec
total size is 2,770  speedup is 31.84
sending incremental file list

sent 75 bytes  received 12 bytes  174.00 bytes/sec
total size is 2,770  speedup is 31.84
sending incremental file list

sent 75 bytes  received 12 bytes  174.00 bytes/sec
total size is 2,770  speedup is 31.84
sending incremental file list

sent 75 bytes  received 12 bytes  174.00 bytes/sec
total size is 2,770  speedup is 31.84
sending incremental file list

sent 75 bytes  received 12 bytes  174.00 bytes/sec
total size is 2,770  speedup is 31.84
sending incremental file list

sent 75 bytes  received 12 bytes  174.00 bytes/sec
total size is 2,770  speedup is 31.84
sending incremental file list

sent 75 bytes  received 12 bytes  174.00 bytes/sec
total size is 2,770  speedup is 31.84
sending incremental file list
tpsci_01.jl.out

sent 2,997 bytes  received 35 bytes  6,064.00 bytes/sec
total size is 2,874  speedup is 0.95
sending incremental file list
tpsci_01.jl.out

sent 3,381 bytes  received 35 bytes  6,832.00 bytes/sec
total size is 3,258  speedup is 0.95
sending incremental file list
tpsci_01.jl.out

sent 3,598 bytes  received 35 bytes  7,266.00 bytes/sec
total size is 3,475  speedup is 0.96
sending incremental file list

sent 76 bytes  received 12 bytes  176.00 bytes/sec
total size is 3,475  speedup is 39.49
sending incremental file list

sent 76 bytes  received 12 bytes  176.00 bytes/sec
total size is 3,475  speedup is 39.49
sending incremental file list

sent 76 bytes  received 12 bytes  176.00 bytes/sec
total size is 3,475  speedup is 39.49
sending incremental file list

sent 76 bytes  received 12 bytes  176.00 bytes/sec
total size is 3,475  speedup is 39.49
sending incremental file list

sent 76 bytes  received 12 bytes  176.00 bytes/sec
total size is 3,475  speedup is 39.49
sending incremental file list

sent 76 bytes  received 12 bytes  176.00 bytes/sec
total size is 3,475  speedup is 39.49
sending incremental file list

sent 76 bytes  received 12 bytes  176.00 bytes/sec
total size is 3,475  speedup is 39.49
sending incremental file list

sent 76 bytes  received 12 bytes  176.00 bytes/sec
total size is 3,475  speedup is 39.49
sending incremental file list

sent 76 bytes  received 12 bytes  176.00 bytes/sec
total size is 3,475  speedup is 39.49
sending incremental file list

sent 76 bytes  received 12 bytes  176.00 bytes/sec
total size is 3,475  speedup is 39.49
sending incremental file list

sent 76 bytes  received 12 bytes  176.00 bytes/sec
total size is 3,475  speedup is 39.49
sending incremental file list

sent 76 bytes  received 12 bytes  176.00 bytes/sec
total size is 3,475  speedup is 39.49
sending incremental file list

sent 76 bytes  received 12 bytes  176.00 bytes/sec
total size is 3,475  speedup is 39.49
sending incremental file list

sent 76 bytes  received 12 bytes  176.00 bytes/sec
total size is 3,475  speedup is 39.49
sending incremental file list

sent 76 bytes  received 12 bytes  176.00 bytes/sec
total size is 3,475  speedup is 39.49
sending incremental file list

sent 76 bytes  received 12 bytes  176.00 bytes/sec
total size is 3,475  speedup is 39.49
sending incremental file list

sent 76 bytes  received 12 bytes  176.00 bytes/sec
total size is 3,475  speedup is 39.49
sending incremental file list

sent 76 bytes  received 12 bytes  58.67 bytes/sec
total size is 3,475  speedup is 39.49
sending incremental file list

sent 76 bytes  received 12 bytes  176.00 bytes/sec
total size is 3,475  speedup is 39.49
sending incremental file list

sent 76 bytes  received 12 bytes  176.00 bytes/sec
total size is 3,475  speedup is 39.49
sending incremental file list

sent 76 bytes  received 12 bytes  176.00 bytes/sec
total size is 3,475  speedup is 39.49
sending incremental file list

sent 76 bytes  received 12 bytes  176.00 bytes/sec
total size is 3,475  speedup is 39.49
sending incremental file list

sent 76 bytes  received 12 bytes  176.00 bytes/sec
total size is 3,475  speedup is 39.49
sending incremental file list

sent 76 bytes  received 12 bytes  176.00 bytes/sec
total size is 3,475  speedup is 39.49
sending incremental file list

sent 76 bytes  received 12 bytes  176.00 bytes/sec
total size is 3,475  speedup is 39.49
sending incremental file list

sent 76 bytes  received 12 bytes  176.00 bytes/sec
total size is 3,475  speedup is 39.49
sending incremental file list

sent 76 bytes  received 12 bytes  176.00 bytes/sec
total size is 3,475  speedup is 39.49
sending incremental file list

sent 76 bytes  received 12 bytes  176.00 bytes/sec
total size is 3,475  speedup is 39.49
sending incremental file list

sent 76 bytes  received 12 bytes  176.00 bytes/sec
total size is 3,475  speedup is 39.49
sending incremental file list

sent 76 bytes  received 12 bytes  176.00 bytes/sec
total size is 3,475  speedup is 39.49
sending incremental file list

sent 76 bytes  received 12 bytes  176.00 bytes/sec
total size is 3,475  speedup is 39.49
sending incremental file list
tpsci_01.jl.out

sent 3,701 bytes  received 35 bytes  7,472.00 bytes/sec
total size is 3,579  speedup is 0.96
sending incremental file list
tpsci_01.jl.out

sent 4,022 bytes  received 35 bytes  8,114.00 bytes/sec
total size is 3,899  speedup is 0.96
sending incremental file list
tpsci_01.jl.out

sent 4,278 bytes  received 35 bytes  8,626.00 bytes/sec
total size is 4,155  speedup is 0.96
sending incremental file list
tpsci_01.jl.out

sent 71,150 bytes  received 35 bytes  142,370.00 bytes/sec
total size is 71,015  speedup is 1.00
sending incremental file list
tpsci_01.jl.out

sent 81,875 bytes  received 35 bytes  163,820.00 bytes/sec
total size is 81,740  speedup is 1.00
sending incremental file list
tpsci_01.jl.out

sent 114,629 bytes  received 35 bytes  229,328.00 bytes/sec
total size is 114,487  speedup is 1.00
sending incremental file list
tpsci_01.jl.out

sent 170,779 bytes  received 35 bytes  341,628.00 bytes/sec
total size is 170,621  speedup is 1.00
sending incremental file list
tpsci_01.jl.out

sent 248,328 bytes  received 35 bytes  496,726.00 bytes/sec
total size is 248,153  speedup is 1.00
sending incremental file list
tpsci_01.jl.out

sent 299,044 bytes  received 35 bytes  598,158.00 bytes/sec
total size is 298,853  speedup is 1.00
sending incremental file list
tpsci_01.jl.out

sent 576,061 bytes  received 35 bytes  1,152,192.00 bytes/sec
total size is 575,806  speedup is 1.00
sending incremental file list
tpsci_01.jl.out

sent 576,791 bytes  received 35 bytes  1,153,652.00 bytes/sec
total size is 576,536  speedup is 1.00
sending incremental file list

sent 76 bytes  received 12 bytes  176.00 bytes/sec
total size is 576,536  speedup is 6,551.55
sending incremental file list

sent 76 bytes  received 12 bytes  176.00 bytes/sec
total size is 576,536  speedup is 6,551.55
sending incremental file list

sent 76 bytes  received 12 bytes  176.00 bytes/sec
total size is 576,536  speedup is 6,551.55
sending incremental file list
tpsci_01.jl.out

sent 577,304 bytes  received 35 bytes  1,154,678.00 bytes/sec
total size is 577,049  speedup is 1.00
sending incremental file list

sent 76 bytes  received 12 bytes  176.00 bytes/sec
total size is 577,049  speedup is 6,557.38
sending incremental file list

sent 76 bytes  received 12 bytes  176.00 bytes/sec
total size is 577,049  speedup is 6,557.38
sending incremental file list

sent 76 bytes  received 12 bytes  176.00 bytes/sec
total size is 577,049  speedup is 6,557.38
sending incremental file list

sent 76 bytes  received 12 bytes  176.00 bytes/sec
total size is 577,049  speedup is 6,557.38
sending incremental file list

sent 76 bytes  received 12 bytes  176.00 bytes/sec
total size is 577,049  speedup is 6,557.38
sending incremental file list

sent 76 bytes  received 12 bytes  176.00 bytes/sec
total size is 577,049  speedup is 6,557.38
sending incremental file list

sent 76 bytes  received 12 bytes  176.00 bytes/sec
total size is 577,049  speedup is 6,557.38
sending incremental file list
tpsci_01.jl.out

sent 577,472 bytes  received 35 bytes  1,155,014.00 bytes/sec
total size is 577,217  speedup is 1.00
sending incremental file list
tpsci_01.jl.out

sent 577,881 bytes  received 35 bytes  1,155,832.00 bytes/sec
total size is 577,626  speedup is 1.00
sending incremental file list

sent 76 bytes  received 12 bytes  176.00 bytes/sec
total size is 577,626  speedup is 6,563.93
sending incremental file list

sent 76 bytes  received 12 bytes  176.00 bytes/sec
total size is 577,626  speedup is 6,563.93
sending incremental file list

sent 76 bytes  received 12 bytes  176.00 bytes/sec
total size is 577,626  speedup is 6,563.93
sending incremental file list

sent 76 bytes  received 12 bytes  176.00 bytes/sec
total size is 577,626  speedup is 6,563.93
sending incremental file list

sent 76 bytes  received 12 bytes  176.00 bytes/sec
total size is 577,626  speedup is 6,563.93
sending incremental file list

sent 76 bytes  received 12 bytes  176.00 bytes/sec
total size is 577,626  speedup is 6,563.93
sending incremental file list

sent 76 bytes  received 12 bytes  176.00 bytes/sec
total size is 577,626  speedup is 6,563.93
sending incremental file list

sent 76 bytes  received 12 bytes  176.00 bytes/sec
total size is 577,626  speedup is 6,563.93
sending incremental file list

sent 76 bytes  received 12 bytes  176.00 bytes/sec
total size is 577,626  speedup is 6,563.93
sending incremental file list

sent 76 bytes  received 12 bytes  176.00 bytes/sec
total size is 577,626  speedup is 6,563.93
sending incremental file list

sent 76 bytes  received 12 bytes  176.00 bytes/sec
total size is 577,626  speedup is 6,563.93
sending incremental file list

sent 76 bytes  received 12 bytes  176.00 bytes/sec
total size is 577,626  speedup is 6,563.93
sending incremental file list

sent 76 bytes  received 12 bytes  176.00 bytes/sec
total size is 577,626  speedup is 6,563.93
sending incremental file list

sent 76 bytes  received 12 bytes  176.00 bytes/sec
total size is 577,626  speedup is 6,563.93
sending incremental file list

sent 76 bytes  received 12 bytes  176.00 bytes/sec
total size is 577,626  speedup is 6,563.93
sending incremental file list

sent 76 bytes  received 12 bytes  176.00 bytes/sec
total size is 577,626  speedup is 6,563.93
sending incremental file list

sent 76 bytes  received 12 bytes  176.00 bytes/sec
total size is 577,626  speedup is 6,563.93
sending incremental file list

sent 76 bytes  received 12 bytes  176.00 bytes/sec
total size is 577,626  speedup is 6,563.93
sending incremental file list

sent 76 bytes  received 12 bytes  176.00 bytes/sec
total size is 577,626  speedup is 6,563.93
sending incremental file list
tpsci_01.jl.out

sent 578,241 bytes  received 35 bytes  1,156,552.00 bytes/sec
total size is 577,986  speedup is 1.00
sending incremental file list
tpsci_01.jl.out

sent 578,522 bytes  received 35 bytes  1,157,114.00 bytes/sec
total size is 578,267  speedup is 1.00
sending incremental file list

sent 76 bytes  received 12 bytes  176.00 bytes/sec
total size is 578,267  speedup is 6,571.22
sending incremental file list

sent 76 bytes  received 12 bytes  176.00 bytes/sec
total size is 578,267  speedup is 6,571.22
sending incremental file list

sent 76 bytes  received 12 bytes  176.00 bytes/sec
total size is 578,267  speedup is 6,571.22
sending incremental file list

sent 76 bytes  received 12 bytes  176.00 bytes/sec
total size is 578,267  speedup is 6,571.22
sending incremental file list

sent 76 bytes  received 12 bytes  176.00 bytes/sec
total size is 578,267  speedup is 6,571.22
sending incremental file list

sent 76 bytes  received 12 bytes  176.00 bytes/sec
total size is 578,267  speedup is 6,571.22
sending incremental file list

sent 76 bytes  received 12 bytes  176.00 bytes/sec
total size is 578,267  speedup is 6,571.22
sending incremental file list

sent 76 bytes  received 12 bytes  176.00 bytes/sec
total size is 578,267  speedup is 6,571.22
sending incremental file list

sent 76 bytes  received 12 bytes  176.00 bytes/sec
total size is 578,267  speedup is 6,571.22
sending incremental file list

sent 76 bytes  received 12 bytes  176.00 bytes/sec
total size is 578,267  speedup is 6,571.22
sending incremental file list

sent 76 bytes  received 12 bytes  176.00 bytes/sec
total size is 578,267  speedup is 6,571.22
sending incremental file list

sent 76 bytes  received 12 bytes  176.00 bytes/sec
total size is 578,267  speedup is 6,571.22
sending incremental file list

sent 76 bytes  received 12 bytes  176.00 bytes/sec
total size is 578,267  speedup is 6,571.22
sending incremental file list

sent 76 bytes  received 12 bytes  176.00 bytes/sec
total size is 578,267  speedup is 6,571.22
sending incremental file list

sent 76 bytes  received 12 bytes  176.00 bytes/sec
total size is 578,267  speedup is 6,571.22
sending incremental file list

sent 76 bytes  received 12 bytes  176.00 bytes/sec
total size is 578,267  speedup is 6,571.22
sending incremental file list

sent 76 bytes  received 12 bytes  176.00 bytes/sec
total size is 578,267  speedup is 6,571.22
sending incremental file list

sent 76 bytes  received 12 bytes  58.67 bytes/sec
total size is 578,267  speedup is 6,571.22
sending incremental file list

sent 76 bytes  received 12 bytes  176.00 bytes/sec
total size is 578,267  speedup is 6,571.22
sending incremental file list

sent 76 bytes  received 12 bytes  176.00 bytes/sec
total size is 578,267  speedup is 6,571.22
sending incremental file list

sent 76 bytes  received 12 bytes  176.00 bytes/sec
total size is 578,267  speedup is 6,571.22
sending incremental file list

sent 76 bytes  received 12 bytes  176.00 bytes/sec
total size is 578,267  speedup is 6,571.22
sending incremental file list

sent 76 bytes  received 12 bytes  176.00 bytes/sec
total size is 578,267  speedup is 6,571.22
sending incremental file list

sent 76 bytes  received 12 bytes  176.00 bytes/sec
total size is 578,267  speedup is 6,571.22
sending incremental file list

sent 76 bytes  received 12 bytes  176.00 bytes/sec
total size is 578,267  speedup is 6,571.22
sending incremental file list

sent 76 bytes  received 12 bytes  176.00 bytes/sec
total size is 578,267  speedup is 6,571.22
sending incremental file list

sent 76 bytes  received 12 bytes  176.00 bytes/sec
total size is 578,267  speedup is 6,571.22
sending incremental file list
tpsci_01.jl.out

sent 578,625 bytes  received 35 bytes  1,157,320.00 bytes/sec
total size is 578,371  speedup is 1.00
sending incremental file list
tpsci_01.jl.out

sent 578,689 bytes  received 35 bytes  1,157,448.00 bytes/sec
total size is 578,435  speedup is 1.00
sending incremental file list
tpsci_01.jl.out

sent 579,227 bytes  received 35 bytes  1,158,524.00 bytes/sec
total size is 578,972  speedup is 1.00
sending incremental file list

sent 76 bytes  received 12 bytes  176.00 bytes/sec
total size is 578,972  speedup is 6,579.23
sending incremental file list

sent 76 bytes  received 12 bytes  176.00 bytes/sec
total size is 578,972  speedup is 6,579.23
sending incremental file list

sent 76 bytes  received 12 bytes  176.00 bytes/sec
total size is 578,972  speedup is 6,579.23
sending incremental file list

sent 76 bytes  received 12 bytes  176.00 bytes/sec
total size is 578,972  speedup is 6,579.23
sending incremental file list

sent 76 bytes  received 12 bytes  176.00 bytes/sec
total size is 578,972  speedup is 6,579.23
sending incremental file list

sent 76 bytes  received 12 bytes  176.00 bytes/sec
total size is 578,972  speedup is 6,579.23
sending incremental file list

sent 76 bytes  received 12 bytes  176.00 bytes/sec
total size is 578,972  speedup is 6,579.23
sending incremental file list

sent 76 bytes  received 12 bytes  176.00 bytes/sec
total size is 578,972  speedup is 6,579.23
sending incremental file list

sent 76 bytes  received 12 bytes  176.00 bytes/sec
total size is 578,972  speedup is 6,579.23
sending incremental file list

sent 76 bytes  received 12 bytes  176.00 bytes/sec
total size is 578,972  speedup is 6,579.23
sending incremental file list

sent 76 bytes  received 12 bytes  176.00 bytes/sec
total size is 578,972  speedup is 6,579.23
sending incremental file list

sent 76 bytes  received 12 bytes  176.00 bytes/sec
total size is 578,972  speedup is 6,579.23
sending incremental file list

sent 76 bytes  received 12 bytes  176.00 bytes/sec
total size is 578,972  speedup is 6,579.23
sending incremental file list

sent 76 bytes  received 12 bytes  176.00 bytes/sec
total size is 578,972  speedup is 6,579.23
sending incremental file list

sent 76 bytes  received 12 bytes  176.00 bytes/sec
total size is 578,972  speedup is 6,579.23
sending incremental file list

sent 76 bytes  received 12 bytes  176.00 bytes/sec
total size is 578,972  speedup is 6,579.23
sending incremental file list

sent 76 bytes  received 12 bytes  176.00 bytes/sec
total size is 578,972  speedup is 6,579.23
sending incremental file list

sent 76 bytes  received 12 bytes  176.00 bytes/sec
total size is 578,972  speedup is 6,579.23
sending incremental file list

sent 76 bytes  received 12 bytes  176.00 bytes/sec
total size is 578,972  speedup is 6,579.23
sending incremental file list

sent 76 bytes  received 12 bytes  176.00 bytes/sec
total size is 578,972  speedup is 6,579.23
sending incremental file list

sent 76 bytes  received 12 bytes  176.00 bytes/sec
total size is 578,972  speedup is 6,579.23
sending incremental file list

sent 76 bytes  received 12 bytes  176.00 bytes/sec
total size is 578,972  speedup is 6,579.23
sending incremental file list

sent 76 bytes  received 12 bytes  176.00 bytes/sec
total size is 578,972  speedup is 6,579.23
sending incremental file list

sent 76 bytes  received 12 bytes  176.00 bytes/sec
total size is 578,972  speedup is 6,579.23
sending incremental file list

sent 76 bytes  received 12 bytes  176.00 bytes/sec
total size is 578,972  speedup is 6,579.23
sending incremental file list

sent 76 bytes  received 12 bytes  176.00 bytes/sec
total size is 578,972  speedup is 6,579.23
sending incremental file list

sent 76 bytes  received 12 bytes  176.00 bytes/sec
total size is 578,972  speedup is 6,579.23
sending incremental file list

sent 76 bytes  received 12 bytes  176.00 bytes/sec
total size is 578,972  speedup is 6,579.23
sending incremental file list

sent 76 bytes  received 12 bytes  176.00 bytes/sec
total size is 578,972  speedup is 6,579.23
sending incremental file list

sent 76 bytes  received 12 bytes  176.00 bytes/sec
total size is 578,972  speedup is 6,579.23
sending incremental file list

sent 76 bytes  received 12 bytes  176.00 bytes/sec
total size is 578,972  speedup is 6,579.23
sending incremental file list

sent 76 bytes  received 12 bytes  176.00 bytes/sec
total size is 578,972  speedup is 6,579.23
sending incremental file list
tpsci_01.jl.out

sent 579,331 bytes  received 35 bytes  1,158,732.00 bytes/sec
total size is 579,076  speedup is 1.00
sending incremental file list
tpsci_01.jl.out

sent 579,651 bytes  received 35 bytes  1,159,372.00 bytes/sec
total size is 579,396  speedup is 1.00
sending incremental file list
tpsci_01.jl.out

sent 579,907 bytes  received 35 bytes  1,159,884.00 bytes/sec
total size is 579,652  speedup is 1.00
sending incremental file list
tpsci_01.jl.out

sent 646,782 bytes  received 35 bytes  1,293,634.00 bytes/sec
total size is 646,512  speedup is 1.00
sending incremental file list
tpsci_01.jl.out

sent 657,516 bytes  received 35 bytes  1,315,102.00 bytes/sec
total size is 657,237  speedup is 1.00
sending incremental file list
tpsci_01.jl.out

sent 690,271 bytes  received 35 bytes  1,380,612.00 bytes/sec
total size is 689,984  speedup is 1.00
sending incremental file list
tpsci_01.jl.out

sent 792,631 bytes  received 35 bytes  1,585,332.00 bytes/sec
total size is 792,320  speedup is 1.00
sending incremental file list
tpsci_01.jl.out

sent 853,941 bytes  received 35 bytes  1,707,952.00 bytes/sec
total size is 853,615  speedup is 1.00
sending incremental file list
tpsci_01.jl.out

sent 874,677 bytes  received 35 bytes  1,749,424.00 bytes/sec
total size is 874,350  speedup is 1.00
sending incremental file list
tpsci_01.jl.out

sent 890,475 bytes  received 35 bytes  1,781,020.00 bytes/sec
total size is 890,142  speedup is 1.00
sending incremental file list

sent 74 bytes  received 12 bytes  172.00 bytes/sec
total size is 890,142  speedup is 10,350.49
sending incremental file list

sent 74 bytes  received 12 bytes  172.00 bytes/sec
total size is 890,142  speedup is 10,350.49
sending incremental file list

sent 74 bytes  received 12 bytes  172.00 bytes/sec
total size is 890,142  speedup is 10,350.49
sending incremental file list

sent 74 bytes  received 12 bytes  172.00 bytes/sec
total size is 890,142  speedup is 10,350.49
sending incremental file list

sent 74 bytes  received 12 bytes  172.00 bytes/sec
total size is 890,142  speedup is 10,350.49
sending incremental file list

sent 74 bytes  received 12 bytes  172.00 bytes/sec
total size is 890,142  speedup is 10,350.49
sending incremental file list

sent 74 bytes  received 12 bytes  172.00 bytes/sec
total size is 890,142  speedup is 10,350.49
sending incremental file list

sent 74 bytes  received 12 bytes  172.00 bytes/sec
total size is 890,142  speedup is 10,350.49
sending incremental file list

sent 74 bytes  received 12 bytes  172.00 bytes/sec
total size is 890,142  speedup is 10,350.49
sending incremental file list

sent 74 bytes  received 12 bytes  172.00 bytes/sec
total size is 890,142  speedup is 10,350.49
sending incremental file list

sent 74 bytes  received 12 bytes  172.00 bytes/sec
total size is 890,142  speedup is 10,350.49
sending incremental file list

sent 74 bytes  received 12 bytes  172.00 bytes/sec
total size is 890,142  speedup is 10,350.49
sending incremental file list

sent 74 bytes  received 12 bytes  172.00 bytes/sec
total size is 890,142  speedup is 10,350.49
sending incremental file list

sent 74 bytes  received 12 bytes  172.00 bytes/sec
total size is 890,142  speedup is 10,350.49
sending incremental file list

sent 74 bytes  received 12 bytes  172.00 bytes/sec
total size is 890,142  speedup is 10,350.49
sending incremental file list

sent 74 bytes  received 12 bytes  172.00 bytes/sec
total size is 890,142  speedup is 10,350.49
sending incremental file list

sent 74 bytes  received 12 bytes  172.00 bytes/sec
total size is 890,142  speedup is 10,350.49
sending incremental file list

sent 74 bytes  received 12 bytes  172.00 bytes/sec
total size is 890,142  speedup is 10,350.49
sending incremental file list

sent 74 bytes  received 12 bytes  172.00 bytes/sec
total size is 890,142  speedup is 10,350.49
sending incremental file list

sent 74 bytes  received 12 bytes  172.00 bytes/sec
total size is 890,142  speedup is 10,350.49
sending incremental file list

sent 74 bytes  received 12 bytes  172.00 bytes/sec
total size is 890,142  speedup is 10,350.49
sending incremental file list

sent 74 bytes  received 12 bytes  172.00 bytes/sec
total size is 890,142  speedup is 10,350.49
sending incremental file list

sent 74 bytes  received 12 bytes  172.00 bytes/sec
total size is 890,142  speedup is 10,350.49
sending incremental file list

sent 74 bytes  received 12 bytes  172.00 bytes/sec
total size is 890,142  speedup is 10,350.49
sending incremental file list

sent 74 bytes  received 12 bytes  172.00 bytes/sec
total size is 890,142  speedup is 10,350.49
sending incremental file list

sent 74 bytes  received 12 bytes  172.00 bytes/sec
total size is 890,142  speedup is 10,350.49
sending incremental file list

sent 74 bytes  received 12 bytes  172.00 bytes/sec
total size is 890,142  speedup is 10,350.49
sending incremental file list

sent 74 bytes  received 12 bytes  172.00 bytes/sec
total size is 890,142  speedup is 10,350.49
sending incremental file list

sent 74 bytes  received 12 bytes  57.33 bytes/sec
total size is 890,142  speedup is 10,350.49
sending incremental file list

sent 74 bytes  received 12 bytes  172.00 bytes/sec
total size is 890,142  speedup is 10,350.49
sending incremental file list

sent 74 bytes  received 12 bytes  172.00 bytes/sec
total size is 890,142  speedup is 10,350.49
sending incremental file list

sent 74 bytes  received 12 bytes  172.00 bytes/sec
total size is 890,142  speedup is 10,350.49
sending incremental file list

sent 74 bytes  received 12 bytes  172.00 bytes/sec
total size is 890,142  speedup is 10,350.49
sending incremental file list

sent 74 bytes  received 12 bytes  172.00 bytes/sec
total size is 890,142  speedup is 10,350.49
sending incremental file list

sent 74 bytes  received 12 bytes  172.00 bytes/sec
total size is 890,142  speedup is 10,350.49
sending incremental file list

sent 74 bytes  received 12 bytes  172.00 bytes/sec
total size is 890,142  speedup is 10,350.49
sending incremental file list

sent 74 bytes  received 12 bytes  172.00 bytes/sec
total size is 890,142  speedup is 10,350.49
sending incremental file list

sent 74 bytes  received 12 bytes  172.00 bytes/sec
total size is 890,142  speedup is 10,350.49
sending incremental file list

sent 74 bytes  received 12 bytes  172.00 bytes/sec
total size is 890,142  speedup is 10,350.49
sending incremental file list

sent 74 bytes  received 12 bytes  172.00 bytes/sec
total size is 890,142  speedup is 10,350.49
sending incremental file list

sent 74 bytes  received 12 bytes  172.00 bytes/sec
total size is 890,142  speedup is 10,350.49
sending incremental file list

sent 74 bytes  received 12 bytes  172.00 bytes/sec
total size is 890,142  speedup is 10,350.49
sending incremental file list

sent 74 bytes  received 12 bytes  172.00 bytes/sec
total size is 890,142  speedup is 10,350.49
sending incremental file list

sent 74 bytes  received 12 bytes  172.00 bytes/sec
total size is 890,142  speedup is 10,350.49
sending incremental file list

sent 74 bytes  received 12 bytes  172.00 bytes/sec
total size is 890,142  speedup is 10,350.49
sending incremental file list

sent 74 bytes  received 12 bytes  172.00 bytes/sec
total size is 890,142  speedup is 10,350.49
sending incremental file list

sent 74 bytes  received 12 bytes  172.00 bytes/sec
total size is 890,142  speedup is 10,350.49
sending incremental file list

sent 74 bytes  received 12 bytes  172.00 bytes/sec
total size is 890,142  speedup is 10,350.49
sending incremental file list

sent 74 bytes  received 12 bytes  172.00 bytes/sec
total size is 890,142  speedup is 10,350.49
sending incremental file list

sent 74 bytes  received 12 bytes  172.00 bytes/sec
total size is 890,142  speedup is 10,350.49
sending incremental file list

sent 74 bytes  received 12 bytes  172.00 bytes/sec
total size is 890,142  speedup is 10,350.49
sending incremental file list

sent 74 bytes  received 12 bytes  172.00 bytes/sec
total size is 890,142  speedup is 10,350.49
sending incremental file list

sent 74 bytes  received 12 bytes  172.00 bytes/sec
total size is 890,142  speedup is 10,350.49
sending incremental file list

sent 74 bytes  received 12 bytes  172.00 bytes/sec
total size is 890,142  speedup is 10,350.49
sending incremental file list

sent 74 bytes  received 12 bytes  172.00 bytes/sec
total size is 890,142  speedup is 10,350.49
sending incremental file list

sent 74 bytes  received 12 bytes  172.00 bytes/sec
total size is 890,142  speedup is 10,350.49
sending incremental file list

sent 74 bytes  received 12 bytes  172.00 bytes/sec
total size is 890,142  speedup is 10,350.49
sending incremental file list

sent 74 bytes  received 12 bytes  172.00 bytes/sec
total size is 890,142  speedup is 10,350.49
sending incremental file list

sent 74 bytes  received 12 bytes  172.00 bytes/sec
total size is 890,142  speedup is 10,350.49
sending incremental file list

sent 74 bytes  received 12 bytes  172.00 bytes/sec
total size is 890,142  speedup is 10,350.49
sending incremental file list

sent 74 bytes  received 12 bytes  172.00 bytes/sec
total size is 890,142  speedup is 10,350.49
sending incremental file list

sent 74 bytes  received 12 bytes  172.00 bytes/sec
total size is 890,142  speedup is 10,350.49
sending incremental file list

sent 74 bytes  received 12 bytes  172.00 bytes/sec
total size is 890,142  speedup is 10,350.49
sending incremental file list

sent 74 bytes  received 12 bytes  172.00 bytes/sec
total size is 890,142  speedup is 10,350.49
sending incremental file list

sent 74 bytes  received 12 bytes  172.00 bytes/sec
total size is 890,142  speedup is 10,350.49
sending incremental file list

sent 74 bytes  received 12 bytes  172.00 bytes/sec
total size is 890,142  speedup is 10,350.49
sending incremental file list

sent 74 bytes  received 12 bytes  172.00 bytes/sec
total size is 890,142  speedup is 10,350.49
sending incremental file list

sent 74 bytes  received 12 bytes  172.00 bytes/sec
total size is 890,142  speedup is 10,350.49
sending incremental file list

sent 74 bytes  received 12 bytes  172.00 bytes/sec
total size is 890,142  speedup is 10,350.49
sending incremental file list

sent 74 bytes  received 12 bytes  172.00 bytes/sec
total size is 890,142  speedup is 10,350.49
sending incremental file list

sent 74 bytes  received 12 bytes  172.00 bytes/sec
total size is 890,142  speedup is 10,350.49
sending incremental file list

sent 74 bytes  received 12 bytes  172.00 bytes/sec
total size is 890,142  speedup is 10,350.49
sending incremental file list

sent 74 bytes  received 12 bytes  172.00 bytes/sec
total size is 890,142  speedup is 10,350.49
sending incremental file list

sent 74 bytes  received 12 bytes  172.00 bytes/sec
total size is 890,142  speedup is 10,350.49
sending incremental file list

sent 74 bytes  received 12 bytes  172.00 bytes/sec
total size is 890,142  speedup is 10,350.49
sending incremental file list

sent 74 bytes  received 12 bytes  172.00 bytes/sec
total size is 890,142  speedup is 10,350.49
sending incremental file list

sent 74 bytes  received 12 bytes  172.00 bytes/sec
total size is 890,142  speedup is 10,350.49
sending incremental file list

sent 74 bytes  received 12 bytes  172.00 bytes/sec
total size is 890,142  speedup is 10,350.49
sending incremental file list

sent 74 bytes  received 12 bytes  172.00 bytes/sec
total size is 890,142  speedup is 10,350.49
sending incremental file list

sent 74 bytes  received 12 bytes  172.00 bytes/sec
total size is 890,142  speedup is 10,350.49
sending incremental file list

sent 74 bytes  received 12 bytes  172.00 bytes/sec
total size is 890,142  speedup is 10,350.49
sending incremental file list

sent 74 bytes  received 12 bytes  172.00 bytes/sec
total size is 890,142  speedup is 10,350.49
sending incremental file list

sent 74 bytes  received 12 bytes  172.00 bytes/sec
total size is 890,142  speedup is 10,350.49
sending incremental file list

sent 74 bytes  received 12 bytes  172.00 bytes/sec
total size is 890,142  speedup is 10,350.49
sending incremental file list

sent 74 bytes  received 12 bytes  172.00 bytes/sec
total size is 890,142  speedup is 10,350.49
sending incremental file list

sent 74 bytes  received 12 bytes  172.00 bytes/sec
total size is 890,142  speedup is 10,350.49
sending incremental file list

sent 74 bytes  received 12 bytes  172.00 bytes/sec
total size is 890,142  speedup is 10,350.49
sending incremental file list

sent 74 bytes  received 12 bytes  172.00 bytes/sec
total size is 890,142  speedup is 10,350.49
sending incremental file list

sent 74 bytes  received 12 bytes  172.00 bytes/sec
total size is 890,142  speedup is 10,350.49
sending incremental file list

sent 74 bytes  received 12 bytes  172.00 bytes/sec
total size is 890,142  speedup is 10,350.49
sending incremental file list

sent 74 bytes  received 12 bytes  172.00 bytes/sec
total size is 890,142  speedup is 10,350.49
sending incremental file list

sent 74 bytes  received 12 bytes  172.00 bytes/sec
total size is 890,142  speedup is 10,350.49
sending incremental file list

sent 74 bytes  received 12 bytes  172.00 bytes/sec
total size is 890,142  speedup is 10,350.49
sending incremental file list

sent 74 bytes  received 12 bytes  172.00 bytes/sec
total size is 890,142  speedup is 10,350.49
sending incremental file list

sent 74 bytes  received 12 bytes  172.00 bytes/sec
total size is 890,142  speedup is 10,350.49
sending incremental file list

sent 74 bytes  received 12 bytes  172.00 bytes/sec
total size is 890,142  speedup is 10,350.49
sending incremental file list

sent 74 bytes  received 12 bytes  172.00 bytes/sec
total size is 890,142  speedup is 10,350.49
sending incremental file list

sent 74 bytes  received 12 bytes  172.00 bytes/sec
total size is 890,142  speedup is 10,350.49
sending incremental file list

sent 74 bytes  received 12 bytes  172.00 bytes/sec
total size is 890,142  speedup is 10,350.49
sending incremental file list

sent 74 bytes  received 12 bytes  172.00 bytes/sec
total size is 890,142  speedup is 10,350.49
sending incremental file list

sent 74 bytes  received 12 bytes  172.00 bytes/sec
total size is 890,142  speedup is 10,350.49
sending incremental file list

sent 74 bytes  received 12 bytes  172.00 bytes/sec
total size is 890,142  speedup is 10,350.49
sending incremental file list

sent 74 bytes  received 12 bytes  172.00 bytes/sec
total size is 890,142  speedup is 10,350.49
sending incremental file list

sent 74 bytes  received 12 bytes  172.00 bytes/sec
total size is 890,142  speedup is 10,350.49
sending incremental file list

sent 74 bytes  received 12 bytes  172.00 bytes/sec
total size is 890,142  speedup is 10,350.49
sending incremental file list

sent 74 bytes  received 12 bytes  172.00 bytes/sec
total size is 890,142  speedup is 10,350.49
sending incremental file list

sent 74 bytes  received 12 bytes  172.00 bytes/sec
total size is 890,142  speedup is 10,350.49
sending incremental file list

sent 74 bytes  received 12 bytes  172.00 bytes/sec
total size is 890,142  speedup is 10,350.49
sending incremental file list

sent 74 bytes  received 12 bytes  172.00 bytes/sec
total size is 890,142  speedup is 10,350.49
sending incremental file list

sent 74 bytes  received 12 bytes  172.00 bytes/sec
total size is 890,142  speedup is 10,350.49
sending incremental file list

sent 74 bytes  received 12 bytes  172.00 bytes/sec
total size is 890,142  speedup is 10,350.49
sending incremental file list

sent 74 bytes  received 12 bytes  172.00 bytes/sec
total size is 890,142  speedup is 10,350.49
sending incremental file list

sent 74 bytes  received 12 bytes  172.00 bytes/sec
total size is 890,142  speedup is 10,350.49
sending incremental file list

sent 74 bytes  received 12 bytes  172.00 bytes/sec
total size is 890,142  speedup is 10,350.49
sending incremental file list

sent 74 bytes  received 12 bytes  172.00 bytes/sec
total size is 890,142  speedup is 10,350.49
sending incremental file list

sent 74 bytes  received 12 bytes  172.00 bytes/sec
total size is 890,142  speedup is 10,350.49
sending incremental file list

sent 74 bytes  received 12 bytes  172.00 bytes/sec
total size is 890,142  speedup is 10,350.49
sending incremental file list

sent 74 bytes  received 12 bytes  172.00 bytes/sec
total size is 890,142  speedup is 10,350.49
sending incremental file list

sent 74 bytes  received 12 bytes  172.00 bytes/sec
total size is 890,142  speedup is 10,350.49
sending incremental file list

sent 74 bytes  received 12 bytes  172.00 bytes/sec
total size is 890,142  speedup is 10,350.49
sending incremental file list

sent 74 bytes  received 12 bytes  172.00 bytes/sec
total size is 890,142  speedup is 10,350.49
sending incremental file list

sent 74 bytes  received 12 bytes  172.00 bytes/sec
total size is 890,142  speedup is 10,350.49
sending incremental file list

sent 74 bytes  received 12 bytes  172.00 bytes/sec
total size is 890,142  speedup is 10,350.49
sending incremental file list

sent 74 bytes  received 12 bytes  172.00 bytes/sec
total size is 890,142  speedup is 10,350.49
sending incremental file list

sent 74 bytes  received 12 bytes  172.00 bytes/sec
total size is 890,142  speedup is 10,350.49
sending incremental file list

sent 74 bytes  received 12 bytes  172.00 bytes/sec
total size is 890,142  speedup is 10,350.49
sending incremental file list

sent 74 bytes  received 12 bytes  172.00 bytes/sec
total size is 890,142  speedup is 10,350.49
sending incremental file list

sent 74 bytes  received 12 bytes  172.00 bytes/sec
total size is 890,142  speedup is 10,350.49
sending incremental file list

sent 74 bytes  received 12 bytes  172.00 bytes/sec
total size is 890,142  speedup is 10,350.49
sending incremental file list

sent 74 bytes  received 12 bytes  172.00 bytes/sec
total size is 890,142  speedup is 10,350.49
sending incremental file list

sent 74 bytes  received 12 bytes  172.00 bytes/sec
total size is 890,142  speedup is 10,350.49
sending incremental file list

sent 74 bytes  received 12 bytes  172.00 bytes/sec
total size is 890,142  speedup is 10,350.49
sending incremental file list

sent 74 bytes  received 12 bytes  172.00 bytes/sec
total size is 890,142  speedup is 10,350.49
sending incremental file list

sent 74 bytes  received 12 bytes  172.00 bytes/sec
total size is 890,142  speedup is 10,350.49
sending incremental file list

sent 74 bytes  received 12 bytes  172.00 bytes/sec
total size is 890,142  speedup is 10,350.49
sending incremental file list

sent 74 bytes  received 12 bytes  172.00 bytes/sec
total size is 890,142  speedup is 10,350.49
sending incremental file list

sent 74 bytes  received 12 bytes  172.00 bytes/sec
total size is 890,142  speedup is 10,350.49
sending incremental file list

sent 74 bytes  received 12 bytes  172.00 bytes/sec
total size is 890,142  speedup is 10,350.49
sending incremental file list

sent 74 bytes  received 12 bytes  172.00 bytes/sec
total size is 890,142  speedup is 10,350.49
sending incremental file list

sent 74 bytes  received 12 bytes  172.00 bytes/sec
total size is 890,142  speedup is 10,350.49
sending incremental file list

sent 74 bytes  received 12 bytes  172.00 bytes/sec
total size is 890,142  speedup is 10,350.49
sending incremental file list

sent 74 bytes  received 12 bytes  172.00 bytes/sec
total size is 890,142  speedup is 10,350.49
sending incremental file list

sent 74 bytes  received 12 bytes  172.00 bytes/sec
total size is 890,142  speedup is 10,350.49
sending incremental file list

sent 74 bytes  received 12 bytes  172.00 bytes/sec
total size is 890,142  speedup is 10,350.49
sending incremental file list

sent 74 bytes  received 12 bytes  172.00 bytes/sec
total size is 890,142  speedup is 10,350.49
sending incremental file list

sent 74 bytes  received 12 bytes  172.00 bytes/sec
total size is 890,142  speedup is 10,350.49
sending incremental file list

sent 74 bytes  received 12 bytes  172.00 bytes/sec
total size is 890,142  speedup is 10,350.49
sending incremental file list

sent 74 bytes  received 12 bytes  172.00 bytes/sec
total size is 890,142  speedup is 10,350.49
sending incremental file list

sent 74 bytes  received 12 bytes  172.00 bytes/sec
total size is 890,142  speedup is 10,350.49
sending incremental file list

sent 74 bytes  received 12 bytes  172.00 bytes/sec
total size is 890,142  speedup is 10,350.49
sending incremental file list

sent 74 bytes  received 12 bytes  172.00 bytes/sec
total size is 890,142  speedup is 10,350.49
sending incremental file list

sent 74 bytes  received 12 bytes  172.00 bytes/sec
total size is 890,142  speedup is 10,350.49
sending incremental file list

sent 74 bytes  received 12 bytes  172.00 bytes/sec
total size is 890,142  speedup is 10,350.49
sending incremental file list

sent 74 bytes  received 12 bytes  172.00 bytes/sec
total size is 890,142  speedup is 10,350.49
sending incremental file list

sent 74 bytes  received 12 bytes  172.00 bytes/sec
total size is 890,142  speedup is 10,350.49
sending incremental file list

sent 74 bytes  received 12 bytes  172.00 bytes/sec
total size is 890,142  speedup is 10,350.49
sending incremental file list

sent 74 bytes  received 12 bytes  172.00 bytes/sec
total size is 890,142  speedup is 10,350.49
sending incremental file list

sent 74 bytes  received 12 bytes  172.00 bytes/sec
total size is 890,142  speedup is 10,350.49
sending incremental file list

sent 74 bytes  received 12 bytes  172.00 bytes/sec
total size is 890,142  speedup is 10,350.49
sending incremental file list

sent 74 bytes  received 12 bytes  172.00 bytes/sec
total size is 890,142  speedup is 10,350.49
sending incremental file list

sent 74 bytes  received 12 bytes  172.00 bytes/sec
total size is 890,142  speedup is 10,350.49
sending incremental file list

sent 74 bytes  received 12 bytes  172.00 bytes/sec
total size is 890,142  speedup is 10,350.49
sending incremental file list

sent 74 bytes  received 12 bytes  172.00 bytes/sec
total size is 890,142  speedup is 10,350.49
sending incremental file list

sent 74 bytes  received 12 bytes  172.00 bytes/sec
total size is 890,142  speedup is 10,350.49
sending incremental file list

sent 74 bytes  received 12 bytes  172.00 bytes/sec
total size is 890,142  speedup is 10,350.49
sending incremental file list

sent 74 bytes  received 12 bytes  172.00 bytes/sec
total size is 890,142  speedup is 10,350.49
sending incremental file list

sent 74 bytes  received 12 bytes  172.00 bytes/sec
total size is 890,142  speedup is 10,350.49
sending incremental file list

sent 74 bytes  received 12 bytes  172.00 bytes/sec
total size is 890,142  speedup is 10,350.49
sending incremental file list

sent 74 bytes  received 12 bytes  172.00 bytes/sec
total size is 890,142  speedup is 10,350.49
sending incremental file list

sent 74 bytes  received 12 bytes  172.00 bytes/sec
total size is 890,142  speedup is 10,350.49
sending incremental file list

sent 74 bytes  received 12 bytes  172.00 bytes/sec
total size is 890,142  speedup is 10,350.49
sending incremental file list

sent 74 bytes  received 12 bytes  172.00 bytes/sec
total size is 890,142  speedup is 10,350.49
sending incremental file list

sent 74 bytes  received 12 bytes  172.00 bytes/sec
total size is 890,142  speedup is 10,350.49
sending incremental file list

sent 74 bytes  received 12 bytes  172.00 bytes/sec
total size is 890,142  speedup is 10,350.49
sending incremental file list

sent 74 bytes  received 12 bytes  172.00 bytes/sec
total size is 890,142  speedup is 10,350.49
sending incremental file list

sent 74 bytes  received 12 bytes  172.00 bytes/sec
total size is 890,142  speedup is 10,350.49
sending incremental file list

sent 74 bytes  received 12 bytes  172.00 bytes/sec
total size is 890,142  speedup is 10,350.49
sending incremental file list

sent 74 bytes  received 12 bytes  172.00 bytes/sec
total size is 890,142  speedup is 10,350.49
sending incremental file list

sent 74 bytes  received 12 bytes  172.00 bytes/sec
total size is 890,142  speedup is 10,350.49
sending incremental file list

sent 74 bytes  received 12 bytes  172.00 bytes/sec
total size is 890,142  speedup is 10,350.49
sending incremental file list

sent 74 bytes  received 12 bytes  172.00 bytes/sec
total size is 890,142  speedup is 10,350.49
sending incremental file list

sent 74 bytes  received 12 bytes  172.00 bytes/sec
total size is 890,142  speedup is 10,350.49
sending incremental file list

sent 74 bytes  received 12 bytes  172.00 bytes/sec
total size is 890,142  speedup is 10,350.49
sending incremental file list

sent 74 bytes  received 12 bytes  172.00 bytes/sec
total size is 890,142  speedup is 10,350.49
sending incremental file list

sent 74 bytes  received 12 bytes  172.00 bytes/sec
total size is 890,142  speedup is 10,350.49
sending incremental file list

sent 74 bytes  received 12 bytes  172.00 bytes/sec
total size is 890,142  speedup is 10,350.49
sending incremental file list

sent 74 bytes  received 12 bytes  172.00 bytes/sec
total size is 890,142  speedup is 10,350.49
sending incremental file list

sent 74 bytes  received 12 bytes  172.00 bytes/sec
total size is 890,142  speedup is 10,350.49
sending incremental file list

sent 74 bytes  received 12 bytes  172.00 bytes/sec
total size is 890,142  speedup is 10,350.49
sending incremental file list

sent 74 bytes  received 12 bytes  172.00 bytes/sec
total size is 890,142  speedup is 10,350.49
sending incremental file list

sent 74 bytes  received 12 bytes  172.00 bytes/sec
total size is 890,142  speedup is 10,350.49
sending incremental file list

sent 74 bytes  received 12 bytes  172.00 bytes/sec
total size is 890,142  speedup is 10,350.49
sending incremental file list

sent 74 bytes  received 12 bytes  172.00 bytes/sec
total size is 890,142  speedup is 10,350.49
sending incremental file list

sent 74 bytes  received 12 bytes  172.00 bytes/sec
total size is 890,142  speedup is 10,350.49
sending incremental file list

sent 74 bytes  received 12 bytes  172.00 bytes/sec
total size is 890,142  speedup is 10,350.49
sending incremental file list

sent 74 bytes  received 12 bytes  172.00 bytes/sec
total size is 890,142  speedup is 10,350.49
sending incremental file list

sent 74 bytes  received 12 bytes  172.00 bytes/sec
total size is 890,142  speedup is 10,350.49
sending incremental file list

sent 74 bytes  received 12 bytes  172.00 bytes/sec
total size is 890,142  speedup is 10,350.49
sending incremental file list

sent 74 bytes  received 12 bytes  172.00 bytes/sec
total size is 890,142  speedup is 10,350.49
sending incremental file list

sent 74 bytes  received 12 bytes  172.00 bytes/sec
total size is 890,142  speedup is 10,350.49
sending incremental file list

sent 74 bytes  received 12 bytes  172.00 bytes/sec
total size is 890,142  speedup is 10,350.49
sending incremental file list

sent 74 bytes  received 12 bytes  172.00 bytes/sec
total size is 890,142  speedup is 10,350.49
sending incremental file list

sent 74 bytes  received 12 bytes  57.33 bytes/sec
total size is 890,142  speedup is 10,350.49
sending incremental file list

sent 74 bytes  received 12 bytes  172.00 bytes/sec
total size is 890,142  speedup is 10,350.49
sending incremental file list

sent 74 bytes  received 12 bytes  172.00 bytes/sec
total size is 890,142  speedup is 10,350.49
sending incremental file list

sent 74 bytes  received 12 bytes  172.00 bytes/sec
total size is 890,142  speedup is 10,350.49
sending incremental file list

sent 74 bytes  received 12 bytes  172.00 bytes/sec
total size is 890,142  speedup is 10,350.49
sending incremental file list

sent 74 bytes  received 12 bytes  172.00 bytes/sec
total size is 890,142  speedup is 10,350.49
sending incremental file list

sent 74 bytes  received 12 bytes  172.00 bytes/sec
total size is 890,142  speedup is 10,350.49
sending incremental file list

sent 74 bytes  received 12 bytes  172.00 bytes/sec
total size is 890,142  speedup is 10,350.49
sending incremental file list

sent 74 bytes  received 12 bytes  172.00 bytes/sec
total size is 890,142  speedup is 10,350.49
sending incremental file list

sent 74 bytes  received 12 bytes  172.00 bytes/sec
total size is 890,142  speedup is 10,350.49
sending incremental file list

sent 74 bytes  received 12 bytes  172.00 bytes/sec
total size is 890,142  speedup is 10,350.49
sending incremental file list

sent 74 bytes  received 12 bytes  172.00 bytes/sec
total size is 890,142  speedup is 10,350.49
sending incremental file list

sent 74 bytes  received 12 bytes  172.00 bytes/sec
total size is 890,142  speedup is 10,350.49
sending incremental file list

sent 74 bytes  received 12 bytes  172.00 bytes/sec
total size is 890,142  speedup is 10,350.49
sending incremental file list

sent 74 bytes  received 12 bytes  172.00 bytes/sec
total size is 890,142  speedup is 10,350.49
sending incremental file list

sent 74 bytes  received 12 bytes  172.00 bytes/sec
total size is 890,142  speedup is 10,350.49
sending incremental file list

sent 74 bytes  received 12 bytes  172.00 bytes/sec
total size is 890,142  speedup is 10,350.49
sending incremental file list

sent 74 bytes  received 12 bytes  172.00 bytes/sec
total size is 890,142  speedup is 10,350.49
sending incremental file list

sent 74 bytes  received 12 bytes  172.00 bytes/sec
total size is 890,142  speedup is 10,350.49
sending incremental file list

sent 74 bytes  received 12 bytes  172.00 bytes/sec
total size is 890,142  speedup is 10,350.49
sending incremental file list

sent 74 bytes  received 12 bytes  172.00 bytes/sec
total size is 890,142  speedup is 10,350.49
sending incremental file list

sent 74 bytes  received 12 bytes  172.00 bytes/sec
total size is 890,142  speedup is 10,350.49
sending incremental file list

sent 74 bytes  received 12 bytes  172.00 bytes/sec
total size is 890,142  speedup is 10,350.49
sending incremental file list

sent 74 bytes  received 12 bytes  172.00 bytes/sec
total size is 890,142  speedup is 10,350.49
sending incremental file list

sent 74 bytes  received 12 bytes  172.00 bytes/sec
total size is 890,142  speedup is 10,350.49
sending incremental file list

sent 74 bytes  received 12 bytes  172.00 bytes/sec
total size is 890,142  speedup is 10,350.49
sending incremental file list

sent 74 bytes  received 12 bytes  172.00 bytes/sec
total size is 890,142  speedup is 10,350.49
sending incremental file list

sent 74 bytes  received 12 bytes  172.00 bytes/sec
total size is 890,142  speedup is 10,350.49
sending incremental file list

sent 74 bytes  received 12 bytes  172.00 bytes/sec
total size is 890,142  speedup is 10,350.49
sending incremental file list

sent 74 bytes  received 12 bytes  172.00 bytes/sec
total size is 890,142  speedup is 10,350.49
sending incremental file list

sent 74 bytes  received 12 bytes  172.00 bytes/sec
total size is 890,142  speedup is 10,350.49
sending incremental file list

sent 74 bytes  received 12 bytes  172.00 bytes/sec
total size is 890,142  speedup is 10,350.49
sending incremental file list

sent 74 bytes  received 12 bytes  172.00 bytes/sec
total size is 890,142  speedup is 10,350.49
sending incremental file list

sent 74 bytes  received 12 bytes  172.00 bytes/sec
total size is 890,142  speedup is 10,350.49
sending incremental file list

sent 74 bytes  received 12 bytes  172.00 bytes/sec
total size is 890,142  speedup is 10,350.49
sending incremental file list

sent 74 bytes  received 12 bytes  172.00 bytes/sec
total size is 890,142  speedup is 10,350.49
sending incremental file list

sent 74 bytes  received 12 bytes  172.00 bytes/sec
total size is 890,142  speedup is 10,350.49
sending incremental file list

sent 74 bytes  received 12 bytes  172.00 bytes/sec
total size is 890,142  speedup is 10,350.49
sending incremental file list

sent 74 bytes  received 12 bytes  172.00 bytes/sec
total size is 890,142  speedup is 10,350.49
sending incremental file list

sent 74 bytes  received 12 bytes  172.00 bytes/sec
total size is 890,142  speedup is 10,350.49
sending incremental file list

sent 74 bytes  received 12 bytes  172.00 bytes/sec
total size is 890,142  speedup is 10,350.49
sending incremental file list

sent 74 bytes  received 12 bytes  172.00 bytes/sec
total size is 890,142  speedup is 10,350.49
sending incremental file list

sent 74 bytes  received 12 bytes  172.00 bytes/sec
total size is 890,142  speedup is 10,350.49
sending incremental file list

sent 74 bytes  received 12 bytes  172.00 bytes/sec
total size is 890,142  speedup is 10,350.49
sending incremental file list

sent 74 bytes  received 12 bytes  172.00 bytes/sec
total size is 890,142  speedup is 10,350.49
sending incremental file list

sent 74 bytes  received 12 bytes  172.00 bytes/sec
total size is 890,142  speedup is 10,350.49
sending incremental file list

sent 74 bytes  received 12 bytes  172.00 bytes/sec
total size is 890,142  speedup is 10,350.49
sending incremental file list

sent 74 bytes  received 12 bytes  172.00 bytes/sec
total size is 890,142  speedup is 10,350.49
sending incremental file list

sent 74 bytes  received 12 bytes  172.00 bytes/sec
total size is 890,142  speedup is 10,350.49
sending incremental file list

sent 74 bytes  received 12 bytes  172.00 bytes/sec
total size is 890,142  speedup is 10,350.49
sending incremental file list

sent 74 bytes  received 12 bytes  172.00 bytes/sec
total size is 890,142  speedup is 10,350.49
sending incremental file list

sent 74 bytes  received 12 bytes  172.00 bytes/sec
total size is 890,142  speedup is 10,350.49
sending incremental file list

sent 74 bytes  received 12 bytes  172.00 bytes/sec
total size is 890,142  speedup is 10,350.49
sending incremental file list

sent 74 bytes  received 12 bytes  172.00 bytes/sec
total size is 890,142  speedup is 10,350.49
sending incremental file list

sent 74 bytes  received 12 bytes  172.00 bytes/sec
total size is 890,142  speedup is 10,350.49
sending incremental file list

sent 74 bytes  received 12 bytes  172.00 bytes/sec
total size is 890,142  speedup is 10,350.49
sending incremental file list

sent 74 bytes  received 12 bytes  172.00 bytes/sec
total size is 890,142  speedup is 10,350.49
sending incremental file list

sent 74 bytes  received 12 bytes  172.00 bytes/sec
total size is 890,142  speedup is 10,350.49
sending incremental file list

sent 74 bytes  received 12 bytes  172.00 bytes/sec
total size is 890,142  speedup is 10,350.49
sending incremental file list

sent 74 bytes  received 12 bytes  172.00 bytes/sec
total size is 890,142  speedup is 10,350.49
sending incremental file list

sent 74 bytes  received 12 bytes  172.00 bytes/sec
total size is 890,142  speedup is 10,350.49
sending incremental file list

sent 74 bytes  received 12 bytes  172.00 bytes/sec
total size is 890,142  speedup is 10,350.49
sending incremental file list

sent 74 bytes  received 12 bytes  172.00 bytes/sec
total size is 890,142  speedup is 10,350.49
sending incremental file list

sent 74 bytes  received 12 bytes  172.00 bytes/sec
total size is 890,142  speedup is 10,350.49
sending incremental file list

sent 74 bytes  received 12 bytes  172.00 bytes/sec
total size is 890,142  speedup is 10,350.49
sending incremental file list

sent 74 bytes  received 12 bytes  172.00 bytes/sec
total size is 890,142  speedup is 10,350.49
sending incremental file list

sent 74 bytes  received 12 bytes  172.00 bytes/sec
total size is 890,142  speedup is 10,350.49
sending incremental file list

sent 74 bytes  received 12 bytes  172.00 bytes/sec
total size is 890,142  speedup is 10,350.49
sending incremental file list

sent 74 bytes  received 12 bytes  172.00 bytes/sec
total size is 890,142  speedup is 10,350.49
sending incremental file list

sent 74 bytes  received 12 bytes  172.00 bytes/sec
total size is 890,142  speedup is 10,350.49
sending incremental file list

sent 74 bytes  received 12 bytes  172.00 bytes/sec
total size is 890,142  speedup is 10,350.49
sending incremental file list

sent 74 bytes  received 12 bytes  172.00 bytes/sec
total size is 890,142  speedup is 10,350.49
sending incremental file list

sent 74 bytes  received 12 bytes  172.00 bytes/sec
total size is 890,142  speedup is 10,350.49
sending incremental file list

sent 74 bytes  received 12 bytes  172.00 bytes/sec
total size is 890,142  speedup is 10,350.49
sending incremental file list

sent 74 bytes  received 12 bytes  172.00 bytes/sec
total size is 890,142  speedup is 10,350.49
sending incremental file list

sent 74 bytes  received 12 bytes  172.00 bytes/sec
total size is 890,142  speedup is 10,350.49
sending incremental file list

sent 74 bytes  received 12 bytes  172.00 bytes/sec
total size is 890,142  speedup is 10,350.49
sending incremental file list

sent 74 bytes  received 12 bytes  172.00 bytes/sec
total size is 890,142  speedup is 10,350.49
sending incremental file list

sent 74 bytes  received 12 bytes  172.00 bytes/sec
total size is 890,142  speedup is 10,350.49
sending incremental file list

sent 74 bytes  received 12 bytes  172.00 bytes/sec
total size is 890,142  speedup is 10,350.49
sending incremental file list

sent 74 bytes  received 12 bytes  172.00 bytes/sec
total size is 890,142  speedup is 10,350.49
sending incremental file list

sent 74 bytes  received 12 bytes  172.00 bytes/sec
total size is 890,142  speedup is 10,350.49
sending incremental file list

sent 74 bytes  received 12 bytes  172.00 bytes/sec
total size is 890,142  speedup is 10,350.49
sending incremental file list

sent 74 bytes  received 12 bytes  172.00 bytes/sec
total size is 890,142  speedup is 10,350.49
sending incremental file list

sent 74 bytes  received 12 bytes  172.00 bytes/sec
total size is 890,142  speedup is 10,350.49
sending incremental file list

sent 74 bytes  received 12 bytes  172.00 bytes/sec
total size is 890,142  speedup is 10,350.49
sending incremental file list

sent 74 bytes  received 12 bytes  172.00 bytes/sec
total size is 890,142  speedup is 10,350.49
sending incremental file list

sent 74 bytes  received 12 bytes  172.00 bytes/sec
total size is 890,142  speedup is 10,350.49
sending incremental file list

sent 74 bytes  received 12 bytes  172.00 bytes/sec
total size is 890,142  speedup is 10,350.49
sending incremental file list

sent 74 bytes  received 12 bytes  172.00 bytes/sec
total size is 890,142  speedup is 10,350.49
sending incremental file list

sent 74 bytes  received 12 bytes  172.00 bytes/sec
total size is 890,142  speedup is 10,350.49
sending incremental file list

sent 74 bytes  received 12 bytes  172.00 bytes/sec
total size is 890,142  speedup is 10,350.49
sending incremental file list

sent 74 bytes  received 12 bytes  172.00 bytes/sec
total size is 890,142  speedup is 10,350.49
sending incremental file list

sent 74 bytes  received 12 bytes  172.00 bytes/sec
total size is 890,142  speedup is 10,350.49
sending incremental file list

sent 74 bytes  received 12 bytes  172.00 bytes/sec
total size is 890,142  speedup is 10,350.49
sending incremental file list

sent 74 bytes  received 12 bytes  172.00 bytes/sec
total size is 890,142  speedup is 10,350.49
sending incremental file list

sent 74 bytes  received 12 bytes  172.00 bytes/sec
total size is 890,142  speedup is 10,350.49
sending incremental file list

sent 74 bytes  received 12 bytes  172.00 bytes/sec
total size is 890,142  speedup is 10,350.49
sending incremental file list

sent 74 bytes  received 12 bytes  172.00 bytes/sec
total size is 890,142  speedup is 10,350.49
sending incremental file list

sent 74 bytes  received 12 bytes  172.00 bytes/sec
total size is 890,142  speedup is 10,350.49
sending incremental file list

sent 74 bytes  received 12 bytes  172.00 bytes/sec
total size is 890,142  speedup is 10,350.49
sending incremental file list

sent 74 bytes  received 12 bytes  172.00 bytes/sec
total size is 890,142  speedup is 10,350.49
sending incremental file list

sent 74 bytes  received 12 bytes  172.00 bytes/sec
total size is 890,142  speedup is 10,350.49
sending incremental file list

sent 74 bytes  received 12 bytes  172.00 bytes/sec
total size is 890,142  speedup is 10,350.49
sending incremental file list

sent 74 bytes  received 12 bytes  172.00 bytes/sec
total size is 890,142  speedup is 10,350.49
sending incremental file list

sent 74 bytes  received 12 bytes  172.00 bytes/sec
total size is 890,142  speedup is 10,350.49
sending incremental file list

sent 74 bytes  received 12 bytes  172.00 bytes/sec
total size is 890,142  speedup is 10,350.49
sending incremental file list

sent 74 bytes  received 12 bytes  57.33 bytes/sec
total size is 890,142  speedup is 10,350.49
sending incremental file list

sent 74 bytes  received 12 bytes  172.00 bytes/sec
total size is 890,142  speedup is 10,350.49
sending incremental file list

sent 74 bytes  received 12 bytes  172.00 bytes/sec
total size is 890,142  speedup is 10,350.49
sending incremental file list

sent 74 bytes  received 12 bytes  172.00 bytes/sec
total size is 890,142  speedup is 10,350.49
sending incremental file list

sent 74 bytes  received 12 bytes  172.00 bytes/sec
total size is 890,142  speedup is 10,350.49
sending incremental file list

sent 74 bytes  received 12 bytes  172.00 bytes/sec
total size is 890,142  speedup is 10,350.49
sending incremental file list

sent 74 bytes  received 12 bytes  172.00 bytes/sec
total size is 890,142  speedup is 10,350.49
sending incremental file list

sent 74 bytes  received 12 bytes  172.00 bytes/sec
total size is 890,142  speedup is 10,350.49
sending incremental file list

sent 74 bytes  received 12 bytes  172.00 bytes/sec
total size is 890,142  speedup is 10,350.49
sending incremental file list

sent 74 bytes  received 12 bytes  172.00 bytes/sec
total size is 890,142  speedup is 10,350.49
sending incremental file list

sent 74 bytes  received 12 bytes  172.00 bytes/sec
total size is 890,142  speedup is 10,350.49
sending incremental file list

sent 74 bytes  received 12 bytes  172.00 bytes/sec
total size is 890,142  speedup is 10,350.49
sending incremental file list

sent 74 bytes  received 12 bytes  172.00 bytes/sec
total size is 890,142  speedup is 10,350.49
sending incremental file list

sent 74 bytes  received 12 bytes  172.00 bytes/sec
total size is 890,142  speedup is 10,350.49
sending incremental file list

sent 74 bytes  received 12 bytes  172.00 bytes/sec
total size is 890,142  speedup is 10,350.49
sending incremental file list

sent 74 bytes  received 12 bytes  172.00 bytes/sec
total size is 890,142  speedup is 10,350.49
sending incremental file list

sent 74 bytes  received 12 bytes  172.00 bytes/sec
total size is 890,142  speedup is 10,350.49
sending incremental file list

sent 74 bytes  received 12 bytes  172.00 bytes/sec
total size is 890,142  speedup is 10,350.49
sending incremental file list

sent 74 bytes  received 12 bytes  172.00 bytes/sec
total size is 890,142  speedup is 10,350.49
sending incremental file list

sent 74 bytes  received 12 bytes  172.00 bytes/sec
total size is 890,142  speedup is 10,350.49
sending incremental file list

sent 74 bytes  received 12 bytes  172.00 bytes/sec
total size is 890,142  speedup is 10,350.49
sending incremental file list

sent 74 bytes  received 12 bytes  172.00 bytes/sec
total size is 890,142  speedup is 10,350.49
sending incremental file list

sent 74 bytes  received 12 bytes  172.00 bytes/sec
total size is 890,142  speedup is 10,350.49
sending incremental file list

sent 74 bytes  received 12 bytes  172.00 bytes/sec
total size is 890,142  speedup is 10,350.49
sending incremental file list

sent 74 bytes  received 12 bytes  172.00 bytes/sec
total size is 890,142  speedup is 10,350.49
sending incremental file list

sent 74 bytes  received 12 bytes  172.00 bytes/sec
total size is 890,142  speedup is 10,350.49
sending incremental file list

sent 74 bytes  received 12 bytes  172.00 bytes/sec
total size is 890,142  speedup is 10,350.49
sending incremental file list

sent 74 bytes  received 12 bytes  172.00 bytes/sec
total size is 890,142  speedup is 10,350.49
sending incremental file list

sent 74 bytes  received 12 bytes  172.00 bytes/sec
total size is 890,142  speedup is 10,350.49
sending incremental file list

sent 74 bytes  received 12 bytes  172.00 bytes/sec
total size is 890,142  speedup is 10,350.49
sending incremental file list

sent 74 bytes  received 12 bytes  172.00 bytes/sec
total size is 890,142  speedup is 10,350.49
sending incremental file list

sent 74 bytes  received 12 bytes  172.00 bytes/sec
total size is 890,142  speedup is 10,350.49
sending incremental file list

sent 74 bytes  received 12 bytes  172.00 bytes/sec
total size is 890,142  speedup is 10,350.49
sending incremental file list

sent 74 bytes  received 12 bytes  172.00 bytes/sec
total size is 890,142  speedup is 10,350.49
sending incremental file list

sent 74 bytes  received 12 bytes  172.00 bytes/sec
total size is 890,142  speedup is 10,350.49
sending incremental file list

sent 74 bytes  received 12 bytes  172.00 bytes/sec
total size is 890,142  speedup is 10,350.49
sending incremental file list

sent 74 bytes  received 12 bytes  172.00 bytes/sec
total size is 890,142  speedup is 10,350.49
sending incremental file list

sent 74 bytes  received 12 bytes  172.00 bytes/sec
total size is 890,142  speedup is 10,350.49
sending incremental file list

sent 74 bytes  received 12 bytes  172.00 bytes/sec
total size is 890,142  speedup is 10,350.49
sending incremental file list

sent 74 bytes  received 12 bytes  172.00 bytes/sec
total size is 890,142  speedup is 10,350.49
sending incremental file list

sent 74 bytes  received 12 bytes  172.00 bytes/sec
total size is 890,142  speedup is 10,350.49
sending incremental file list

sent 74 bytes  received 12 bytes  172.00 bytes/sec
total size is 890,142  speedup is 10,350.49
sending incremental file list

sent 74 bytes  received 12 bytes  172.00 bytes/sec
total size is 890,142  speedup is 10,350.49
sending incremental file list

sent 74 bytes  received 12 bytes  172.00 bytes/sec
total size is 890,142  speedup is 10,350.49
sending incremental file list

sent 74 bytes  received 12 bytes  172.00 bytes/sec
total size is 890,142  speedup is 10,350.49
sending incremental file list

sent 74 bytes  received 12 bytes  172.00 bytes/sec
total size is 890,142  speedup is 10,350.49
sending incremental file list

sent 74 bytes  received 12 bytes  172.00 bytes/sec
total size is 890,142  speedup is 10,350.49
sending incremental file list

sent 74 bytes  received 12 bytes  172.00 bytes/sec
total size is 890,142  speedup is 10,350.49
sending incremental file list

sent 74 bytes  received 12 bytes  172.00 bytes/sec
total size is 890,142  speedup is 10,350.49
sending incremental file list

sent 74 bytes  received 12 bytes  172.00 bytes/sec
total size is 890,142  speedup is 10,350.49
sending incremental file list

sent 74 bytes  received 12 bytes  172.00 bytes/sec
total size is 890,142  speedup is 10,350.49
sending incremental file list

sent 74 bytes  received 12 bytes  172.00 bytes/sec
total size is 890,142  speedup is 10,350.49
sending incremental file list

sent 74 bytes  received 12 bytes  172.00 bytes/sec
total size is 890,142  speedup is 10,350.49
sending incremental file list

sent 74 bytes  received 12 bytes  172.00 bytes/sec
total size is 890,142  speedup is 10,350.49
sending incremental file list

sent 74 bytes  received 12 bytes  172.00 bytes/sec
total size is 890,142  speedup is 10,350.49
sending incremental file list

sent 74 bytes  received 12 bytes  172.00 bytes/sec
total size is 890,142  speedup is 10,350.49
sending incremental file list

sent 74 bytes  received 12 bytes  172.00 bytes/sec
total size is 890,142  speedup is 10,350.49
sending incremental file list

sent 74 bytes  received 12 bytes  172.00 bytes/sec
total size is 890,142  speedup is 10,350.49
sending incremental file list

sent 74 bytes  received 12 bytes  172.00 bytes/sec
total size is 890,142  speedup is 10,350.49
sending incremental file list

sent 74 bytes  received 12 bytes  57.33 bytes/sec
total size is 890,142  speedup is 10,350.49
sending incremental file list

sent 74 bytes  received 12 bytes  172.00 bytes/sec
total size is 890,142  speedup is 10,350.49
sending incremental file list

sent 74 bytes  received 12 bytes  172.00 bytes/sec
total size is 890,142  speedup is 10,350.49
sending incremental file list

sent 74 bytes  received 12 bytes  172.00 bytes/sec
total size is 890,142  speedup is 10,350.49
sending incremental file list

sent 74 bytes  received 12 bytes  172.00 bytes/sec
total size is 890,142  speedup is 10,350.49
sending incremental file list

sent 74 bytes  received 12 bytes  172.00 bytes/sec
total size is 890,142  speedup is 10,350.49
sending incremental file list

sent 74 bytes  received 12 bytes  172.00 bytes/sec
total size is 890,142  speedup is 10,350.49
sending incremental file list

sent 74 bytes  received 12 bytes  172.00 bytes/sec
total size is 890,142  speedup is 10,350.49
sending incremental file list

sent 74 bytes  received 12 bytes  172.00 bytes/sec
total size is 890,142  speedup is 10,350.49
sending incremental file list

sent 74 bytes  received 12 bytes  172.00 bytes/sec
total size is 890,142  speedup is 10,350.49
sending incremental file list

sent 74 bytes  received 12 bytes  172.00 bytes/sec
total size is 890,142  speedup is 10,350.49
sending incremental file list

sent 74 bytes  received 12 bytes  172.00 bytes/sec
total size is 890,142  speedup is 10,350.49
sending incremental file list

sent 74 bytes  received 12 bytes  172.00 bytes/sec
total size is 890,142  speedup is 10,350.49
sending incremental file list

sent 74 bytes  received 12 bytes  172.00 bytes/sec
total size is 890,142  speedup is 10,350.49
sending incremental file list

sent 74 bytes  received 12 bytes  172.00 bytes/sec
total size is 890,142  speedup is 10,350.49
sending incremental file list

sent 74 bytes  received 12 bytes  172.00 bytes/sec
total size is 890,142  speedup is 10,350.49
sending incremental file list

sent 74 bytes  received 12 bytes  172.00 bytes/sec
total size is 890,142  speedup is 10,350.49
sending incremental file list

sent 74 bytes  received 12 bytes  172.00 bytes/sec
total size is 890,142  speedup is 10,350.49
sending incremental file list

sent 74 bytes  received 12 bytes  172.00 bytes/sec
total size is 890,142  speedup is 10,350.49
sending incremental file list

sent 74 bytes  received 12 bytes  172.00 bytes/sec
total size is 890,142  speedup is 10,350.49
sending incremental file list

sent 74 bytes  received 12 bytes  172.00 bytes/sec
total size is 890,142  speedup is 10,350.49
sending incremental file list

sent 74 bytes  received 12 bytes  172.00 bytes/sec
total size is 890,142  speedup is 10,350.49
sending incremental file list

sent 74 bytes  received 12 bytes  172.00 bytes/sec
total size is 890,142  speedup is 10,350.49
sending incremental file list

sent 74 bytes  received 12 bytes  172.00 bytes/sec
total size is 890,142  speedup is 10,350.49
sending incremental file list

sent 74 bytes  received 12 bytes  172.00 bytes/sec
total size is 890,142  speedup is 10,350.49
sending incremental file list

sent 74 bytes  received 12 bytes  172.00 bytes/sec
total size is 890,142  speedup is 10,350.49
sending incremental file list

sent 74 bytes  received 12 bytes  172.00 bytes/sec
total size is 890,142  speedup is 10,350.49
sending incremental file list

sent 74 bytes  received 12 bytes  172.00 bytes/sec
total size is 890,142  speedup is 10,350.49
sending incremental file list

sent 74 bytes  received 12 bytes  172.00 bytes/sec
total size is 890,142  speedup is 10,350.49
sending incremental file list

sent 74 bytes  received 12 bytes  172.00 bytes/sec
total size is 890,142  speedup is 10,350.49
sending incremental file list

sent 74 bytes  received 12 bytes  172.00 bytes/sec
total size is 890,142  speedup is 10,350.49
sending incremental file list

sent 74 bytes  received 12 bytes  172.00 bytes/sec
total size is 890,142  speedup is 10,350.49
sending incremental file list

sent 74 bytes  received 12 bytes  172.00 bytes/sec
total size is 890,142  speedup is 10,350.49
sending incremental file list

sent 74 bytes  received 12 bytes  172.00 bytes/sec
total size is 890,142  speedup is 10,350.49
sending incremental file list

sent 74 bytes  received 12 bytes  172.00 bytes/sec
total size is 890,142  speedup is 10,350.49
sending incremental file list

sent 74 bytes  received 12 bytes  172.00 bytes/sec
total size is 890,142  speedup is 10,350.49
sending incremental file list

sent 74 bytes  received 12 bytes  172.00 bytes/sec
total size is 890,142  speedup is 10,350.49
sending incremental file list

sent 74 bytes  received 12 bytes  172.00 bytes/sec
total size is 890,142  speedup is 10,350.49
sending incremental file list

sent 74 bytes  received 12 bytes  172.00 bytes/sec
total size is 890,142  speedup is 10,350.49
sending incremental file list

sent 74 bytes  received 12 bytes  172.00 bytes/sec
total size is 890,142  speedup is 10,350.49
sending incremental file list

sent 74 bytes  received 12 bytes  172.00 bytes/sec
total size is 890,142  speedup is 10,350.49
sending incremental file list

sent 74 bytes  received 12 bytes  172.00 bytes/sec
total size is 890,142  speedup is 10,350.49
sending incremental file list

sent 74 bytes  received 12 bytes  172.00 bytes/sec
total size is 890,142  speedup is 10,350.49
sending incremental file list

sent 74 bytes  received 12 bytes  172.00 bytes/sec
total size is 890,142  speedup is 10,350.49
sending incremental file list

sent 74 bytes  received 12 bytes  172.00 bytes/sec
total size is 890,142  speedup is 10,350.49
sending incremental file list

sent 74 bytes  received 12 bytes  172.00 bytes/sec
total size is 890,142  speedup is 10,350.49
sending incremental file list

sent 74 bytes  received 12 bytes  172.00 bytes/sec
total size is 890,142  speedup is 10,350.49
sending incremental file list

sent 74 bytes  received 12 bytes  172.00 bytes/sec
total size is 890,142  speedup is 10,350.49
sending incremental file list

sent 74 bytes  received 12 bytes  172.00 bytes/sec
total size is 890,142  speedup is 10,350.49
sending incremental file list

sent 74 bytes  received 12 bytes  172.00 bytes/sec
total size is 890,142  speedup is 10,350.49
sending incremental file list

sent 74 bytes  received 12 bytes  172.00 bytes/sec
total size is 890,142  speedup is 10,350.49
sending incremental file list

sent 74 bytes  received 12 bytes  172.00 bytes/sec
total size is 890,142  speedup is 10,350.49
sending incremental file list

sent 74 bytes  received 12 bytes  172.00 bytes/sec
total size is 890,142  speedup is 10,350.49
sending incremental file list

sent 74 bytes  received 12 bytes  172.00 bytes/sec
total size is 890,142  speedup is 10,350.49
sending incremental file list

sent 74 bytes  received 12 bytes  172.00 bytes/sec
total size is 890,142  speedup is 10,350.49
sending incremental file list

sent 74 bytes  received 12 bytes  172.00 bytes/sec
total size is 890,142  speedup is 10,350.49
sending incremental file list

sent 74 bytes  received 12 bytes  172.00 bytes/sec
total size is 890,142  speedup is 10,350.49
sending incremental file list

sent 74 bytes  received 12 bytes  172.00 bytes/sec
total size is 890,142  speedup is 10,350.49
sending incremental file list

sent 74 bytes  received 12 bytes  172.00 bytes/sec
total size is 890,142  speedup is 10,350.49
sending incremental file list

sent 74 bytes  received 12 bytes  172.00 bytes/sec
total size is 890,142  speedup is 10,350.49
sending incremental file list

sent 74 bytes  received 12 bytes  172.00 bytes/sec
total size is 890,142  speedup is 10,350.49
sending incremental file list

sent 74 bytes  received 12 bytes  172.00 bytes/sec
total size is 890,142  speedup is 10,350.49
sending incremental file list

sent 74 bytes  received 12 bytes  172.00 bytes/sec
total size is 890,142  speedup is 10,350.49
sending incremental file list

sent 74 bytes  received 12 bytes  172.00 bytes/sec
total size is 890,142  speedup is 10,350.49
sending incremental file list

sent 74 bytes  received 12 bytes  172.00 bytes/sec
total size is 890,142  speedup is 10,350.49
sending incremental file list

sent 74 bytes  received 12 bytes  172.00 bytes/sec
total size is 890,142  speedup is 10,350.49
sending incremental file list

sent 74 bytes  received 12 bytes  172.00 bytes/sec
total size is 890,142  speedup is 10,350.49
sending incremental file list

sent 74 bytes  received 12 bytes  172.00 bytes/sec
total size is 890,142  speedup is 10,350.49
sending incremental file list

sent 74 bytes  received 12 bytes  172.00 bytes/sec
total size is 890,142  speedup is 10,350.49
sending incremental file list

sent 74 bytes  received 12 bytes  172.00 bytes/sec
total size is 890,142  speedup is 10,350.49
sending incremental file list

sent 74 bytes  received 12 bytes  172.00 bytes/sec
total size is 890,142  speedup is 10,350.49
sending incremental file list

sent 74 bytes  received 12 bytes  172.00 bytes/sec
total size is 890,142  speedup is 10,350.49
sending incremental file list

sent 74 bytes  received 12 bytes  172.00 bytes/sec
total size is 890,142  speedup is 10,350.49
sending incremental file list

sent 74 bytes  received 12 bytes  172.00 bytes/sec
total size is 890,142  speedup is 10,350.49
sending incremental file list

sent 74 bytes  received 12 bytes  172.00 bytes/sec
total size is 890,142  speedup is 10,350.49
sending incremental file list

sent 74 bytes  received 12 bytes  172.00 bytes/sec
total size is 890,142  speedup is 10,350.49
sending incremental file list

sent 74 bytes  received 12 bytes  172.00 bytes/sec
total size is 890,142  speedup is 10,350.49
sending incremental file list

sent 74 bytes  received 12 bytes  172.00 bytes/sec
total size is 890,142  speedup is 10,350.49
sending incremental file list

sent 74 bytes  received 12 bytes  172.00 bytes/sec
total size is 890,142  speedup is 10,350.49
sending incremental file list

sent 74 bytes  received 12 bytes  172.00 bytes/sec
total size is 890,142  speedup is 10,350.49
sending incremental file list

sent 74 bytes  received 12 bytes  172.00 bytes/sec
total size is 890,142  speedup is 10,350.49
sending incremental file list

sent 74 bytes  received 12 bytes  172.00 bytes/sec
total size is 890,142  speedup is 10,350.49
sending incremental file list

sent 74 bytes  received 12 bytes  172.00 bytes/sec
total size is 890,142  speedup is 10,350.49
sending incremental file list

sent 74 bytes  received 12 bytes  172.00 bytes/sec
total size is 890,142  speedup is 10,350.49
sending incremental file list

sent 74 bytes  received 12 bytes  172.00 bytes/sec
total size is 890,142  speedup is 10,350.49
sending incremental file list

sent 74 bytes  received 12 bytes  172.00 bytes/sec
total size is 890,142  speedup is 10,350.49
sending incremental file list

sent 74 bytes  received 12 bytes  172.00 bytes/sec
total size is 890,142  speedup is 10,350.49
sending incremental file list

sent 74 bytes  received 12 bytes  172.00 bytes/sec
total size is 890,142  speedup is 10,350.49
sending incremental file list

sent 74 bytes  received 12 bytes  172.00 bytes/sec
total size is 890,142  speedup is 10,350.49
sending incremental file list

sent 74 bytes  received 12 bytes  172.00 bytes/sec
total size is 890,142  speedup is 10,350.49
sending incremental file list

sent 74 bytes  received 12 bytes  172.00 bytes/sec
total size is 890,142  speedup is 10,350.49
sending incremental file list

sent 74 bytes  received 12 bytes  172.00 bytes/sec
total size is 890,142  speedup is 10,350.49
sending incremental file list

sent 74 bytes  received 12 bytes  172.00 bytes/sec
total size is 890,142  speedup is 10,350.49
sending incremental file list

sent 74 bytes  received 12 bytes  172.00 bytes/sec
total size is 890,142  speedup is 10,350.49
sending incremental file list

sent 74 bytes  received 12 bytes  172.00 bytes/sec
total size is 890,142  speedup is 10,350.49
sending incremental file list

sent 74 bytes  received 12 bytes  172.00 bytes/sec
total size is 890,142  speedup is 10,350.49
sending incremental file list

sent 74 bytes  received 12 bytes  172.00 bytes/sec
total size is 890,142  speedup is 10,350.49
sending incremental file list

sent 74 bytes  received 12 bytes  172.00 bytes/sec
total size is 890,142  speedup is 10,350.49
sending incremental file list

sent 74 bytes  received 12 bytes  172.00 bytes/sec
total size is 890,142  speedup is 10,350.49
sending incremental file list

sent 74 bytes  received 12 bytes  172.00 bytes/sec
total size is 890,142  speedup is 10,350.49
sending incremental file list

sent 74 bytes  received 12 bytes  172.00 bytes/sec
total size is 890,142  speedup is 10,350.49
sending incremental file list

sent 74 bytes  received 12 bytes  172.00 bytes/sec
total size is 890,142  speedup is 10,350.49
sending incremental file list

sent 74 bytes  received 12 bytes  172.00 bytes/sec
total size is 890,142  speedup is 10,350.49
sending incremental file list

sent 74 bytes  received 12 bytes  172.00 bytes/sec
total size is 890,142  speedup is 10,350.49
sending incremental file list

sent 74 bytes  received 12 bytes  172.00 bytes/sec
total size is 890,142  speedup is 10,350.49
sending incremental file list

sent 74 bytes  received 12 bytes  172.00 bytes/sec
total size is 890,142  speedup is 10,350.49
sending incremental file list

sent 74 bytes  received 12 bytes  172.00 bytes/sec
total size is 890,142  speedup is 10,350.49
/cm/local/apps/slurm/var/spool/job1502244/slurm_script: line 62: 163714 Killed                  julia --project=$JULIAENV -t $NTHREAD $INFILE &>$OUTFILE
rm: cannot remove tmpfs: Device or resource busy
slurmstepd: error: Detected 1 oom-kill event(s) in StepId=1502244.batch cgroup. Some of your processes may have been killed by the cgroup out-of-memory handler.
