tc118
Resetting modules to system default. Reseting $MODULEPATH back to system default. All extra directories will be removed from $MODULEPATH.
Usage: sbatch submit.sh {input file} {data file} {data file}
tpsci_01.jl
tpsci_01.jl.out
/home/arnab22/FermiCG-data/bimetallics/fe2_morokuma/13__3d_2p_3d
/localscratch/1501076
sending incremental file list
tpsci_01.jl.out

sent 119 bytes  received 35 bytes  308.00 bytes/sec
total size is 0  speedup is 0.00
sending incremental file list
tpsci_01.jl.out

sent 119,498 bytes  received 35 bytes  239,066.00 bytes/sec
total size is 119,356  speedup is 1.00
sending incremental file list
tpsci_01.jl.out

sent 128,048 bytes  received 35 bytes  256,166.00 bytes/sec
total size is 127,905  speedup is 1.00
sending incremental file list
tpsci_01.jl.out

sent 140,524 bytes  received 35 bytes  281,118.00 bytes/sec
total size is 140,373  speedup is 1.00
sending incremental file list
tpsci_01.jl.out

sent 140,914 bytes  received 35 bytes  281,898.00 bytes/sec
total size is 140,763  speedup is 1.00
sending incremental file list
tpsci_01.jl.out

sent 140,983 bytes  received 35 bytes  282,036.00 bytes/sec
total size is 140,832  speedup is 1.00
rm: cannot remove ‘tmpfs’: Device or resource busy
