tc233
Resetting modules to system default. Reseting $MODULEPATH back to system default. All extra directories will be removed from $MODULEPATH.
Usage: sbatch submit.sh {input file} {data file} {data file}
tpsci_02.jl
tpsci_02.jl.out
/home/arnab22/FermiCG-data/bimetallics/fe2_morokuma/27__3d4d_2s2p3p_3d4d
/localscratch/1501793
sending incremental file list
tpsci_02.jl.out

sent 119 bytes  received 35 bytes  308.00 bytes/sec
total size is 0  speedup is 0.00
sending incremental file list
tpsci_02.jl.out

sent 1,391 bytes  received 35 bytes  2,852.00 bytes/sec
total size is 1,268  speedup is 0.89
sending incremental file list
tpsci_02.jl.out

sent 1,736 bytes  received 35 bytes  3,542.00 bytes/sec
total size is 1,613  speedup is 0.91
sending incremental file list
tpsci_02.jl.out

sent 2,249 bytes  received 35 bytes  4,568.00 bytes/sec
total size is 2,126  speedup is 0.93
sending incremental file list

sent 76 bytes  received 12 bytes  176.00 bytes/sec
total size is 2,126  speedup is 24.16
sending incremental file list
tpsci_02.jl.out

sent 2,826 bytes  received 35 bytes  5,722.00 bytes/sec
total size is 2,703  speedup is 0.94
sending incremental file list

sent 76 bytes  received 12 bytes  58.67 bytes/sec
total size is 2,703  speedup is 30.72
sending incremental file list

sent 76 bytes  received 12 bytes  176.00 bytes/sec
total size is 2,703  speedup is 30.72
sending incremental file list

sent 76 bytes  received 12 bytes  176.00 bytes/sec
total size is 2,703  speedup is 30.72
sending incremental file list
tpsci_02.jl.out

sent 150,034 bytes  received 35 bytes  300,138.00 bytes/sec
total size is 149,883  speedup is 1.00
sending incremental file list
tpsci_02.jl.out

sent 382,041 bytes  received 35 bytes  764,152.00 bytes/sec
total size is 381,834  speedup is 1.00
sending incremental file list

sent 76 bytes  received 12 bytes  176.00 bytes/sec
total size is 381,834  speedup is 4,339.02
sending incremental file list
tpsci_02.jl.out

sent 382,554 bytes  received 35 bytes  765,178.00 bytes/sec
total size is 382,347  speedup is 1.00
sending incremental file list

sent 76 bytes  received 12 bytes  176.00 bytes/sec
total size is 382,347  speedup is 4,344.85
sending incremental file list
tpsci_02.jl.out

sent 383,131 bytes  received 35 bytes  766,332.00 bytes/sec
total size is 382,924  speedup is 1.00
sending incremental file list

sent 76 bytes  received 12 bytes  176.00 bytes/sec
total size is 382,924  speedup is 4,351.41
sending incremental file list

sent 76 bytes  received 12 bytes  176.00 bytes/sec
total size is 382,924  speedup is 4,351.41
sending incremental file list

sent 76 bytes  received 12 bytes  176.00 bytes/sec
total size is 382,924  speedup is 4,351.41
sending incremental file list
tpsci_02.jl.out

sent 540,816 bytes  received 35 bytes  1,081,702.00 bytes/sec
total size is 540,569  speedup is 1.00
sending incremental file list
tpsci_02.jl.out

sent 579,011 bytes  received 35 bytes  1,158,092.00 bytes/sec
total size is 578,756  speedup is 1.00
sending incremental file list

sent 76 bytes  received 12 bytes  176.00 bytes/sec
total size is 578,756  speedup is 6,576.77
sending incremental file list

sent 76 bytes  received 12 bytes  176.00 bytes/sec
total size is 578,756  speedup is 6,576.77
sending incremental file list

sent 76 bytes  received 12 bytes  176.00 bytes/sec
total size is 578,756  speedup is 6,576.77
sending incremental file list

sent 76 bytes  received 12 bytes  176.00 bytes/sec
total size is 578,756  speedup is 6,576.77
sending incremental file list

sent 76 bytes  received 12 bytes  176.00 bytes/sec
total size is 578,756  speedup is 6,576.77
sending incremental file list

sent 76 bytes  received 12 bytes  176.00 bytes/sec
total size is 578,756  speedup is 6,576.77
sending incremental file list

sent 76 bytes  received 12 bytes  176.00 bytes/sec
total size is 578,756  speedup is 6,576.77
sending incremental file list

sent 76 bytes  received 12 bytes  58.67 bytes/sec
total size is 578,756  speedup is 6,576.77
sending incremental file list

sent 76 bytes  received 12 bytes  176.00 bytes/sec
total size is 578,756  speedup is 6,576.77
sending incremental file list

sent 76 bytes  received 12 bytes  176.00 bytes/sec
total size is 578,756  speedup is 6,576.77
sending incremental file list

sent 76 bytes  received 12 bytes  176.00 bytes/sec
total size is 578,756  speedup is 6,576.77
sending incremental file list

sent 76 bytes  received 12 bytes  176.00 bytes/sec
total size is 578,756  speedup is 6,576.77
sending incremental file list

sent 76 bytes  received 12 bytes  176.00 bytes/sec
total size is 578,756  speedup is 6,576.77
sending incremental file list

sent 76 bytes  received 12 bytes  176.00 bytes/sec
total size is 578,756  speedup is 6,576.77
sending incremental file list

sent 76 bytes  received 12 bytes  176.00 bytes/sec
total size is 578,756  speedup is 6,576.77
sending incremental file list

sent 76 bytes  received 12 bytes  176.00 bytes/sec
total size is 578,756  speedup is 6,576.77
sending incremental file list

sent 76 bytes  received 12 bytes  176.00 bytes/sec
total size is 578,756  speedup is 6,576.77
sending incremental file list

sent 76 bytes  received 12 bytes  176.00 bytes/sec
total size is 578,756  speedup is 6,576.77
sending incremental file list

sent 76 bytes  received 12 bytes  176.00 bytes/sec
total size is 578,756  speedup is 6,576.77
sending incremental file list

sent 76 bytes  received 12 bytes  176.00 bytes/sec
total size is 578,756  speedup is 6,576.77
sending incremental file list

sent 76 bytes  received 12 bytes  176.00 bytes/sec
total size is 578,756  speedup is 6,576.77
sending incremental file list
tpsci_02.jl.out

sent 579,055 bytes  received 35 bytes  1,158,180.00 bytes/sec
total size is 578,801  speedup is 1.00
sending incremental file list
tpsci_02.jl.out

sent 579,115 bytes  received 35 bytes  1,158,300.00 bytes/sec
total size is 578,860  speedup is 1.00
sending incremental file list

sent 76 bytes  received 12 bytes  176.00 bytes/sec
total size is 578,860  speedup is 6,577.95
sending incremental file list

sent 76 bytes  received 12 bytes  176.00 bytes/sec
total size is 578,860  speedup is 6,577.95
sending incremental file list

sent 76 bytes  received 12 bytes  176.00 bytes/sec
total size is 578,860  speedup is 6,577.95
sending incremental file list

sent 76 bytes  received 12 bytes  176.00 bytes/sec
total size is 578,860  speedup is 6,577.95
sending incremental file list

sent 76 bytes  received 12 bytes  176.00 bytes/sec
total size is 578,860  speedup is 6,577.95
sending incremental file list

sent 76 bytes  received 12 bytes  176.00 bytes/sec
total size is 578,860  speedup is 6,577.95
sending incremental file list

sent 76 bytes  received 12 bytes  176.00 bytes/sec
total size is 578,860  speedup is 6,577.95
sending incremental file list

sent 76 bytes  received 12 bytes  176.00 bytes/sec
total size is 578,860  speedup is 6,577.95
sending incremental file list

sent 76 bytes  received 12 bytes  176.00 bytes/sec
total size is 578,860  speedup is 6,577.95
sending incremental file list

sent 76 bytes  received 12 bytes  176.00 bytes/sec
total size is 578,860  speedup is 6,577.95
sending incremental file list

sent 76 bytes  received 12 bytes  176.00 bytes/sec
total size is 578,860  speedup is 6,577.95
sending incremental file list

sent 76 bytes  received 12 bytes  176.00 bytes/sec
total size is 578,860  speedup is 6,577.95
sending incremental file list

sent 76 bytes  received 12 bytes  176.00 bytes/sec
total size is 578,860  speedup is 6,577.95
sending incremental file list

sent 76 bytes  received 12 bytes  176.00 bytes/sec
total size is 578,860  speedup is 6,577.95
sending incremental file list

sent 76 bytes  received 12 bytes  176.00 bytes/sec
total size is 578,860  speedup is 6,577.95
sending incremental file list

sent 76 bytes  received 12 bytes  176.00 bytes/sec
total size is 578,860  speedup is 6,577.95
sending incremental file list

sent 76 bytes  received 12 bytes  176.00 bytes/sec
total size is 578,860  speedup is 6,577.95
sending incremental file list

sent 76 bytes  received 12 bytes  176.00 bytes/sec
total size is 578,860  speedup is 6,577.95
sending incremental file list

sent 76 bytes  received 12 bytes  176.00 bytes/sec
total size is 578,860  speedup is 6,577.95
sending incremental file list

sent 76 bytes  received 12 bytes  176.00 bytes/sec
total size is 578,860  speedup is 6,577.95
sending incremental file list

sent 76 bytes  received 12 bytes  176.00 bytes/sec
total size is 578,860  speedup is 6,577.95
sending incremental file list

sent 76 bytes  received 12 bytes  176.00 bytes/sec
total size is 578,860  speedup is 6,577.95
sending incremental file list

sent 76 bytes  received 12 bytes  176.00 bytes/sec
total size is 578,860  speedup is 6,577.95
sending incremental file list

sent 76 bytes  received 12 bytes  176.00 bytes/sec
total size is 578,860  speedup is 6,577.95
sending incremental file list
tpsci_02.jl.out

sent 583,803 bytes  received 35 bytes  1,167,676.00 bytes/sec
total size is 583,548  speedup is 1.00
sending incremental file list

sent 76 bytes  received 12 bytes  176.00 bytes/sec
total size is 583,548  speedup is 6,631.23
sending incremental file list

sent 76 bytes  received 12 bytes  176.00 bytes/sec
total size is 583,548  speedup is 6,631.23
sending incremental file list

sent 76 bytes  received 12 bytes  176.00 bytes/sec
total size is 583,548  speedup is 6,631.23
sending incremental file list
tpsci_02.jl.out

sent 585,051 bytes  received 35 bytes  1,170,172.00 bytes/sec
total size is 584,797  speedup is 1.00
sending incremental file list
tpsci_02.jl.out

sent 591,251 bytes  received 35 bytes  1,182,572.00 bytes/sec
total size is 590,988  speedup is 1.00
sending incremental file list
tpsci_02.jl.out

sent 591,983 bytes  received 35 bytes  394,678.67 bytes/sec
total size is 591,720  speedup is 1.00
sending incremental file list

sent 76 bytes  received 12 bytes  176.00 bytes/sec
total size is 591,720  speedup is 6,724.09
sending incremental file list

sent 76 bytes  received 12 bytes  176.00 bytes/sec
total size is 591,720  speedup is 6,724.09
sending incremental file list

sent 76 bytes  received 12 bytes  176.00 bytes/sec
total size is 591,720  speedup is 6,724.09
sending incremental file list

sent 76 bytes  received 12 bytes  176.00 bytes/sec
total size is 591,720  speedup is 6,724.09
sending incremental file list

sent 76 bytes  received 12 bytes  176.00 bytes/sec
total size is 591,720  speedup is 6,724.09
sending incremental file list
tpsci_02.jl.out

sent 592,342 bytes  received 35 bytes  1,184,754.00 bytes/sec
total size is 592,079  speedup is 1.00
sending incremental file list
tpsci_02.jl.out

sent 593,116 bytes  received 35 bytes  1,186,302.00 bytes/sec
total size is 592,853  speedup is 1.00
sending incremental file list

sent 76 bytes  received 12 bytes  176.00 bytes/sec
total size is 592,853  speedup is 6,736.97
sending incremental file list

sent 76 bytes  received 12 bytes  176.00 bytes/sec
total size is 592,853  speedup is 6,736.97
sending incremental file list

sent 76 bytes  received 12 bytes  176.00 bytes/sec
total size is 592,853  speedup is 6,736.97
sending incremental file list

sent 76 bytes  received 12 bytes  176.00 bytes/sec
total size is 592,853  speedup is 6,736.97
sending incremental file list

sent 76 bytes  received 12 bytes  176.00 bytes/sec
total size is 592,853  speedup is 6,736.97
sending incremental file list

sent 76 bytes  received 12 bytes  176.00 bytes/sec
total size is 592,853  speedup is 6,736.97
sending incremental file list

sent 76 bytes  received 12 bytes  176.00 bytes/sec
total size is 592,853  speedup is 6,736.97
sending incremental file list

sent 76 bytes  received 12 bytes  176.00 bytes/sec
total size is 592,853  speedup is 6,736.97
sending incremental file list

sent 76 bytes  received 12 bytes  176.00 bytes/sec
total size is 592,853  speedup is 6,736.97
sending incremental file list

sent 76 bytes  received 12 bytes  176.00 bytes/sec
total size is 592,853  speedup is 6,736.97
sending incremental file list

sent 76 bytes  received 12 bytes  176.00 bytes/sec
total size is 592,853  speedup is 6,736.97
sending incremental file list

sent 76 bytes  received 12 bytes  176.00 bytes/sec
total size is 592,853  speedup is 6,736.97
sending incremental file list

sent 76 bytes  received 12 bytes  176.00 bytes/sec
total size is 592,853  speedup is 6,736.97
sending incremental file list

sent 76 bytes  received 12 bytes  176.00 bytes/sec
total size is 592,853  speedup is 6,736.97
sending incremental file list

sent 76 bytes  received 12 bytes  176.00 bytes/sec
total size is 592,853  speedup is 6,736.97
sending incremental file list

sent 76 bytes  received 12 bytes  176.00 bytes/sec
total size is 592,853  speedup is 6,736.97
sending incremental file list

sent 76 bytes  received 12 bytes  176.00 bytes/sec
total size is 592,853  speedup is 6,736.97
sending incremental file list

sent 76 bytes  received 12 bytes  176.00 bytes/sec
total size is 592,853  speedup is 6,736.97
sending incremental file list

sent 76 bytes  received 12 bytes  176.00 bytes/sec
total size is 592,853  speedup is 6,736.97
sending incremental file list

sent 76 bytes  received 12 bytes  176.00 bytes/sec
total size is 592,853  speedup is 6,736.97
sending incremental file list
tpsci_02.jl.out

sent 593,376 bytes  received 35 bytes  1,186,822.00 bytes/sec
total size is 593,113  speedup is 1.00
sending incremental file list

sent 76 bytes  received 12 bytes  176.00 bytes/sec
total size is 593,113  speedup is 6,739.92
sending incremental file list

sent 76 bytes  received 12 bytes  176.00 bytes/sec
total size is 593,113  speedup is 6,739.92
sending incremental file list

sent 76 bytes  received 12 bytes  176.00 bytes/sec
total size is 593,113  speedup is 6,739.92
sending incremental file list

sent 76 bytes  received 12 bytes  176.00 bytes/sec
total size is 593,113  speedup is 6,739.92
sending incremental file list

sent 76 bytes  received 12 bytes  176.00 bytes/sec
total size is 593,113  speedup is 6,739.92
sending incremental file list

sent 76 bytes  received 12 bytes  176.00 bytes/sec
total size is 593,113  speedup is 6,739.92
sending incremental file list

sent 76 bytes  received 12 bytes  176.00 bytes/sec
total size is 593,113  speedup is 6,739.92
sending incremental file list

sent 76 bytes  received 12 bytes  176.00 bytes/sec
total size is 593,113  speedup is 6,739.92
sending incremental file list

sent 76 bytes  received 12 bytes  176.00 bytes/sec
total size is 593,113  speedup is 6,739.92
sending incremental file list

sent 76 bytes  received 12 bytes  176.00 bytes/sec
total size is 593,113  speedup is 6,739.92
sending incremental file list

sent 76 bytes  received 12 bytes  176.00 bytes/sec
total size is 593,113  speedup is 6,739.92
sending incremental file list

sent 76 bytes  received 12 bytes  176.00 bytes/sec
total size is 593,113  speedup is 6,739.92
sending incremental file list

sent 76 bytes  received 12 bytes  176.00 bytes/sec
total size is 593,113  speedup is 6,739.92
sending incremental file list

sent 76 bytes  received 12 bytes  176.00 bytes/sec
total size is 593,113  speedup is 6,739.92
sending incremental file list

sent 76 bytes  received 12 bytes  176.00 bytes/sec
total size is 593,113  speedup is 6,739.92
sending incremental file list

sent 76 bytes  received 12 bytes  176.00 bytes/sec
total size is 593,113  speedup is 6,739.92
sending incremental file list

sent 76 bytes  received 12 bytes  176.00 bytes/sec
total size is 593,113  speedup is 6,739.92
sending incremental file list

sent 76 bytes  received 12 bytes  176.00 bytes/sec
total size is 593,113  speedup is 6,739.92
sending incremental file list

sent 76 bytes  received 12 bytes  176.00 bytes/sec
total size is 593,113  speedup is 6,739.92
sending incremental file list

sent 76 bytes  received 12 bytes  176.00 bytes/sec
total size is 593,113  speedup is 6,739.92
sending incremental file list
tpsci_02.jl.out

sent 593,566 bytes  received 35 bytes  1,187,202.00 bytes/sec
total size is 593,303  speedup is 1.00
sending incremental file list

sent 76 bytes  received 12 bytes  176.00 bytes/sec
total size is 593,303  speedup is 6,742.08
sending incremental file list

sent 76 bytes  received 12 bytes  176.00 bytes/sec
total size is 593,303  speedup is 6,742.08
sending incremental file list

sent 76 bytes  received 12 bytes  176.00 bytes/sec
total size is 593,303  speedup is 6,742.08
sending incremental file list

sent 76 bytes  received 12 bytes  176.00 bytes/sec
total size is 593,303  speedup is 6,742.08
sending incremental file list

sent 76 bytes  received 12 bytes  176.00 bytes/sec
total size is 593,303  speedup is 6,742.08
sending incremental file list

sent 76 bytes  received 12 bytes  176.00 bytes/sec
total size is 593,303  speedup is 6,742.08
sending incremental file list

sent 76 bytes  received 12 bytes  176.00 bytes/sec
total size is 593,303  speedup is 6,742.08
sending incremental file list

sent 76 bytes  received 12 bytes  176.00 bytes/sec
total size is 593,303  speedup is 6,742.08
sending incremental file list

sent 76 bytes  received 12 bytes  176.00 bytes/sec
total size is 593,303  speedup is 6,742.08
sending incremental file list

sent 76 bytes  received 12 bytes  176.00 bytes/sec
total size is 593,303  speedup is 6,742.08
sending incremental file list

sent 76 bytes  received 12 bytes  176.00 bytes/sec
total size is 593,303  speedup is 6,742.08
sending incremental file list

sent 76 bytes  received 12 bytes  176.00 bytes/sec
total size is 593,303  speedup is 6,742.08
sending incremental file list

sent 76 bytes  received 12 bytes  176.00 bytes/sec
total size is 593,303  speedup is 6,742.08
sending incremental file list

sent 76 bytes  received 12 bytes  176.00 bytes/sec
total size is 593,303  speedup is 6,742.08
sending incremental file list

sent 76 bytes  received 12 bytes  176.00 bytes/sec
total size is 593,303  speedup is 6,742.08
sending incremental file list

sent 76 bytes  received 12 bytes  176.00 bytes/sec
total size is 593,303  speedup is 6,742.08
sending incremental file list

sent 76 bytes  received 12 bytes  176.00 bytes/sec
total size is 593,303  speedup is 6,742.08
sending incremental file list

sent 76 bytes  received 12 bytes  176.00 bytes/sec
total size is 593,303  speedup is 6,742.08
sending incremental file list

sent 76 bytes  received 12 bytes  176.00 bytes/sec
total size is 593,303  speedup is 6,742.08
sending incremental file list

sent 76 bytes  received 12 bytes  176.00 bytes/sec
total size is 593,303  speedup is 6,742.08
sending incremental file list

sent 76 bytes  received 12 bytes  176.00 bytes/sec
total size is 593,303  speedup is 6,742.08
sending incremental file list
tpsci_02.jl.out

sent 593,756 bytes  received 35 bytes  1,187,582.00 bytes/sec
total size is 593,493  speedup is 1.00
sending incremental file list

sent 76 bytes  received 12 bytes  176.00 bytes/sec
total size is 593,493  speedup is 6,744.24
sending incremental file list

sent 76 bytes  received 12 bytes  176.00 bytes/sec
total size is 593,493  speedup is 6,744.24
sending incremental file list

sent 76 bytes  received 12 bytes  176.00 bytes/sec
total size is 593,493  speedup is 6,744.24
sending incremental file list

sent 76 bytes  received 12 bytes  176.00 bytes/sec
total size is 593,493  speedup is 6,744.24
sending incremental file list

sent 76 bytes  received 12 bytes  176.00 bytes/sec
total size is 593,493  speedup is 6,744.24
sending incremental file list

sent 76 bytes  received 12 bytes  176.00 bytes/sec
total size is 593,493  speedup is 6,744.24
sending incremental file list

sent 76 bytes  received 12 bytes  176.00 bytes/sec
total size is 593,493  speedup is 6,744.24
sending incremental file list

sent 76 bytes  received 12 bytes  176.00 bytes/sec
total size is 593,493  speedup is 6,744.24
sending incremental file list

sent 76 bytes  received 12 bytes  176.00 bytes/sec
total size is 593,493  speedup is 6,744.24
sending incremental file list

sent 76 bytes  received 12 bytes  176.00 bytes/sec
total size is 593,493  speedup is 6,744.24
sending incremental file list

sent 76 bytes  received 12 bytes  176.00 bytes/sec
total size is 593,493  speedup is 6,744.24
sending incremental file list

sent 76 bytes  received 12 bytes  176.00 bytes/sec
total size is 593,493  speedup is 6,744.24
sending incremental file list

sent 76 bytes  received 12 bytes  176.00 bytes/sec
total size is 593,493  speedup is 6,744.24
sending incremental file list

sent 76 bytes  received 12 bytes  176.00 bytes/sec
total size is 593,493  speedup is 6,744.24
sending incremental file list

sent 76 bytes  received 12 bytes  176.00 bytes/sec
total size is 593,493  speedup is 6,744.24
sending incremental file list

sent 76 bytes  received 12 bytes  176.00 bytes/sec
total size is 593,493  speedup is 6,744.24
sending incremental file list

sent 76 bytes  received 12 bytes  176.00 bytes/sec
total size is 593,493  speedup is 6,744.24
sending incremental file list

sent 76 bytes  received 12 bytes  176.00 bytes/sec
total size is 593,493  speedup is 6,744.24
sending incremental file list

sent 76 bytes  received 12 bytes  176.00 bytes/sec
total size is 593,493  speedup is 6,744.24
sending incremental file list

sent 76 bytes  received 12 bytes  176.00 bytes/sec
total size is 593,493  speedup is 6,744.24
sending incremental file list
tpsci_02.jl.out

sent 593,945 bytes  received 35 bytes  1,187,960.00 bytes/sec
total size is 593,683  speedup is 1.00
sending incremental file list

sent 75 bytes  received 12 bytes  174.00 bytes/sec
total size is 593,683  speedup is 6,823.94
sending incremental file list

sent 75 bytes  received 12 bytes  174.00 bytes/sec
total size is 593,683  speedup is 6,823.94
sending incremental file list

sent 75 bytes  received 12 bytes  174.00 bytes/sec
total size is 593,683  speedup is 6,823.94
sending incremental file list

sent 75 bytes  received 12 bytes  174.00 bytes/sec
total size is 593,683  speedup is 6,823.94
sending incremental file list

sent 75 bytes  received 12 bytes  174.00 bytes/sec
total size is 593,683  speedup is 6,823.94
sending incremental file list

sent 75 bytes  received 12 bytes  174.00 bytes/sec
total size is 593,683  speedup is 6,823.94
sending incremental file list

sent 75 bytes  received 12 bytes  174.00 bytes/sec
total size is 593,683  speedup is 6,823.94
sending incremental file list

sent 75 bytes  received 12 bytes  58.00 bytes/sec
total size is 593,683  speedup is 6,823.94
sending incremental file list

sent 75 bytes  received 12 bytes  174.00 bytes/sec
total size is 593,683  speedup is 6,823.94
sending incremental file list

sent 75 bytes  received 12 bytes  174.00 bytes/sec
total size is 593,683  speedup is 6,823.94
sending incremental file list

sent 75 bytes  received 12 bytes  174.00 bytes/sec
total size is 593,683  speedup is 6,823.94
sending incremental file list

sent 75 bytes  received 12 bytes  174.00 bytes/sec
total size is 593,683  speedup is 6,823.94
sending incremental file list

sent 75 bytes  received 12 bytes  174.00 bytes/sec
total size is 593,683  speedup is 6,823.94
sending incremental file list

sent 75 bytes  received 12 bytes  174.00 bytes/sec
total size is 593,683  speedup is 6,823.94
sending incremental file list

sent 75 bytes  received 12 bytes  174.00 bytes/sec
total size is 593,683  speedup is 6,823.94
sending incremental file list

sent 75 bytes  received 12 bytes  174.00 bytes/sec
total size is 593,683  speedup is 6,823.94
sending incremental file list

sent 75 bytes  received 12 bytes  174.00 bytes/sec
total size is 593,683  speedup is 6,823.94
sending incremental file list

sent 75 bytes  received 12 bytes  174.00 bytes/sec
total size is 593,683  speedup is 6,823.94
sending incremental file list

sent 75 bytes  received 12 bytes  174.00 bytes/sec
total size is 593,683  speedup is 6,823.94
sending incremental file list

sent 75 bytes  received 12 bytes  174.00 bytes/sec
total size is 593,683  speedup is 6,823.94
sending incremental file list
tpsci_02.jl.out

sent 594,136 bytes  received 35 bytes  1,188,342.00 bytes/sec
total size is 593,873  speedup is 1.00
sending incremental file list

sent 76 bytes  received 12 bytes  176.00 bytes/sec
total size is 593,873  speedup is 6,748.56
sending incremental file list

sent 76 bytes  received 12 bytes  176.00 bytes/sec
total size is 593,873  speedup is 6,748.56
sending incremental file list

sent 76 bytes  received 12 bytes  176.00 bytes/sec
total size is 593,873  speedup is 6,748.56
sending incremental file list

sent 76 bytes  received 12 bytes  176.00 bytes/sec
total size is 593,873  speedup is 6,748.56
sending incremental file list

sent 76 bytes  received 12 bytes  176.00 bytes/sec
total size is 593,873  speedup is 6,748.56
sending incremental file list

sent 76 bytes  received 12 bytes  176.00 bytes/sec
total size is 593,873  speedup is 6,748.56
sending incremental file list

sent 76 bytes  received 12 bytes  176.00 bytes/sec
total size is 593,873  speedup is 6,748.56
sending incremental file list

sent 76 bytes  received 12 bytes  176.00 bytes/sec
total size is 593,873  speedup is 6,748.56
sending incremental file list

sent 76 bytes  received 12 bytes  176.00 bytes/sec
total size is 593,873  speedup is 6,748.56
sending incremental file list

sent 76 bytes  received 12 bytes  176.00 bytes/sec
total size is 593,873  speedup is 6,748.56
sending incremental file list

sent 76 bytes  received 12 bytes  176.00 bytes/sec
total size is 593,873  speedup is 6,748.56
sending incremental file list

sent 76 bytes  received 12 bytes  176.00 bytes/sec
total size is 593,873  speedup is 6,748.56
sending incremental file list

sent 76 bytes  received 12 bytes  176.00 bytes/sec
total size is 593,873  speedup is 6,748.56
sending incremental file list

sent 76 bytes  received 12 bytes  176.00 bytes/sec
total size is 593,873  speedup is 6,748.56
sending incremental file list

sent 76 bytes  received 12 bytes  176.00 bytes/sec
total size is 593,873  speedup is 6,748.56
sending incremental file list

sent 76 bytes  received 12 bytes  176.00 bytes/sec
total size is 593,873  speedup is 6,748.56
sending incremental file list

sent 76 bytes  received 12 bytes  176.00 bytes/sec
total size is 593,873  speedup is 6,748.56
sending incremental file list

sent 76 bytes  received 12 bytes  176.00 bytes/sec
total size is 593,873  speedup is 6,748.56
sending incremental file list

sent 76 bytes  received 12 bytes  176.00 bytes/sec
total size is 593,873  speedup is 6,748.56
sending incremental file list

sent 76 bytes  received 12 bytes  176.00 bytes/sec
total size is 593,873  speedup is 6,748.56
sending incremental file list

sent 76 bytes  received 12 bytes  176.00 bytes/sec
total size is 593,873  speedup is 6,748.56
sending incremental file list
tpsci_02.jl.out

sent 594,326 bytes  received 35 bytes  1,188,722.00 bytes/sec
total size is 594,063  speedup is 1.00
sending incremental file list

sent 76 bytes  received 12 bytes  176.00 bytes/sec
total size is 594,063  speedup is 6,750.72
sending incremental file list

sent 76 bytes  received 12 bytes  176.00 bytes/sec
total size is 594,063  speedup is 6,750.72
sending incremental file list

sent 76 bytes  received 12 bytes  176.00 bytes/sec
total size is 594,063  speedup is 6,750.72
sending incremental file list

sent 76 bytes  received 12 bytes  176.00 bytes/sec
total size is 594,063  speedup is 6,750.72
sending incremental file list

sent 76 bytes  received 12 bytes  176.00 bytes/sec
total size is 594,063  speedup is 6,750.72
sending incremental file list

sent 76 bytes  received 12 bytes  176.00 bytes/sec
total size is 594,063  speedup is 6,750.72
sending incremental file list

sent 76 bytes  received 12 bytes  58.67 bytes/sec
total size is 594,063  speedup is 6,750.72
sending incremental file list

sent 76 bytes  received 12 bytes  176.00 bytes/sec
total size is 594,063  speedup is 6,750.72
sending incremental file list

sent 76 bytes  received 12 bytes  176.00 bytes/sec
total size is 594,063  speedup is 6,750.72
sending incremental file list

sent 76 bytes  received 12 bytes  176.00 bytes/sec
total size is 594,063  speedup is 6,750.72
sending incremental file list

sent 76 bytes  received 12 bytes  176.00 bytes/sec
total size is 594,063  speedup is 6,750.72
sending incremental file list

sent 76 bytes  received 12 bytes  176.00 bytes/sec
total size is 594,063  speedup is 6,750.72
sending incremental file list

sent 76 bytes  received 12 bytes  176.00 bytes/sec
total size is 594,063  speedup is 6,750.72
sending incremental file list

sent 76 bytes  received 12 bytes  176.00 bytes/sec
total size is 594,063  speedup is 6,750.72
sending incremental file list

sent 76 bytes  received 12 bytes  176.00 bytes/sec
total size is 594,063  speedup is 6,750.72
sending incremental file list

sent 76 bytes  received 12 bytes  176.00 bytes/sec
total size is 594,063  speedup is 6,750.72
sending incremental file list

sent 76 bytes  received 12 bytes  176.00 bytes/sec
total size is 594,063  speedup is 6,750.72
sending incremental file list

sent 76 bytes  received 12 bytes  176.00 bytes/sec
total size is 594,063  speedup is 6,750.72
sending incremental file list

sent 76 bytes  received 12 bytes  176.00 bytes/sec
total size is 594,063  speedup is 6,750.72
sending incremental file list

sent 76 bytes  received 12 bytes  176.00 bytes/sec
total size is 594,063  speedup is 6,750.72
sending incremental file list
tpsci_02.jl.out

sent 594,516 bytes  received 35 bytes  1,189,102.00 bytes/sec
total size is 594,253  speedup is 1.00
sending incremental file list

sent 76 bytes  received 12 bytes  176.00 bytes/sec
total size is 594,253  speedup is 6,752.88
sending incremental file list

sent 76 bytes  received 12 bytes  176.00 bytes/sec
total size is 594,253  speedup is 6,752.88
sending incremental file list

sent 76 bytes  received 12 bytes  176.00 bytes/sec
total size is 594,253  speedup is 6,752.88
sending incremental file list

sent 76 bytes  received 12 bytes  176.00 bytes/sec
total size is 594,253  speedup is 6,752.88
sending incremental file list

sent 76 bytes  received 12 bytes  176.00 bytes/sec
total size is 594,253  speedup is 6,752.88
sending incremental file list

sent 76 bytes  received 12 bytes  176.00 bytes/sec
total size is 594,253  speedup is 6,752.88
sending incremental file list

sent 76 bytes  received 12 bytes  176.00 bytes/sec
total size is 594,253  speedup is 6,752.88
sending incremental file list

sent 76 bytes  received 12 bytes  176.00 bytes/sec
total size is 594,253  speedup is 6,752.88
sending incremental file list

sent 76 bytes  received 12 bytes  176.00 bytes/sec
total size is 594,253  speedup is 6,752.88
sending incremental file list

sent 76 bytes  received 12 bytes  176.00 bytes/sec
total size is 594,253  speedup is 6,752.88
sending incremental file list

sent 76 bytes  received 12 bytes  176.00 bytes/sec
total size is 594,253  speedup is 6,752.88
sending incremental file list

sent 76 bytes  received 12 bytes  176.00 bytes/sec
total size is 594,253  speedup is 6,752.88
sending incremental file list

sent 76 bytes  received 12 bytes  176.00 bytes/sec
total size is 594,253  speedup is 6,752.88
sending incremental file list

sent 76 bytes  received 12 bytes  176.00 bytes/sec
total size is 594,253  speedup is 6,752.88
sending incremental file list

sent 76 bytes  received 12 bytes  176.00 bytes/sec
total size is 594,253  speedup is 6,752.88
sending incremental file list

sent 76 bytes  received 12 bytes  176.00 bytes/sec
total size is 594,253  speedup is 6,752.88
sending incremental file list

sent 76 bytes  received 12 bytes  176.00 bytes/sec
total size is 594,253  speedup is 6,752.88
sending incremental file list

sent 76 bytes  received 12 bytes  176.00 bytes/sec
total size is 594,253  speedup is 6,752.88
sending incremental file list

sent 76 bytes  received 12 bytes  176.00 bytes/sec
total size is 594,253  speedup is 6,752.88
sending incremental file list

sent 76 bytes  received 12 bytes  176.00 bytes/sec
total size is 594,253  speedup is 6,752.88
sending incremental file list
tpsci_02.jl.out

sent 594,706 bytes  received 35 bytes  1,189,482.00 bytes/sec
total size is 594,443  speedup is 1.00
sending incremental file list

sent 76 bytes  received 12 bytes  176.00 bytes/sec
total size is 594,443  speedup is 6,755.03
sending incremental file list

sent 76 bytes  received 12 bytes  176.00 bytes/sec
total size is 594,443  speedup is 6,755.03
sending incremental file list

sent 76 bytes  received 12 bytes  58.67 bytes/sec
total size is 594,443  speedup is 6,755.03
sending incremental file list

sent 76 bytes  received 12 bytes  176.00 bytes/sec
total size is 594,443  speedup is 6,755.03
sending incremental file list

sent 76 bytes  received 12 bytes  176.00 bytes/sec
total size is 594,443  speedup is 6,755.03
sending incremental file list

sent 76 bytes  received 12 bytes  176.00 bytes/sec
total size is 594,443  speedup is 6,755.03
sending incremental file list

sent 76 bytes  received 12 bytes  176.00 bytes/sec
total size is 594,443  speedup is 6,755.03
sending incremental file list

sent 76 bytes  received 12 bytes  176.00 bytes/sec
total size is 594,443  speedup is 6,755.03
sending incremental file list

sent 76 bytes  received 12 bytes  176.00 bytes/sec
total size is 594,443  speedup is 6,755.03
sending incremental file list

sent 76 bytes  received 12 bytes  176.00 bytes/sec
total size is 594,443  speedup is 6,755.03
sending incremental file list

sent 76 bytes  received 12 bytes  176.00 bytes/sec
total size is 594,443  speedup is 6,755.03
sending incremental file list

sent 76 bytes  received 12 bytes  176.00 bytes/sec
total size is 594,443  speedup is 6,755.03
sending incremental file list

sent 76 bytes  received 12 bytes  176.00 bytes/sec
total size is 594,443  speedup is 6,755.03
sending incremental file list

sent 76 bytes  received 12 bytes  176.00 bytes/sec
total size is 594,443  speedup is 6,755.03
sending incremental file list

sent 76 bytes  received 12 bytes  176.00 bytes/sec
total size is 594,443  speedup is 6,755.03
sending incremental file list

sent 76 bytes  received 12 bytes  176.00 bytes/sec
total size is 594,443  speedup is 6,755.03
sending incremental file list

sent 76 bytes  received 12 bytes  176.00 bytes/sec
total size is 594,443  speedup is 6,755.03
sending incremental file list

sent 76 bytes  received 12 bytes  176.00 bytes/sec
total size is 594,443  speedup is 6,755.03
sending incremental file list

sent 76 bytes  received 12 bytes  176.00 bytes/sec
total size is 594,443  speedup is 6,755.03
sending incremental file list

sent 76 bytes  received 12 bytes  176.00 bytes/sec
total size is 594,443  speedup is 6,755.03
sending incremental file list

sent 76 bytes  received 12 bytes  176.00 bytes/sec
total size is 594,443  speedup is 6,755.03
sending incremental file list
tpsci_02.jl.out

sent 594,895 bytes  received 35 bytes  1,189,860.00 bytes/sec
total size is 594,633  speedup is 1.00
sending incremental file list

sent 75 bytes  received 12 bytes  174.00 bytes/sec
total size is 594,633  speedup is 6,834.86
sending incremental file list

sent 75 bytes  received 12 bytes  174.00 bytes/sec
total size is 594,633  speedup is 6,834.86
sending incremental file list

sent 75 bytes  received 12 bytes  174.00 bytes/sec
total size is 594,633  speedup is 6,834.86
sending incremental file list

sent 75 bytes  received 12 bytes  174.00 bytes/sec
total size is 594,633  speedup is 6,834.86
sending incremental file list

sent 75 bytes  received 12 bytes  174.00 bytes/sec
total size is 594,633  speedup is 6,834.86
sending incremental file list

sent 75 bytes  received 12 bytes  174.00 bytes/sec
total size is 594,633  speedup is 6,834.86
sending incremental file list

sent 75 bytes  received 12 bytes  174.00 bytes/sec
total size is 594,633  speedup is 6,834.86
sending incremental file list

sent 75 bytes  received 12 bytes  174.00 bytes/sec
total size is 594,633  speedup is 6,834.86
sending incremental file list

sent 75 bytes  received 12 bytes  174.00 bytes/sec
total size is 594,633  speedup is 6,834.86
sending incremental file list

sent 75 bytes  received 12 bytes  174.00 bytes/sec
total size is 594,633  speedup is 6,834.86
sending incremental file list

sent 75 bytes  received 12 bytes  174.00 bytes/sec
total size is 594,633  speedup is 6,834.86
sending incremental file list

sent 75 bytes  received 12 bytes  174.00 bytes/sec
total size is 594,633  speedup is 6,834.86
sending incremental file list

sent 75 bytes  received 12 bytes  174.00 bytes/sec
total size is 594,633  speedup is 6,834.86
sending incremental file list

sent 75 bytes  received 12 bytes  174.00 bytes/sec
total size is 594,633  speedup is 6,834.86
sending incremental file list

sent 75 bytes  received 12 bytes  174.00 bytes/sec
total size is 594,633  speedup is 6,834.86
sending incremental file list

sent 75 bytes  received 12 bytes  174.00 bytes/sec
total size is 594,633  speedup is 6,834.86
sending incremental file list

sent 75 bytes  received 12 bytes  174.00 bytes/sec
total size is 594,633  speedup is 6,834.86
sending incremental file list

sent 75 bytes  received 12 bytes  174.00 bytes/sec
total size is 594,633  speedup is 6,834.86
sending incremental file list

sent 75 bytes  received 12 bytes  174.00 bytes/sec
total size is 594,633  speedup is 6,834.86
sending incremental file list

sent 75 bytes  received 12 bytes  174.00 bytes/sec
total size is 594,633  speedup is 6,834.86
sending incremental file list
tpsci_02.jl.out

sent 595,085 bytes  received 35 bytes  1,190,240.00 bytes/sec
total size is 594,823  speedup is 1.00
sending incremental file list

sent 75 bytes  received 12 bytes  174.00 bytes/sec
total size is 594,823  speedup is 6,837.05
sending incremental file list

sent 75 bytes  received 12 bytes  58.00 bytes/sec
total size is 594,823  speedup is 6,837.05
sending incremental file list

sent 75 bytes  received 12 bytes  174.00 bytes/sec
total size is 594,823  speedup is 6,837.05
sending incremental file list

sent 75 bytes  received 12 bytes  174.00 bytes/sec
total size is 594,823  speedup is 6,837.05
sending incremental file list

sent 75 bytes  received 12 bytes  174.00 bytes/sec
total size is 594,823  speedup is 6,837.05
sending incremental file list

sent 75 bytes  received 12 bytes  174.00 bytes/sec
total size is 594,823  speedup is 6,837.05
sending incremental file list

sent 75 bytes  received 12 bytes  174.00 bytes/sec
total size is 594,823  speedup is 6,837.05
sending incremental file list

sent 75 bytes  received 12 bytes  174.00 bytes/sec
total size is 594,823  speedup is 6,837.05
sending incremental file list

sent 75 bytes  received 12 bytes  174.00 bytes/sec
total size is 594,823  speedup is 6,837.05
sending incremental file list

sent 75 bytes  received 12 bytes  174.00 bytes/sec
total size is 594,823  speedup is 6,837.05
sending incremental file list

sent 75 bytes  received 12 bytes  174.00 bytes/sec
total size is 594,823  speedup is 6,837.05
sending incremental file list

sent 75 bytes  received 12 bytes  174.00 bytes/sec
total size is 594,823  speedup is 6,837.05
sending incremental file list

sent 75 bytes  received 12 bytes  174.00 bytes/sec
total size is 594,823  speedup is 6,837.05
sending incremental file list

sent 75 bytes  received 12 bytes  174.00 bytes/sec
total size is 594,823  speedup is 6,837.05
sending incremental file list

sent 75 bytes  received 12 bytes  174.00 bytes/sec
total size is 594,823  speedup is 6,837.05
sending incremental file list

sent 75 bytes  received 12 bytes  174.00 bytes/sec
total size is 594,823  speedup is 6,837.05
sending incremental file list

sent 75 bytes  received 12 bytes  174.00 bytes/sec
total size is 594,823  speedup is 6,837.05
sending incremental file list

sent 75 bytes  received 12 bytes  174.00 bytes/sec
total size is 594,823  speedup is 6,837.05
sending incremental file list

sent 75 bytes  received 12 bytes  174.00 bytes/sec
total size is 594,823  speedup is 6,837.05
sending incremental file list

sent 75 bytes  received 12 bytes  174.00 bytes/sec
total size is 594,823  speedup is 6,837.05
sending incremental file list
tpsci_02.jl.out

sent 595,276 bytes  received 35 bytes  1,190,622.00 bytes/sec
total size is 595,013  speedup is 1.00
sending incremental file list

sent 76 bytes  received 12 bytes  176.00 bytes/sec
total size is 595,013  speedup is 6,761.51
sending incremental file list

sent 76 bytes  received 12 bytes  176.00 bytes/sec
total size is 595,013  speedup is 6,761.51
sending incremental file list

sent 76 bytes  received 12 bytes  176.00 bytes/sec
total size is 595,013  speedup is 6,761.51
sending incremental file list

sent 76 bytes  received 12 bytes  176.00 bytes/sec
total size is 595,013  speedup is 6,761.51
sending incremental file list

sent 76 bytes  received 12 bytes  176.00 bytes/sec
total size is 595,013  speedup is 6,761.51
sending incremental file list

sent 76 bytes  received 12 bytes  176.00 bytes/sec
total size is 595,013  speedup is 6,761.51
sending incremental file list

sent 76 bytes  received 12 bytes  176.00 bytes/sec
total size is 595,013  speedup is 6,761.51
sending incremental file list

sent 76 bytes  received 12 bytes  176.00 bytes/sec
total size is 595,013  speedup is 6,761.51
sending incremental file list

sent 76 bytes  received 12 bytes  176.00 bytes/sec
total size is 595,013  speedup is 6,761.51
sending incremental file list

sent 76 bytes  received 12 bytes  176.00 bytes/sec
total size is 595,013  speedup is 6,761.51
sending incremental file list

sent 76 bytes  received 12 bytes  176.00 bytes/sec
total size is 595,013  speedup is 6,761.51
sending incremental file list

sent 76 bytes  received 12 bytes  176.00 bytes/sec
total size is 595,013  speedup is 6,761.51
sending incremental file list

sent 76 bytes  received 12 bytes  176.00 bytes/sec
total size is 595,013  speedup is 6,761.51
sending incremental file list

sent 76 bytes  received 12 bytes  176.00 bytes/sec
total size is 595,013  speedup is 6,761.51
sending incremental file list

sent 76 bytes  received 12 bytes  176.00 bytes/sec
total size is 595,013  speedup is 6,761.51
sending incremental file list

sent 76 bytes  received 12 bytes  176.00 bytes/sec
total size is 595,013  speedup is 6,761.51
sending incremental file list

sent 76 bytes  received 12 bytes  176.00 bytes/sec
total size is 595,013  speedup is 6,761.51
sending incremental file list

sent 76 bytes  received 12 bytes  176.00 bytes/sec
total size is 595,013  speedup is 6,761.51
sending incremental file list

sent 76 bytes  received 12 bytes  176.00 bytes/sec
total size is 595,013  speedup is 6,761.51
sending incremental file list

sent 76 bytes  received 12 bytes  176.00 bytes/sec
total size is 595,013  speedup is 6,761.51
sending incremental file list
tpsci_02.jl.out

sent 595,466 bytes  received 35 bytes  1,191,002.00 bytes/sec
total size is 595,203  speedup is 1.00
sending incremental file list

sent 76 bytes  received 12 bytes  176.00 bytes/sec
total size is 595,203  speedup is 6,763.67
sending incremental file list

sent 76 bytes  received 12 bytes  58.67 bytes/sec
total size is 595,203  speedup is 6,763.67
sending incremental file list

sent 76 bytes  received 12 bytes  176.00 bytes/sec
total size is 595,203  speedup is 6,763.67
sending incremental file list

sent 76 bytes  received 12 bytes  176.00 bytes/sec
total size is 595,203  speedup is 6,763.67
sending incremental file list

sent 76 bytes  received 12 bytes  176.00 bytes/sec
total size is 595,203  speedup is 6,763.67
sending incremental file list

sent 76 bytes  received 12 bytes  176.00 bytes/sec
total size is 595,203  speedup is 6,763.67
sending incremental file list

sent 76 bytes  received 12 bytes  176.00 bytes/sec
total size is 595,203  speedup is 6,763.67
sending incremental file list

sent 76 bytes  received 12 bytes  176.00 bytes/sec
total size is 595,203  speedup is 6,763.67
sending incremental file list

sent 76 bytes  received 12 bytes  176.00 bytes/sec
total size is 595,203  speedup is 6,763.67
sending incremental file list

sent 76 bytes  received 12 bytes  176.00 bytes/sec
total size is 595,203  speedup is 6,763.67
sending incremental file list

sent 76 bytes  received 12 bytes  176.00 bytes/sec
total size is 595,203  speedup is 6,763.67
sending incremental file list

sent 76 bytes  received 12 bytes  176.00 bytes/sec
total size is 595,203  speedup is 6,763.67
sending incremental file list

sent 76 bytes  received 12 bytes  176.00 bytes/sec
total size is 595,203  speedup is 6,763.67
sending incremental file list

sent 76 bytes  received 12 bytes  176.00 bytes/sec
total size is 595,203  speedup is 6,763.67
sending incremental file list

sent 76 bytes  received 12 bytes  176.00 bytes/sec
total size is 595,203  speedup is 6,763.67
sending incremental file list

sent 76 bytes  received 12 bytes  176.00 bytes/sec
total size is 595,203  speedup is 6,763.67
sending incremental file list

sent 76 bytes  received 12 bytes  176.00 bytes/sec
total size is 595,203  speedup is 6,763.67
sending incremental file list

sent 76 bytes  received 12 bytes  176.00 bytes/sec
total size is 595,203  speedup is 6,763.67
sending incremental file list

sent 76 bytes  received 12 bytes  176.00 bytes/sec
total size is 595,203  speedup is 6,763.67
sending incremental file list

sent 76 bytes  received 12 bytes  176.00 bytes/sec
total size is 595,203  speedup is 6,763.67
sending incremental file list
tpsci_02.jl.out

sent 595,656 bytes  received 35 bytes  1,191,382.00 bytes/sec
total size is 595,393  speedup is 1.00
sending incremental file list

sent 76 bytes  received 12 bytes  176.00 bytes/sec
total size is 595,393  speedup is 6,765.83
sending incremental file list

sent 76 bytes  received 12 bytes  176.00 bytes/sec
total size is 595,393  speedup is 6,765.83
sending incremental file list

sent 76 bytes  received 12 bytes  176.00 bytes/sec
total size is 595,393  speedup is 6,765.83
sending incremental file list

sent 76 bytes  received 12 bytes  176.00 bytes/sec
total size is 595,393  speedup is 6,765.83
sending incremental file list

sent 76 bytes  received 12 bytes  176.00 bytes/sec
total size is 595,393  speedup is 6,765.83
sending incremental file list

sent 76 bytes  received 12 bytes  176.00 bytes/sec
total size is 595,393  speedup is 6,765.83
sending incremental file list

sent 76 bytes  received 12 bytes  176.00 bytes/sec
total size is 595,393  speedup is 6,765.83
sending incremental file list

sent 76 bytes  received 12 bytes  176.00 bytes/sec
total size is 595,393  speedup is 6,765.83
sending incremental file list

sent 76 bytes  received 12 bytes  176.00 bytes/sec
total size is 595,393  speedup is 6,765.83
sending incremental file list

sent 76 bytes  received 12 bytes  176.00 bytes/sec
total size is 595,393  speedup is 6,765.83
sending incremental file list

sent 76 bytes  received 12 bytes  176.00 bytes/sec
total size is 595,393  speedup is 6,765.83
sending incremental file list

sent 76 bytes  received 12 bytes  176.00 bytes/sec
total size is 595,393  speedup is 6,765.83
sending incremental file list

sent 76 bytes  received 12 bytes  176.00 bytes/sec
total size is 595,393  speedup is 6,765.83
sending incremental file list

sent 76 bytes  received 12 bytes  176.00 bytes/sec
total size is 595,393  speedup is 6,765.83
sending incremental file list

sent 76 bytes  received 12 bytes  176.00 bytes/sec
total size is 595,393  speedup is 6,765.83
sending incremental file list

sent 76 bytes  received 12 bytes  176.00 bytes/sec
total size is 595,393  speedup is 6,765.83
sending incremental file list

sent 76 bytes  received 12 bytes  176.00 bytes/sec
total size is 595,393  speedup is 6,765.83
sending incremental file list

sent 76 bytes  received 12 bytes  176.00 bytes/sec
total size is 595,393  speedup is 6,765.83
sending incremental file list

sent 76 bytes  received 12 bytes  176.00 bytes/sec
total size is 595,393  speedup is 6,765.83
sending incremental file list

sent 76 bytes  received 12 bytes  176.00 bytes/sec
total size is 595,393  speedup is 6,765.83
sending incremental file list
tpsci_02.jl.out

sent 595,846 bytes  received 35 bytes  1,191,762.00 bytes/sec
total size is 595,583  speedup is 1.00
sending incremental file list

sent 76 bytes  received 12 bytes  176.00 bytes/sec
total size is 595,583  speedup is 6,767.99
sending incremental file list

sent 76 bytes  received 12 bytes  176.00 bytes/sec
total size is 595,583  speedup is 6,767.99
sending incremental file list

sent 76 bytes  received 12 bytes  176.00 bytes/sec
total size is 595,583  speedup is 6,767.99
sending incremental file list

sent 76 bytes  received 12 bytes  176.00 bytes/sec
total size is 595,583  speedup is 6,767.99
sending incremental file list

sent 76 bytes  received 12 bytes  176.00 bytes/sec
total size is 595,583  speedup is 6,767.99
sending incremental file list

sent 76 bytes  received 12 bytes  176.00 bytes/sec
total size is 595,583  speedup is 6,767.99
sending incremental file list

sent 76 bytes  received 12 bytes  176.00 bytes/sec
total size is 595,583  speedup is 6,767.99
sending incremental file list

sent 76 bytes  received 12 bytes  176.00 bytes/sec
total size is 595,583  speedup is 6,767.99
sending incremental file list

sent 76 bytes  received 12 bytes  176.00 bytes/sec
total size is 595,583  speedup is 6,767.99
sending incremental file list

sent 76 bytes  received 12 bytes  176.00 bytes/sec
total size is 595,583  speedup is 6,767.99
sending incremental file list

sent 76 bytes  received 12 bytes  176.00 bytes/sec
total size is 595,583  speedup is 6,767.99
sending incremental file list

sent 76 bytes  received 12 bytes  176.00 bytes/sec
total size is 595,583  speedup is 6,767.99
sending incremental file list

sent 76 bytes  received 12 bytes  176.00 bytes/sec
total size is 595,583  speedup is 6,767.99
sending incremental file list

sent 76 bytes  received 12 bytes  176.00 bytes/sec
total size is 595,583  speedup is 6,767.99
sending incremental file list

sent 76 bytes  received 12 bytes  176.00 bytes/sec
total size is 595,583  speedup is 6,767.99
sending incremental file list

sent 76 bytes  received 12 bytes  176.00 bytes/sec
total size is 595,583  speedup is 6,767.99
sending incremental file list

sent 76 bytes  received 12 bytes  176.00 bytes/sec
total size is 595,583  speedup is 6,767.99
sending incremental file list

sent 76 bytes  received 12 bytes  176.00 bytes/sec
total size is 595,583  speedup is 6,767.99
sending incremental file list

sent 76 bytes  received 12 bytes  176.00 bytes/sec
total size is 595,583  speedup is 6,767.99
sending incremental file list

sent 76 bytes  received 12 bytes  176.00 bytes/sec
total size is 595,583  speedup is 6,767.99
sending incremental file list
tpsci_02.jl.out

sent 596,035 bytes  received 35 bytes  1,192,140.00 bytes/sec
total size is 595,773  speedup is 1.00
sending incremental file list

sent 75 bytes  received 12 bytes  174.00 bytes/sec
total size is 595,773  speedup is 6,847.97
sending incremental file list

sent 75 bytes  received 12 bytes  174.00 bytes/sec
total size is 595,773  speedup is 6,847.97
sending incremental file list

sent 75 bytes  received 12 bytes  174.00 bytes/sec
total size is 595,773  speedup is 6,847.97
sending incremental file list

sent 75 bytes  received 12 bytes  174.00 bytes/sec
total size is 595,773  speedup is 6,847.97
sending incremental file list

sent 75 bytes  received 12 bytes  174.00 bytes/sec
total size is 595,773  speedup is 6,847.97
sending incremental file list

sent 75 bytes  received 12 bytes  174.00 bytes/sec
total size is 595,773  speedup is 6,847.97
sending incremental file list

sent 75 bytes  received 12 bytes  174.00 bytes/sec
total size is 595,773  speedup is 6,847.97
sending incremental file list

sent 75 bytes  received 12 bytes  174.00 bytes/sec
total size is 595,773  speedup is 6,847.97
sending incremental file list

sent 75 bytes  received 12 bytes  174.00 bytes/sec
total size is 595,773  speedup is 6,847.97
sending incremental file list

sent 75 bytes  received 12 bytes  174.00 bytes/sec
total size is 595,773  speedup is 6,847.97
sending incremental file list

sent 75 bytes  received 12 bytes  174.00 bytes/sec
total size is 595,773  speedup is 6,847.97
sending incremental file list

sent 75 bytes  received 12 bytes  174.00 bytes/sec
total size is 595,773  speedup is 6,847.97
sending incremental file list

sent 75 bytes  received 12 bytes  174.00 bytes/sec
total size is 595,773  speedup is 6,847.97
sending incremental file list

sent 75 bytes  received 12 bytes  174.00 bytes/sec
total size is 595,773  speedup is 6,847.97
sending incremental file list

sent 75 bytes  received 12 bytes  58.00 bytes/sec
total size is 595,773  speedup is 6,847.97
sending incremental file list

sent 75 bytes  received 12 bytes  174.00 bytes/sec
total size is 595,773  speedup is 6,847.97
sending incremental file list

sent 75 bytes  received 12 bytes  174.00 bytes/sec
total size is 595,773  speedup is 6,847.97
sending incremental file list

sent 75 bytes  received 12 bytes  174.00 bytes/sec
total size is 595,773  speedup is 6,847.97
sending incremental file list

sent 75 bytes  received 12 bytes  174.00 bytes/sec
total size is 595,773  speedup is 6,847.97
sending incremental file list

sent 75 bytes  received 12 bytes  174.00 bytes/sec
total size is 595,773  speedup is 6,847.97
sending incremental file list
tpsci_02.jl.out

sent 596,226 bytes  received 35 bytes  1,192,522.00 bytes/sec
total size is 595,963  speedup is 1.00
sending incremental file list

sent 76 bytes  received 12 bytes  176.00 bytes/sec
total size is 595,963  speedup is 6,772.31
sending incremental file list

sent 76 bytes  received 12 bytes  176.00 bytes/sec
total size is 595,963  speedup is 6,772.31
sending incremental file list

sent 76 bytes  received 12 bytes  176.00 bytes/sec
total size is 595,963  speedup is 6,772.31
sending incremental file list

sent 76 bytes  received 12 bytes  176.00 bytes/sec
total size is 595,963  speedup is 6,772.31
sending incremental file list

sent 76 bytes  received 12 bytes  176.00 bytes/sec
total size is 595,963  speedup is 6,772.31
sending incremental file list

sent 76 bytes  received 12 bytes  176.00 bytes/sec
total size is 595,963  speedup is 6,772.31
sending incremental file list

sent 76 bytes  received 12 bytes  176.00 bytes/sec
total size is 595,963  speedup is 6,772.31
sending incremental file list

sent 76 bytes  received 12 bytes  176.00 bytes/sec
total size is 595,963  speedup is 6,772.31
sending incremental file list

sent 76 bytes  received 12 bytes  176.00 bytes/sec
total size is 595,963  speedup is 6,772.31
sending incremental file list

sent 76 bytes  received 12 bytes  176.00 bytes/sec
total size is 595,963  speedup is 6,772.31
sending incremental file list

sent 76 bytes  received 12 bytes  176.00 bytes/sec
total size is 595,963  speedup is 6,772.31
sending incremental file list

sent 76 bytes  received 12 bytes  176.00 bytes/sec
total size is 595,963  speedup is 6,772.31
sending incremental file list

sent 76 bytes  received 12 bytes  176.00 bytes/sec
total size is 595,963  speedup is 6,772.31
sending incremental file list

sent 76 bytes  received 12 bytes  176.00 bytes/sec
total size is 595,963  speedup is 6,772.31
sending incremental file list

sent 76 bytes  received 12 bytes  176.00 bytes/sec
total size is 595,963  speedup is 6,772.31
sending incremental file list

sent 76 bytes  received 12 bytes  176.00 bytes/sec
total size is 595,963  speedup is 6,772.31
sending incremental file list

sent 76 bytes  received 12 bytes  176.00 bytes/sec
total size is 595,963  speedup is 6,772.31
sending incremental file list

sent 76 bytes  received 12 bytes  176.00 bytes/sec
total size is 595,963  speedup is 6,772.31
sending incremental file list

sent 76 bytes  received 12 bytes  176.00 bytes/sec
total size is 595,963  speedup is 6,772.31
sending incremental file list

sent 76 bytes  received 12 bytes  176.00 bytes/sec
total size is 595,963  speedup is 6,772.31
sending incremental file list

sent 76 bytes  received 12 bytes  176.00 bytes/sec
total size is 595,963  speedup is 6,772.31
sending incremental file list
tpsci_02.jl.out

sent 596,416 bytes  received 35 bytes  1,192,902.00 bytes/sec
total size is 596,153  speedup is 1.00
sending incremental file list

sent 76 bytes  received 12 bytes  176.00 bytes/sec
total size is 596,153  speedup is 6,774.47
sending incremental file list

sent 76 bytes  received 12 bytes  176.00 bytes/sec
total size is 596,153  speedup is 6,774.47
sending incremental file list

sent 76 bytes  received 12 bytes  176.00 bytes/sec
total size is 596,153  speedup is 6,774.47
sending incremental file list

sent 76 bytes  received 12 bytes  176.00 bytes/sec
total size is 596,153  speedup is 6,774.47
sending incremental file list

sent 76 bytes  received 12 bytes  176.00 bytes/sec
total size is 596,153  speedup is 6,774.47
sending incremental file list

sent 76 bytes  received 12 bytes  176.00 bytes/sec
total size is 596,153  speedup is 6,774.47
sending incremental file list

sent 76 bytes  received 12 bytes  176.00 bytes/sec
total size is 596,153  speedup is 6,774.47
sending incremental file list

sent 76 bytes  received 12 bytes  176.00 bytes/sec
total size is 596,153  speedup is 6,774.47
sending incremental file list

sent 76 bytes  received 12 bytes  176.00 bytes/sec
total size is 596,153  speedup is 6,774.47
sending incremental file list

sent 76 bytes  received 12 bytes  176.00 bytes/sec
total size is 596,153  speedup is 6,774.47
sending incremental file list

sent 76 bytes  received 12 bytes  176.00 bytes/sec
total size is 596,153  speedup is 6,774.47
sending incremental file list

sent 76 bytes  received 12 bytes  176.00 bytes/sec
total size is 596,153  speedup is 6,774.47
sending incremental file list

sent 76 bytes  received 12 bytes  176.00 bytes/sec
total size is 596,153  speedup is 6,774.47
sending incremental file list

sent 76 bytes  received 12 bytes  176.00 bytes/sec
total size is 596,153  speedup is 6,774.47
sending incremental file list

sent 76 bytes  received 12 bytes  58.67 bytes/sec
total size is 596,153  speedup is 6,774.47
sending incremental file list

sent 76 bytes  received 12 bytes  176.00 bytes/sec
total size is 596,153  speedup is 6,774.47
sending incremental file list

sent 76 bytes  received 12 bytes  176.00 bytes/sec
total size is 596,153  speedup is 6,774.47
sending incremental file list

sent 76 bytes  received 12 bytes  176.00 bytes/sec
total size is 596,153  speedup is 6,774.47
sending incremental file list

sent 76 bytes  received 12 bytes  176.00 bytes/sec
total size is 596,153  speedup is 6,774.47
sending incremental file list

sent 76 bytes  received 12 bytes  176.00 bytes/sec
total size is 596,153  speedup is 6,774.47
sending incremental file list
tpsci_02.jl.out

sent 596,605 bytes  received 35 bytes  1,193,280.00 bytes/sec
total size is 596,343  speedup is 1.00
sending incremental file list

sent 75 bytes  received 12 bytes  174.00 bytes/sec
total size is 596,343  speedup is 6,854.52
sending incremental file list

sent 75 bytes  received 12 bytes  174.00 bytes/sec
total size is 596,343  speedup is 6,854.52
sending incremental file list

sent 75 bytes  received 12 bytes  174.00 bytes/sec
total size is 596,343  speedup is 6,854.52
sending incremental file list

sent 75 bytes  received 12 bytes  174.00 bytes/sec
total size is 596,343  speedup is 6,854.52
sending incremental file list

sent 75 bytes  received 12 bytes  174.00 bytes/sec
total size is 596,343  speedup is 6,854.52
sending incremental file list

sent 75 bytes  received 12 bytes  174.00 bytes/sec
total size is 596,343  speedup is 6,854.52
sending incremental file list

sent 75 bytes  received 12 bytes  174.00 bytes/sec
total size is 596,343  speedup is 6,854.52
sending incremental file list

sent 75 bytes  received 12 bytes  174.00 bytes/sec
total size is 596,343  speedup is 6,854.52
sending incremental file list

sent 75 bytes  received 12 bytes  174.00 bytes/sec
total size is 596,343  speedup is 6,854.52
sending incremental file list

sent 75 bytes  received 12 bytes  174.00 bytes/sec
total size is 596,343  speedup is 6,854.52
sending incremental file list

sent 75 bytes  received 12 bytes  174.00 bytes/sec
total size is 596,343  speedup is 6,854.52
sending incremental file list

sent 75 bytes  received 12 bytes  174.00 bytes/sec
total size is 596,343  speedup is 6,854.52
sending incremental file list

sent 75 bytes  received 12 bytes  174.00 bytes/sec
total size is 596,343  speedup is 6,854.52
sending incremental file list

sent 75 bytes  received 12 bytes  174.00 bytes/sec
total size is 596,343  speedup is 6,854.52
sending incremental file list

sent 75 bytes  received 12 bytes  174.00 bytes/sec
total size is 596,343  speedup is 6,854.52
sending incremental file list

sent 75 bytes  received 12 bytes  174.00 bytes/sec
total size is 596,343  speedup is 6,854.52
sending incremental file list

sent 75 bytes  received 12 bytes  174.00 bytes/sec
total size is 596,343  speedup is 6,854.52
slurmstepd: error: *** JOB 1501793 ON tc233 CANCELLED AT 2023-05-22T02:14:00 DUE TO TIME LIMIT ***
