tc097
Resetting modules to system default. Reseting $MODULEPATH back to system default. All extra directories will be removed from $MODULEPATH.
Usage: sbatch submit.sh {input file} {data file} {data file}
bst_01.jl
bst_01.jl.out
/home/arnab22/FermiCG-data/bimetallics/cr2_morokuma/14__3d_2ps_3d
/localscratch/1503352
sending incremental file list
bst_01.jl.out

sent 117 bytes  received 35 bytes  304.00 bytes/sec
total size is 0  speedup is 0.00
sending incremental file list
bst_01.jl.out

sent 103,047 bytes  received 35 bytes  206,164.00 bytes/sec
total size is 102,906  speedup is 1.00
sending incremental file list
bst_01.jl.out

sent 112,142 bytes  received 35 bytes  224,354.00 bytes/sec
total size is 112,001  speedup is 1.00
sending incremental file list
bst_01.jl.out

sent 123,524 bytes  received 35 bytes  247,118.00 bytes/sec
total size is 123,384  speedup is 1.00
sending incremental file list
bst_01.jl.out

sent 131,244 bytes  received 35 bytes  262,558.00 bytes/sec
total size is 131,096  speedup is 1.00
sending incremental file list
bst_01.jl.out

sent 143,139 bytes  received 35 bytes  286,348.00 bytes/sec
total size is 142,991  speedup is 1.00
sending incremental file list
bst_01.jl.out

sent 151,578 bytes  received 35 bytes  303,226.00 bytes/sec
total size is 151,430  speedup is 1.00
sending incremental file list
bst_01.jl.out

sent 167,531 bytes  received 35 bytes  335,132.00 bytes/sec
total size is 167,375  speedup is 1.00
sending incremental file list

sent 73 bytes  received 12 bytes  170.00 bytes/sec
total size is 167,375  speedup is 1,969.12
rm: cannot remove ‘tmpfs’: Device or resource busy
