tc264
Resetting modules to system default. Reseting $MODULEPATH back to system default. All extra directories will be removed from $MODULEPATH.
Usage: sbatch submit.sh {input file} {data file} {data file}
bst_01.jl
bst_01.jl.out
/home/arnab22/FermiCG-data/bimetallics/fe2_morokuma/17__3d4s_2s2p3s_3d4s
/localscratch/1501194
sending incremental file list
bst_01.jl.out

sent 117 bytes  received 35 bytes  304.00 bytes/sec
total size is 0  speedup is 0.00
sending incremental file list
bst_01.jl.out

sent 440,611 bytes  received 35 bytes  881,292.00 bytes/sec
total size is 440,391  speedup is 1.00
sending incremental file list
bst_01.jl.out

sent 444,128 bytes  received 35 bytes  888,326.00 bytes/sec
total size is 443,908  speedup is 1.00
sending incremental file list
bst_01.jl.out

sent 448,150 bytes  received 35 bytes  896,370.00 bytes/sec
total size is 447,930  speedup is 1.00
sending incremental file list

sent 73 bytes  received 12 bytes  170.00 bytes/sec
total size is 447,930  speedup is 5,269.76
sending incremental file list
bst_01.jl.out

sent 456,810 bytes  received 35 bytes  913,690.00 bytes/sec
total size is 456,589  speedup is 1.00
sending incremental file list

sent 74 bytes  received 12 bytes  172.00 bytes/sec
total size is 456,589  speedup is 5,309.17
sending incremental file list
bst_01.jl.out

sent 469,993 bytes  received 35 bytes  940,056.00 bytes/sec
total size is 469,765  speedup is 1.00
sending incremental file list
bst_01.jl.out

sent 479,519 bytes  received 35 bytes  959,108.00 bytes/sec
total size is 479,290  speedup is 1.00
sending incremental file list
bst_01.jl.out

sent 482,410 bytes  received 35 bytes  964,890.00 bytes/sec
total size is 482,181  speedup is 1.00
sending incremental file list

sent 74 bytes  received 12 bytes  172.00 bytes/sec
total size is 482,181  speedup is 5,606.76
sending incremental file list

sent 74 bytes  received 12 bytes  172.00 bytes/sec
total size is 482,181  speedup is 5,606.76
sending incremental file list

sent 74 bytes  received 12 bytes  57.33 bytes/sec
total size is 482,181  speedup is 5,606.76
sending incremental file list

sent 74 bytes  received 12 bytes  172.00 bytes/sec
total size is 482,181  speedup is 5,606.76
sending incremental file list

sent 74 bytes  received 12 bytes  172.00 bytes/sec
total size is 482,181  speedup is 5,606.76
sending incremental file list

sent 74 bytes  received 12 bytes  172.00 bytes/sec
total size is 482,181  speedup is 5,606.76
sending incremental file list

sent 74 bytes  received 12 bytes  172.00 bytes/sec
total size is 482,181  speedup is 5,606.76
sending incremental file list

sent 74 bytes  received 12 bytes  172.00 bytes/sec
total size is 482,181  speedup is 5,606.76
sending incremental file list

sent 74 bytes  received 12 bytes  172.00 bytes/sec
total size is 482,181  speedup is 5,606.76
sending incremental file list

sent 74 bytes  received 12 bytes  172.00 bytes/sec
total size is 482,181  speedup is 5,606.76
sending incremental file list

sent 74 bytes  received 12 bytes  172.00 bytes/sec
total size is 482,181  speedup is 5,606.76
sending incremental file list

sent 74 bytes  received 12 bytes  172.00 bytes/sec
total size is 482,181  speedup is 5,606.76
sending incremental file list

sent 74 bytes  received 12 bytes  172.00 bytes/sec
total size is 482,181  speedup is 5,606.76
sending incremental file list

sent 74 bytes  received 12 bytes  172.00 bytes/sec
total size is 482,181  speedup is 5,606.76
sending incremental file list

sent 74 bytes  received 12 bytes  172.00 bytes/sec
total size is 482,181  speedup is 5,606.76
sending incremental file list

sent 74 bytes  received 12 bytes  172.00 bytes/sec
total size is 482,181  speedup is 5,606.76
sending incremental file list

sent 74 bytes  received 12 bytes  172.00 bytes/sec
total size is 482,181  speedup is 5,606.76
sending incremental file list

sent 74 bytes  received 12 bytes  172.00 bytes/sec
total size is 482,181  speedup is 5,606.76
sending incremental file list

sent 74 bytes  received 12 bytes  172.00 bytes/sec
total size is 482,181  speedup is 5,606.76
sending incremental file list

sent 74 bytes  received 12 bytes  172.00 bytes/sec
total size is 482,181  speedup is 5,606.76
sending incremental file list

sent 74 bytes  received 12 bytes  172.00 bytes/sec
total size is 482,181  speedup is 5,606.76
sending incremental file list

sent 74 bytes  received 12 bytes  172.00 bytes/sec
total size is 482,181  speedup is 5,606.76
sending incremental file list

sent 74 bytes  received 12 bytes  172.00 bytes/sec
total size is 482,181  speedup is 5,606.76
sending incremental file list

sent 74 bytes  received 12 bytes  172.00 bytes/sec
total size is 482,181  speedup is 5,606.76
sending incremental file list

sent 74 bytes  received 12 bytes  172.00 bytes/sec
total size is 482,181  speedup is 5,606.76
sending incremental file list

sent 74 bytes  received 12 bytes  172.00 bytes/sec
total size is 482,181  speedup is 5,606.76
sending incremental file list

sent 74 bytes  received 12 bytes  172.00 bytes/sec
total size is 482,181  speedup is 5,606.76
sending incremental file list

sent 74 bytes  received 12 bytes  172.00 bytes/sec
total size is 482,181  speedup is 5,606.76
sending incremental file list

sent 74 bytes  received 12 bytes  172.00 bytes/sec
total size is 482,181  speedup is 5,606.76
sending incremental file list

sent 74 bytes  received 12 bytes  172.00 bytes/sec
total size is 482,181  speedup is 5,606.76
sending incremental file list

sent 74 bytes  received 12 bytes  172.00 bytes/sec
total size is 482,181  speedup is 5,606.76
sending incremental file list

sent 74 bytes  received 12 bytes  172.00 bytes/sec
total size is 482,181  speedup is 5,606.76
sending incremental file list

sent 74 bytes  received 12 bytes  172.00 bytes/sec
total size is 482,181  speedup is 5,606.76
sending incremental file list

sent 74 bytes  received 12 bytes  172.00 bytes/sec
total size is 482,181  speedup is 5,606.76
sending incremental file list

sent 74 bytes  received 12 bytes  172.00 bytes/sec
total size is 482,181  speedup is 5,606.76
sending incremental file list

sent 74 bytes  received 12 bytes  172.00 bytes/sec
total size is 482,181  speedup is 5,606.76
sending incremental file list

sent 74 bytes  received 12 bytes  172.00 bytes/sec
total size is 482,181  speedup is 5,606.76
sending incremental file list

sent 74 bytes  received 12 bytes  172.00 bytes/sec
total size is 482,181  speedup is 5,606.76
sending incremental file list

sent 74 bytes  received 12 bytes  172.00 bytes/sec
total size is 482,181  speedup is 5,606.76
sending incremental file list

sent 74 bytes  received 12 bytes  172.00 bytes/sec
total size is 482,181  speedup is 5,606.76
sending incremental file list

sent 74 bytes  received 12 bytes  172.00 bytes/sec
total size is 482,181  speedup is 5,606.76
sending incremental file list

sent 74 bytes  received 12 bytes  172.00 bytes/sec
total size is 482,181  speedup is 5,606.76
sending incremental file list

sent 74 bytes  received 12 bytes  172.00 bytes/sec
total size is 482,181  speedup is 5,606.76
sending incremental file list

sent 74 bytes  received 12 bytes  172.00 bytes/sec
total size is 482,181  speedup is 5,606.76
sending incremental file list

sent 74 bytes  received 12 bytes  172.00 bytes/sec
total size is 482,181  speedup is 5,606.76
sending incremental file list

sent 74 bytes  received 12 bytes  172.00 bytes/sec
total size is 482,181  speedup is 5,606.76
sending incremental file list

sent 74 bytes  received 12 bytes  172.00 bytes/sec
total size is 482,181  speedup is 5,606.76
sending incremental file list

sent 74 bytes  received 12 bytes  172.00 bytes/sec
total size is 482,181  speedup is 5,606.76
sending incremental file list

sent 74 bytes  received 12 bytes  172.00 bytes/sec
total size is 482,181  speedup is 5,606.76
sending incremental file list

sent 74 bytes  received 12 bytes  172.00 bytes/sec
total size is 482,181  speedup is 5,606.76
sending incremental file list

sent 74 bytes  received 12 bytes  172.00 bytes/sec
total size is 482,181  speedup is 5,606.76
sending incremental file list

sent 74 bytes  received 12 bytes  172.00 bytes/sec
total size is 482,181  speedup is 5,606.76
sending incremental file list

sent 74 bytes  received 12 bytes  172.00 bytes/sec
total size is 482,181  speedup is 5,606.76
sending incremental file list

sent 74 bytes  received 12 bytes  172.00 bytes/sec
total size is 482,181  speedup is 5,606.76
sending incremental file list

sent 74 bytes  received 12 bytes  172.00 bytes/sec
total size is 482,181  speedup is 5,606.76
sending incremental file list

sent 74 bytes  received 12 bytes  172.00 bytes/sec
total size is 482,181  speedup is 5,606.76
rm: cannot remove ‘tmpfs’: Device or resource busy
