tc224
Resetting modules to system default. Reseting $MODULEPATH back to system default. All extra directories will be removed from $MODULEPATH.
Usage: sbatch submit.sh {input file} {data file} {data file}
bst_01.jl
bst_01.jl.out
/home/arnab22/FermiCG-data/bimetallics/fe2_morokuma/26__3d4s4d_2ps_3d4s4d
/localscratch/1501807
sending incremental file list
bst_01.jl.out

sent 116 bytes  received 35 bytes  302.00 bytes/sec
total size is 0  speedup is 0.00
sending incremental file list
bst_01.jl.out

sent 388,863 bytes  received 35 bytes  777,796.00 bytes/sec
total size is 388,658  speedup is 1.00
sending incremental file list
bst_01.jl.out

sent 392,375 bytes  received 35 bytes  784,820.00 bytes/sec
total size is 392,170  speedup is 1.00
sending incremental file list
bst_01.jl.out

sent 396,405 bytes  received 35 bytes  792,880.00 bytes/sec
total size is 396,192  speedup is 1.00
sending incremental file list
bst_01.jl.out

sent 402,963 bytes  received 35 bytes  805,996.00 bytes/sec
total size is 402,750  speedup is 1.00
rm: cannot remove ‘tmpfs’: Device or resource busy
