tc232
Resetting modules to system default. Reseting $MODULEPATH back to system default. All extra directories will be removed from $MODULEPATH.
Usage: sbatch submit.sh {input file} {data file} {data file}
bst_01.jl
bst_01.jl.out
/home/arnab22/FermiCG-data/bimetallics/fe2_morokuma/27__3d4d_2s2p3p_3d4d
/localscratch/1501790
sending incremental file list
bst_01.jl.out

sent 116 bytes  received 35 bytes  302.00 bytes/sec
total size is 0  speedup is 0.00
sending incremental file list
bst_01.jl.out

sent 1,285 bytes  received 35 bytes  2,640.00 bytes/sec
total size is 1,164  speedup is 0.88
sending incremental file list
bst_01.jl.out

sent 1,733 bytes  received 35 bytes  3,536.00 bytes/sec
total size is 1,613  speedup is 0.91
sending incremental file list

sent 73 bytes  received 12 bytes  170.00 bytes/sec
total size is 1,613  speedup is 18.98
sending incremental file list
bst_01.jl.out

sent 2,247 bytes  received 35 bytes  4,564.00 bytes/sec
total size is 2,126  speedup is 0.93
sending incremental file list

sent 74 bytes  received 12 bytes  172.00 bytes/sec
total size is 2,126  speedup is 24.72
sending incremental file list

sent 74 bytes  received 12 bytes  172.00 bytes/sec
total size is 2,126  speedup is 24.72
sending incremental file list

sent 74 bytes  received 12 bytes  172.00 bytes/sec
total size is 2,126  speedup is 24.72
sending incremental file list
bst_01.jl.out

sent 2,824 bytes  received 35 bytes  5,718.00 bytes/sec
total size is 2,703  speedup is 0.95
sending incremental file list

sent 74 bytes  received 12 bytes  172.00 bytes/sec
total size is 2,703  speedup is 31.43
sending incremental file list

sent 74 bytes  received 12 bytes  172.00 bytes/sec
total size is 2,703  speedup is 31.43
sending incremental file list

sent 74 bytes  received 12 bytes  172.00 bytes/sec
total size is 2,703  speedup is 31.43
sending incremental file list

sent 74 bytes  received 12 bytes  172.00 bytes/sec
total size is 2,703  speedup is 31.43
sending incremental file list

sent 74 bytes  received 12 bytes  172.00 bytes/sec
total size is 2,703  speedup is 31.43
sending incremental file list
bst_01.jl.out

sent 183,554 bytes  received 35 bytes  367,178.00 bytes/sec
total size is 183,397  speedup is 1.00
sending incremental file list
bst_01.jl.out

sent 547,406 bytes  received 35 bytes  1,094,882.00 bytes/sec
total size is 547,161  speedup is 1.00
sending incremental file list
bst_01.jl.out

sent 547,855 bytes  received 35 bytes  1,095,780.00 bytes/sec
total size is 547,610  speedup is 1.00
sending incremental file list

sent 74 bytes  received 12 bytes  172.00 bytes/sec
total size is 547,610  speedup is 6,367.56
sending incremental file list
bst_01.jl.out

sent 548,368 bytes  received 35 bytes  1,096,806.00 bytes/sec
total size is 548,123  speedup is 1.00
sending incremental file list

sent 74 bytes  received 12 bytes  172.00 bytes/sec
total size is 548,123  speedup is 6,373.52
sending incremental file list

sent 74 bytes  received 12 bytes  172.00 bytes/sec
total size is 548,123  speedup is 6,373.52
sending incremental file list

sent 74 bytes  received 12 bytes  172.00 bytes/sec
total size is 548,123  speedup is 6,373.52
sending incremental file list
bst_01.jl.out

sent 548,945 bytes  received 35 bytes  1,097,960.00 bytes/sec
total size is 548,700  speedup is 1.00
sending incremental file list

sent 74 bytes  received 12 bytes  172.00 bytes/sec
total size is 548,700  speedup is 6,380.23
sending incremental file list

sent 74 bytes  received 12 bytes  172.00 bytes/sec
total size is 548,700  speedup is 6,380.23
sending incremental file list

sent 74 bytes  received 12 bytes  172.00 bytes/sec
total size is 548,700  speedup is 6,380.23
sending incremental file list

sent 74 bytes  received 12 bytes  172.00 bytes/sec
total size is 548,700  speedup is 6,380.23
sending incremental file list

sent 74 bytes  received 12 bytes  172.00 bytes/sec
total size is 548,700  speedup is 6,380.23
sending incremental file list
bst_01.jl.out

sent 549,240 bytes  received 35 bytes  1,098,550.00 bytes/sec
total size is 548,996  speedup is 1.00
sending incremental file list
bst_01.jl.out

sent 813,851 bytes  received 35 bytes  1,627,772.00 bytes/sec
total size is 813,543  speedup is 1.00
sending incremental file list
bst_01.jl.out

sent 829,400 bytes  received 35 bytes  1,658,870.00 bytes/sec
total size is 829,084  speedup is 1.00
sending incremental file list

sent 73 bytes  received 12 bytes  170.00 bytes/sec
total size is 829,084  speedup is 9,753.93
sending incremental file list

sent 73 bytes  received 12 bytes  170.00 bytes/sec
total size is 829,084  speedup is 9,753.93
sending incremental file list

sent 73 bytes  received 12 bytes  170.00 bytes/sec
total size is 829,084  speedup is 9,753.93
sending incremental file list

sent 73 bytes  received 12 bytes  170.00 bytes/sec
total size is 829,084  speedup is 9,753.93
sending incremental file list

sent 73 bytes  received 12 bytes  170.00 bytes/sec
total size is 829,084  speedup is 9,753.93
sending incremental file list

sent 73 bytes  received 12 bytes  170.00 bytes/sec
total size is 829,084  speedup is 9,753.93
sending incremental file list

sent 73 bytes  received 12 bytes  170.00 bytes/sec
total size is 829,084  speedup is 9,753.93
sending incremental file list

sent 73 bytes  received 12 bytes  170.00 bytes/sec
total size is 829,084  speedup is 9,753.93
sending incremental file list

sent 73 bytes  received 12 bytes  170.00 bytes/sec
total size is 829,084  speedup is 9,753.93
sending incremental file list

sent 73 bytes  received 12 bytes  170.00 bytes/sec
total size is 829,084  speedup is 9,753.93
sending incremental file list

sent 73 bytes  received 12 bytes  170.00 bytes/sec
total size is 829,084  speedup is 9,753.93
sending incremental file list

sent 73 bytes  received 12 bytes  170.00 bytes/sec
total size is 829,084  speedup is 9,753.93
sending incremental file list

sent 73 bytes  received 12 bytes  170.00 bytes/sec
total size is 829,084  speedup is 9,753.93
sending incremental file list

sent 73 bytes  received 12 bytes  170.00 bytes/sec
total size is 829,084  speedup is 9,753.93
sending incremental file list

sent 73 bytes  received 12 bytes  170.00 bytes/sec
total size is 829,084  speedup is 9,753.93
sending incremental file list

sent 73 bytes  received 12 bytes  170.00 bytes/sec
total size is 829,084  speedup is 9,753.93
sending incremental file list

sent 73 bytes  received 12 bytes  170.00 bytes/sec
total size is 829,084  speedup is 9,753.93
sending incremental file list

sent 73 bytes  received 12 bytes  170.00 bytes/sec
total size is 829,084  speedup is 9,753.93
sending incremental file list

sent 73 bytes  received 12 bytes  170.00 bytes/sec
total size is 829,084  speedup is 9,753.93
sending incremental file list

sent 73 bytes  received 12 bytes  170.00 bytes/sec
total size is 829,084  speedup is 9,753.93
sending incremental file list

sent 73 bytes  received 12 bytes  170.00 bytes/sec
total size is 829,084  speedup is 9,753.93
sending incremental file list

sent 73 bytes  received 12 bytes  170.00 bytes/sec
total size is 829,084  speedup is 9,753.93
sending incremental file list

sent 73 bytes  received 12 bytes  170.00 bytes/sec
total size is 829,084  speedup is 9,753.93
sending incremental file list

sent 73 bytes  received 12 bytes  170.00 bytes/sec
total size is 829,084  speedup is 9,753.93
sending incremental file list

sent 73 bytes  received 12 bytes  170.00 bytes/sec
total size is 829,084  speedup is 9,753.93
sending incremental file list

sent 73 bytes  received 12 bytes  170.00 bytes/sec
total size is 829,084  speedup is 9,753.93
sending incremental file list

sent 73 bytes  received 12 bytes  170.00 bytes/sec
total size is 829,084  speedup is 9,753.93
sending incremental file list

sent 73 bytes  received 12 bytes  170.00 bytes/sec
total size is 829,084  speedup is 9,753.93
sending incremental file list

sent 73 bytes  received 12 bytes  170.00 bytes/sec
total size is 829,084  speedup is 9,753.93
sending incremental file list

sent 73 bytes  received 12 bytes  170.00 bytes/sec
total size is 829,084  speedup is 9,753.93
sending incremental file list

sent 73 bytes  received 12 bytes  170.00 bytes/sec
total size is 829,084  speedup is 9,753.93
sending incremental file list

sent 73 bytes  received 12 bytes  170.00 bytes/sec
total size is 829,084  speedup is 9,753.93
sending incremental file list

sent 73 bytes  received 12 bytes  170.00 bytes/sec
total size is 829,084  speedup is 9,753.93
sending incremental file list

sent 73 bytes  received 12 bytes  170.00 bytes/sec
total size is 829,084  speedup is 9,753.93
sending incremental file list

sent 73 bytes  received 12 bytes  170.00 bytes/sec
total size is 829,084  speedup is 9,753.93
sending incremental file list

sent 73 bytes  received 12 bytes  170.00 bytes/sec
total size is 829,084  speedup is 9,753.93
sending incremental file list

sent 73 bytes  received 12 bytes  170.00 bytes/sec
total size is 829,084  speedup is 9,753.93
sending incremental file list

sent 73 bytes  received 12 bytes  170.00 bytes/sec
total size is 829,084  speedup is 9,753.93
sending incremental file list

sent 73 bytes  received 12 bytes  170.00 bytes/sec
total size is 829,084  speedup is 9,753.93
sending incremental file list

sent 73 bytes  received 12 bytes  170.00 bytes/sec
total size is 829,084  speedup is 9,753.93
sending incremental file list

sent 73 bytes  received 12 bytes  170.00 bytes/sec
total size is 829,084  speedup is 9,753.93
sending incremental file list

sent 73 bytes  received 12 bytes  170.00 bytes/sec
total size is 829,084  speedup is 9,753.93
sending incremental file list
bst_01.jl.out

sent 829,446 bytes  received 35 bytes  1,658,962.00 bytes/sec
total size is 829,129  speedup is 1.00
sending incremental file list

sent 74 bytes  received 12 bytes  172.00 bytes/sec
total size is 829,129  speedup is 9,641.03
sending incremental file list

sent 74 bytes  received 12 bytes  172.00 bytes/sec
total size is 829,129  speedup is 9,641.03
sending incremental file list
bst_01.jl.out

sent 829,504 bytes  received 35 bytes  1,659,078.00 bytes/sec
total size is 829,188  speedup is 1.00
sending incremental file list

sent 73 bytes  received 12 bytes  170.00 bytes/sec
total size is 829,188  speedup is 9,755.15
sending incremental file list

sent 73 bytes  received 12 bytes  170.00 bytes/sec
total size is 829,188  speedup is 9,755.15
sending incremental file list

sent 73 bytes  received 12 bytes  170.00 bytes/sec
total size is 829,188  speedup is 9,755.15
sending incremental file list

sent 73 bytes  received 12 bytes  170.00 bytes/sec
total size is 829,188  speedup is 9,755.15
sending incremental file list

sent 73 bytes  received 12 bytes  170.00 bytes/sec
total size is 829,188  speedup is 9,755.15
sending incremental file list

sent 73 bytes  received 12 bytes  170.00 bytes/sec
total size is 829,188  speedup is 9,755.15
sending incremental file list

sent 73 bytes  received 12 bytes  170.00 bytes/sec
total size is 829,188  speedup is 9,755.15
sending incremental file list

sent 73 bytes  received 12 bytes  170.00 bytes/sec
total size is 829,188  speedup is 9,755.15
sending incremental file list

sent 73 bytes  received 12 bytes  170.00 bytes/sec
total size is 829,188  speedup is 9,755.15
sending incremental file list

sent 73 bytes  received 12 bytes  170.00 bytes/sec
total size is 829,188  speedup is 9,755.15
sending incremental file list

sent 73 bytes  received 12 bytes  170.00 bytes/sec
total size is 829,188  speedup is 9,755.15
sending incremental file list

sent 73 bytes  received 12 bytes  170.00 bytes/sec
total size is 829,188  speedup is 9,755.15
sending incremental file list

sent 73 bytes  received 12 bytes  170.00 bytes/sec
total size is 829,188  speedup is 9,755.15
sending incremental file list

sent 73 bytes  received 12 bytes  170.00 bytes/sec
total size is 829,188  speedup is 9,755.15
sending incremental file list

sent 73 bytes  received 12 bytes  170.00 bytes/sec
total size is 829,188  speedup is 9,755.15
sending incremental file list

sent 73 bytes  received 12 bytes  170.00 bytes/sec
total size is 829,188  speedup is 9,755.15
sending incremental file list

sent 73 bytes  received 12 bytes  170.00 bytes/sec
total size is 829,188  speedup is 9,755.15
sending incremental file list

sent 73 bytes  received 12 bytes  170.00 bytes/sec
total size is 829,188  speedup is 9,755.15
sending incremental file list

sent 73 bytes  received 12 bytes  170.00 bytes/sec
total size is 829,188  speedup is 9,755.15
sending incremental file list

sent 73 bytes  received 12 bytes  170.00 bytes/sec
total size is 829,188  speedup is 9,755.15
sending incremental file list

sent 73 bytes  received 12 bytes  170.00 bytes/sec
total size is 829,188  speedup is 9,755.15
sending incremental file list

sent 73 bytes  received 12 bytes  170.00 bytes/sec
total size is 829,188  speedup is 9,755.15
sending incremental file list

sent 73 bytes  received 12 bytes  170.00 bytes/sec
total size is 829,188  speedup is 9,755.15
sending incremental file list

sent 73 bytes  received 12 bytes  170.00 bytes/sec
total size is 829,188  speedup is 9,755.15
sending incremental file list

sent 73 bytes  received 12 bytes  170.00 bytes/sec
total size is 829,188  speedup is 9,755.15
sending incremental file list

sent 73 bytes  received 12 bytes  170.00 bytes/sec
total size is 829,188  speedup is 9,755.15
sending incremental file list

sent 73 bytes  received 12 bytes  170.00 bytes/sec
total size is 829,188  speedup is 9,755.15
sending incremental file list

sent 73 bytes  received 12 bytes  170.00 bytes/sec
total size is 829,188  speedup is 9,755.15
sending incremental file list

sent 73 bytes  received 12 bytes  170.00 bytes/sec
total size is 829,188  speedup is 9,755.15
sending incremental file list

sent 73 bytes  received 12 bytes  170.00 bytes/sec
total size is 829,188  speedup is 9,755.15
sending incremental file list

sent 73 bytes  received 12 bytes  170.00 bytes/sec
total size is 829,188  speedup is 9,755.15
sending incremental file list

sent 73 bytes  received 12 bytes  170.00 bytes/sec
total size is 829,188  speedup is 9,755.15
sending incremental file list

sent 73 bytes  received 12 bytes  170.00 bytes/sec
total size is 829,188  speedup is 9,755.15
sending incremental file list

sent 73 bytes  received 12 bytes  170.00 bytes/sec
total size is 829,188  speedup is 9,755.15
sending incremental file list

sent 73 bytes  received 12 bytes  170.00 bytes/sec
total size is 829,188  speedup is 9,755.15
sending incremental file list

sent 73 bytes  received 12 bytes  170.00 bytes/sec
total size is 829,188  speedup is 9,755.15
sending incremental file list

sent 73 bytes  received 12 bytes  170.00 bytes/sec
total size is 829,188  speedup is 9,755.15
sending incremental file list

sent 73 bytes  received 12 bytes  170.00 bytes/sec
total size is 829,188  speedup is 9,755.15
sending incremental file list

sent 73 bytes  received 12 bytes  170.00 bytes/sec
total size is 829,188  speedup is 9,755.15
sending incremental file list

sent 73 bytes  received 12 bytes  170.00 bytes/sec
total size is 829,188  speedup is 9,755.15
sending incremental file list

sent 73 bytes  received 12 bytes  170.00 bytes/sec
total size is 829,188  speedup is 9,755.15
sending incremental file list

sent 73 bytes  received 12 bytes  170.00 bytes/sec
total size is 829,188  speedup is 9,755.15
sending incremental file list

sent 73 bytes  received 12 bytes  170.00 bytes/sec
total size is 829,188  speedup is 9,755.15
sending incremental file list

sent 73 bytes  received 12 bytes  170.00 bytes/sec
total size is 829,188  speedup is 9,755.15
sending incremental file list

sent 73 bytes  received 12 bytes  170.00 bytes/sec
total size is 829,188  speedup is 9,755.15
sending incremental file list

sent 73 bytes  received 12 bytes  170.00 bytes/sec
total size is 829,188  speedup is 9,755.15
sending incremental file list

sent 73 bytes  received 12 bytes  170.00 bytes/sec
total size is 829,188  speedup is 9,755.15
sending incremental file list

sent 73 bytes  received 12 bytes  170.00 bytes/sec
total size is 829,188  speedup is 9,755.15
sending incremental file list

sent 73 bytes  received 12 bytes  170.00 bytes/sec
total size is 829,188  speedup is 9,755.15
sending incremental file list

sent 73 bytes  received 12 bytes  170.00 bytes/sec
total size is 829,188  speedup is 9,755.15
sending incremental file list

sent 73 bytes  received 12 bytes  170.00 bytes/sec
total size is 829,188  speedup is 9,755.15
sending incremental file list

sent 73 bytes  received 12 bytes  170.00 bytes/sec
total size is 829,188  speedup is 9,755.15
sending incremental file list

sent 73 bytes  received 12 bytes  170.00 bytes/sec
total size is 829,188  speedup is 9,755.15
sending incremental file list

sent 73 bytes  received 12 bytes  170.00 bytes/sec
total size is 829,188  speedup is 9,755.15
sending incremental file list

sent 73 bytes  received 12 bytes  170.00 bytes/sec
total size is 829,188  speedup is 9,755.15
sending incremental file list

sent 73 bytes  received 12 bytes  170.00 bytes/sec
total size is 829,188  speedup is 9,755.15
sending incremental file list

sent 73 bytes  received 12 bytes  170.00 bytes/sec
total size is 829,188  speedup is 9,755.15
sending incremental file list

sent 73 bytes  received 12 bytes  170.00 bytes/sec
total size is 829,188  speedup is 9,755.15
sending incremental file list

sent 73 bytes  received 12 bytes  170.00 bytes/sec
total size is 829,188  speedup is 9,755.15
/cm/local/apps/slurm/var/spool/job1501790/slurm_script: line 62: 23593 Killed                  julia --project=$JULIAENV -t $NTHREAD $INFILE &>$OUTFILE
rm: cannot remove ‘tmpfs’: Device or resource busy
slurmstepd: error: Detected 1 oom-kill event(s) in StepId=1501790.batch cgroup. Some of your processes may have been killed by the cgroup out-of-memory handler.
