tc038
Resetting modules to system default. Reseting $MODULEPATH back to system default. All extra directories will be removed from $MODULEPATH.
Usage: sbatch submit.sh {input file} {data file} {data file}
tpsci_02.jl
tpsci_02.jl.out
/home/arnab22/FermiCG-data/bimetallics/fe2_morokuma/14__3d_2ps_3d
/localscratch/1501138
sending incremental file list
tpsci_02.jl.out

sent 119 bytes  received 35 bytes  308.00 bytes/sec
total size is 0  speedup is 0.00
sending incremental file list
tpsci_02.jl.out

sent 122,159 bytes  received 35 bytes  244,388.00 bytes/sec
total size is 122,016  speedup is 1.00
sending incremental file list
tpsci_02.jl.out

sent 132,878 bytes  received 35 bytes  265,826.00 bytes/sec
total size is 132,727  speedup is 1.00
sending incremental file list
tpsci_02.jl.out

sent 144,075 bytes  received 35 bytes  288,220.00 bytes/sec
total size is 143,924  speedup is 1.00
sending incremental file list
tpsci_02.jl.out

sent 146,953 bytes  received 35 bytes  293,976.00 bytes/sec
total size is 146,803  speedup is 1.00
sending incremental file list
tpsci_02.jl.out

sent 147,370 bytes  received 35 bytes  294,810.00 bytes/sec
total size is 147,219  speedup is 1.00
sending incremental file list
tpsci_02.jl.out

sent 147,408 bytes  received 35 bytes  294,886.00 bytes/sec
total size is 147,258  speedup is 1.00
rm: cannot remove ‘tmpfs’: Device or resource busy
